[2025-04-18T13:25:53.679+0000] {processor.py:186} INFO - Started process (PID=51) to work on /opt/airflow/dags/entsoe_germany_dag.py
[2025-04-18T13:25:53.686+0000] {processor.py:914} INFO - Processing file /opt/airflow/dags/entsoe_germany_dag.py for tasks to queue
[2025-04-18T13:25:53.712+0000] {logging_mixin.py:190} INFO - [2025-04-18T13:25:53.709+0000] {dagbag.py:588} INFO - Filling up the DagBag from /opt/airflow/dags/entsoe_germany_dag.py
[2025-04-18T13:25:53.979+0000] {processor.py:925} INFO - DAG(s) 'entsoe_etl_germany' retrieved from /opt/airflow/dags/entsoe_germany_dag.py
[2025-04-18T13:25:54.583+0000] {logging_mixin.py:190} INFO - [2025-04-18T13:25:54.580+0000] {override.py:1912} INFO - Created Permission View: menu access on DAG Run:entsoe_etl_germany
[2025-04-18T13:25:54.596+0000] {logging_mixin.py:190} INFO - [2025-04-18T13:25:54.596+0000] {override.py:1912} INFO - Created Permission View: can delete on DAG Run:entsoe_etl_germany
[2025-04-18T13:25:54.606+0000] {logging_mixin.py:190} INFO - [2025-04-18T13:25:54.606+0000] {override.py:1912} INFO - Created Permission View: can read on DAG Run:entsoe_etl_germany
[2025-04-18T13:25:54.626+0000] {logging_mixin.py:190} INFO - [2025-04-18T13:25:54.625+0000] {override.py:1912} INFO - Created Permission View: can create on DAG Run:entsoe_etl_germany
[2025-04-18T13:25:54.627+0000] {logging_mixin.py:190} INFO - [2025-04-18T13:25:54.626+0000] {dag.py:3239} INFO - Sync 1 DAGs
[2025-04-18T13:25:54.721+0000] {processor.py:208} INFO - Processing /opt/airflow/dags/entsoe_germany_dag.py took 1.075 seconds
[2025-04-18T13:27:35.139+0000] {processor.py:186} INFO - Started process (PID=146) to work on /opt/airflow/dags/entsoe_germany_dag.py
[2025-04-18T13:27:35.145+0000] {processor.py:914} INFO - Processing file /opt/airflow/dags/entsoe_germany_dag.py for tasks to queue
[2025-04-18T13:27:35.165+0000] {logging_mixin.py:190} INFO - [2025-04-18T13:27:35.163+0000] {dagbag.py:588} INFO - Filling up the DagBag from /opt/airflow/dags/entsoe_germany_dag.py
[2025-04-18T13:27:35.297+0000] {processor.py:925} INFO - DAG(s) 'entsoe_etl_germany' retrieved from /opt/airflow/dags/entsoe_germany_dag.py
[2025-04-18T13:27:35.585+0000] {logging_mixin.py:190} INFO - [2025-04-18T13:27:35.577+0000] {dag.py:3239} INFO - Sync 1 DAGs
[2025-04-18T13:27:35.953+0000] {logging_mixin.py:190} INFO - [2025-04-18T13:27:35.949+0000] {dag.py:4180} INFO - Setting next_dagrun for entsoe_etl_germany to 2024-02-20 00:00:00+00:00, run_after=2024-02-21 00:00:00+00:00
[2025-04-18T13:27:36.075+0000] {processor.py:208} INFO - Processing /opt/airflow/dags/entsoe_germany_dag.py took 0.981 seconds
[2025-04-18T13:28:17.269+0000] {processor.py:186} INFO - Started process (PID=171) to work on /opt/airflow/dags/entsoe_germany_dag.py
[2025-04-18T13:28:17.545+0000] {processor.py:914} INFO - Processing file /opt/airflow/dags/entsoe_germany_dag.py for tasks to queue
[2025-04-18T13:28:19.408+0000] {logging_mixin.py:190} INFO - [2025-04-18T13:28:19.339+0000] {dagbag.py:588} INFO - Filling up the DagBag from /opt/airflow/dags/entsoe_germany_dag.py
[2025-04-18T13:28:23.585+0000] {processor.py:925} INFO - DAG(s) 'entsoe_etl_germany' retrieved from /opt/airflow/dags/entsoe_germany_dag.py
[2025-04-18T13:28:27.315+0000] {logging_mixin.py:190} INFO - [2025-04-18T13:28:27.158+0000] {taskinstance.py:3315} ERROR - {'DAG Id': 'entsoe_etl_germany', 'Task Id': 'extract_data', 'Run Id': 'scheduled__2024-02-18T00:00:00+00:00', 'Hostname': '4d82f98476de', 'External Executor Id': '37e4a8be-89e0-4fe3-a806-9e5bd6a268e6'}
[2025-04-18T13:28:38.678+0000] {logging_mixin.py:190} INFO - Task instance in failure state
[2025-04-18T13:28:38.759+0000] {logging_mixin.py:190} INFO - Task start:2025-04-18 13:27:53.724468+00:00 end:2025-04-18 13:28:38.407717+00:00 duration:44.683249
[2025-04-18T13:28:38.797+0000] {logging_mixin.py:190} INFO - Task:<Task(PythonOperator): extract_data> dag:<DAG: entsoe_etl_germany> dagrun:<DagRun entsoe_etl_germany @ 2024-02-18 00:00:00+00:00: scheduled__2024-02-18T00:00:00+00:00, state:running, queued_at: 2025-04-18 13:27:15.338687+00:00. externally triggered: False>
[2025-04-18T13:28:38.818+0000] {logging_mixin.py:190} INFO - Failure caused by {'DAG Id': 'entsoe_etl_germany', 'Task Id': 'extract_data', 'Run Id': 'scheduled__2024-02-18T00:00:00+00:00', 'Hostname': '4d82f98476de', 'External Executor Id': '37e4a8be-89e0-4fe3-a806-9e5bd6a268e6'}
[2025-04-18T13:28:38.883+0000] {logging_mixin.py:190} INFO - [2025-04-18T13:28:38.858+0000] {taskinstance.py:1226} INFO - Marking task as UP_FOR_RETRY. dag_id=entsoe_etl_germany, task_id=extract_data, run_id=scheduled__2024-02-18T00:00:00+00:00, execution_date=20240218T000000, start_date=20250418T132753, end_date=20250418T132838
[2025-04-18T13:28:40.655+0000] {logging_mixin.py:190} INFO - [2025-04-18T13:28:40.634+0000] {processor.py:876} INFO - Executed callback for <TaskInstance: entsoe_etl_germany.extract_data scheduled__2024-02-18T00:00:00+00:00 [up_for_retry]> in state up_for_retry
[2025-04-18T13:28:42.068+0000] {logging_mixin.py:190} INFO - [2025-04-18T13:28:41.978+0000] {dag.py:3239} INFO - Sync 1 DAGs
[2025-04-18T13:28:46.155+0000] {processor.py:208} INFO - Processing /opt/airflow/dags/entsoe_germany_dag.py took 30.949 seconds
[2025-04-18T13:29:59.625+0000] {processor.py:186} INFO - Started process (PID=68) to work on /opt/airflow/dags/entsoe_germany_dag.py
[2025-04-18T13:29:59.631+0000] {processor.py:914} INFO - Processing file /opt/airflow/dags/entsoe_germany_dag.py for tasks to queue
[2025-04-18T13:29:59.646+0000] {logging_mixin.py:190} INFO - [2025-04-18T13:29:59.645+0000] {dagbag.py:588} INFO - Filling up the DagBag from /opt/airflow/dags/entsoe_germany_dag.py
[2025-04-18T13:29:59.778+0000] {processor.py:925} INFO - DAG(s) 'entsoe_etl_germany' retrieved from /opt/airflow/dags/entsoe_germany_dag.py
[2025-04-18T13:29:59.888+0000] {logging_mixin.py:190} INFO - [2025-04-18T13:29:59.888+0000] {dag.py:3239} INFO - Sync 1 DAGs
[2025-04-18T13:29:59.987+0000] {processor.py:208} INFO - Processing /opt/airflow/dags/entsoe_germany_dag.py took 0.396 seconds
[2025-04-18T13:30:35.858+0000] {processor.py:186} INFO - Started process (PID=132) to work on /opt/airflow/dags/entsoe_germany_dag.py
[2025-04-18T13:30:35.861+0000] {processor.py:914} INFO - Processing file /opt/airflow/dags/entsoe_germany_dag.py for tasks to queue
[2025-04-18T13:30:35.869+0000] {logging_mixin.py:190} INFO - [2025-04-18T13:30:35.868+0000] {dagbag.py:588} INFO - Filling up the DagBag from /opt/airflow/dags/entsoe_germany_dag.py
[2025-04-18T13:30:36.058+0000] {processor.py:925} INFO - DAG(s) 'entsoe_etl_germany' retrieved from /opt/airflow/dags/entsoe_germany_dag.py
[2025-04-18T13:30:36.273+0000] {logging_mixin.py:190} INFO - [2025-04-18T13:30:36.270+0000] {dag.py:3239} INFO - Sync 1 DAGs
[2025-04-18T13:30:36.571+0000] {processor.py:208} INFO - Processing /opt/airflow/dags/entsoe_germany_dag.py took 0.725 seconds
[2025-04-18T13:31:06.669+0000] {processor.py:186} INFO - Started process (PID=195) to work on /opt/airflow/dags/entsoe_germany_dag.py
[2025-04-18T13:31:06.670+0000] {processor.py:914} INFO - Processing file /opt/airflow/dags/entsoe_germany_dag.py for tasks to queue
[2025-04-18T13:31:06.672+0000] {logging_mixin.py:190} INFO - [2025-04-18T13:31:06.672+0000] {dagbag.py:588} INFO - Filling up the DagBag from /opt/airflow/dags/entsoe_germany_dag.py
[2025-04-18T13:31:06.700+0000] {processor.py:925} INFO - DAG(s) 'entsoe_etl_germany' retrieved from /opt/airflow/dags/entsoe_germany_dag.py
[2025-04-18T13:31:06.725+0000] {logging_mixin.py:190} INFO - [2025-04-18T13:31:06.724+0000] {dag.py:3239} INFO - Sync 1 DAGs
[2025-04-18T13:31:06.770+0000] {processor.py:208} INFO - Processing /opt/airflow/dags/entsoe_germany_dag.py took 0.106 seconds
[2025-04-18T13:31:37.016+0000] {processor.py:186} INFO - Started process (PID=258) to work on /opt/airflow/dags/entsoe_germany_dag.py
[2025-04-18T13:31:37.017+0000] {processor.py:914} INFO - Processing file /opt/airflow/dags/entsoe_germany_dag.py for tasks to queue
[2025-04-18T13:31:37.020+0000] {logging_mixin.py:190} INFO - [2025-04-18T13:31:37.020+0000] {dagbag.py:588} INFO - Filling up the DagBag from /opt/airflow/dags/entsoe_germany_dag.py
[2025-04-18T13:31:37.065+0000] {processor.py:925} INFO - DAG(s) 'entsoe_etl_germany' retrieved from /opt/airflow/dags/entsoe_germany_dag.py
[2025-04-18T13:31:37.077+0000] {logging_mixin.py:190} INFO - [2025-04-18T13:31:37.077+0000] {dag.py:3239} INFO - Sync 1 DAGs
[2025-04-18T13:31:37.113+0000] {processor.py:208} INFO - Processing /opt/airflow/dags/entsoe_germany_dag.py took 0.105 seconds
[2025-04-18T13:32:07.252+0000] {processor.py:186} INFO - Started process (PID=322) to work on /opt/airflow/dags/entsoe_germany_dag.py
[2025-04-18T13:32:07.253+0000] {processor.py:914} INFO - Processing file /opt/airflow/dags/entsoe_germany_dag.py for tasks to queue
[2025-04-18T13:32:07.254+0000] {logging_mixin.py:190} INFO - [2025-04-18T13:32:07.254+0000] {dagbag.py:588} INFO - Filling up the DagBag from /opt/airflow/dags/entsoe_germany_dag.py
[2025-04-18T13:32:07.283+0000] {processor.py:925} INFO - DAG(s) 'entsoe_etl_germany' retrieved from /opt/airflow/dags/entsoe_germany_dag.py
[2025-04-18T13:32:07.295+0000] {logging_mixin.py:190} INFO - [2025-04-18T13:32:07.295+0000] {dag.py:3239} INFO - Sync 1 DAGs
[2025-04-18T13:32:07.322+0000] {processor.py:208} INFO - Processing /opt/airflow/dags/entsoe_germany_dag.py took 0.078 seconds
[2025-04-18T13:34:53.316+0000] {processor.py:186} INFO - Started process (PID=51) to work on /opt/airflow/dags/entsoe_germany_dag.py
[2025-04-18T13:34:53.322+0000] {processor.py:914} INFO - Processing file /opt/airflow/dags/entsoe_germany_dag.py for tasks to queue
[2025-04-18T13:34:53.335+0000] {logging_mixin.py:190} INFO - [2025-04-18T13:34:53.334+0000] {dagbag.py:588} INFO - Filling up the DagBag from /opt/airflow/dags/entsoe_germany_dag.py
[2025-04-18T13:34:53.420+0000] {processor.py:925} INFO - DAG(s) 'entsoe_etl_germany' retrieved from /opt/airflow/dags/entsoe_germany_dag.py
[2025-04-18T13:34:53.564+0000] {logging_mixin.py:190} INFO - [2025-04-18T13:34:53.564+0000] {dag.py:3239} INFO - Sync 1 DAGs
[2025-04-18T13:34:53.760+0000] {processor.py:208} INFO - Processing /opt/airflow/dags/entsoe_germany_dag.py took 0.465 seconds
[2025-04-18T13:35:03.862+0000] {processor.py:186} INFO - Started process (PID=92) to work on /opt/airflow/dags/entsoe_germany_dag.py
[2025-04-18T13:35:03.864+0000] {processor.py:914} INFO - Processing file /opt/airflow/dags/entsoe_germany_dag.py for tasks to queue
[2025-04-18T13:35:03.869+0000] {logging_mixin.py:190} INFO - [2025-04-18T13:35:03.868+0000] {dagbag.py:588} INFO - Filling up the DagBag from /opt/airflow/dags/entsoe_germany_dag.py
[2025-04-18T13:35:03.927+0000] {processor.py:925} INFO - DAG(s) 'entsoe_etl_germany' retrieved from /opt/airflow/dags/entsoe_germany_dag.py
[2025-04-18T13:35:03.965+0000] {logging_mixin.py:190} INFO - [2025-04-18T13:35:03.965+0000] {taskinstance.py:3315} ERROR - {'DAG Id': 'entsoe_etl_germany', 'Task Id': 'extract_data', 'Run Id': 'scheduled__2024-02-17T00:00:00+00:00', 'Hostname': '4d82f98476de', 'External Executor Id': '52223bf9-b0f2-4b9c-8bb1-cb0b552529b6'}
[2025-04-18T13:35:04.032+0000] {logging_mixin.py:190} INFO - Task instance in failure state
[2025-04-18T13:35:04.034+0000] {logging_mixin.py:190} INFO - Task start:2025-04-18 13:27:53.786183+00:00 end:2025-04-18 13:35:04.030716+00:00 duration:430.244533
[2025-04-18T13:35:04.036+0000] {logging_mixin.py:190} INFO - Task:<Task(PythonOperator): extract_data> dag:<DAG: entsoe_etl_germany> dagrun:<DagRun entsoe_etl_germany @ 2024-02-17 00:00:00+00:00: scheduled__2024-02-17T00:00:00+00:00, state:running, queued_at: 2025-04-18 13:27:13.323577+00:00. externally triggered: False>
[2025-04-18T13:35:04.037+0000] {logging_mixin.py:190} INFO - Failure caused by {'DAG Id': 'entsoe_etl_germany', 'Task Id': 'extract_data', 'Run Id': 'scheduled__2024-02-17T00:00:00+00:00', 'Hostname': '4d82f98476de', 'External Executor Id': '52223bf9-b0f2-4b9c-8bb1-cb0b552529b6'}
[2025-04-18T13:35:04.038+0000] {logging_mixin.py:190} INFO - [2025-04-18T13:35:04.037+0000] {taskinstance.py:1226} INFO - Marking task as UP_FOR_RETRY. dag_id=entsoe_etl_germany, task_id=extract_data, run_id=scheduled__2024-02-17T00:00:00+00:00, execution_date=20240217T000000, start_date=20250418T132753, end_date=20250418T133504
[2025-04-18T13:35:04.160+0000] {logging_mixin.py:190} INFO - [2025-04-18T13:35:04.160+0000] {processor.py:876} INFO - Executed callback for <TaskInstance: entsoe_etl_germany.extract_data scheduled__2024-02-17T00:00:00+00:00 [up_for_retry]> in state up_for_retry
[2025-04-18T13:35:04.202+0000] {logging_mixin.py:190} INFO - [2025-04-18T13:35:04.202+0000] {dag.py:3239} INFO - Sync 1 DAGs
[2025-04-18T13:35:04.276+0000] {processor.py:208} INFO - Processing /opt/airflow/dags/entsoe_germany_dag.py took 0.429 seconds
[2025-04-18T13:35:34.482+0000] {processor.py:186} INFO - Started process (PID=157) to work on /opt/airflow/dags/entsoe_germany_dag.py
[2025-04-18T13:35:34.484+0000] {processor.py:914} INFO - Processing file /opt/airflow/dags/entsoe_germany_dag.py for tasks to queue
[2025-04-18T13:35:34.486+0000] {logging_mixin.py:190} INFO - [2025-04-18T13:35:34.486+0000] {dagbag.py:588} INFO - Filling up the DagBag from /opt/airflow/dags/entsoe_germany_dag.py
[2025-04-18T13:35:34.500+0000] {processor.py:925} INFO - DAG(s) 'entsoe_etl_germany' retrieved from /opt/airflow/dags/entsoe_germany_dag.py
[2025-04-18T13:35:34.516+0000] {logging_mixin.py:190} INFO - [2025-04-18T13:35:34.516+0000] {dag.py:3239} INFO - Sync 1 DAGs
[2025-04-18T13:35:34.534+0000] {logging_mixin.py:190} INFO - [2025-04-18T13:35:34.534+0000] {dag.py:4180} INFO - Setting next_dagrun for entsoe_etl_germany to 2024-03-05 00:00:00+00:00, run_after=2024-03-06 00:00:00+00:00
[2025-04-18T13:35:34.547+0000] {processor.py:208} INFO - Processing /opt/airflow/dags/entsoe_germany_dag.py took 0.071 seconds
[2025-04-18T13:36:04.692+0000] {processor.py:186} INFO - Started process (PID=217) to work on /opt/airflow/dags/entsoe_germany_dag.py
[2025-04-18T13:36:04.693+0000] {processor.py:914} INFO - Processing file /opt/airflow/dags/entsoe_germany_dag.py for tasks to queue
[2025-04-18T13:36:04.695+0000] {logging_mixin.py:190} INFO - [2025-04-18T13:36:04.695+0000] {dagbag.py:588} INFO - Filling up the DagBag from /opt/airflow/dags/entsoe_germany_dag.py
[2025-04-18T13:36:04.716+0000] {processor.py:925} INFO - DAG(s) 'entsoe_etl_germany' retrieved from /opt/airflow/dags/entsoe_germany_dag.py
[2025-04-18T13:36:04.733+0000] {logging_mixin.py:190} INFO - [2025-04-18T13:36:04.733+0000] {dag.py:3239} INFO - Sync 1 DAGs
[2025-04-18T13:36:04.765+0000] {processor.py:208} INFO - Processing /opt/airflow/dags/entsoe_germany_dag.py took 0.083 seconds
[2025-04-18T13:36:35.226+0000] {processor.py:186} INFO - Started process (PID=281) to work on /opt/airflow/dags/entsoe_germany_dag.py
[2025-04-18T13:36:35.227+0000] {processor.py:914} INFO - Processing file /opt/airflow/dags/entsoe_germany_dag.py for tasks to queue
[2025-04-18T13:36:35.235+0000] {logging_mixin.py:190} INFO - [2025-04-18T13:36:35.233+0000] {dagbag.py:588} INFO - Filling up the DagBag from /opt/airflow/dags/entsoe_germany_dag.py
[2025-04-18T13:36:35.270+0000] {processor.py:925} INFO - DAG(s) 'entsoe_etl_germany' retrieved from /opt/airflow/dags/entsoe_germany_dag.py
[2025-04-18T13:36:35.307+0000] {logging_mixin.py:190} INFO - [2025-04-18T13:36:35.306+0000] {dag.py:3239} INFO - Sync 1 DAGs
[2025-04-18T13:36:35.348+0000] {processor.py:208} INFO - Processing /opt/airflow/dags/entsoe_germany_dag.py took 0.138 seconds
[2025-04-18T13:37:05.468+0000] {processor.py:186} INFO - Started process (PID=344) to work on /opt/airflow/dags/entsoe_germany_dag.py
[2025-04-18T13:37:05.470+0000] {processor.py:914} INFO - Processing file /opt/airflow/dags/entsoe_germany_dag.py for tasks to queue
[2025-04-18T13:37:05.472+0000] {logging_mixin.py:190} INFO - [2025-04-18T13:37:05.472+0000] {dagbag.py:588} INFO - Filling up the DagBag from /opt/airflow/dags/entsoe_germany_dag.py
[2025-04-18T13:37:05.503+0000] {processor.py:925} INFO - DAG(s) 'entsoe_etl_germany' retrieved from /opt/airflow/dags/entsoe_germany_dag.py
[2025-04-18T13:37:05.539+0000] {logging_mixin.py:190} INFO - [2025-04-18T13:37:05.539+0000] {dag.py:3239} INFO - Sync 1 DAGs
[2025-04-18T13:37:05.605+0000] {processor.py:208} INFO - Processing /opt/airflow/dags/entsoe_germany_dag.py took 0.144 seconds
[2025-04-18T13:37:36.313+0000] {processor.py:186} INFO - Started process (PID=408) to work on /opt/airflow/dags/entsoe_germany_dag.py
[2025-04-18T13:37:36.316+0000] {processor.py:914} INFO - Processing file /opt/airflow/dags/entsoe_germany_dag.py for tasks to queue
[2025-04-18T13:37:36.320+0000] {logging_mixin.py:190} INFO - [2025-04-18T13:37:36.320+0000] {dagbag.py:588} INFO - Filling up the DagBag from /opt/airflow/dags/entsoe_germany_dag.py
[2025-04-18T13:37:36.347+0000] {processor.py:925} INFO - DAG(s) 'entsoe_etl_germany' retrieved from /opt/airflow/dags/entsoe_germany_dag.py
[2025-04-18T13:37:36.380+0000] {logging_mixin.py:190} INFO - [2025-04-18T13:37:36.380+0000] {dag.py:3239} INFO - Sync 1 DAGs
[2025-04-18T13:37:36.436+0000] {processor.py:208} INFO - Processing /opt/airflow/dags/entsoe_germany_dag.py took 0.139 seconds
[2025-04-18T13:38:06.614+0000] {processor.py:186} INFO - Started process (PID=472) to work on /opt/airflow/dags/entsoe_germany_dag.py
[2025-04-18T13:38:06.615+0000] {processor.py:914} INFO - Processing file /opt/airflow/dags/entsoe_germany_dag.py for tasks to queue
[2025-04-18T13:38:06.620+0000] {logging_mixin.py:190} INFO - [2025-04-18T13:38:06.619+0000] {dagbag.py:588} INFO - Filling up the DagBag from /opt/airflow/dags/entsoe_germany_dag.py
[2025-04-18T13:38:06.658+0000] {processor.py:925} INFO - DAG(s) 'entsoe_etl_germany' retrieved from /opt/airflow/dags/entsoe_germany_dag.py
[2025-04-18T13:38:06.712+0000] {logging_mixin.py:190} INFO - [2025-04-18T13:38:06.711+0000] {dag.py:3239} INFO - Sync 1 DAGs
[2025-04-18T13:38:06.748+0000] {processor.py:208} INFO - Processing /opt/airflow/dags/entsoe_germany_dag.py took 0.139 seconds
[2025-04-18T13:38:37.107+0000] {processor.py:186} INFO - Started process (PID=534) to work on /opt/airflow/dags/entsoe_germany_dag.py
[2025-04-18T13:38:37.110+0000] {processor.py:914} INFO - Processing file /opt/airflow/dags/entsoe_germany_dag.py for tasks to queue
[2025-04-18T13:38:37.125+0000] {logging_mixin.py:190} INFO - [2025-04-18T13:38:37.122+0000] {dagbag.py:588} INFO - Filling up the DagBag from /opt/airflow/dags/entsoe_germany_dag.py
[2025-04-18T13:38:37.167+0000] {processor.py:925} INFO - DAG(s) 'entsoe_etl_germany' retrieved from /opt/airflow/dags/entsoe_germany_dag.py
[2025-04-18T13:38:37.204+0000] {logging_mixin.py:190} INFO - [2025-04-18T13:38:37.204+0000] {dag.py:3239} INFO - Sync 1 DAGs
[2025-04-18T13:38:37.261+0000] {processor.py:208} INFO - Processing /opt/airflow/dags/entsoe_germany_dag.py took 0.167 seconds
[2025-04-18T13:39:24.250+0000] {processor.py:186} INFO - Started process (PID=596) to work on /opt/airflow/dags/entsoe_germany_dag.py
[2025-04-18T13:39:24.272+0000] {processor.py:914} INFO - Processing file /opt/airflow/dags/entsoe_germany_dag.py for tasks to queue
[2025-04-18T13:39:24.384+0000] {logging_mixin.py:190} INFO - [2025-04-18T13:39:24.341+0000] {dagbag.py:588} INFO - Filling up the DagBag from /opt/airflow/dags/entsoe_germany_dag.py
[2025-04-18T13:39:25.319+0000] {processor.py:925} INFO - DAG(s) 'entsoe_etl_germany' retrieved from /opt/airflow/dags/entsoe_germany_dag.py
[2025-04-18T13:39:28.423+0000] {logging_mixin.py:190} INFO - [2025-04-18T13:39:28.416+0000] {dag.py:3239} INFO - Sync 1 DAGs
[2025-04-18T13:39:28.801+0000] {processor.py:208} INFO - Processing /opt/airflow/dags/entsoe_germany_dag.py took 4.735 seconds
[2025-04-18T13:40:25.374+0000] {processor.py:186} INFO - Started process (PID=653) to work on /opt/airflow/dags/entsoe_germany_dag.py
[2025-04-18T13:40:25.385+0000] {processor.py:914} INFO - Processing file /opt/airflow/dags/entsoe_germany_dag.py for tasks to queue
[2025-04-18T13:40:25.426+0000] {logging_mixin.py:190} INFO - [2025-04-18T13:40:25.411+0000] {dagbag.py:588} INFO - Filling up the DagBag from /opt/airflow/dags/entsoe_germany_dag.py
[2025-04-18T13:40:25.745+0000] {processor.py:925} INFO - DAG(s) 'entsoe_etl_germany' retrieved from /opt/airflow/dags/entsoe_germany_dag.py
[2025-04-18T13:40:26.007+0000] {logging_mixin.py:190} INFO - [2025-04-18T13:40:26.005+0000] {dag.py:3239} INFO - Sync 1 DAGs
[2025-04-18T13:40:26.386+0000] {processor.py:208} INFO - Processing /opt/airflow/dags/entsoe_germany_dag.py took 1.098 seconds
[2025-04-18T13:43:29.716+0000] {processor.py:186} INFO - Started process (PID=68) to work on /opt/airflow/dags/entsoe_germany_dag.py
[2025-04-18T13:43:29.721+0000] {processor.py:914} INFO - Processing file /opt/airflow/dags/entsoe_germany_dag.py for tasks to queue
[2025-04-18T13:43:29.738+0000] {logging_mixin.py:190} INFO - [2025-04-18T13:43:29.737+0000] {dagbag.py:588} INFO - Filling up the DagBag from /opt/airflow/dags/entsoe_germany_dag.py
[2025-04-18T13:43:30.012+0000] {processor.py:925} INFO - DAG(s) 'entsoe_etl_germany' retrieved from /opt/airflow/dags/entsoe_germany_dag.py
[2025-04-18T13:43:30.149+0000] {logging_mixin.py:190} INFO - [2025-04-18T13:43:30.148+0000] {dag.py:3239} INFO - Sync 1 DAGs
[2025-04-18T13:43:30.275+0000] {logging_mixin.py:190} INFO - [2025-04-18T13:43:30.274+0000] {dag.py:4180} INFO - Setting next_dagrun for entsoe_etl_germany to 2024-03-10 00:00:00+00:00, run_after=2024-03-11 00:00:00+00:00
[2025-04-18T13:43:30.394+0000] {processor.py:208} INFO - Processing /opt/airflow/dags/entsoe_germany_dag.py took 0.714 seconds
[2025-04-18T13:44:27.365+0000] {processor.py:186} INFO - Started process (PID=138) to work on /opt/airflow/dags/entsoe_germany_dag.py
[2025-04-18T13:44:27.370+0000] {processor.py:914} INFO - Processing file /opt/airflow/dags/entsoe_germany_dag.py for tasks to queue
[2025-04-18T13:44:27.386+0000] {logging_mixin.py:190} INFO - [2025-04-18T13:44:27.384+0000] {dagbag.py:588} INFO - Filling up the DagBag from /opt/airflow/dags/entsoe_germany_dag.py
[2025-04-18T13:44:27.470+0000] {processor.py:925} INFO - DAG(s) 'entsoe_etl_germany' retrieved from /opt/airflow/dags/entsoe_germany_dag.py
[2025-04-18T13:44:27.625+0000] {logging_mixin.py:190} INFO - [2025-04-18T13:44:27.624+0000] {dag.py:3239} INFO - Sync 1 DAGs
[2025-04-18T13:44:27.987+0000] {processor.py:208} INFO - Processing /opt/airflow/dags/entsoe_germany_dag.py took 0.643 seconds
[2025-04-18T13:44:34.973+0000] {processor.py:186} INFO - Started process (PID=152) to work on /opt/airflow/dags/entsoe_germany_dag.py
[2025-04-18T13:44:34.980+0000] {processor.py:914} INFO - Processing file /opt/airflow/dags/entsoe_germany_dag.py for tasks to queue
[2025-04-18T13:44:35.010+0000] {logging_mixin.py:190} INFO - [2025-04-18T13:44:35.002+0000] {dagbag.py:588} INFO - Filling up the DagBag from /opt/airflow/dags/entsoe_germany_dag.py
[2025-04-18T13:44:35.356+0000] {processor.py:925} INFO - DAG(s) 'entsoe_etl_germany' retrieved from /opt/airflow/dags/entsoe_germany_dag.py
[2025-04-18T13:44:35.706+0000] {logging_mixin.py:190} INFO - [2025-04-18T13:44:35.700+0000] {taskinstance.py:3315} ERROR - {'DAG Id': 'entsoe_etl_germany', 'Task Id': 'extract_data', 'Run Id': 'scheduled__2024-02-27T00:00:00+00:00', 'Hostname': 'c4a50f7f8da3', 'External Executor Id': 'a6f1f6d4-ea8e-4357-9972-5f5ec623f030'}
[2025-04-18T13:44:35.825+0000] {logging_mixin.py:190} INFO - Task instance in failure state
[2025-04-18T13:44:35.826+0000] {logging_mixin.py:190} INFO - Task start:2025-04-18 13:39:29.219063+00:00 end:2025-04-18 13:44:35.819948+00:00 duration:306.600885
[2025-04-18T13:44:35.827+0000] {logging_mixin.py:190} INFO - Task:<Task(PythonOperator): extract_data> dag:<DAG: entsoe_etl_germany> dagrun:<DagRun entsoe_etl_germany @ 2024-02-27 00:00:00+00:00: scheduled__2024-02-27T00:00:00+00:00, state:running, queued_at: 2025-04-18 13:27:40.560076+00:00. externally triggered: False>
[2025-04-18T13:44:35.827+0000] {logging_mixin.py:190} INFO - Failure caused by {'DAG Id': 'entsoe_etl_germany', 'Task Id': 'extract_data', 'Run Id': 'scheduled__2024-02-27T00:00:00+00:00', 'Hostname': 'c4a50f7f8da3', 'External Executor Id': 'a6f1f6d4-ea8e-4357-9972-5f5ec623f030'}
[2025-04-18T13:44:35.830+0000] {logging_mixin.py:190} INFO - [2025-04-18T13:44:35.830+0000] {taskinstance.py:1226} INFO - Marking task as UP_FOR_RETRY. dag_id=entsoe_etl_germany, task_id=extract_data, run_id=scheduled__2024-02-27T00:00:00+00:00, execution_date=20240227T000000, start_date=20250418T133929, end_date=20250418T134435
[2025-04-18T13:44:36.027+0000] {logging_mixin.py:190} INFO - [2025-04-18T13:44:36.013+0000] {processor.py:876} INFO - Executed callback for <TaskInstance: entsoe_etl_germany.extract_data scheduled__2024-02-27T00:00:00+00:00 [up_for_retry]> in state up_for_retry
[2025-04-18T13:44:36.121+0000] {logging_mixin.py:190} INFO - [2025-04-18T13:44:36.120+0000] {dag.py:3239} INFO - Sync 1 DAGs
[2025-04-18T13:44:36.413+0000] {processor.py:208} INFO - Processing /opt/airflow/dags/entsoe_germany_dag.py took 1.473 seconds
[2025-04-18T13:44:45.077+0000] {processor.py:186} INFO - Started process (PID=171) to work on /opt/airflow/dags/entsoe_germany_dag.py
[2025-04-18T13:44:45.090+0000] {processor.py:914} INFO - Processing file /opt/airflow/dags/entsoe_germany_dag.py for tasks to queue
[2025-04-18T13:44:45.121+0000] {logging_mixin.py:190} INFO - [2025-04-18T13:44:45.117+0000] {dagbag.py:588} INFO - Filling up the DagBag from /opt/airflow/dags/entsoe_germany_dag.py
[2025-04-18T13:44:45.442+0000] {processor.py:925} INFO - DAG(s) 'entsoe_etl_germany' retrieved from /opt/airflow/dags/entsoe_germany_dag.py
[2025-04-18T13:44:45.638+0000] {logging_mixin.py:190} INFO - [2025-04-18T13:44:45.638+0000] {taskinstance.py:3315} ERROR - {'DAG Id': 'entsoe_etl_germany', 'Task Id': 'extract_data', 'Run Id': 'scheduled__2024-02-25T00:00:00+00:00', 'Hostname': 'c4a50f7f8da3', 'External Executor Id': '6d8aff26-2e8d-4a2c-b922-045e1741304e'}
[2025-04-18T13:44:46.267+0000] {logging_mixin.py:190} INFO - Task instance in failure state
[2025-04-18T13:44:46.277+0000] {logging_mixin.py:190} INFO - Task start:2025-04-18 13:39:30.324485+00:00 end:2025-04-18 13:44:46.255409+00:00 duration:315.930924
[2025-04-18T13:44:46.285+0000] {logging_mixin.py:190} INFO - Task:<Task(PythonOperator): extract_data> dag:<DAG: entsoe_etl_germany> dagrun:<DagRun entsoe_etl_germany @ 2024-02-25 00:00:00+00:00: scheduled__2024-02-25T00:00:00+00:00, state:running, queued_at: 2025-04-18 13:27:39.041128+00:00. externally triggered: False>
[2025-04-18T13:44:46.293+0000] {logging_mixin.py:190} INFO - Failure caused by {'DAG Id': 'entsoe_etl_germany', 'Task Id': 'extract_data', 'Run Id': 'scheduled__2024-02-25T00:00:00+00:00', 'Hostname': 'c4a50f7f8da3', 'External Executor Id': '6d8aff26-2e8d-4a2c-b922-045e1741304e'}
[2025-04-18T13:44:46.299+0000] {logging_mixin.py:190} INFO - [2025-04-18T13:44:46.298+0000] {taskinstance.py:1226} INFO - Marking task as UP_FOR_RETRY. dag_id=entsoe_etl_germany, task_id=extract_data, run_id=scheduled__2024-02-25T00:00:00+00:00, execution_date=20240225T000000, start_date=20250418T133930, end_date=20250418T134446
[2025-04-18T13:44:46.648+0000] {logging_mixin.py:190} INFO - [2025-04-18T13:44:46.645+0000] {processor.py:876} INFO - Executed callback for <TaskInstance: entsoe_etl_germany.extract_data scheduled__2024-02-25T00:00:00+00:00 [up_for_retry]> in state up_for_retry
[2025-04-18T13:44:46.737+0000] {logging_mixin.py:190} INFO - [2025-04-18T13:44:46.737+0000] {dag.py:3239} INFO - Sync 1 DAGs
[2025-04-18T13:44:47.208+0000] {processor.py:208} INFO - Processing /opt/airflow/dags/entsoe_germany_dag.py took 2.200 seconds
[2025-04-18T13:45:37.491+0000] {processor.py:186} INFO - Started process (PID=238) to work on /opt/airflow/dags/entsoe_germany_dag.py
[2025-04-18T13:45:37.495+0000] {processor.py:914} INFO - Processing file /opt/airflow/dags/entsoe_germany_dag.py for tasks to queue
[2025-04-18T13:45:37.538+0000] {logging_mixin.py:190} INFO - [2025-04-18T13:45:37.537+0000] {dagbag.py:588} INFO - Filling up the DagBag from /opt/airflow/dags/entsoe_germany_dag.py
[2025-04-18T13:45:37.730+0000] {processor.py:925} INFO - DAG(s) 'entsoe_etl_germany' retrieved from /opt/airflow/dags/entsoe_germany_dag.py
[2025-04-18T13:45:37.888+0000] {logging_mixin.py:190} INFO - [2025-04-18T13:45:37.881+0000] {dag.py:3239} INFO - Sync 1 DAGs
[2025-04-18T13:45:38.107+0000] {logging_mixin.py:190} INFO - [2025-04-18T13:45:38.106+0000] {dag.py:4180} INFO - Setting next_dagrun for entsoe_etl_germany to 2024-03-11 00:00:00+00:00, run_after=2024-03-12 00:00:00+00:00
[2025-04-18T13:45:38.245+0000] {processor.py:208} INFO - Processing /opt/airflow/dags/entsoe_germany_dag.py took 0.775 seconds
[2025-04-18T13:46:41.425+0000] {processor.py:186} INFO - Started process (PID=268) to work on /opt/airflow/dags/entsoe_germany_dag.py
[2025-04-18T13:46:41.433+0000] {processor.py:914} INFO - Processing file /opt/airflow/dags/entsoe_germany_dag.py for tasks to queue
[2025-04-18T13:46:41.456+0000] {logging_mixin.py:190} INFO - [2025-04-18T13:46:41.455+0000] {dagbag.py:588} INFO - Filling up the DagBag from /opt/airflow/dags/entsoe_germany_dag.py
[2025-04-18T13:46:41.944+0000] {processor.py:925} INFO - DAG(s) 'entsoe_etl_germany' retrieved from /opt/airflow/dags/entsoe_germany_dag.py
[2025-04-18T13:46:42.300+0000] {logging_mixin.py:190} INFO - [2025-04-18T13:46:42.293+0000] {dag.py:3239} INFO - Sync 1 DAGs
[2025-04-18T13:46:42.524+0000] {logging_mixin.py:190} INFO - [2025-04-18T13:46:42.522+0000] {dag.py:4180} INFO - Setting next_dagrun for entsoe_etl_germany to 2024-03-15 00:00:00+00:00, run_after=2024-03-16 00:00:00+00:00
[2025-04-18T13:46:42.804+0000] {processor.py:208} INFO - Processing /opt/airflow/dags/entsoe_germany_dag.py took 1.473 seconds
[2025-04-18T13:47:42.833+0000] {processor.py:186} INFO - Started process (PID=303) to work on /opt/airflow/dags/entsoe_germany_dag.py
[2025-04-18T13:47:42.851+0000] {processor.py:914} INFO - Processing file /opt/airflow/dags/entsoe_germany_dag.py for tasks to queue
[2025-04-18T13:47:42.869+0000] {logging_mixin.py:190} INFO - [2025-04-18T13:47:42.868+0000] {dagbag.py:588} INFO - Filling up the DagBag from /opt/airflow/dags/entsoe_germany_dag.py
[2025-04-18T13:47:43.142+0000] {processor.py:925} INFO - DAG(s) 'entsoe_etl_germany' retrieved from /opt/airflow/dags/entsoe_germany_dag.py
[2025-04-18T13:47:43.346+0000] {logging_mixin.py:190} INFO - [2025-04-18T13:47:43.344+0000] {taskinstance.py:3315} ERROR - {'DAG Id': 'entsoe_etl_germany', 'Task Id': 'extract_data', 'Run Id': 'scheduled__2024-03-12T00:00:00+00:00', 'Hostname': '14a4bb8d64b8', 'External Executor Id': '1729ab41-77b6-449f-871f-e9515f696822'}
[2025-04-18T13:47:43.587+0000] {logging_mixin.py:190} INFO - Task instance in failure state
[2025-04-18T13:47:43.590+0000] {logging_mixin.py:190} INFO - Task start:2025-04-18 13:46:52.932939+00:00 end:2025-04-18 13:47:43.580356+00:00 duration:50.647417
[2025-04-18T13:47:43.593+0000] {logging_mixin.py:190} INFO - Task:<Task(PythonOperator): extract_data> dag:<DAG: entsoe_etl_germany> dagrun:<DagRun entsoe_etl_germany @ 2024-03-12 00:00:00+00:00: scheduled__2024-03-12T00:00:00+00:00, state:running, queued_at: 2025-04-18 13:45:39.688927+00:00. externally triggered: False>
[2025-04-18T13:47:43.601+0000] {logging_mixin.py:190} INFO - Failure caused by {'DAG Id': 'entsoe_etl_germany', 'Task Id': 'extract_data', 'Run Id': 'scheduled__2024-03-12T00:00:00+00:00', 'Hostname': '14a4bb8d64b8', 'External Executor Id': '1729ab41-77b6-449f-871f-e9515f696822'}
[2025-04-18T13:47:43.613+0000] {logging_mixin.py:190} INFO - [2025-04-18T13:47:43.612+0000] {taskinstance.py:1226} INFO - Marking task as UP_FOR_RETRY. dag_id=entsoe_etl_germany, task_id=extract_data, run_id=scheduled__2024-03-12T00:00:00+00:00, execution_date=20240312T000000, start_date=20250418T134652, end_date=20250418T134743
[2025-04-18T13:47:44.309+0000] {logging_mixin.py:190} INFO - [2025-04-18T13:47:44.240+0000] {processor.py:876} INFO - Executed callback for <TaskInstance: entsoe_etl_germany.extract_data scheduled__2024-03-12T00:00:00+00:00 [up_for_retry]> in state up_for_retry
[2025-04-18T13:47:44.718+0000] {logging_mixin.py:190} INFO - [2025-04-18T13:47:44.709+0000] {dag.py:3239} INFO - Sync 1 DAGs
[2025-04-18T13:47:45.106+0000] {logging_mixin.py:190} INFO - [2025-04-18T13:47:45.091+0000] {dag.py:4180} INFO - Setting next_dagrun for entsoe_etl_germany to 2024-03-16 00:00:00+00:00, run_after=2024-03-17 00:00:00+00:00
[2025-04-18T13:47:45.616+0000] {processor.py:208} INFO - Processing /opt/airflow/dags/entsoe_germany_dag.py took 2.866 seconds
[2025-04-18T13:49:02.072+0000] {processor.py:186} INFO - Started process (PID=65) to work on /opt/airflow/dags/entsoe_germany_dag.py
[2025-04-18T13:49:02.075+0000] {processor.py:914} INFO - Processing file /opt/airflow/dags/entsoe_germany_dag.py for tasks to queue
[2025-04-18T13:49:02.086+0000] {logging_mixin.py:190} INFO - [2025-04-18T13:49:02.085+0000] {dagbag.py:588} INFO - Filling up the DagBag from /opt/airflow/dags/entsoe_germany_dag.py
[2025-04-18T13:49:02.190+0000] {processor.py:925} INFO - DAG(s) 'entsoe_etl_germany' retrieved from /opt/airflow/dags/entsoe_germany_dag.py
[2025-04-18T13:49:02.362+0000] {logging_mixin.py:190} INFO - [2025-04-18T13:49:02.361+0000] {dag.py:3239} INFO - Sync 1 DAGs
[2025-04-18T13:49:02.527+0000] {processor.py:208} INFO - Processing /opt/airflow/dags/entsoe_germany_dag.py took 0.475 seconds
[2025-04-18T13:50:17.866+0000] {processor.py:186} INFO - Started process (PID=141) to work on /opt/airflow/dags/entsoe_germany_dag.py
[2025-04-18T13:50:17.871+0000] {processor.py:914} INFO - Processing file /opt/airflow/dags/entsoe_germany_dag.py for tasks to queue
[2025-04-18T13:50:17.905+0000] {logging_mixin.py:190} INFO - [2025-04-18T13:50:17.902+0000] {dagbag.py:588} INFO - Filling up the DagBag from /opt/airflow/dags/entsoe_germany_dag.py
[2025-04-18T13:50:18.048+0000] {processor.py:925} INFO - DAG(s) 'entsoe_etl_germany' retrieved from /opt/airflow/dags/entsoe_germany_dag.py
[2025-04-18T13:50:18.271+0000] {logging_mixin.py:190} INFO - [2025-04-18T13:50:18.267+0000] {dag.py:3239} INFO - Sync 1 DAGs
[2025-04-18T13:50:18.387+0000] {logging_mixin.py:190} INFO - [2025-04-18T13:50:18.386+0000] {dag.py:4180} INFO - Setting next_dagrun for entsoe_etl_germany to 2024-03-19 00:00:00+00:00, run_after=2024-03-20 00:00:00+00:00
[2025-04-18T13:50:18.571+0000] {processor.py:208} INFO - Processing /opt/airflow/dags/entsoe_germany_dag.py took 0.720 seconds
[2025-04-18T13:50:53.910+0000] {processor.py:186} INFO - Started process (PID=178) to work on /opt/airflow/dags/entsoe_germany_dag.py
[2025-04-18T13:50:53.915+0000] {processor.py:914} INFO - Processing file /opt/airflow/dags/entsoe_germany_dag.py for tasks to queue
[2025-04-18T13:50:53.942+0000] {logging_mixin.py:190} INFO - [2025-04-18T13:50:53.933+0000] {dagbag.py:588} INFO - Filling up the DagBag from /opt/airflow/dags/entsoe_germany_dag.py
[2025-04-18T13:50:54.231+0000] {processor.py:925} INFO - DAG(s) 'entsoe_etl_germany' retrieved from /opt/airflow/dags/entsoe_germany_dag.py
[2025-04-18T13:50:54.370+0000] {logging_mixin.py:190} INFO - [2025-04-18T13:50:54.369+0000] {dag.py:3239} INFO - Sync 1 DAGs
[2025-04-18T13:50:54.533+0000] {logging_mixin.py:190} INFO - [2025-04-18T13:50:54.533+0000] {dag.py:4180} INFO - Setting next_dagrun for entsoe_etl_germany to 2024-03-21 00:00:00+00:00, run_after=2024-03-22 00:00:00+00:00
[2025-04-18T13:50:54.740+0000] {processor.py:208} INFO - Processing /opt/airflow/dags/entsoe_germany_dag.py took 0.857 seconds
[2025-04-18T13:51:45.816+0000] {processor.py:186} INFO - Started process (PID=233) to work on /opt/airflow/dags/entsoe_germany_dag.py
[2025-04-18T13:51:45.821+0000] {processor.py:914} INFO - Processing file /opt/airflow/dags/entsoe_germany_dag.py for tasks to queue
[2025-04-18T13:51:45.838+0000] {logging_mixin.py:190} INFO - [2025-04-18T13:51:45.835+0000] {dagbag.py:588} INFO - Filling up the DagBag from /opt/airflow/dags/entsoe_germany_dag.py
[2025-04-18T13:51:46.093+0000] {processor.py:925} INFO - DAG(s) 'entsoe_etl_germany' retrieved from /opt/airflow/dags/entsoe_germany_dag.py
[2025-04-18T13:51:46.183+0000] {logging_mixin.py:190} INFO - [2025-04-18T13:51:46.182+0000] {dag.py:3239} INFO - Sync 1 DAGs
[2025-04-18T13:51:46.372+0000] {logging_mixin.py:190} INFO - [2025-04-18T13:51:46.371+0000] {dag.py:4180} INFO - Setting next_dagrun for entsoe_etl_germany to 2024-03-22 00:00:00+00:00, run_after=2024-03-23 00:00:00+00:00
[2025-04-18T13:51:46.460+0000] {processor.py:208} INFO - Processing /opt/airflow/dags/entsoe_germany_dag.py took 0.707 seconds
[2025-04-18T13:52:20.388+0000] {processor.py:186} INFO - Started process (PID=277) to work on /opt/airflow/dags/entsoe_germany_dag.py
[2025-04-18T13:52:20.393+0000] {processor.py:914} INFO - Processing file /opt/airflow/dags/entsoe_germany_dag.py for tasks to queue
[2025-04-18T13:52:20.407+0000] {logging_mixin.py:190} INFO - [2025-04-18T13:52:20.406+0000] {dagbag.py:588} INFO - Filling up the DagBag from /opt/airflow/dags/entsoe_germany_dag.py
[2025-04-18T13:52:20.527+0000] {processor.py:925} INFO - DAG(s) 'entsoe_etl_germany' retrieved from /opt/airflow/dags/entsoe_germany_dag.py
[2025-04-18T13:52:20.644+0000] {logging_mixin.py:190} INFO - [2025-04-18T13:52:20.644+0000] {dag.py:3239} INFO - Sync 1 DAGs
[2025-04-18T13:52:20.717+0000] {logging_mixin.py:190} INFO - [2025-04-18T13:52:20.716+0000] {dag.py:4180} INFO - Setting next_dagrun for entsoe_etl_germany to 2024-03-25 00:00:00+00:00, run_after=2024-03-26 00:00:00+00:00
[2025-04-18T13:52:20.811+0000] {processor.py:208} INFO - Processing /opt/airflow/dags/entsoe_germany_dag.py took 0.449 seconds
[2025-04-18T13:52:55.226+0000] {processor.py:186} INFO - Started process (PID=307) to work on /opt/airflow/dags/entsoe_germany_dag.py
[2025-04-18T13:52:55.235+0000] {processor.py:914} INFO - Processing file /opt/airflow/dags/entsoe_germany_dag.py for tasks to queue
[2025-04-18T13:52:55.265+0000] {logging_mixin.py:190} INFO - [2025-04-18T13:52:55.258+0000] {dagbag.py:588} INFO - Filling up the DagBag from /opt/airflow/dags/entsoe_germany_dag.py
[2025-04-18T13:52:55.808+0000] {processor.py:925} INFO - DAG(s) 'entsoe_etl_germany' retrieved from /opt/airflow/dags/entsoe_germany_dag.py
[2025-04-18T13:52:56.054+0000] {logging_mixin.py:190} INFO - [2025-04-18T13:52:56.052+0000] {dag.py:3239} INFO - Sync 1 DAGs
[2025-04-18T13:52:56.354+0000] {processor.py:208} INFO - Processing /opt/airflow/dags/entsoe_germany_dag.py took 1.291 seconds
[2025-04-18T13:53:31.935+0000] {processor.py:186} INFO - Started process (PID=351) to work on /opt/airflow/dags/entsoe_germany_dag.py
[2025-04-18T13:53:31.967+0000] {processor.py:914} INFO - Processing file /opt/airflow/dags/entsoe_germany_dag.py for tasks to queue
[2025-04-18T13:53:31.979+0000] {logging_mixin.py:190} INFO - [2025-04-18T13:53:31.977+0000] {dagbag.py:588} INFO - Filling up the DagBag from /opt/airflow/dags/entsoe_germany_dag.py
[2025-04-18T13:53:32.130+0000] {processor.py:925} INFO - DAG(s) 'entsoe_etl_germany' retrieved from /opt/airflow/dags/entsoe_germany_dag.py
[2025-04-18T13:53:32.332+0000] {logging_mixin.py:190} INFO - [2025-04-18T13:53:32.325+0000] {dag.py:3239} INFO - Sync 1 DAGs
[2025-04-18T13:53:32.569+0000] {logging_mixin.py:190} INFO - [2025-04-18T13:53:32.568+0000] {dag.py:4180} INFO - Setting next_dagrun for entsoe_etl_germany to 2024-03-27 00:00:00+00:00, run_after=2024-03-28 00:00:00+00:00
[2025-04-18T13:53:32.900+0000] {processor.py:208} INFO - Processing /opt/airflow/dags/entsoe_germany_dag.py took 0.986 seconds
[2025-04-18T13:54:06.839+0000] {processor.py:186} INFO - Started process (PID=406) to work on /opt/airflow/dags/entsoe_germany_dag.py
[2025-04-18T13:54:06.843+0000] {processor.py:914} INFO - Processing file /opt/airflow/dags/entsoe_germany_dag.py for tasks to queue
[2025-04-18T13:54:06.855+0000] {logging_mixin.py:190} INFO - [2025-04-18T13:54:06.852+0000] {dagbag.py:588} INFO - Filling up the DagBag from /opt/airflow/dags/entsoe_germany_dag.py
[2025-04-18T13:54:07.144+0000] {processor.py:925} INFO - DAG(s) 'entsoe_etl_germany' retrieved from /opt/airflow/dags/entsoe_germany_dag.py
[2025-04-18T13:54:07.306+0000] {logging_mixin.py:190} INFO - [2025-04-18T13:54:07.305+0000] {dag.py:3239} INFO - Sync 1 DAGs
[2025-04-18T13:54:07.418+0000] {logging_mixin.py:190} INFO - [2025-04-18T13:54:07.418+0000] {dag.py:4180} INFO - Setting next_dagrun for entsoe_etl_germany to 2024-03-28 00:00:00+00:00, run_after=2024-03-29 00:00:00+00:00
[2025-04-18T13:54:07.538+0000] {processor.py:208} INFO - Processing /opt/airflow/dags/entsoe_germany_dag.py took 0.730 seconds
[2025-04-18T13:54:39.255+0000] {processor.py:186} INFO - Started process (PID=467) to work on /opt/airflow/dags/entsoe_germany_dag.py
[2025-04-18T13:54:39.264+0000] {processor.py:914} INFO - Processing file /opt/airflow/dags/entsoe_germany_dag.py for tasks to queue
[2025-04-18T13:54:39.286+0000] {logging_mixin.py:190} INFO - [2025-04-18T13:54:39.279+0000] {dagbag.py:588} INFO - Filling up the DagBag from /opt/airflow/dags/entsoe_germany_dag.py
[2025-04-18T13:54:39.502+0000] {processor.py:925} INFO - DAG(s) 'entsoe_etl_germany' retrieved from /opt/airflow/dags/entsoe_germany_dag.py
[2025-04-18T13:54:39.621+0000] {logging_mixin.py:190} INFO - [2025-04-18T13:54:39.618+0000] {dag.py:3239} INFO - Sync 1 DAGs
[2025-04-18T13:54:39.985+0000] {processor.py:208} INFO - Processing /opt/airflow/dags/entsoe_germany_dag.py took 0.747 seconds
