[2025-04-18T13:27:25.896+0000] {processor.py:186} INFO - Started process (PID=129) to work on /home/airflow/.local/lib/python3.12/site-packages/airflow/example_dags/example_dag_decorator.py
[2025-04-18T13:27:25.901+0000] {processor.py:914} INFO - Processing file /home/airflow/.local/lib/python3.12/site-packages/airflow/example_dags/example_dag_decorator.py for tasks to queue
[2025-04-18T13:27:25.913+0000] {logging_mixin.py:190} INFO - [2025-04-18T13:27:25.909+0000] {dagbag.py:588} INFO - Filling up the DagBag from /home/airflow/.local/lib/python3.12/site-packages/airflow/example_dags/example_dag_decorator.py
[2025-04-18T13:27:27.793+0000] {processor.py:925} INFO - DAG(s) 'example_dag_decorator' retrieved from /home/airflow/.local/lib/python3.12/site-packages/airflow/example_dags/example_dag_decorator.py
[2025-04-18T13:27:28.316+0000] {logging_mixin.py:190} INFO - [2025-04-18T13:27:28.315+0000] {dag.py:3239} INFO - Sync 1 DAGs
[2025-04-18T13:27:28.353+0000] {logging_mixin.py:190} INFO - [2025-04-18T13:27:28.353+0000] {dag.py:4180} INFO - Setting next_dagrun for example_dag_decorator to None, run_after=None
[2025-04-18T13:27:28.397+0000] {processor.py:208} INFO - Processing /home/airflow/.local/lib/python3.12/site-packages/airflow/example_dags/example_dag_decorator.py took 2.534 seconds
[2025-04-18T13:30:28.335+0000] {processor.py:186} INFO - Started process (PID=121) to work on /home/airflow/.local/lib/python3.12/site-packages/airflow/example_dags/example_dag_decorator.py
[2025-04-18T13:30:28.338+0000] {processor.py:914} INFO - Processing file /home/airflow/.local/lib/python3.12/site-packages/airflow/example_dags/example_dag_decorator.py for tasks to queue
[2025-04-18T13:30:28.350+0000] {logging_mixin.py:190} INFO - [2025-04-18T13:30:28.348+0000] {dagbag.py:588} INFO - Filling up the DagBag from /home/airflow/.local/lib/python3.12/site-packages/airflow/example_dags/example_dag_decorator.py
[2025-04-18T13:30:29.040+0000] {processor.py:925} INFO - DAG(s) 'example_dag_decorator' retrieved from /home/airflow/.local/lib/python3.12/site-packages/airflow/example_dags/example_dag_decorator.py
[2025-04-18T13:30:29.722+0000] {logging_mixin.py:190} INFO - [2025-04-18T13:30:29.719+0000] {dag.py:3239} INFO - Sync 1 DAGs
[2025-04-18T13:30:29.800+0000] {logging_mixin.py:190} INFO - [2025-04-18T13:30:29.800+0000] {dag.py:4180} INFO - Setting next_dagrun for example_dag_decorator to None, run_after=None
[2025-04-18T13:30:29.918+0000] {processor.py:208} INFO - Processing /home/airflow/.local/lib/python3.12/site-packages/airflow/example_dags/example_dag_decorator.py took 1.604 seconds
[2025-04-18T13:31:00.044+0000] {processor.py:186} INFO - Started process (PID=185) to work on /home/airflow/.local/lib/python3.12/site-packages/airflow/example_dags/example_dag_decorator.py
[2025-04-18T13:31:00.046+0000] {processor.py:914} INFO - Processing file /home/airflow/.local/lib/python3.12/site-packages/airflow/example_dags/example_dag_decorator.py for tasks to queue
[2025-04-18T13:31:00.048+0000] {logging_mixin.py:190} INFO - [2025-04-18T13:31:00.048+0000] {dagbag.py:588} INFO - Filling up the DagBag from /home/airflow/.local/lib/python3.12/site-packages/airflow/example_dags/example_dag_decorator.py
[2025-04-18T13:31:00.154+0000] {processor.py:925} INFO - DAG(s) 'example_dag_decorator' retrieved from /home/airflow/.local/lib/python3.12/site-packages/airflow/example_dags/example_dag_decorator.py
[2025-04-18T13:31:00.282+0000] {logging_mixin.py:190} INFO - [2025-04-18T13:31:00.282+0000] {dag.py:3239} INFO - Sync 1 DAGs
[2025-04-18T13:31:00.290+0000] {logging_mixin.py:190} INFO - [2025-04-18T13:31:00.290+0000] {dag.py:4180} INFO - Setting next_dagrun for example_dag_decorator to None, run_after=None
[2025-04-18T13:31:00.303+0000] {processor.py:208} INFO - Processing /home/airflow/.local/lib/python3.12/site-packages/airflow/example_dags/example_dag_decorator.py took 0.269 seconds
[2025-04-18T13:31:30.606+0000] {processor.py:186} INFO - Started process (PID=249) to work on /home/airflow/.local/lib/python3.12/site-packages/airflow/example_dags/example_dag_decorator.py
[2025-04-18T13:31:30.607+0000] {processor.py:914} INFO - Processing file /home/airflow/.local/lib/python3.12/site-packages/airflow/example_dags/example_dag_decorator.py for tasks to queue
[2025-04-18T13:31:30.609+0000] {logging_mixin.py:190} INFO - [2025-04-18T13:31:30.609+0000] {dagbag.py:588} INFO - Filling up the DagBag from /home/airflow/.local/lib/python3.12/site-packages/airflow/example_dags/example_dag_decorator.py
[2025-04-18T13:31:30.675+0000] {processor.py:925} INFO - DAG(s) 'example_dag_decorator' retrieved from /home/airflow/.local/lib/python3.12/site-packages/airflow/example_dags/example_dag_decorator.py
[2025-04-18T13:31:30.740+0000] {logging_mixin.py:190} INFO - [2025-04-18T13:31:30.740+0000] {dag.py:3239} INFO - Sync 1 DAGs
[2025-04-18T13:31:30.746+0000] {logging_mixin.py:190} INFO - [2025-04-18T13:31:30.746+0000] {dag.py:4180} INFO - Setting next_dagrun for example_dag_decorator to None, run_after=None
[2025-04-18T13:31:30.754+0000] {processor.py:208} INFO - Processing /home/airflow/.local/lib/python3.12/site-packages/airflow/example_dags/example_dag_decorator.py took 0.152 seconds
[2025-04-18T13:32:01.031+0000] {processor.py:186} INFO - Started process (PID=313) to work on /home/airflow/.local/lib/python3.12/site-packages/airflow/example_dags/example_dag_decorator.py
[2025-04-18T13:32:01.032+0000] {processor.py:914} INFO - Processing file /home/airflow/.local/lib/python3.12/site-packages/airflow/example_dags/example_dag_decorator.py for tasks to queue
[2025-04-18T13:32:01.037+0000] {logging_mixin.py:190} INFO - [2025-04-18T13:32:01.036+0000] {dagbag.py:588} INFO - Filling up the DagBag from /home/airflow/.local/lib/python3.12/site-packages/airflow/example_dags/example_dag_decorator.py
[2025-04-18T13:32:01.139+0000] {processor.py:925} INFO - DAG(s) 'example_dag_decorator' retrieved from /home/airflow/.local/lib/python3.12/site-packages/airflow/example_dags/example_dag_decorator.py
[2025-04-18T13:32:01.237+0000] {logging_mixin.py:190} INFO - [2025-04-18T13:32:01.237+0000] {dag.py:3239} INFO - Sync 1 DAGs
[2025-04-18T13:32:01.247+0000] {logging_mixin.py:190} INFO - [2025-04-18T13:32:01.247+0000] {dag.py:4180} INFO - Setting next_dagrun for example_dag_decorator to None, run_after=None
[2025-04-18T13:32:01.257+0000] {processor.py:208} INFO - Processing /home/airflow/.local/lib/python3.12/site-packages/airflow/example_dags/example_dag_decorator.py took 0.234 seconds
[2025-04-18T13:35:12.043+0000] {processor.py:186} INFO - Started process (PID=111) to work on /home/airflow/.local/lib/python3.12/site-packages/airflow/example_dags/example_dag_decorator.py
[2025-04-18T13:35:12.047+0000] {processor.py:914} INFO - Processing file /home/airflow/.local/lib/python3.12/site-packages/airflow/example_dags/example_dag_decorator.py for tasks to queue
[2025-04-18T13:35:12.051+0000] {logging_mixin.py:190} INFO - [2025-04-18T13:35:12.051+0000] {dagbag.py:588} INFO - Filling up the DagBag from /home/airflow/.local/lib/python3.12/site-packages/airflow/example_dags/example_dag_decorator.py
[2025-04-18T13:35:13.239+0000] {processor.py:925} INFO - DAG(s) 'example_dag_decorator' retrieved from /home/airflow/.local/lib/python3.12/site-packages/airflow/example_dags/example_dag_decorator.py
[2025-04-18T13:35:13.500+0000] {logging_mixin.py:190} INFO - [2025-04-18T13:35:13.499+0000] {dag.py:3239} INFO - Sync 1 DAGs
[2025-04-18T13:35:13.523+0000] {logging_mixin.py:190} INFO - [2025-04-18T13:35:13.523+0000] {dag.py:4180} INFO - Setting next_dagrun for example_dag_decorator to None, run_after=None
[2025-04-18T13:35:13.567+0000] {processor.py:208} INFO - Processing /home/airflow/.local/lib/python3.12/site-packages/airflow/example_dags/example_dag_decorator.py took 1.529 seconds
[2025-04-18T13:35:43.618+0000] {processor.py:186} INFO - Started process (PID=175) to work on /home/airflow/.local/lib/python3.12/site-packages/airflow/example_dags/example_dag_decorator.py
[2025-04-18T13:35:43.620+0000] {processor.py:914} INFO - Processing file /home/airflow/.local/lib/python3.12/site-packages/airflow/example_dags/example_dag_decorator.py for tasks to queue
[2025-04-18T13:35:43.623+0000] {logging_mixin.py:190} INFO - [2025-04-18T13:35:43.623+0000] {dagbag.py:588} INFO - Filling up the DagBag from /home/airflow/.local/lib/python3.12/site-packages/airflow/example_dags/example_dag_decorator.py
[2025-04-18T13:35:43.736+0000] {processor.py:925} INFO - DAG(s) 'example_dag_decorator' retrieved from /home/airflow/.local/lib/python3.12/site-packages/airflow/example_dags/example_dag_decorator.py
[2025-04-18T13:35:43.823+0000] {logging_mixin.py:190} INFO - [2025-04-18T13:35:43.822+0000] {dag.py:3239} INFO - Sync 1 DAGs
[2025-04-18T13:35:43.828+0000] {logging_mixin.py:190} INFO - [2025-04-18T13:35:43.828+0000] {dag.py:4180} INFO - Setting next_dagrun for example_dag_decorator to None, run_after=None
[2025-04-18T13:35:43.835+0000] {processor.py:208} INFO - Processing /home/airflow/.local/lib/python3.12/site-packages/airflow/example_dags/example_dag_decorator.py took 0.226 seconds
[2025-04-18T13:36:14.570+0000] {processor.py:186} INFO - Started process (PID=239) to work on /home/airflow/.local/lib/python3.12/site-packages/airflow/example_dags/example_dag_decorator.py
[2025-04-18T13:36:14.571+0000] {processor.py:914} INFO - Processing file /home/airflow/.local/lib/python3.12/site-packages/airflow/example_dags/example_dag_decorator.py for tasks to queue
[2025-04-18T13:36:14.573+0000] {logging_mixin.py:190} INFO - [2025-04-18T13:36:14.572+0000] {dagbag.py:588} INFO - Filling up the DagBag from /home/airflow/.local/lib/python3.12/site-packages/airflow/example_dags/example_dag_decorator.py
[2025-04-18T13:36:14.663+0000] {processor.py:925} INFO - DAG(s) 'example_dag_decorator' retrieved from /home/airflow/.local/lib/python3.12/site-packages/airflow/example_dags/example_dag_decorator.py
[2025-04-18T13:36:14.806+0000] {logging_mixin.py:190} INFO - [2025-04-18T13:36:14.805+0000] {dag.py:3239} INFO - Sync 1 DAGs
[2025-04-18T13:36:14.820+0000] {logging_mixin.py:190} INFO - [2025-04-18T13:36:14.819+0000] {dag.py:4180} INFO - Setting next_dagrun for example_dag_decorator to None, run_after=None
[2025-04-18T13:36:14.834+0000] {processor.py:208} INFO - Processing /home/airflow/.local/lib/python3.12/site-packages/airflow/example_dags/example_dag_decorator.py took 0.269 seconds
[2025-04-18T13:36:44.863+0000] {processor.py:186} INFO - Started process (PID=302) to work on /home/airflow/.local/lib/python3.12/site-packages/airflow/example_dags/example_dag_decorator.py
[2025-04-18T13:36:44.864+0000] {processor.py:914} INFO - Processing file /home/airflow/.local/lib/python3.12/site-packages/airflow/example_dags/example_dag_decorator.py for tasks to queue
[2025-04-18T13:36:44.867+0000] {logging_mixin.py:190} INFO - [2025-04-18T13:36:44.866+0000] {dagbag.py:588} INFO - Filling up the DagBag from /home/airflow/.local/lib/python3.12/site-packages/airflow/example_dags/example_dag_decorator.py
[2025-04-18T13:36:44.957+0000] {processor.py:925} INFO - DAG(s) 'example_dag_decorator' retrieved from /home/airflow/.local/lib/python3.12/site-packages/airflow/example_dags/example_dag_decorator.py
[2025-04-18T13:36:45.040+0000] {logging_mixin.py:190} INFO - [2025-04-18T13:36:45.040+0000] {dag.py:3239} INFO - Sync 1 DAGs
[2025-04-18T13:36:45.048+0000] {logging_mixin.py:190} INFO - [2025-04-18T13:36:45.048+0000] {dag.py:4180} INFO - Setting next_dagrun for example_dag_decorator to None, run_after=None
[2025-04-18T13:36:45.059+0000] {processor.py:208} INFO - Processing /home/airflow/.local/lib/python3.12/site-packages/airflow/example_dags/example_dag_decorator.py took 0.201 seconds
[2025-04-18T13:37:15.431+0000] {processor.py:186} INFO - Started process (PID=365) to work on /home/airflow/.local/lib/python3.12/site-packages/airflow/example_dags/example_dag_decorator.py
[2025-04-18T13:37:15.432+0000] {processor.py:914} INFO - Processing file /home/airflow/.local/lib/python3.12/site-packages/airflow/example_dags/example_dag_decorator.py for tasks to queue
[2025-04-18T13:37:15.433+0000] {logging_mixin.py:190} INFO - [2025-04-18T13:37:15.433+0000] {dagbag.py:588} INFO - Filling up the DagBag from /home/airflow/.local/lib/python3.12/site-packages/airflow/example_dags/example_dag_decorator.py
[2025-04-18T13:37:15.522+0000] {processor.py:925} INFO - DAG(s) 'example_dag_decorator' retrieved from /home/airflow/.local/lib/python3.12/site-packages/airflow/example_dags/example_dag_decorator.py
[2025-04-18T13:37:15.587+0000] {logging_mixin.py:190} INFO - [2025-04-18T13:37:15.587+0000] {dag.py:3239} INFO - Sync 1 DAGs
[2025-04-18T13:37:15.593+0000] {logging_mixin.py:190} INFO - [2025-04-18T13:37:15.593+0000] {dag.py:4180} INFO - Setting next_dagrun for example_dag_decorator to None, run_after=None
[2025-04-18T13:37:15.602+0000] {processor.py:208} INFO - Processing /home/airflow/.local/lib/python3.12/site-packages/airflow/example_dags/example_dag_decorator.py took 0.173 seconds
[2025-04-18T13:37:46.114+0000] {processor.py:186} INFO - Started process (PID=429) to work on /home/airflow/.local/lib/python3.12/site-packages/airflow/example_dags/example_dag_decorator.py
[2025-04-18T13:37:46.114+0000] {processor.py:914} INFO - Processing file /home/airflow/.local/lib/python3.12/site-packages/airflow/example_dags/example_dag_decorator.py for tasks to queue
[2025-04-18T13:37:46.116+0000] {logging_mixin.py:190} INFO - [2025-04-18T13:37:46.116+0000] {dagbag.py:588} INFO - Filling up the DagBag from /home/airflow/.local/lib/python3.12/site-packages/airflow/example_dags/example_dag_decorator.py
[2025-04-18T13:37:46.196+0000] {processor.py:925} INFO - DAG(s) 'example_dag_decorator' retrieved from /home/airflow/.local/lib/python3.12/site-packages/airflow/example_dags/example_dag_decorator.py
[2025-04-18T13:37:46.252+0000] {logging_mixin.py:190} INFO - [2025-04-18T13:37:46.252+0000] {dag.py:3239} INFO - Sync 1 DAGs
[2025-04-18T13:37:46.258+0000] {logging_mixin.py:190} INFO - [2025-04-18T13:37:46.258+0000] {dag.py:4180} INFO - Setting next_dagrun for example_dag_decorator to None, run_after=None
[2025-04-18T13:37:46.265+0000] {processor.py:208} INFO - Processing /home/airflow/.local/lib/python3.12/site-packages/airflow/example_dags/example_dag_decorator.py took 0.154 seconds
[2025-04-18T13:38:16.289+0000] {processor.py:186} INFO - Started process (PID=493) to work on /home/airflow/.local/lib/python3.12/site-packages/airflow/example_dags/example_dag_decorator.py
[2025-04-18T13:38:16.290+0000] {processor.py:914} INFO - Processing file /home/airflow/.local/lib/python3.12/site-packages/airflow/example_dags/example_dag_decorator.py for tasks to queue
[2025-04-18T13:38:16.292+0000] {logging_mixin.py:190} INFO - [2025-04-18T13:38:16.291+0000] {dagbag.py:588} INFO - Filling up the DagBag from /home/airflow/.local/lib/python3.12/site-packages/airflow/example_dags/example_dag_decorator.py
[2025-04-18T13:38:16.361+0000] {processor.py:925} INFO - DAG(s) 'example_dag_decorator' retrieved from /home/airflow/.local/lib/python3.12/site-packages/airflow/example_dags/example_dag_decorator.py
[2025-04-18T13:38:16.413+0000] {logging_mixin.py:190} INFO - [2025-04-18T13:38:16.413+0000] {dag.py:3239} INFO - Sync 1 DAGs
[2025-04-18T13:38:16.419+0000] {logging_mixin.py:190} INFO - [2025-04-18T13:38:16.419+0000] {dag.py:4180} INFO - Setting next_dagrun for example_dag_decorator to None, run_after=None
[2025-04-18T13:38:16.426+0000] {processor.py:208} INFO - Processing /home/airflow/.local/lib/python3.12/site-packages/airflow/example_dags/example_dag_decorator.py took 0.140 seconds
[2025-04-18T13:38:46.454+0000] {processor.py:186} INFO - Started process (PID=558) to work on /home/airflow/.local/lib/python3.12/site-packages/airflow/example_dags/example_dag_decorator.py
[2025-04-18T13:38:46.454+0000] {processor.py:914} INFO - Processing file /home/airflow/.local/lib/python3.12/site-packages/airflow/example_dags/example_dag_decorator.py for tasks to queue
[2025-04-18T13:38:46.455+0000] {logging_mixin.py:190} INFO - [2025-04-18T13:38:46.455+0000] {dagbag.py:588} INFO - Filling up the DagBag from /home/airflow/.local/lib/python3.12/site-packages/airflow/example_dags/example_dag_decorator.py
[2025-04-18T13:38:46.524+0000] {processor.py:925} INFO - DAG(s) 'example_dag_decorator' retrieved from /home/airflow/.local/lib/python3.12/site-packages/airflow/example_dags/example_dag_decorator.py
[2025-04-18T13:38:46.582+0000] {logging_mixin.py:190} INFO - [2025-04-18T13:38:46.582+0000] {dag.py:3239} INFO - Sync 1 DAGs
[2025-04-18T13:38:46.588+0000] {logging_mixin.py:190} INFO - [2025-04-18T13:38:46.588+0000] {dag.py:4180} INFO - Setting next_dagrun for example_dag_decorator to None, run_after=None
[2025-04-18T13:38:46.595+0000] {processor.py:208} INFO - Processing /home/airflow/.local/lib/python3.12/site-packages/airflow/example_dags/example_dag_decorator.py took 0.144 seconds
[2025-04-18T13:40:19.041+0000] {processor.py:186} INFO - Started process (PID=643) to work on /home/airflow/.local/lib/python3.12/site-packages/airflow/example_dags/example_dag_decorator.py
[2025-04-18T13:40:19.053+0000] {processor.py:914} INFO - Processing file /home/airflow/.local/lib/python3.12/site-packages/airflow/example_dags/example_dag_decorator.py for tasks to queue
[2025-04-18T13:40:19.074+0000] {logging_mixin.py:190} INFO - [2025-04-18T13:40:19.073+0000] {dagbag.py:588} INFO - Filling up the DagBag from /home/airflow/.local/lib/python3.12/site-packages/airflow/example_dags/example_dag_decorator.py
[2025-04-18T13:40:19.761+0000] {processor.py:925} INFO - DAG(s) 'example_dag_decorator' retrieved from /home/airflow/.local/lib/python3.12/site-packages/airflow/example_dags/example_dag_decorator.py
[2025-04-18T13:40:21.300+0000] {logging_mixin.py:190} INFO - [2025-04-18T13:40:21.297+0000] {dag.py:3239} INFO - Sync 1 DAGs
[2025-04-18T13:40:21.497+0000] {logging_mixin.py:190} INFO - [2025-04-18T13:40:21.494+0000] {dag.py:4180} INFO - Setting next_dagrun for example_dag_decorator to None, run_after=None
[2025-04-18T13:40:21.617+0000] {processor.py:208} INFO - Processing /home/airflow/.local/lib/python3.12/site-packages/airflow/example_dags/example_dag_decorator.py took 2.603 seconds
[2025-04-18T13:44:17.005+0000] {processor.py:186} INFO - Started process (PID=127) to work on /home/airflow/.local/lib/python3.12/site-packages/airflow/example_dags/example_dag_decorator.py
[2025-04-18T13:44:17.014+0000] {processor.py:914} INFO - Processing file /home/airflow/.local/lib/python3.12/site-packages/airflow/example_dags/example_dag_decorator.py for tasks to queue
[2025-04-18T13:44:17.056+0000] {logging_mixin.py:190} INFO - [2025-04-18T13:44:17.054+0000] {dagbag.py:588} INFO - Filling up the DagBag from /home/airflow/.local/lib/python3.12/site-packages/airflow/example_dags/example_dag_decorator.py
[2025-04-18T13:44:19.963+0000] {processor.py:925} INFO - DAG(s) 'example_dag_decorator' retrieved from /home/airflow/.local/lib/python3.12/site-packages/airflow/example_dags/example_dag_decorator.py
[2025-04-18T13:44:21.896+0000] {logging_mixin.py:190} INFO - [2025-04-18T13:44:21.877+0000] {dag.py:3239} INFO - Sync 1 DAGs
[2025-04-18T13:44:22.114+0000] {logging_mixin.py:190} INFO - [2025-04-18T13:44:22.003+0000] {dag.py:4180} INFO - Setting next_dagrun for example_dag_decorator to None, run_after=None
[2025-04-18T13:44:22.669+0000] {processor.py:208} INFO - Processing /home/airflow/.local/lib/python3.12/site-packages/airflow/example_dags/example_dag_decorator.py took 5.706 seconds
[2025-04-18T13:45:30.024+0000] {processor.py:186} INFO - Started process (PID=227) to work on /home/airflow/.local/lib/python3.12/site-packages/airflow/example_dags/example_dag_decorator.py
[2025-04-18T13:45:30.041+0000] {processor.py:914} INFO - Processing file /home/airflow/.local/lib/python3.12/site-packages/airflow/example_dags/example_dag_decorator.py for tasks to queue
[2025-04-18T13:45:30.080+0000] {logging_mixin.py:190} INFO - [2025-04-18T13:45:30.079+0000] {dagbag.py:588} INFO - Filling up the DagBag from /home/airflow/.local/lib/python3.12/site-packages/airflow/example_dags/example_dag_decorator.py
[2025-04-18T13:45:30.881+0000] {processor.py:925} INFO - DAG(s) 'example_dag_decorator' retrieved from /home/airflow/.local/lib/python3.12/site-packages/airflow/example_dags/example_dag_decorator.py
[2025-04-18T13:45:31.537+0000] {logging_mixin.py:190} INFO - [2025-04-18T13:45:31.534+0000] {dag.py:3239} INFO - Sync 1 DAGs
[2025-04-18T13:45:31.620+0000] {logging_mixin.py:190} INFO - [2025-04-18T13:45:31.620+0000] {dag.py:4180} INFO - Setting next_dagrun for example_dag_decorator to None, run_after=None
[2025-04-18T13:45:31.799+0000] {processor.py:208} INFO - Processing /home/airflow/.local/lib/python3.12/site-packages/airflow/example_dags/example_dag_decorator.py took 1.797 seconds
[2025-04-18T13:50:10.909+0000] {processor.py:186} INFO - Started process (PID=130) to work on /home/airflow/.local/lib/python3.12/site-packages/airflow/example_dags/example_dag_decorator.py
[2025-04-18T13:50:10.926+0000] {processor.py:914} INFO - Processing file /home/airflow/.local/lib/python3.12/site-packages/airflow/example_dags/example_dag_decorator.py for tasks to queue
[2025-04-18T13:50:11.034+0000] {logging_mixin.py:190} INFO - [2025-04-18T13:50:11.029+0000] {dagbag.py:588} INFO - Filling up the DagBag from /home/airflow/.local/lib/python3.12/site-packages/airflow/example_dags/example_dag_decorator.py
[2025-04-18T13:50:12.449+0000] {processor.py:925} INFO - DAG(s) 'example_dag_decorator' retrieved from /home/airflow/.local/lib/python3.12/site-packages/airflow/example_dags/example_dag_decorator.py
[2025-04-18T13:50:13.256+0000] {logging_mixin.py:190} INFO - [2025-04-18T13:50:13.245+0000] {dag.py:3239} INFO - Sync 1 DAGs
[2025-04-18T13:50:13.394+0000] {logging_mixin.py:190} INFO - [2025-04-18T13:50:13.394+0000] {dag.py:4180} INFO - Setting next_dagrun for example_dag_decorator to None, run_after=None
[2025-04-18T13:50:13.601+0000] {processor.py:208} INFO - Processing /home/airflow/.local/lib/python3.12/site-packages/airflow/example_dags/example_dag_decorator.py took 2.717 seconds
[2025-04-18T13:51:27.185+0000] {processor.py:186} INFO - Started process (PID=216) to work on /home/airflow/.local/lib/python3.12/site-packages/airflow/example_dags/example_dag_decorator.py
[2025-04-18T13:51:27.216+0000] {processor.py:914} INFO - Processing file /home/airflow/.local/lib/python3.12/site-packages/airflow/example_dags/example_dag_decorator.py for tasks to queue
[2025-04-18T13:51:27.287+0000] {logging_mixin.py:190} INFO - [2025-04-18T13:51:27.276+0000] {dagbag.py:588} INFO - Filling up the DagBag from /home/airflow/.local/lib/python3.12/site-packages/airflow/example_dags/example_dag_decorator.py
[2025-04-18T13:51:28.896+0000] {processor.py:925} INFO - DAG(s) 'example_dag_decorator' retrieved from /home/airflow/.local/lib/python3.12/site-packages/airflow/example_dags/example_dag_decorator.py
[2025-04-18T13:51:31.538+0000] {logging_mixin.py:190} INFO - [2025-04-18T13:51:31.523+0000] {dag.py:3239} INFO - Sync 1 DAGs
[2025-04-18T13:51:32.090+0000] {logging_mixin.py:190} INFO - [2025-04-18T13:51:32.069+0000] {dag.py:4180} INFO - Setting next_dagrun for example_dag_decorator to None, run_after=None
[2025-04-18T13:51:32.634+0000] {processor.py:208} INFO - Processing /home/airflow/.local/lib/python3.12/site-packages/airflow/example_dags/example_dag_decorator.py took 5.639 seconds
[2025-04-18T13:52:34.582+0000] {processor.py:186} INFO - Started process (PID=291) to work on /home/airflow/.local/lib/python3.12/site-packages/airflow/example_dags/example_dag_decorator.py
[2025-04-18T13:52:34.655+0000] {processor.py:914} INFO - Processing file /home/airflow/.local/lib/python3.12/site-packages/airflow/example_dags/example_dag_decorator.py for tasks to queue
[2025-04-18T13:52:34.729+0000] {logging_mixin.py:190} INFO - [2025-04-18T13:52:34.728+0000] {dagbag.py:588} INFO - Filling up the DagBag from /home/airflow/.local/lib/python3.12/site-packages/airflow/example_dags/example_dag_decorator.py
[2025-04-18T13:52:36.437+0000] {processor.py:925} INFO - DAG(s) 'example_dag_decorator' retrieved from /home/airflow/.local/lib/python3.12/site-packages/airflow/example_dags/example_dag_decorator.py
[2025-04-18T13:52:40.167+0000] {logging_mixin.py:190} INFO - [2025-04-18T13:52:40.138+0000] {dag.py:3239} INFO - Sync 1 DAGs
[2025-04-18T13:52:40.446+0000] {logging_mixin.py:190} INFO - [2025-04-18T13:52:40.444+0000] {dag.py:4180} INFO - Setting next_dagrun for example_dag_decorator to None, run_after=None
[2025-04-18T13:52:41.284+0000] {processor.py:208} INFO - Processing /home/airflow/.local/lib/python3.12/site-packages/airflow/example_dags/example_dag_decorator.py took 6.829 seconds
[2025-04-18T13:53:47.634+0000] {processor.py:186} INFO - Started process (PID=378) to work on /home/airflow/.local/lib/python3.12/site-packages/airflow/example_dags/example_dag_decorator.py
[2025-04-18T13:53:47.636+0000] {processor.py:914} INFO - Processing file /home/airflow/.local/lib/python3.12/site-packages/airflow/example_dags/example_dag_decorator.py for tasks to queue
[2025-04-18T13:53:47.651+0000] {logging_mixin.py:190} INFO - [2025-04-18T13:53:47.651+0000] {dagbag.py:588} INFO - Filling up the DagBag from /home/airflow/.local/lib/python3.12/site-packages/airflow/example_dags/example_dag_decorator.py
[2025-04-18T13:53:48.508+0000] {processor.py:925} INFO - DAG(s) 'example_dag_decorator' retrieved from /home/airflow/.local/lib/python3.12/site-packages/airflow/example_dags/example_dag_decorator.py
[2025-04-18T13:53:49.330+0000] {logging_mixin.py:190} INFO - [2025-04-18T13:53:49.317+0000] {dag.py:3239} INFO - Sync 1 DAGs
[2025-04-18T13:53:49.586+0000] {logging_mixin.py:190} INFO - [2025-04-18T13:53:49.584+0000] {dag.py:4180} INFO - Setting next_dagrun for example_dag_decorator to None, run_after=None
[2025-04-18T13:53:50.010+0000] {processor.py:208} INFO - Processing /home/airflow/.local/lib/python3.12/site-packages/airflow/example_dags/example_dag_decorator.py took 2.382 seconds
[2025-04-18T13:54:21.030+0000] {processor.py:186} INFO - Started process (PID=441) to work on /home/airflow/.local/lib/python3.12/site-packages/airflow/example_dags/example_dag_decorator.py
[2025-04-18T13:54:21.032+0000] {processor.py:914} INFO - Processing file /home/airflow/.local/lib/python3.12/site-packages/airflow/example_dags/example_dag_decorator.py for tasks to queue
[2025-04-18T13:54:21.045+0000] {logging_mixin.py:190} INFO - [2025-04-18T13:54:21.041+0000] {dagbag.py:588} INFO - Filling up the DagBag from /home/airflow/.local/lib/python3.12/site-packages/airflow/example_dags/example_dag_decorator.py
[2025-04-18T13:54:21.307+0000] {processor.py:925} INFO - DAG(s) 'example_dag_decorator' retrieved from /home/airflow/.local/lib/python3.12/site-packages/airflow/example_dags/example_dag_decorator.py
[2025-04-18T13:54:21.780+0000] {logging_mixin.py:190} INFO - [2025-04-18T13:54:21.777+0000] {dag.py:3239} INFO - Sync 1 DAGs
[2025-04-18T13:54:21.939+0000] {logging_mixin.py:190} INFO - [2025-04-18T13:54:21.937+0000] {dag.py:4180} INFO - Setting next_dagrun for example_dag_decorator to None, run_after=None
[2025-04-18T13:54:22.070+0000] {processor.py:208} INFO - Processing /home/airflow/.local/lib/python3.12/site-packages/airflow/example_dags/example_dag_decorator.py took 1.048 seconds
[2025-04-18T13:54:53.255+0000] {processor.py:186} INFO - Started process (PID=505) to work on /home/airflow/.local/lib/python3.12/site-packages/airflow/example_dags/example_dag_decorator.py
[2025-04-18T13:54:53.265+0000] {processor.py:914} INFO - Processing file /home/airflow/.local/lib/python3.12/site-packages/airflow/example_dags/example_dag_decorator.py for tasks to queue
[2025-04-18T13:54:53.279+0000] {logging_mixin.py:190} INFO - [2025-04-18T13:54:53.277+0000] {dagbag.py:588} INFO - Filling up the DagBag from /home/airflow/.local/lib/python3.12/site-packages/airflow/example_dags/example_dag_decorator.py
[2025-04-18T13:54:53.523+0000] {processor.py:925} INFO - DAG(s) 'example_dag_decorator' retrieved from /home/airflow/.local/lib/python3.12/site-packages/airflow/example_dags/example_dag_decorator.py
[2025-04-18T13:54:54.049+0000] {logging_mixin.py:190} INFO - [2025-04-18T13:54:54.048+0000] {dag.py:3239} INFO - Sync 1 DAGs
[2025-04-18T13:54:54.108+0000] {logging_mixin.py:190} INFO - [2025-04-18T13:54:54.106+0000] {dag.py:4180} INFO - Setting next_dagrun for example_dag_decorator to None, run_after=None
[2025-04-18T13:54:54.294+0000] {processor.py:208} INFO - Processing /home/airflow/.local/lib/python3.12/site-packages/airflow/example_dags/example_dag_decorator.py took 1.055 seconds
