[2025-04-18T13:27:00.310+0000] {processor.py:186} INFO - Started process (PID=115) to work on /home/airflow/.local/lib/python3.12/site-packages/airflow/example_dags/example_branch_operator.py
[2025-04-18T13:27:00.326+0000] {processor.py:914} INFO - Processing file /home/airflow/.local/lib/python3.12/site-packages/airflow/example_dags/example_branch_operator.py for tasks to queue
[2025-04-18T13:27:00.375+0000] {logging_mixin.py:190} INFO - [2025-04-18T13:27:00.361+0000] {dagbag.py:588} INFO - Filling up the DagBag from /home/airflow/.local/lib/python3.12/site-packages/airflow/example_dags/example_branch_operator.py
[2025-04-18T13:27:00.869+0000] {processor.py:925} INFO - DAG(s) 'example_branch_operator' retrieved from /home/airflow/.local/lib/python3.12/site-packages/airflow/example_dags/example_branch_operator.py
[2025-04-18T13:27:04.753+0000] {logging_mixin.py:190} INFO - [2025-04-18T13:27:04.725+0000] {dag.py:3239} INFO - Sync 1 DAGs
[2025-04-18T13:27:07.431+0000] {logging_mixin.py:190} INFO - [2025-04-18T13:27:07.423+0000] {dag.py:4180} INFO - Setting next_dagrun for example_branch_operator to 2025-04-17 00:00:00+00:00, run_after=2025-04-18 00:00:00+00:00
[2025-04-18T13:27:07.787+0000] {processor.py:208} INFO - Processing /home/airflow/.local/lib/python3.12/site-packages/airflow/example_dags/example_branch_operator.py took 7.679 seconds
[2025-04-18T13:30:15.488+0000] {processor.py:186} INFO - Started process (PID=101) to work on /home/airflow/.local/lib/python3.12/site-packages/airflow/example_dags/example_branch_operator.py
[2025-04-18T13:30:15.505+0000] {processor.py:914} INFO - Processing file /home/airflow/.local/lib/python3.12/site-packages/airflow/example_dags/example_branch_operator.py for tasks to queue
[2025-04-18T13:30:15.522+0000] {logging_mixin.py:190} INFO - [2025-04-18T13:30:15.520+0000] {dagbag.py:588} INFO - Filling up the DagBag from /home/airflow/.local/lib/python3.12/site-packages/airflow/example_dags/example_branch_operator.py
[2025-04-18T13:30:15.611+0000] {processor.py:925} INFO - DAG(s) 'example_branch_operator' retrieved from /home/airflow/.local/lib/python3.12/site-packages/airflow/example_dags/example_branch_operator.py
[2025-04-18T13:30:16.440+0000] {logging_mixin.py:190} INFO - [2025-04-18T13:30:16.433+0000] {dag.py:3239} INFO - Sync 1 DAGs
[2025-04-18T13:30:16.585+0000] {logging_mixin.py:190} INFO - [2025-04-18T13:30:16.585+0000] {dag.py:4180} INFO - Setting next_dagrun for example_branch_operator to 2025-04-17 00:00:00+00:00, run_after=2025-04-18 00:00:00+00:00
[2025-04-18T13:30:16.678+0000] {processor.py:208} INFO - Processing /home/airflow/.local/lib/python3.12/site-packages/airflow/example_dags/example_branch_operator.py took 1.217 seconds
[2025-04-18T13:30:48.117+0000] {processor.py:186} INFO - Started process (PID=164) to work on /home/airflow/.local/lib/python3.12/site-packages/airflow/example_dags/example_branch_operator.py
[2025-04-18T13:30:48.121+0000] {processor.py:914} INFO - Processing file /home/airflow/.local/lib/python3.12/site-packages/airflow/example_dags/example_branch_operator.py for tasks to queue
[2025-04-18T13:30:48.127+0000] {logging_mixin.py:190} INFO - [2025-04-18T13:30:48.126+0000] {dagbag.py:588} INFO - Filling up the DagBag from /home/airflow/.local/lib/python3.12/site-packages/airflow/example_dags/example_branch_operator.py
[2025-04-18T13:30:48.218+0000] {processor.py:925} INFO - DAG(s) 'example_branch_operator' retrieved from /home/airflow/.local/lib/python3.12/site-packages/airflow/example_dags/example_branch_operator.py
[2025-04-18T13:30:48.315+0000] {logging_mixin.py:190} INFO - [2025-04-18T13:30:48.314+0000] {dag.py:3239} INFO - Sync 1 DAGs
[2025-04-18T13:30:48.471+0000] {logging_mixin.py:190} INFO - [2025-04-18T13:30:48.470+0000] {dag.py:4180} INFO - Setting next_dagrun for example_branch_operator to 2025-04-17 00:00:00+00:00, run_after=2025-04-18 00:00:00+00:00
[2025-04-18T13:30:48.524+0000] {processor.py:208} INFO - Processing /home/airflow/.local/lib/python3.12/site-packages/airflow/example_dags/example_branch_operator.py took 0.429 seconds
[2025-04-18T13:31:18.977+0000] {processor.py:186} INFO - Started process (PID=228) to work on /home/airflow/.local/lib/python3.12/site-packages/airflow/example_dags/example_branch_operator.py
[2025-04-18T13:31:18.978+0000] {processor.py:914} INFO - Processing file /home/airflow/.local/lib/python3.12/site-packages/airflow/example_dags/example_branch_operator.py for tasks to queue
[2025-04-18T13:31:18.979+0000] {logging_mixin.py:190} INFO - [2025-04-18T13:31:18.979+0000] {dagbag.py:588} INFO - Filling up the DagBag from /home/airflow/.local/lib/python3.12/site-packages/airflow/example_dags/example_branch_operator.py
[2025-04-18T13:31:18.989+0000] {processor.py:925} INFO - DAG(s) 'example_branch_operator' retrieved from /home/airflow/.local/lib/python3.12/site-packages/airflow/example_dags/example_branch_operator.py
[2025-04-18T13:31:19.004+0000] {logging_mixin.py:190} INFO - [2025-04-18T13:31:19.004+0000] {dag.py:3239} INFO - Sync 1 DAGs
[2025-04-18T13:31:19.019+0000] {logging_mixin.py:190} INFO - [2025-04-18T13:31:19.018+0000] {dag.py:4180} INFO - Setting next_dagrun for example_branch_operator to 2025-04-17 00:00:00+00:00, run_after=2025-04-18 00:00:00+00:00
[2025-04-18T13:31:19.027+0000] {processor.py:208} INFO - Processing /home/airflow/.local/lib/python3.12/site-packages/airflow/example_dags/example_branch_operator.py took 0.052 seconds
[2025-04-18T13:31:49.850+0000] {processor.py:186} INFO - Started process (PID=292) to work on /home/airflow/.local/lib/python3.12/site-packages/airflow/example_dags/example_branch_operator.py
[2025-04-18T13:31:49.851+0000] {processor.py:914} INFO - Processing file /home/airflow/.local/lib/python3.12/site-packages/airflow/example_dags/example_branch_operator.py for tasks to queue
[2025-04-18T13:31:49.853+0000] {logging_mixin.py:190} INFO - [2025-04-18T13:31:49.852+0000] {dagbag.py:588} INFO - Filling up the DagBag from /home/airflow/.local/lib/python3.12/site-packages/airflow/example_dags/example_branch_operator.py
[2025-04-18T13:31:49.886+0000] {processor.py:925} INFO - DAG(s) 'example_branch_operator' retrieved from /home/airflow/.local/lib/python3.12/site-packages/airflow/example_dags/example_branch_operator.py
[2025-04-18T13:31:49.908+0000] {logging_mixin.py:190} INFO - [2025-04-18T13:31:49.908+0000] {dag.py:3239} INFO - Sync 1 DAGs
[2025-04-18T13:31:49.930+0000] {logging_mixin.py:190} INFO - [2025-04-18T13:31:49.929+0000] {dag.py:4180} INFO - Setting next_dagrun for example_branch_operator to 2025-04-17 00:00:00+00:00, run_after=2025-04-18 00:00:00+00:00
[2025-04-18T13:31:49.945+0000] {processor.py:208} INFO - Processing /home/airflow/.local/lib/python3.12/site-packages/airflow/example_dags/example_branch_operator.py took 0.100 seconds
[2025-04-18T13:32:20.349+0000] {processor.py:186} INFO - Started process (PID=356) to work on /home/airflow/.local/lib/python3.12/site-packages/airflow/example_dags/example_branch_operator.py
[2025-04-18T13:32:20.350+0000] {processor.py:914} INFO - Processing file /home/airflow/.local/lib/python3.12/site-packages/airflow/example_dags/example_branch_operator.py for tasks to queue
[2025-04-18T13:32:20.351+0000] {logging_mixin.py:190} INFO - [2025-04-18T13:32:20.351+0000] {dagbag.py:588} INFO - Filling up the DagBag from /home/airflow/.local/lib/python3.12/site-packages/airflow/example_dags/example_branch_operator.py
[2025-04-18T13:32:20.361+0000] {processor.py:925} INFO - DAG(s) 'example_branch_operator' retrieved from /home/airflow/.local/lib/python3.12/site-packages/airflow/example_dags/example_branch_operator.py
[2025-04-18T13:32:20.378+0000] {logging_mixin.py:190} INFO - [2025-04-18T13:32:20.377+0000] {dag.py:3239} INFO - Sync 1 DAGs
[2025-04-18T13:32:20.391+0000] {logging_mixin.py:190} INFO - [2025-04-18T13:32:20.391+0000] {dag.py:4180} INFO - Setting next_dagrun for example_branch_operator to 2025-04-17 00:00:00+00:00, run_after=2025-04-18 00:00:00+00:00
[2025-04-18T13:32:20.405+0000] {processor.py:208} INFO - Processing /home/airflow/.local/lib/python3.12/site-packages/airflow/example_dags/example_branch_operator.py took 0.059 seconds
[2025-04-18T13:35:04.613+0000] {processor.py:186} INFO - Started process (PID=97) to work on /home/airflow/.local/lib/python3.12/site-packages/airflow/example_dags/example_branch_operator.py
[2025-04-18T13:35:04.616+0000] {processor.py:914} INFO - Processing file /home/airflow/.local/lib/python3.12/site-packages/airflow/example_dags/example_branch_operator.py for tasks to queue
[2025-04-18T13:35:04.619+0000] {logging_mixin.py:190} INFO - [2025-04-18T13:35:04.619+0000] {dagbag.py:588} INFO - Filling up the DagBag from /home/airflow/.local/lib/python3.12/site-packages/airflow/example_dags/example_branch_operator.py
[2025-04-18T13:35:04.717+0000] {processor.py:925} INFO - DAG(s) 'example_branch_operator' retrieved from /home/airflow/.local/lib/python3.12/site-packages/airflow/example_dags/example_branch_operator.py
[2025-04-18T13:35:05.393+0000] {logging_mixin.py:190} INFO - [2025-04-18T13:35:05.392+0000] {dag.py:3239} INFO - Sync 1 DAGs
[2025-04-18T13:35:05.474+0000] {logging_mixin.py:190} INFO - [2025-04-18T13:35:05.474+0000] {dag.py:4180} INFO - Setting next_dagrun for example_branch_operator to 2025-04-17 00:00:00+00:00, run_after=2025-04-18 00:00:00+00:00
[2025-04-18T13:35:05.540+0000] {processor.py:208} INFO - Processing /home/airflow/.local/lib/python3.12/site-packages/airflow/example_dags/example_branch_operator.py took 0.977 seconds
[2025-04-18T13:35:35.795+0000] {processor.py:186} INFO - Started process (PID=162) to work on /home/airflow/.local/lib/python3.12/site-packages/airflow/example_dags/example_branch_operator.py
[2025-04-18T13:35:35.800+0000] {processor.py:914} INFO - Processing file /home/airflow/.local/lib/python3.12/site-packages/airflow/example_dags/example_branch_operator.py for tasks to queue
[2025-04-18T13:35:35.816+0000] {logging_mixin.py:190} INFO - [2025-04-18T13:35:35.813+0000] {dagbag.py:588} INFO - Filling up the DagBag from /home/airflow/.local/lib/python3.12/site-packages/airflow/example_dags/example_branch_operator.py
[2025-04-18T13:35:35.899+0000] {processor.py:925} INFO - DAG(s) 'example_branch_operator' retrieved from /home/airflow/.local/lib/python3.12/site-packages/airflow/example_dags/example_branch_operator.py
[2025-04-18T13:35:35.994+0000] {logging_mixin.py:190} INFO - [2025-04-18T13:35:35.994+0000] {dag.py:3239} INFO - Sync 1 DAGs
[2025-04-18T13:35:36.050+0000] {logging_mixin.py:190} INFO - [2025-04-18T13:35:36.049+0000] {dag.py:4180} INFO - Setting next_dagrun for example_branch_operator to 2025-04-17 00:00:00+00:00, run_after=2025-04-18 00:00:00+00:00
[2025-04-18T13:35:36.096+0000] {processor.py:208} INFO - Processing /home/airflow/.local/lib/python3.12/site-packages/airflow/example_dags/example_branch_operator.py took 0.318 seconds
[2025-04-18T13:36:06.173+0000] {processor.py:186} INFO - Started process (PID=226) to work on /home/airflow/.local/lib/python3.12/site-packages/airflow/example_dags/example_branch_operator.py
[2025-04-18T13:36:06.173+0000] {processor.py:914} INFO - Processing file /home/airflow/.local/lib/python3.12/site-packages/airflow/example_dags/example_branch_operator.py for tasks to queue
[2025-04-18T13:36:06.174+0000] {logging_mixin.py:190} INFO - [2025-04-18T13:36:06.174+0000] {dagbag.py:588} INFO - Filling up the DagBag from /home/airflow/.local/lib/python3.12/site-packages/airflow/example_dags/example_branch_operator.py
[2025-04-18T13:36:06.185+0000] {processor.py:925} INFO - DAG(s) 'example_branch_operator' retrieved from /home/airflow/.local/lib/python3.12/site-packages/airflow/example_dags/example_branch_operator.py
[2025-04-18T13:36:06.201+0000] {logging_mixin.py:190} INFO - [2025-04-18T13:36:06.200+0000] {dag.py:3239} INFO - Sync 1 DAGs
[2025-04-18T13:36:06.217+0000] {logging_mixin.py:190} INFO - [2025-04-18T13:36:06.217+0000] {dag.py:4180} INFO - Setting next_dagrun for example_branch_operator to 2025-04-17 00:00:00+00:00, run_after=2025-04-18 00:00:00+00:00
[2025-04-18T13:36:06.231+0000] {processor.py:208} INFO - Processing /home/airflow/.local/lib/python3.12/site-packages/airflow/example_dags/example_branch_operator.py took 0.062 seconds
[2025-04-18T13:36:36.501+0000] {processor.py:186} INFO - Started process (PID=288) to work on /home/airflow/.local/lib/python3.12/site-packages/airflow/example_dags/example_branch_operator.py
[2025-04-18T13:36:36.505+0000] {processor.py:914} INFO - Processing file /home/airflow/.local/lib/python3.12/site-packages/airflow/example_dags/example_branch_operator.py for tasks to queue
[2025-04-18T13:36:36.507+0000] {logging_mixin.py:190} INFO - [2025-04-18T13:36:36.507+0000] {dagbag.py:588} INFO - Filling up the DagBag from /home/airflow/.local/lib/python3.12/site-packages/airflow/example_dags/example_branch_operator.py
[2025-04-18T13:36:36.521+0000] {processor.py:925} INFO - DAG(s) 'example_branch_operator' retrieved from /home/airflow/.local/lib/python3.12/site-packages/airflow/example_dags/example_branch_operator.py
[2025-04-18T13:36:36.537+0000] {logging_mixin.py:190} INFO - [2025-04-18T13:36:36.537+0000] {dag.py:3239} INFO - Sync 1 DAGs
[2025-04-18T13:36:36.557+0000] {logging_mixin.py:190} INFO - [2025-04-18T13:36:36.556+0000] {dag.py:4180} INFO - Setting next_dagrun for example_branch_operator to 2025-04-17 00:00:00+00:00, run_after=2025-04-18 00:00:00+00:00
[2025-04-18T13:36:36.567+0000] {processor.py:208} INFO - Processing /home/airflow/.local/lib/python3.12/site-packages/airflow/example_dags/example_branch_operator.py took 0.069 seconds
[2025-04-18T13:37:06.894+0000] {processor.py:186} INFO - Started process (PID=351) to work on /home/airflow/.local/lib/python3.12/site-packages/airflow/example_dags/example_branch_operator.py
[2025-04-18T13:37:06.897+0000] {processor.py:914} INFO - Processing file /home/airflow/.local/lib/python3.12/site-packages/airflow/example_dags/example_branch_operator.py for tasks to queue
[2025-04-18T13:37:06.903+0000] {logging_mixin.py:190} INFO - [2025-04-18T13:37:06.902+0000] {dagbag.py:588} INFO - Filling up the DagBag from /home/airflow/.local/lib/python3.12/site-packages/airflow/example_dags/example_branch_operator.py
[2025-04-18T13:37:06.928+0000] {processor.py:925} INFO - DAG(s) 'example_branch_operator' retrieved from /home/airflow/.local/lib/python3.12/site-packages/airflow/example_dags/example_branch_operator.py
[2025-04-18T13:37:06.957+0000] {logging_mixin.py:190} INFO - [2025-04-18T13:37:06.957+0000] {dag.py:3239} INFO - Sync 1 DAGs
[2025-04-18T13:37:06.986+0000] {logging_mixin.py:190} INFO - [2025-04-18T13:37:06.986+0000] {dag.py:4180} INFO - Setting next_dagrun for example_branch_operator to 2025-04-17 00:00:00+00:00, run_after=2025-04-18 00:00:00+00:00
[2025-04-18T13:37:07.012+0000] {processor.py:208} INFO - Processing /home/airflow/.local/lib/python3.12/site-packages/airflow/example_dags/example_branch_operator.py took 0.125 seconds
[2025-04-18T13:37:37.698+0000] {processor.py:186} INFO - Started process (PID=415) to work on /home/airflow/.local/lib/python3.12/site-packages/airflow/example_dags/example_branch_operator.py
[2025-04-18T13:37:37.699+0000] {processor.py:914} INFO - Processing file /home/airflow/.local/lib/python3.12/site-packages/airflow/example_dags/example_branch_operator.py for tasks to queue
[2025-04-18T13:37:37.703+0000] {logging_mixin.py:190} INFO - [2025-04-18T13:37:37.702+0000] {dagbag.py:588} INFO - Filling up the DagBag from /home/airflow/.local/lib/python3.12/site-packages/airflow/example_dags/example_branch_operator.py
[2025-04-18T13:37:37.729+0000] {processor.py:925} INFO - DAG(s) 'example_branch_operator' retrieved from /home/airflow/.local/lib/python3.12/site-packages/airflow/example_dags/example_branch_operator.py
[2025-04-18T13:37:37.765+0000] {logging_mixin.py:190} INFO - [2025-04-18T13:37:37.764+0000] {dag.py:3239} INFO - Sync 1 DAGs
[2025-04-18T13:37:37.804+0000] {logging_mixin.py:190} INFO - [2025-04-18T13:37:37.804+0000] {dag.py:4180} INFO - Setting next_dagrun for example_branch_operator to 2025-04-17 00:00:00+00:00, run_after=2025-04-18 00:00:00+00:00
[2025-04-18T13:37:37.831+0000] {processor.py:208} INFO - Processing /home/airflow/.local/lib/python3.12/site-packages/airflow/example_dags/example_branch_operator.py took 0.141 seconds
[2025-04-18T13:38:08.369+0000] {processor.py:186} INFO - Started process (PID=479) to work on /home/airflow/.local/lib/python3.12/site-packages/airflow/example_dags/example_branch_operator.py
[2025-04-18T13:38:08.377+0000] {processor.py:914} INFO - Processing file /home/airflow/.local/lib/python3.12/site-packages/airflow/example_dags/example_branch_operator.py for tasks to queue
[2025-04-18T13:38:08.383+0000] {logging_mixin.py:190} INFO - [2025-04-18T13:38:08.382+0000] {dagbag.py:588} INFO - Filling up the DagBag from /home/airflow/.local/lib/python3.12/site-packages/airflow/example_dags/example_branch_operator.py
[2025-04-18T13:38:08.423+0000] {processor.py:925} INFO - DAG(s) 'example_branch_operator' retrieved from /home/airflow/.local/lib/python3.12/site-packages/airflow/example_dags/example_branch_operator.py
[2025-04-18T13:38:08.450+0000] {logging_mixin.py:190} INFO - [2025-04-18T13:38:08.450+0000] {dag.py:3239} INFO - Sync 1 DAGs
[2025-04-18T13:38:08.478+0000] {logging_mixin.py:190} INFO - [2025-04-18T13:38:08.478+0000] {dag.py:4180} INFO - Setting next_dagrun for example_branch_operator to 2025-04-17 00:00:00+00:00, run_after=2025-04-18 00:00:00+00:00
[2025-04-18T13:38:08.490+0000] {processor.py:208} INFO - Processing /home/airflow/.local/lib/python3.12/site-packages/airflow/example_dags/example_branch_operator.py took 0.132 seconds
[2025-04-18T13:38:39.119+0000] {processor.py:186} INFO - Started process (PID=543) to work on /home/airflow/.local/lib/python3.12/site-packages/airflow/example_dags/example_branch_operator.py
[2025-04-18T13:38:39.124+0000] {processor.py:914} INFO - Processing file /home/airflow/.local/lib/python3.12/site-packages/airflow/example_dags/example_branch_operator.py for tasks to queue
[2025-04-18T13:38:39.128+0000] {logging_mixin.py:190} INFO - [2025-04-18T13:38:39.128+0000] {dagbag.py:588} INFO - Filling up the DagBag from /home/airflow/.local/lib/python3.12/site-packages/airflow/example_dags/example_branch_operator.py
[2025-04-18T13:38:39.148+0000] {processor.py:925} INFO - DAG(s) 'example_branch_operator' retrieved from /home/airflow/.local/lib/python3.12/site-packages/airflow/example_dags/example_branch_operator.py
[2025-04-18T13:38:39.177+0000] {logging_mixin.py:190} INFO - [2025-04-18T13:38:39.177+0000] {dag.py:3239} INFO - Sync 1 DAGs
[2025-04-18T13:38:39.198+0000] {logging_mixin.py:190} INFO - [2025-04-18T13:38:39.198+0000] {dag.py:4180} INFO - Setting next_dagrun for example_branch_operator to 2025-04-17 00:00:00+00:00, run_after=2025-04-18 00:00:00+00:00
[2025-04-18T13:38:39.211+0000] {processor.py:208} INFO - Processing /home/airflow/.local/lib/python3.12/site-packages/airflow/example_dags/example_branch_operator.py took 0.098 seconds
[2025-04-18T13:40:10.911+0000] {processor.py:186} INFO - Started process (PID=629) to work on /home/airflow/.local/lib/python3.12/site-packages/airflow/example_dags/example_branch_operator.py
[2025-04-18T13:40:10.914+0000] {processor.py:914} INFO - Processing file /home/airflow/.local/lib/python3.12/site-packages/airflow/example_dags/example_branch_operator.py for tasks to queue
[2025-04-18T13:40:10.926+0000] {logging_mixin.py:190} INFO - [2025-04-18T13:40:10.925+0000] {dagbag.py:588} INFO - Filling up the DagBag from /home/airflow/.local/lib/python3.12/site-packages/airflow/example_dags/example_branch_operator.py
[2025-04-18T13:40:11.066+0000] {processor.py:925} INFO - DAG(s) 'example_branch_operator' retrieved from /home/airflow/.local/lib/python3.12/site-packages/airflow/example_dags/example_branch_operator.py
[2025-04-18T13:40:11.142+0000] {logging_mixin.py:190} INFO - [2025-04-18T13:40:11.141+0000] {dag.py:3239} INFO - Sync 1 DAGs
[2025-04-18T13:40:11.256+0000] {logging_mixin.py:190} INFO - [2025-04-18T13:40:11.255+0000] {dag.py:4180} INFO - Setting next_dagrun for example_branch_operator to 2025-04-17 00:00:00+00:00, run_after=2025-04-18 00:00:00+00:00
[2025-04-18T13:40:11.297+0000] {processor.py:208} INFO - Processing /home/airflow/.local/lib/python3.12/site-packages/airflow/example_dags/example_branch_operator.py took 0.416 seconds
[2025-04-18T13:44:00.274+0000] {processor.py:186} INFO - Started process (PID=107) to work on /home/airflow/.local/lib/python3.12/site-packages/airflow/example_dags/example_branch_operator.py
[2025-04-18T13:44:00.289+0000] {processor.py:914} INFO - Processing file /home/airflow/.local/lib/python3.12/site-packages/airflow/example_dags/example_branch_operator.py for tasks to queue
[2025-04-18T13:44:00.330+0000] {logging_mixin.py:190} INFO - [2025-04-18T13:44:00.320+0000] {dagbag.py:588} INFO - Filling up the DagBag from /home/airflow/.local/lib/python3.12/site-packages/airflow/example_dags/example_branch_operator.py
[2025-04-18T13:44:00.440+0000] {processor.py:925} INFO - DAG(s) 'example_branch_operator' retrieved from /home/airflow/.local/lib/python3.12/site-packages/airflow/example_dags/example_branch_operator.py
[2025-04-18T13:44:01.823+0000] {logging_mixin.py:190} INFO - [2025-04-18T13:44:01.782+0000] {dag.py:3239} INFO - Sync 1 DAGs
[2025-04-18T13:44:02.235+0000] {logging_mixin.py:190} INFO - [2025-04-18T13:44:02.233+0000] {dag.py:4180} INFO - Setting next_dagrun for example_branch_operator to 2025-04-17 00:00:00+00:00, run_after=2025-04-18 00:00:00+00:00
[2025-04-18T13:44:02.675+0000] {processor.py:208} INFO - Processing /home/airflow/.local/lib/python3.12/site-packages/airflow/example_dags/example_branch_operator.py took 2.430 seconds
[2025-04-18T13:44:57.560+0000] {processor.py:186} INFO - Started process (PID=183) to work on /home/airflow/.local/lib/python3.12/site-packages/airflow/example_dags/example_branch_operator.py
[2025-04-18T13:44:57.575+0000] {processor.py:914} INFO - Processing file /home/airflow/.local/lib/python3.12/site-packages/airflow/example_dags/example_branch_operator.py for tasks to queue
[2025-04-18T13:44:57.591+0000] {logging_mixin.py:190} INFO - [2025-04-18T13:44:57.589+0000] {dagbag.py:588} INFO - Filling up the DagBag from /home/airflow/.local/lib/python3.12/site-packages/airflow/example_dags/example_branch_operator.py
[2025-04-18T13:44:57.941+0000] {processor.py:925} INFO - DAG(s) 'example_branch_operator' retrieved from /home/airflow/.local/lib/python3.12/site-packages/airflow/example_dags/example_branch_operator.py
[2025-04-18T13:44:58.208+0000] {logging_mixin.py:190} INFO - [2025-04-18T13:44:58.204+0000] {dag.py:3239} INFO - Sync 1 DAGs
[2025-04-18T13:44:58.537+0000] {logging_mixin.py:190} INFO - [2025-04-18T13:44:58.536+0000] {dag.py:4180} INFO - Setting next_dagrun for example_branch_operator to 2025-04-17 00:00:00+00:00, run_after=2025-04-18 00:00:00+00:00
[2025-04-18T13:44:58.646+0000] {processor.py:208} INFO - Processing /home/airflow/.local/lib/python3.12/site-packages/airflow/example_dags/example_branch_operator.py took 1.130 seconds
[2025-04-18T13:46:35.164+0000] {processor.py:186} INFO - Started process (PID=263) to work on /home/airflow/.local/lib/python3.12/site-packages/airflow/example_dags/example_branch_operator.py
[2025-04-18T13:46:35.170+0000] {processor.py:914} INFO - Processing file /home/airflow/.local/lib/python3.12/site-packages/airflow/example_dags/example_branch_operator.py for tasks to queue
[2025-04-18T13:46:35.214+0000] {logging_mixin.py:190} INFO - [2025-04-18T13:46:35.192+0000] {dagbag.py:588} INFO - Filling up the DagBag from /home/airflow/.local/lib/python3.12/site-packages/airflow/example_dags/example_branch_operator.py
[2025-04-18T13:46:36.073+0000] {processor.py:925} INFO - DAG(s) 'example_branch_operator' retrieved from /home/airflow/.local/lib/python3.12/site-packages/airflow/example_dags/example_branch_operator.py
[2025-04-18T13:46:37.167+0000] {logging_mixin.py:190} INFO - [2025-04-18T13:46:37.161+0000] {dag.py:3239} INFO - Sync 1 DAGs
[2025-04-18T13:46:37.650+0000] {logging_mixin.py:190} INFO - [2025-04-18T13:46:37.643+0000] {dag.py:4180} INFO - Setting next_dagrun for example_branch_operator to 2025-04-17 00:00:00+00:00, run_after=2025-04-18 00:00:00+00:00
[2025-04-18T13:46:37.873+0000] {processor.py:208} INFO - Processing /home/airflow/.local/lib/python3.12/site-packages/airflow/example_dags/example_branch_operator.py took 2.784 seconds
[2025-04-18T13:49:48.545+0000] {processor.py:186} INFO - Started process (PID=110) to work on /home/airflow/.local/lib/python3.12/site-packages/airflow/example_dags/example_branch_operator.py
[2025-04-18T13:49:48.561+0000] {processor.py:914} INFO - Processing file /home/airflow/.local/lib/python3.12/site-packages/airflow/example_dags/example_branch_operator.py for tasks to queue
[2025-04-18T13:49:48.594+0000] {logging_mixin.py:190} INFO - [2025-04-18T13:49:48.591+0000] {dagbag.py:588} INFO - Filling up the DagBag from /home/airflow/.local/lib/python3.12/site-packages/airflow/example_dags/example_branch_operator.py
[2025-04-18T13:49:48.886+0000] {processor.py:925} INFO - DAG(s) 'example_branch_operator' retrieved from /home/airflow/.local/lib/python3.12/site-packages/airflow/example_dags/example_branch_operator.py
[2025-04-18T13:49:50.543+0000] {logging_mixin.py:190} INFO - [2025-04-18T13:49:50.527+0000] {dag.py:3239} INFO - Sync 1 DAGs
[2025-04-18T13:49:51.448+0000] {logging_mixin.py:190} INFO - [2025-04-18T13:49:51.441+0000] {dag.py:4180} INFO - Setting next_dagrun for example_branch_operator to 2025-04-17 00:00:00+00:00, run_after=2025-04-18 00:00:00+00:00
[2025-04-18T13:49:51.984+0000] {processor.py:208} INFO - Processing /home/airflow/.local/lib/python3.12/site-packages/airflow/example_dags/example_branch_operator.py took 3.487 seconds
[2025-04-18T13:51:02.067+0000] {processor.py:186} INFO - Started process (PID=190) to work on /home/airflow/.local/lib/python3.12/site-packages/airflow/example_dags/example_branch_operator.py
[2025-04-18T13:51:02.080+0000] {processor.py:914} INFO - Processing file /home/airflow/.local/lib/python3.12/site-packages/airflow/example_dags/example_branch_operator.py for tasks to queue
[2025-04-18T13:51:02.097+0000] {logging_mixin.py:190} INFO - [2025-04-18T13:51:02.094+0000] {dagbag.py:588} INFO - Filling up the DagBag from /home/airflow/.local/lib/python3.12/site-packages/airflow/example_dags/example_branch_operator.py
[2025-04-18T13:51:02.329+0000] {processor.py:925} INFO - DAG(s) 'example_branch_operator' retrieved from /home/airflow/.local/lib/python3.12/site-packages/airflow/example_dags/example_branch_operator.py
[2025-04-18T13:51:02.625+0000] {logging_mixin.py:190} INFO - [2025-04-18T13:51:02.617+0000] {dag.py:3239} INFO - Sync 1 DAGs
[2025-04-18T13:51:02.824+0000] {logging_mixin.py:190} INFO - [2025-04-18T13:51:02.823+0000] {dag.py:4180} INFO - Setting next_dagrun for example_branch_operator to 2025-04-17 00:00:00+00:00, run_after=2025-04-18 00:00:00+00:00
[2025-04-18T13:51:03.091+0000] {processor.py:208} INFO - Processing /home/airflow/.local/lib/python3.12/site-packages/airflow/example_dags/example_branch_operator.py took 1.047 seconds
[2025-04-18T13:52:18.481+0000] {processor.py:186} INFO - Started process (PID=272) to work on /home/airflow/.local/lib/python3.12/site-packages/airflow/example_dags/example_branch_operator.py
[2025-04-18T13:52:18.489+0000] {processor.py:914} INFO - Processing file /home/airflow/.local/lib/python3.12/site-packages/airflow/example_dags/example_branch_operator.py for tasks to queue
[2025-04-18T13:52:18.511+0000] {logging_mixin.py:190} INFO - [2025-04-18T13:52:18.509+0000] {dagbag.py:588} INFO - Filling up the DagBag from /home/airflow/.local/lib/python3.12/site-packages/airflow/example_dags/example_branch_operator.py
[2025-04-18T13:52:18.599+0000] {processor.py:925} INFO - DAG(s) 'example_branch_operator' retrieved from /home/airflow/.local/lib/python3.12/site-packages/airflow/example_dags/example_branch_operator.py
[2025-04-18T13:52:18.795+0000] {logging_mixin.py:190} INFO - [2025-04-18T13:52:18.794+0000] {dag.py:3239} INFO - Sync 1 DAGs
[2025-04-18T13:52:18.919+0000] {logging_mixin.py:190} INFO - [2025-04-18T13:52:18.918+0000] {dag.py:4180} INFO - Setting next_dagrun for example_branch_operator to 2025-04-17 00:00:00+00:00, run_after=2025-04-18 00:00:00+00:00
[2025-04-18T13:52:19.011+0000] {processor.py:208} INFO - Processing /home/airflow/.local/lib/python3.12/site-packages/airflow/example_dags/example_branch_operator.py took 0.543 seconds
[2025-04-18T13:53:28.269+0000] {processor.py:186} INFO - Started process (PID=346) to work on /home/airflow/.local/lib/python3.12/site-packages/airflow/example_dags/example_branch_operator.py
[2025-04-18T13:53:28.273+0000] {processor.py:914} INFO - Processing file /home/airflow/.local/lib/python3.12/site-packages/airflow/example_dags/example_branch_operator.py for tasks to queue
[2025-04-18T13:53:28.280+0000] {logging_mixin.py:190} INFO - [2025-04-18T13:53:28.279+0000] {dagbag.py:588} INFO - Filling up the DagBag from /home/airflow/.local/lib/python3.12/site-packages/airflow/example_dags/example_branch_operator.py
[2025-04-18T13:53:28.403+0000] {processor.py:925} INFO - DAG(s) 'example_branch_operator' retrieved from /home/airflow/.local/lib/python3.12/site-packages/airflow/example_dags/example_branch_operator.py
[2025-04-18T13:53:28.543+0000] {logging_mixin.py:190} INFO - [2025-04-18T13:53:28.542+0000] {dag.py:3239} INFO - Sync 1 DAGs
[2025-04-18T13:53:28.724+0000] {logging_mixin.py:190} INFO - [2025-04-18T13:53:28.724+0000] {dag.py:4180} INFO - Setting next_dagrun for example_branch_operator to 2025-04-17 00:00:00+00:00, run_after=2025-04-18 00:00:00+00:00
[2025-04-18T13:53:29.120+0000] {processor.py:208} INFO - Processing /home/airflow/.local/lib/python3.12/site-packages/airflow/example_dags/example_branch_operator.py took 0.878 seconds
[2025-04-18T13:54:11.845+0000] {processor.py:186} INFO - Started process (PID=416) to work on /home/airflow/.local/lib/python3.12/site-packages/airflow/example_dags/example_branch_operator.py
[2025-04-18T13:54:11.849+0000] {processor.py:914} INFO - Processing file /home/airflow/.local/lib/python3.12/site-packages/airflow/example_dags/example_branch_operator.py for tasks to queue
[2025-04-18T13:54:11.867+0000] {logging_mixin.py:190} INFO - [2025-04-18T13:54:11.865+0000] {dagbag.py:588} INFO - Filling up the DagBag from /home/airflow/.local/lib/python3.12/site-packages/airflow/example_dags/example_branch_operator.py
[2025-04-18T13:54:12.187+0000] {processor.py:925} INFO - DAG(s) 'example_branch_operator' retrieved from /home/airflow/.local/lib/python3.12/site-packages/airflow/example_dags/example_branch_operator.py
[2025-04-18T13:54:12.401+0000] {logging_mixin.py:190} INFO - [2025-04-18T13:54:12.397+0000] {dag.py:3239} INFO - Sync 1 DAGs
[2025-04-18T13:54:12.505+0000] {logging_mixin.py:190} INFO - [2025-04-18T13:54:12.505+0000] {dag.py:4180} INFO - Setting next_dagrun for example_branch_operator to 2025-04-17 00:00:00+00:00, run_after=2025-04-18 00:00:00+00:00
[2025-04-18T13:54:12.611+0000] {processor.py:208} INFO - Processing /home/airflow/.local/lib/python3.12/site-packages/airflow/example_dags/example_branch_operator.py took 0.800 seconds
[2025-04-18T13:54:43.491+0000] {processor.py:186} INFO - Started process (PID=478) to work on /home/airflow/.local/lib/python3.12/site-packages/airflow/example_dags/example_branch_operator.py
[2025-04-18T13:54:43.502+0000] {processor.py:914} INFO - Processing file /home/airflow/.local/lib/python3.12/site-packages/airflow/example_dags/example_branch_operator.py for tasks to queue
[2025-04-18T13:54:43.575+0000] {logging_mixin.py:190} INFO - [2025-04-18T13:54:43.570+0000] {dagbag.py:588} INFO - Filling up the DagBag from /home/airflow/.local/lib/python3.12/site-packages/airflow/example_dags/example_branch_operator.py
[2025-04-18T13:54:43.664+0000] {processor.py:925} INFO - DAG(s) 'example_branch_operator' retrieved from /home/airflow/.local/lib/python3.12/site-packages/airflow/example_dags/example_branch_operator.py
[2025-04-18T13:54:43.823+0000] {logging_mixin.py:190} INFO - [2025-04-18T13:54:43.822+0000] {dag.py:3239} INFO - Sync 1 DAGs
[2025-04-18T13:54:43.938+0000] {logging_mixin.py:190} INFO - [2025-04-18T13:54:43.937+0000] {dag.py:4180} INFO - Setting next_dagrun for example_branch_operator to 2025-04-17 00:00:00+00:00, run_after=2025-04-18 00:00:00+00:00
[2025-04-18T13:54:44.068+0000] {processor.py:208} INFO - Processing /home/airflow/.local/lib/python3.12/site-packages/airflow/example_dags/example_branch_operator.py took 0.593 seconds
