[2025-04-18T13:26:58.894+0000] {processor.py:186} INFO - Started process (PID=114) to work on /home/airflow/.local/lib/python3.12/site-packages/airflow/example_dags/example_display_name.py
[2025-04-18T13:26:58.913+0000] {processor.py:914} INFO - Processing file /home/airflow/.local/lib/python3.12/site-packages/airflow/example_dags/example_display_name.py for tasks to queue
[2025-04-18T13:26:58.957+0000] {logging_mixin.py:190} INFO - [2025-04-18T13:26:58.954+0000] {dagbag.py:588} INFO - Filling up the DagBag from /home/airflow/.local/lib/python3.12/site-packages/airflow/example_dags/example_display_name.py
[2025-04-18T13:26:59.067+0000] {processor.py:925} INFO - DAG(s) 'example_display_name' retrieved from /home/airflow/.local/lib/python3.12/site-packages/airflow/example_dags/example_display_name.py
[2025-04-18T13:26:59.974+0000] {logging_mixin.py:190} INFO - [2025-04-18T13:26:59.965+0000] {dag.py:3239} INFO - Sync 1 DAGs
[2025-04-18T13:27:00.072+0000] {logging_mixin.py:190} INFO - [2025-04-18T13:27:00.067+0000] {dag.py:4180} INFO - Setting next_dagrun for example_display_name to None, run_after=None
[2025-04-18T13:27:00.403+0000] {processor.py:208} INFO - Processing /home/airflow/.local/lib/python3.12/site-packages/airflow/example_dags/example_display_name.py took 1.691 seconds
[2025-04-18T13:30:15.047+0000] {processor.py:186} INFO - Started process (PID=100) to work on /home/airflow/.local/lib/python3.12/site-packages/airflow/example_dags/example_display_name.py
[2025-04-18T13:30:15.050+0000] {processor.py:914} INFO - Processing file /home/airflow/.local/lib/python3.12/site-packages/airflow/example_dags/example_display_name.py for tasks to queue
[2025-04-18T13:30:15.053+0000] {logging_mixin.py:190} INFO - [2025-04-18T13:30:15.052+0000] {dagbag.py:588} INFO - Filling up the DagBag from /home/airflow/.local/lib/python3.12/site-packages/airflow/example_dags/example_display_name.py
[2025-04-18T13:30:15.064+0000] {processor.py:925} INFO - DAG(s) 'example_display_name' retrieved from /home/airflow/.local/lib/python3.12/site-packages/airflow/example_dags/example_display_name.py
[2025-04-18T13:30:15.145+0000] {logging_mixin.py:190} INFO - [2025-04-18T13:30:15.142+0000] {dag.py:3239} INFO - Sync 1 DAGs
[2025-04-18T13:30:15.304+0000] {logging_mixin.py:190} INFO - [2025-04-18T13:30:15.303+0000] {dag.py:4180} INFO - Setting next_dagrun for example_display_name to None, run_after=None
[2025-04-18T13:30:15.390+0000] {processor.py:208} INFO - Processing /home/airflow/.local/lib/python3.12/site-packages/airflow/example_dags/example_display_name.py took 0.354 seconds
[2025-04-18T13:30:47.909+0000] {processor.py:186} INFO - Started process (PID=163) to work on /home/airflow/.local/lib/python3.12/site-packages/airflow/example_dags/example_display_name.py
[2025-04-18T13:30:47.912+0000] {processor.py:914} INFO - Processing file /home/airflow/.local/lib/python3.12/site-packages/airflow/example_dags/example_display_name.py for tasks to queue
[2025-04-18T13:30:47.915+0000] {logging_mixin.py:190} INFO - [2025-04-18T13:30:47.914+0000] {dagbag.py:588} INFO - Filling up the DagBag from /home/airflow/.local/lib/python3.12/site-packages/airflow/example_dags/example_display_name.py
[2025-04-18T13:30:47.934+0000] {processor.py:925} INFO - DAG(s) 'example_display_name' retrieved from /home/airflow/.local/lib/python3.12/site-packages/airflow/example_dags/example_display_name.py
[2025-04-18T13:30:47.968+0000] {logging_mixin.py:190} INFO - [2025-04-18T13:30:47.968+0000] {dag.py:3239} INFO - Sync 1 DAGs
[2025-04-18T13:30:47.991+0000] {logging_mixin.py:190} INFO - [2025-04-18T13:30:47.991+0000] {dag.py:4180} INFO - Setting next_dagrun for example_display_name to None, run_after=None
[2025-04-18T13:30:48.022+0000] {processor.py:208} INFO - Processing /home/airflow/.local/lib/python3.12/site-packages/airflow/example_dags/example_display_name.py took 0.131 seconds
[2025-04-18T13:31:18.923+0000] {processor.py:186} INFO - Started process (PID=227) to work on /home/airflow/.local/lib/python3.12/site-packages/airflow/example_dags/example_display_name.py
[2025-04-18T13:31:18.924+0000] {processor.py:914} INFO - Processing file /home/airflow/.local/lib/python3.12/site-packages/airflow/example_dags/example_display_name.py for tasks to queue
[2025-04-18T13:31:18.925+0000] {logging_mixin.py:190} INFO - [2025-04-18T13:31:18.925+0000] {dagbag.py:588} INFO - Filling up the DagBag from /home/airflow/.local/lib/python3.12/site-packages/airflow/example_dags/example_display_name.py
[2025-04-18T13:31:18.933+0000] {processor.py:925} INFO - DAG(s) 'example_display_name' retrieved from /home/airflow/.local/lib/python3.12/site-packages/airflow/example_dags/example_display_name.py
[2025-04-18T13:31:18.945+0000] {logging_mixin.py:190} INFO - [2025-04-18T13:31:18.945+0000] {dag.py:3239} INFO - Sync 1 DAGs
[2025-04-18T13:31:18.952+0000] {logging_mixin.py:190} INFO - [2025-04-18T13:31:18.952+0000] {dag.py:4180} INFO - Setting next_dagrun for example_display_name to None, run_after=None
[2025-04-18T13:31:18.960+0000] {processor.py:208} INFO - Processing /home/airflow/.local/lib/python3.12/site-packages/airflow/example_dags/example_display_name.py took 0.040 seconds
[2025-04-18T13:31:49.771+0000] {processor.py:186} INFO - Started process (PID=291) to work on /home/airflow/.local/lib/python3.12/site-packages/airflow/example_dags/example_display_name.py
[2025-04-18T13:31:49.773+0000] {processor.py:914} INFO - Processing file /home/airflow/.local/lib/python3.12/site-packages/airflow/example_dags/example_display_name.py for tasks to queue
[2025-04-18T13:31:49.779+0000] {logging_mixin.py:190} INFO - [2025-04-18T13:31:49.778+0000] {dagbag.py:588} INFO - Filling up the DagBag from /home/airflow/.local/lib/python3.12/site-packages/airflow/example_dags/example_display_name.py
[2025-04-18T13:31:49.788+0000] {processor.py:925} INFO - DAG(s) 'example_display_name' retrieved from /home/airflow/.local/lib/python3.12/site-packages/airflow/example_dags/example_display_name.py
[2025-04-18T13:31:49.808+0000] {logging_mixin.py:190} INFO - [2025-04-18T13:31:49.808+0000] {dag.py:3239} INFO - Sync 1 DAGs
[2025-04-18T13:31:49.822+0000] {logging_mixin.py:190} INFO - [2025-04-18T13:31:49.822+0000] {dag.py:4180} INFO - Setting next_dagrun for example_display_name to None, run_after=None
[2025-04-18T13:31:49.831+0000] {processor.py:208} INFO - Processing /home/airflow/.local/lib/python3.12/site-packages/airflow/example_dags/example_display_name.py took 0.064 seconds
[2025-04-18T13:32:20.311+0000] {processor.py:186} INFO - Started process (PID=355) to work on /home/airflow/.local/lib/python3.12/site-packages/airflow/example_dags/example_display_name.py
[2025-04-18T13:32:20.311+0000] {processor.py:914} INFO - Processing file /home/airflow/.local/lib/python3.12/site-packages/airflow/example_dags/example_display_name.py for tasks to queue
[2025-04-18T13:32:20.313+0000] {logging_mixin.py:190} INFO - [2025-04-18T13:32:20.312+0000] {dagbag.py:588} INFO - Filling up the DagBag from /home/airflow/.local/lib/python3.12/site-packages/airflow/example_dags/example_display_name.py
[2025-04-18T13:32:20.318+0000] {processor.py:925} INFO - DAG(s) 'example_display_name' retrieved from /home/airflow/.local/lib/python3.12/site-packages/airflow/example_dags/example_display_name.py
[2025-04-18T13:32:20.326+0000] {logging_mixin.py:190} INFO - [2025-04-18T13:32:20.325+0000] {dag.py:3239} INFO - Sync 1 DAGs
[2025-04-18T13:32:20.331+0000] {logging_mixin.py:190} INFO - [2025-04-18T13:32:20.331+0000] {dag.py:4180} INFO - Setting next_dagrun for example_display_name to None, run_after=None
[2025-04-18T13:32:20.337+0000] {processor.py:208} INFO - Processing /home/airflow/.local/lib/python3.12/site-packages/airflow/example_dags/example_display_name.py took 0.030 seconds
[2025-04-18T13:35:04.506+0000] {processor.py:186} INFO - Started process (PID=96) to work on /home/airflow/.local/lib/python3.12/site-packages/airflow/example_dags/example_display_name.py
[2025-04-18T13:35:04.512+0000] {processor.py:914} INFO - Processing file /home/airflow/.local/lib/python3.12/site-packages/airflow/example_dags/example_display_name.py for tasks to queue
[2025-04-18T13:35:04.517+0000] {logging_mixin.py:190} INFO - [2025-04-18T13:35:04.516+0000] {dagbag.py:588} INFO - Filling up the DagBag from /home/airflow/.local/lib/python3.12/site-packages/airflow/example_dags/example_display_name.py
[2025-04-18T13:35:04.548+0000] {processor.py:925} INFO - DAG(s) 'example_display_name' retrieved from /home/airflow/.local/lib/python3.12/site-packages/airflow/example_dags/example_display_name.py
[2025-04-18T13:35:04.647+0000] {logging_mixin.py:190} INFO - [2025-04-18T13:35:04.646+0000] {dag.py:3239} INFO - Sync 1 DAGs
[2025-04-18T13:35:04.721+0000] {logging_mixin.py:190} INFO - [2025-04-18T13:35:04.719+0000] {dag.py:4180} INFO - Setting next_dagrun for example_display_name to None, run_after=None
[2025-04-18T13:35:04.793+0000] {processor.py:208} INFO - Processing /home/airflow/.local/lib/python3.12/site-packages/airflow/example_dags/example_display_name.py took 0.297 seconds
[2025-04-18T13:35:34.941+0000] {processor.py:186} INFO - Started process (PID=160) to work on /home/airflow/.local/lib/python3.12/site-packages/airflow/example_dags/example_display_name.py
[2025-04-18T13:35:34.943+0000] {processor.py:914} INFO - Processing file /home/airflow/.local/lib/python3.12/site-packages/airflow/example_dags/example_display_name.py for tasks to queue
[2025-04-18T13:35:34.946+0000] {logging_mixin.py:190} INFO - [2025-04-18T13:35:34.945+0000] {dagbag.py:588} INFO - Filling up the DagBag from /home/airflow/.local/lib/python3.12/site-packages/airflow/example_dags/example_display_name.py
[2025-04-18T13:35:34.956+0000] {processor.py:925} INFO - DAG(s) 'example_display_name' retrieved from /home/airflow/.local/lib/python3.12/site-packages/airflow/example_dags/example_display_name.py
[2025-04-18T13:35:34.997+0000] {logging_mixin.py:190} INFO - [2025-04-18T13:35:34.996+0000] {dag.py:3239} INFO - Sync 1 DAGs
[2025-04-18T13:35:35.028+0000] {logging_mixin.py:190} INFO - [2025-04-18T13:35:35.027+0000] {dag.py:4180} INFO - Setting next_dagrun for example_display_name to None, run_after=None
[2025-04-18T13:35:35.059+0000] {processor.py:208} INFO - Processing /home/airflow/.local/lib/python3.12/site-packages/airflow/example_dags/example_display_name.py took 0.130 seconds
[2025-04-18T13:36:05.987+0000] {processor.py:186} INFO - Started process (PID=224) to work on /home/airflow/.local/lib/python3.12/site-packages/airflow/example_dags/example_display_name.py
[2025-04-18T13:36:05.992+0000] {processor.py:914} INFO - Processing file /home/airflow/.local/lib/python3.12/site-packages/airflow/example_dags/example_display_name.py for tasks to queue
[2025-04-18T13:36:05.994+0000] {logging_mixin.py:190} INFO - [2025-04-18T13:36:05.993+0000] {dagbag.py:588} INFO - Filling up the DagBag from /home/airflow/.local/lib/python3.12/site-packages/airflow/example_dags/example_display_name.py
[2025-04-18T13:36:06.007+0000] {processor.py:925} INFO - DAG(s) 'example_display_name' retrieved from /home/airflow/.local/lib/python3.12/site-packages/airflow/example_dags/example_display_name.py
[2025-04-18T13:36:06.032+0000] {logging_mixin.py:190} INFO - [2025-04-18T13:36:06.032+0000] {dag.py:3239} INFO - Sync 1 DAGs
[2025-04-18T13:36:06.050+0000] {logging_mixin.py:190} INFO - [2025-04-18T13:36:06.050+0000] {dag.py:4180} INFO - Setting next_dagrun for example_display_name to None, run_after=None
[2025-04-18T13:36:06.061+0000] {processor.py:208} INFO - Processing /home/airflow/.local/lib/python3.12/site-packages/airflow/example_dags/example_display_name.py took 0.082 seconds
[2025-04-18T13:36:36.496+0000] {processor.py:186} INFO - Started process (PID=287) to work on /home/airflow/.local/lib/python3.12/site-packages/airflow/example_dags/example_display_name.py
[2025-04-18T13:36:36.497+0000] {processor.py:914} INFO - Processing file /home/airflow/.local/lib/python3.12/site-packages/airflow/example_dags/example_display_name.py for tasks to queue
[2025-04-18T13:36:36.499+0000] {logging_mixin.py:190} INFO - [2025-04-18T13:36:36.499+0000] {dagbag.py:588} INFO - Filling up the DagBag from /home/airflow/.local/lib/python3.12/site-packages/airflow/example_dags/example_display_name.py
[2025-04-18T13:36:36.510+0000] {processor.py:925} INFO - DAG(s) 'example_display_name' retrieved from /home/airflow/.local/lib/python3.12/site-packages/airflow/example_dags/example_display_name.py
[2025-04-18T13:36:36.528+0000] {logging_mixin.py:190} INFO - [2025-04-18T13:36:36.528+0000] {dag.py:3239} INFO - Sync 1 DAGs
[2025-04-18T13:36:36.535+0000] {logging_mixin.py:190} INFO - [2025-04-18T13:36:36.535+0000] {dag.py:4180} INFO - Setting next_dagrun for example_display_name to None, run_after=None
[2025-04-18T13:36:36.552+0000] {processor.py:208} INFO - Processing /home/airflow/.local/lib/python3.12/site-packages/airflow/example_dags/example_display_name.py took 0.060 seconds
[2025-04-18T13:37:06.884+0000] {processor.py:186} INFO - Started process (PID=350) to work on /home/airflow/.local/lib/python3.12/site-packages/airflow/example_dags/example_display_name.py
[2025-04-18T13:37:06.887+0000] {processor.py:914} INFO - Processing file /home/airflow/.local/lib/python3.12/site-packages/airflow/example_dags/example_display_name.py for tasks to queue
[2025-04-18T13:37:06.893+0000] {logging_mixin.py:190} INFO - [2025-04-18T13:37:06.892+0000] {dagbag.py:588} INFO - Filling up the DagBag from /home/airflow/.local/lib/python3.12/site-packages/airflow/example_dags/example_display_name.py
[2025-04-18T13:37:06.916+0000] {processor.py:925} INFO - DAG(s) 'example_display_name' retrieved from /home/airflow/.local/lib/python3.12/site-packages/airflow/example_dags/example_display_name.py
[2025-04-18T13:37:06.953+0000] {logging_mixin.py:190} INFO - [2025-04-18T13:37:06.953+0000] {dag.py:3239} INFO - Sync 1 DAGs
[2025-04-18T13:37:06.968+0000] {logging_mixin.py:190} INFO - [2025-04-18T13:37:06.968+0000] {dag.py:4180} INFO - Setting next_dagrun for example_display_name to None, run_after=None
[2025-04-18T13:37:06.997+0000] {processor.py:208} INFO - Processing /home/airflow/.local/lib/python3.12/site-packages/airflow/example_dags/example_display_name.py took 0.121 seconds
[2025-04-18T13:37:37.693+0000] {processor.py:186} INFO - Started process (PID=414) to work on /home/airflow/.local/lib/python3.12/site-packages/airflow/example_dags/example_display_name.py
[2025-04-18T13:37:37.697+0000] {processor.py:914} INFO - Processing file /home/airflow/.local/lib/python3.12/site-packages/airflow/example_dags/example_display_name.py for tasks to queue
[2025-04-18T13:37:37.702+0000] {logging_mixin.py:190} INFO - [2025-04-18T13:37:37.701+0000] {dagbag.py:588} INFO - Filling up the DagBag from /home/airflow/.local/lib/python3.12/site-packages/airflow/example_dags/example_display_name.py
[2025-04-18T13:37:37.723+0000] {processor.py:925} INFO - DAG(s) 'example_display_name' retrieved from /home/airflow/.local/lib/python3.12/site-packages/airflow/example_dags/example_display_name.py
[2025-04-18T13:37:37.765+0000] {logging_mixin.py:190} INFO - [2025-04-18T13:37:37.765+0000] {dag.py:3239} INFO - Sync 1 DAGs
[2025-04-18T13:37:37.788+0000] {logging_mixin.py:190} INFO - [2025-04-18T13:37:37.787+0000] {dag.py:4180} INFO - Setting next_dagrun for example_display_name to None, run_after=None
[2025-04-18T13:37:37.822+0000] {processor.py:208} INFO - Processing /home/airflow/.local/lib/python3.12/site-packages/airflow/example_dags/example_display_name.py took 0.143 seconds
[2025-04-18T13:38:08.357+0000] {processor.py:186} INFO - Started process (PID=478) to work on /home/airflow/.local/lib/python3.12/site-packages/airflow/example_dags/example_display_name.py
[2025-04-18T13:38:08.359+0000] {processor.py:914} INFO - Processing file /home/airflow/.local/lib/python3.12/site-packages/airflow/example_dags/example_display_name.py for tasks to queue
[2025-04-18T13:38:08.365+0000] {logging_mixin.py:190} INFO - [2025-04-18T13:38:08.365+0000] {dagbag.py:588} INFO - Filling up the DagBag from /home/airflow/.local/lib/python3.12/site-packages/airflow/example_dags/example_display_name.py
[2025-04-18T13:38:08.384+0000] {processor.py:925} INFO - DAG(s) 'example_display_name' retrieved from /home/airflow/.local/lib/python3.12/site-packages/airflow/example_dags/example_display_name.py
[2025-04-18T13:38:08.438+0000] {logging_mixin.py:190} INFO - [2025-04-18T13:38:08.438+0000] {dag.py:3239} INFO - Sync 1 DAGs
[2025-04-18T13:38:08.456+0000] {logging_mixin.py:190} INFO - [2025-04-18T13:38:08.456+0000] {dag.py:4180} INFO - Setting next_dagrun for example_display_name to None, run_after=None
[2025-04-18T13:38:08.474+0000] {processor.py:208} INFO - Processing /home/airflow/.local/lib/python3.12/site-packages/airflow/example_dags/example_display_name.py took 0.131 seconds
[2025-04-18T13:38:39.116+0000] {processor.py:186} INFO - Started process (PID=542) to work on /home/airflow/.local/lib/python3.12/site-packages/airflow/example_dags/example_display_name.py
[2025-04-18T13:38:39.120+0000] {processor.py:914} INFO - Processing file /home/airflow/.local/lib/python3.12/site-packages/airflow/example_dags/example_display_name.py for tasks to queue
[2025-04-18T13:38:39.123+0000] {logging_mixin.py:190} INFO - [2025-04-18T13:38:39.123+0000] {dagbag.py:588} INFO - Filling up the DagBag from /home/airflow/.local/lib/python3.12/site-packages/airflow/example_dags/example_display_name.py
[2025-04-18T13:38:39.141+0000] {processor.py:925} INFO - DAG(s) 'example_display_name' retrieved from /home/airflow/.local/lib/python3.12/site-packages/airflow/example_dags/example_display_name.py
[2025-04-18T13:38:39.170+0000] {logging_mixin.py:190} INFO - [2025-04-18T13:38:39.170+0000] {dag.py:3239} INFO - Sync 1 DAGs
[2025-04-18T13:38:39.191+0000] {logging_mixin.py:190} INFO - [2025-04-18T13:38:39.190+0000] {dag.py:4180} INFO - Setting next_dagrun for example_display_name to None, run_after=None
[2025-04-18T13:38:39.207+0000] {processor.py:208} INFO - Processing /home/airflow/.local/lib/python3.12/site-packages/airflow/example_dags/example_display_name.py took 0.105 seconds
[2025-04-18T13:40:10.140+0000] {processor.py:186} INFO - Started process (PID=628) to work on /home/airflow/.local/lib/python3.12/site-packages/airflow/example_dags/example_display_name.py
[2025-04-18T13:40:10.148+0000] {processor.py:914} INFO - Processing file /home/airflow/.local/lib/python3.12/site-packages/airflow/example_dags/example_display_name.py for tasks to queue
[2025-04-18T13:40:10.170+0000] {logging_mixin.py:190} INFO - [2025-04-18T13:40:10.169+0000] {dagbag.py:588} INFO - Filling up the DagBag from /home/airflow/.local/lib/python3.12/site-packages/airflow/example_dags/example_display_name.py
[2025-04-18T13:40:10.387+0000] {processor.py:925} INFO - DAG(s) 'example_display_name' retrieved from /home/airflow/.local/lib/python3.12/site-packages/airflow/example_dags/example_display_name.py
[2025-04-18T13:40:10.600+0000] {logging_mixin.py:190} INFO - [2025-04-18T13:40:10.599+0000] {dag.py:3239} INFO - Sync 1 DAGs
[2025-04-18T13:40:10.703+0000] {logging_mixin.py:190} INFO - [2025-04-18T13:40:10.702+0000] {dag.py:4180} INFO - Setting next_dagrun for example_display_name to None, run_after=None
[2025-04-18T13:40:10.910+0000] {processor.py:208} INFO - Processing /home/airflow/.local/lib/python3.12/site-packages/airflow/example_dags/example_display_name.py took 0.834 seconds
[2025-04-18T13:43:59.456+0000] {processor.py:186} INFO - Started process (PID=106) to work on /home/airflow/.local/lib/python3.12/site-packages/airflow/example_dags/example_display_name.py
[2025-04-18T13:43:59.460+0000] {processor.py:914} INFO - Processing file /home/airflow/.local/lib/python3.12/site-packages/airflow/example_dags/example_display_name.py for tasks to queue
[2025-04-18T13:43:59.472+0000] {logging_mixin.py:190} INFO - [2025-04-18T13:43:59.469+0000] {dagbag.py:588} INFO - Filling up the DagBag from /home/airflow/.local/lib/python3.12/site-packages/airflow/example_dags/example_display_name.py
[2025-04-18T13:43:59.521+0000] {processor.py:925} INFO - DAG(s) 'example_display_name' retrieved from /home/airflow/.local/lib/python3.12/site-packages/airflow/example_dags/example_display_name.py
[2025-04-18T13:43:59.800+0000] {logging_mixin.py:190} INFO - [2025-04-18T13:43:59.798+0000] {dag.py:3239} INFO - Sync 1 DAGs
[2025-04-18T13:43:59.899+0000] {logging_mixin.py:190} INFO - [2025-04-18T13:43:59.898+0000] {dag.py:4180} INFO - Setting next_dagrun for example_display_name to None, run_after=None
[2025-04-18T13:44:00.240+0000] {processor.py:208} INFO - Processing /home/airflow/.local/lib/python3.12/site-packages/airflow/example_dags/example_display_name.py took 0.808 seconds
[2025-04-18T13:44:56.370+0000] {processor.py:186} INFO - Started process (PID=182) to work on /home/airflow/.local/lib/python3.12/site-packages/airflow/example_dags/example_display_name.py
[2025-04-18T13:44:56.394+0000] {processor.py:914} INFO - Processing file /home/airflow/.local/lib/python3.12/site-packages/airflow/example_dags/example_display_name.py for tasks to queue
[2025-04-18T13:44:56.409+0000] {logging_mixin.py:190} INFO - [2025-04-18T13:44:56.408+0000] {dagbag.py:588} INFO - Filling up the DagBag from /home/airflow/.local/lib/python3.12/site-packages/airflow/example_dags/example_display_name.py
[2025-04-18T13:44:56.551+0000] {processor.py:925} INFO - DAG(s) 'example_display_name' retrieved from /home/airflow/.local/lib/python3.12/site-packages/airflow/example_dags/example_display_name.py
[2025-04-18T13:44:56.872+0000] {logging_mixin.py:190} INFO - [2025-04-18T13:44:56.868+0000] {dag.py:3239} INFO - Sync 1 DAGs
[2025-04-18T13:44:57.202+0000] {logging_mixin.py:190} INFO - [2025-04-18T13:44:57.201+0000] {dag.py:4180} INFO - Setting next_dagrun for example_display_name to None, run_after=None
[2025-04-18T13:44:57.295+0000] {processor.py:208} INFO - Processing /home/airflow/.local/lib/python3.12/site-packages/airflow/example_dags/example_display_name.py took 0.958 seconds
[2025-04-18T13:46:33.785+0000] {processor.py:186} INFO - Started process (PID=257) to work on /home/airflow/.local/lib/python3.12/site-packages/airflow/example_dags/example_display_name.py
[2025-04-18T13:46:33.848+0000] {processor.py:914} INFO - Processing file /home/airflow/.local/lib/python3.12/site-packages/airflow/example_dags/example_display_name.py for tasks to queue
[2025-04-18T13:46:33.933+0000] {logging_mixin.py:190} INFO - [2025-04-18T13:46:33.928+0000] {dagbag.py:588} INFO - Filling up the DagBag from /home/airflow/.local/lib/python3.12/site-packages/airflow/example_dags/example_display_name.py
[2025-04-18T13:46:34.337+0000] {processor.py:925} INFO - DAG(s) 'example_display_name' retrieved from /home/airflow/.local/lib/python3.12/site-packages/airflow/example_dags/example_display_name.py
[2025-04-18T13:46:34.986+0000] {logging_mixin.py:190} INFO - [2025-04-18T13:46:34.974+0000] {dag.py:3239} INFO - Sync 1 DAGs
[2025-04-18T13:46:35.180+0000] {logging_mixin.py:190} INFO - [2025-04-18T13:46:35.165+0000] {dag.py:4180} INFO - Setting next_dagrun for example_display_name to None, run_after=None
[2025-04-18T13:46:35.625+0000] {processor.py:208} INFO - Processing /home/airflow/.local/lib/python3.12/site-packages/airflow/example_dags/example_display_name.py took 1.953 seconds
[2025-04-18T13:49:47.417+0000] {processor.py:186} INFO - Started process (PID=109) to work on /home/airflow/.local/lib/python3.12/site-packages/airflow/example_dags/example_display_name.py
[2025-04-18T13:49:47.455+0000] {processor.py:914} INFO - Processing file /home/airflow/.local/lib/python3.12/site-packages/airflow/example_dags/example_display_name.py for tasks to queue
[2025-04-18T13:49:47.514+0000] {logging_mixin.py:190} INFO - [2025-04-18T13:49:47.497+0000] {dagbag.py:588} INFO - Filling up the DagBag from /home/airflow/.local/lib/python3.12/site-packages/airflow/example_dags/example_display_name.py
[2025-04-18T13:49:47.744+0000] {processor.py:925} INFO - DAG(s) 'example_display_name' retrieved from /home/airflow/.local/lib/python3.12/site-packages/airflow/example_dags/example_display_name.py
[2025-04-18T13:49:48.110+0000] {logging_mixin.py:190} INFO - [2025-04-18T13:49:48.100+0000] {dag.py:3239} INFO - Sync 1 DAGs
[2025-04-18T13:49:48.299+0000] {logging_mixin.py:190} INFO - [2025-04-18T13:49:48.290+0000] {dag.py:4180} INFO - Setting next_dagrun for example_display_name to None, run_after=None
[2025-04-18T13:49:48.557+0000] {processor.py:208} INFO - Processing /home/airflow/.local/lib/python3.12/site-packages/airflow/example_dags/example_display_name.py took 1.201 seconds
[2025-04-18T13:51:01.131+0000] {processor.py:186} INFO - Started process (PID=189) to work on /home/airflow/.local/lib/python3.12/site-packages/airflow/example_dags/example_display_name.py
[2025-04-18T13:51:01.135+0000] {processor.py:914} INFO - Processing file /home/airflow/.local/lib/python3.12/site-packages/airflow/example_dags/example_display_name.py for tasks to queue
[2025-04-18T13:51:01.166+0000] {logging_mixin.py:190} INFO - [2025-04-18T13:51:01.163+0000] {dagbag.py:588} INFO - Filling up the DagBag from /home/airflow/.local/lib/python3.12/site-packages/airflow/example_dags/example_display_name.py
[2025-04-18T13:51:01.320+0000] {processor.py:925} INFO - DAG(s) 'example_display_name' retrieved from /home/airflow/.local/lib/python3.12/site-packages/airflow/example_dags/example_display_name.py
[2025-04-18T13:51:01.601+0000] {logging_mixin.py:190} INFO - [2025-04-18T13:51:01.600+0000] {dag.py:3239} INFO - Sync 1 DAGs
[2025-04-18T13:51:01.704+0000] {logging_mixin.py:190} INFO - [2025-04-18T13:51:01.703+0000] {dag.py:4180} INFO - Setting next_dagrun for example_display_name to None, run_after=None
[2025-04-18T13:51:01.920+0000] {processor.py:208} INFO - Processing /home/airflow/.local/lib/python3.12/site-packages/airflow/example_dags/example_display_name.py took 0.816 seconds
[2025-04-18T13:52:18.386+0000] {processor.py:186} INFO - Started process (PID=271) to work on /home/airflow/.local/lib/python3.12/site-packages/airflow/example_dags/example_display_name.py
[2025-04-18T13:52:18.394+0000] {processor.py:914} INFO - Processing file /home/airflow/.local/lib/python3.12/site-packages/airflow/example_dags/example_display_name.py for tasks to queue
[2025-04-18T13:52:18.412+0000] {logging_mixin.py:190} INFO - [2025-04-18T13:52:18.409+0000] {dagbag.py:588} INFO - Filling up the DagBag from /home/airflow/.local/lib/python3.12/site-packages/airflow/example_dags/example_display_name.py
[2025-04-18T13:52:18.556+0000] {processor.py:925} INFO - DAG(s) 'example_display_name' retrieved from /home/airflow/.local/lib/python3.12/site-packages/airflow/example_dags/example_display_name.py
[2025-04-18T13:52:18.692+0000] {logging_mixin.py:190} INFO - [2025-04-18T13:52:18.691+0000] {dag.py:3239} INFO - Sync 1 DAGs
[2025-04-18T13:52:18.802+0000] {logging_mixin.py:190} INFO - [2025-04-18T13:52:18.801+0000] {dag.py:4180} INFO - Setting next_dagrun for example_display_name to None, run_after=None
[2025-04-18T13:52:18.947+0000] {processor.py:208} INFO - Processing /home/airflow/.local/lib/python3.12/site-packages/airflow/example_dags/example_display_name.py took 0.593 seconds
[2025-04-18T13:53:28.130+0000] {processor.py:186} INFO - Started process (PID=345) to work on /home/airflow/.local/lib/python3.12/site-packages/airflow/example_dags/example_display_name.py
[2025-04-18T13:53:28.144+0000] {processor.py:914} INFO - Processing file /home/airflow/.local/lib/python3.12/site-packages/airflow/example_dags/example_display_name.py for tasks to queue
[2025-04-18T13:53:28.188+0000] {logging_mixin.py:190} INFO - [2025-04-18T13:53:28.185+0000] {dagbag.py:588} INFO - Filling up the DagBag from /home/airflow/.local/lib/python3.12/site-packages/airflow/example_dags/example_display_name.py
[2025-04-18T13:53:28.314+0000] {processor.py:925} INFO - DAG(s) 'example_display_name' retrieved from /home/airflow/.local/lib/python3.12/site-packages/airflow/example_dags/example_display_name.py
[2025-04-18T13:53:28.535+0000] {logging_mixin.py:190} INFO - [2025-04-18T13:53:28.533+0000] {dag.py:3239} INFO - Sync 1 DAGs
[2025-04-18T13:53:28.646+0000] {logging_mixin.py:190} INFO - [2025-04-18T13:53:28.645+0000] {dag.py:4180} INFO - Setting next_dagrun for example_display_name to None, run_after=None
[2025-04-18T13:53:28.997+0000] {processor.py:208} INFO - Processing /home/airflow/.local/lib/python3.12/site-packages/airflow/example_dags/example_display_name.py took 0.902 seconds
[2025-04-18T13:54:10.771+0000] {processor.py:186} INFO - Started process (PID=415) to work on /home/airflow/.local/lib/python3.12/site-packages/airflow/example_dags/example_display_name.py
[2025-04-18T13:54:10.783+0000] {processor.py:914} INFO - Processing file /home/airflow/.local/lib/python3.12/site-packages/airflow/example_dags/example_display_name.py for tasks to queue
[2025-04-18T13:54:10.823+0000] {logging_mixin.py:190} INFO - [2025-04-18T13:54:10.820+0000] {dagbag.py:588} INFO - Filling up the DagBag from /home/airflow/.local/lib/python3.12/site-packages/airflow/example_dags/example_display_name.py
[2025-04-18T13:54:10.946+0000] {processor.py:925} INFO - DAG(s) 'example_display_name' retrieved from /home/airflow/.local/lib/python3.12/site-packages/airflow/example_dags/example_display_name.py
[2025-04-18T13:54:11.269+0000] {logging_mixin.py:190} INFO - [2025-04-18T13:54:11.266+0000] {dag.py:3239} INFO - Sync 1 DAGs
[2025-04-18T13:54:11.415+0000] {logging_mixin.py:190} INFO - [2025-04-18T13:54:11.414+0000] {dag.py:4180} INFO - Setting next_dagrun for example_display_name to None, run_after=None
[2025-04-18T13:54:11.643+0000] {processor.py:208} INFO - Processing /home/airflow/.local/lib/python3.12/site-packages/airflow/example_dags/example_display_name.py took 0.900 seconds
[2025-04-18T13:54:42.950+0000] {processor.py:186} INFO - Started process (PID=477) to work on /home/airflow/.local/lib/python3.12/site-packages/airflow/example_dags/example_display_name.py
[2025-04-18T13:54:42.952+0000] {processor.py:914} INFO - Processing file /home/airflow/.local/lib/python3.12/site-packages/airflow/example_dags/example_display_name.py for tasks to queue
[2025-04-18T13:54:42.964+0000] {logging_mixin.py:190} INFO - [2025-04-18T13:54:42.963+0000] {dagbag.py:588} INFO - Filling up the DagBag from /home/airflow/.local/lib/python3.12/site-packages/airflow/example_dags/example_display_name.py
[2025-04-18T13:54:43.058+0000] {processor.py:925} INFO - DAG(s) 'example_display_name' retrieved from /home/airflow/.local/lib/python3.12/site-packages/airflow/example_dags/example_display_name.py
[2025-04-18T13:54:43.224+0000] {logging_mixin.py:190} INFO - [2025-04-18T13:54:43.223+0000] {dag.py:3239} INFO - Sync 1 DAGs
[2025-04-18T13:54:43.302+0000] {logging_mixin.py:190} INFO - [2025-04-18T13:54:43.301+0000] {dag.py:4180} INFO - Setting next_dagrun for example_display_name to None, run_after=None
[2025-04-18T13:54:43.435+0000] {processor.py:208} INFO - Processing /home/airflow/.local/lib/python3.12/site-packages/airflow/example_dags/example_display_name.py took 0.494 seconds
