[2025-04-18T13:27:28.502+0000] {processor.py:186} INFO - Started process (PID=131) to work on /home/airflow/.local/lib/python3.12/site-packages/airflow/example_dags/example_branch_labels.py
[2025-04-18T13:27:28.504+0000] {processor.py:914} INFO - Processing file /home/airflow/.local/lib/python3.12/site-packages/airflow/example_dags/example_branch_labels.py for tasks to queue
[2025-04-18T13:27:28.512+0000] {logging_mixin.py:190} INFO - [2025-04-18T13:27:28.511+0000] {dagbag.py:588} INFO - Filling up the DagBag from /home/airflow/.local/lib/python3.12/site-packages/airflow/example_dags/example_branch_labels.py
[2025-04-18T13:27:28.550+0000] {processor.py:925} INFO - DAG(s) 'example_branch_labels' retrieved from /home/airflow/.local/lib/python3.12/site-packages/airflow/example_dags/example_branch_labels.py
[2025-04-18T13:27:28.726+0000] {logging_mixin.py:190} INFO - [2025-04-18T13:27:28.726+0000] {dag.py:3239} INFO - Sync 1 DAGs
[2025-04-18T13:27:28.755+0000] {logging_mixin.py:190} INFO - [2025-04-18T13:27:28.754+0000] {dag.py:4180} INFO - Setting next_dagrun for example_branch_labels to 2025-04-17 00:00:00+00:00, run_after=2025-04-18 00:00:00+00:00
[2025-04-18T13:27:28.779+0000] {processor.py:208} INFO - Processing /home/airflow/.local/lib/python3.12/site-packages/airflow/example_dags/example_branch_labels.py took 0.302 seconds
[2025-04-18T13:30:30.131+0000] {processor.py:186} INFO - Started process (PID=123) to work on /home/airflow/.local/lib/python3.12/site-packages/airflow/example_dags/example_branch_labels.py
[2025-04-18T13:30:30.134+0000] {processor.py:914} INFO - Processing file /home/airflow/.local/lib/python3.12/site-packages/airflow/example_dags/example_branch_labels.py for tasks to queue
[2025-04-18T13:30:30.140+0000] {logging_mixin.py:190} INFO - [2025-04-18T13:30:30.139+0000] {dagbag.py:588} INFO - Filling up the DagBag from /home/airflow/.local/lib/python3.12/site-packages/airflow/example_dags/example_branch_labels.py
[2025-04-18T13:30:30.189+0000] {processor.py:925} INFO - DAG(s) 'example_branch_labels' retrieved from /home/airflow/.local/lib/python3.12/site-packages/airflow/example_dags/example_branch_labels.py
[2025-04-18T13:30:30.263+0000] {logging_mixin.py:190} INFO - [2025-04-18T13:30:30.262+0000] {dag.py:3239} INFO - Sync 1 DAGs
[2025-04-18T13:30:30.342+0000] {logging_mixin.py:190} INFO - [2025-04-18T13:30:30.338+0000] {dag.py:4180} INFO - Setting next_dagrun for example_branch_labels to 2025-04-17 00:00:00+00:00, run_after=2025-04-18 00:00:00+00:00
[2025-04-18T13:30:30.391+0000] {processor.py:208} INFO - Processing /home/airflow/.local/lib/python3.12/site-packages/airflow/example_dags/example_branch_labels.py took 0.345 seconds
[2025-04-18T13:31:01.086+0000] {processor.py:186} INFO - Started process (PID=186) to work on /home/airflow/.local/lib/python3.12/site-packages/airflow/example_dags/example_branch_labels.py
[2025-04-18T13:31:01.087+0000] {processor.py:914} INFO - Processing file /home/airflow/.local/lib/python3.12/site-packages/airflow/example_dags/example_branch_labels.py for tasks to queue
[2025-04-18T13:31:01.090+0000] {logging_mixin.py:190} INFO - [2025-04-18T13:31:01.090+0000] {dagbag.py:588} INFO - Filling up the DagBag from /home/airflow/.local/lib/python3.12/site-packages/airflow/example_dags/example_branch_labels.py
[2025-04-18T13:31:01.098+0000] {processor.py:925} INFO - DAG(s) 'example_branch_labels' retrieved from /home/airflow/.local/lib/python3.12/site-packages/airflow/example_dags/example_branch_labels.py
[2025-04-18T13:31:01.119+0000] {logging_mixin.py:190} INFO - [2025-04-18T13:31:01.119+0000] {dag.py:3239} INFO - Sync 1 DAGs
[2025-04-18T13:31:01.133+0000] {logging_mixin.py:190} INFO - [2025-04-18T13:31:01.133+0000] {dag.py:4180} INFO - Setting next_dagrun for example_branch_labels to 2025-04-17 00:00:00+00:00, run_after=2025-04-18 00:00:00+00:00
[2025-04-18T13:31:01.141+0000] {processor.py:208} INFO - Processing /home/airflow/.local/lib/python3.12/site-packages/airflow/example_dags/example_branch_labels.py took 0.065 seconds
[2025-04-18T13:31:31.655+0000] {processor.py:186} INFO - Started process (PID=250) to work on /home/airflow/.local/lib/python3.12/site-packages/airflow/example_dags/example_branch_labels.py
[2025-04-18T13:31:31.660+0000] {processor.py:914} INFO - Processing file /home/airflow/.local/lib/python3.12/site-packages/airflow/example_dags/example_branch_labels.py for tasks to queue
[2025-04-18T13:31:31.664+0000] {logging_mixin.py:190} INFO - [2025-04-18T13:31:31.663+0000] {dagbag.py:588} INFO - Filling up the DagBag from /home/airflow/.local/lib/python3.12/site-packages/airflow/example_dags/example_branch_labels.py
[2025-04-18T13:31:31.677+0000] {processor.py:925} INFO - DAG(s) 'example_branch_labels' retrieved from /home/airflow/.local/lib/python3.12/site-packages/airflow/example_dags/example_branch_labels.py
[2025-04-18T13:31:31.702+0000] {logging_mixin.py:190} INFO - [2025-04-18T13:31:31.702+0000] {dag.py:3239} INFO - Sync 1 DAGs
[2025-04-18T13:31:31.723+0000] {logging_mixin.py:190} INFO - [2025-04-18T13:31:31.723+0000] {dag.py:4180} INFO - Setting next_dagrun for example_branch_labels to 2025-04-17 00:00:00+00:00, run_after=2025-04-18 00:00:00+00:00
[2025-04-18T13:31:31.738+0000] {processor.py:208} INFO - Processing /home/airflow/.local/lib/python3.12/site-packages/airflow/example_dags/example_branch_labels.py took 0.096 seconds
[2025-04-18T13:32:01.881+0000] {processor.py:186} INFO - Started process (PID=314) to work on /home/airflow/.local/lib/python3.12/site-packages/airflow/example_dags/example_branch_labels.py
[2025-04-18T13:32:01.883+0000] {processor.py:914} INFO - Processing file /home/airflow/.local/lib/python3.12/site-packages/airflow/example_dags/example_branch_labels.py for tasks to queue
[2025-04-18T13:32:01.888+0000] {logging_mixin.py:190} INFO - [2025-04-18T13:32:01.887+0000] {dagbag.py:588} INFO - Filling up the DagBag from /home/airflow/.local/lib/python3.12/site-packages/airflow/example_dags/example_branch_labels.py
[2025-04-18T13:32:01.914+0000] {processor.py:925} INFO - DAG(s) 'example_branch_labels' retrieved from /home/airflow/.local/lib/python3.12/site-packages/airflow/example_dags/example_branch_labels.py
[2025-04-18T13:32:01.935+0000] {logging_mixin.py:190} INFO - [2025-04-18T13:32:01.935+0000] {dag.py:3239} INFO - Sync 1 DAGs
[2025-04-18T13:32:01.966+0000] {logging_mixin.py:190} INFO - [2025-04-18T13:32:01.966+0000] {dag.py:4180} INFO - Setting next_dagrun for example_branch_labels to 2025-04-17 00:00:00+00:00, run_after=2025-04-18 00:00:00+00:00
[2025-04-18T13:32:01.986+0000] {processor.py:208} INFO - Processing /home/airflow/.local/lib/python3.12/site-packages/airflow/example_dags/example_branch_labels.py took 0.134 seconds
[2025-04-18T13:35:13.640+0000] {processor.py:186} INFO - Started process (PID=113) to work on /home/airflow/.local/lib/python3.12/site-packages/airflow/example_dags/example_branch_labels.py
[2025-04-18T13:35:13.644+0000] {processor.py:914} INFO - Processing file /home/airflow/.local/lib/python3.12/site-packages/airflow/example_dags/example_branch_labels.py for tasks to queue
[2025-04-18T13:35:13.649+0000] {logging_mixin.py:190} INFO - [2025-04-18T13:35:13.649+0000] {dagbag.py:588} INFO - Filling up the DagBag from /home/airflow/.local/lib/python3.12/site-packages/airflow/example_dags/example_branch_labels.py
[2025-04-18T13:35:13.706+0000] {processor.py:925} INFO - DAG(s) 'example_branch_labels' retrieved from /home/airflow/.local/lib/python3.12/site-packages/airflow/example_dags/example_branch_labels.py
[2025-04-18T13:35:13.749+0000] {logging_mixin.py:190} INFO - [2025-04-18T13:35:13.748+0000] {dag.py:3239} INFO - Sync 1 DAGs
[2025-04-18T13:35:13.766+0000] {logging_mixin.py:190} INFO - [2025-04-18T13:35:13.766+0000] {dag.py:4180} INFO - Setting next_dagrun for example_branch_labels to 2025-04-17 00:00:00+00:00, run_after=2025-04-18 00:00:00+00:00
[2025-04-18T13:35:13.803+0000] {processor.py:208} INFO - Processing /home/airflow/.local/lib/python3.12/site-packages/airflow/example_dags/example_branch_labels.py took 0.176 seconds
[2025-04-18T13:35:43.851+0000] {processor.py:186} INFO - Started process (PID=176) to work on /home/airflow/.local/lib/python3.12/site-packages/airflow/example_dags/example_branch_labels.py
[2025-04-18T13:35:43.852+0000] {processor.py:914} INFO - Processing file /home/airflow/.local/lib/python3.12/site-packages/airflow/example_dags/example_branch_labels.py for tasks to queue
[2025-04-18T13:35:43.853+0000] {logging_mixin.py:190} INFO - [2025-04-18T13:35:43.853+0000] {dagbag.py:588} INFO - Filling up the DagBag from /home/airflow/.local/lib/python3.12/site-packages/airflow/example_dags/example_branch_labels.py
[2025-04-18T13:35:43.859+0000] {processor.py:925} INFO - DAG(s) 'example_branch_labels' retrieved from /home/airflow/.local/lib/python3.12/site-packages/airflow/example_dags/example_branch_labels.py
[2025-04-18T13:35:43.870+0000] {logging_mixin.py:190} INFO - [2025-04-18T13:35:43.870+0000] {dag.py:3239} INFO - Sync 1 DAGs
[2025-04-18T13:35:43.880+0000] {logging_mixin.py:190} INFO - [2025-04-18T13:35:43.880+0000] {dag.py:4180} INFO - Setting next_dagrun for example_branch_labels to 2025-04-17 00:00:00+00:00, run_after=2025-04-18 00:00:00+00:00
[2025-04-18T13:35:43.887+0000] {processor.py:208} INFO - Processing /home/airflow/.local/lib/python3.12/site-packages/airflow/example_dags/example_branch_labels.py took 0.040 seconds
[2025-04-18T13:36:14.872+0000] {processor.py:186} INFO - Started process (PID=240) to work on /home/airflow/.local/lib/python3.12/site-packages/airflow/example_dags/example_branch_labels.py
[2025-04-18T13:36:14.874+0000] {processor.py:914} INFO - Processing file /home/airflow/.local/lib/python3.12/site-packages/airflow/example_dags/example_branch_labels.py for tasks to queue
[2025-04-18T13:36:14.876+0000] {logging_mixin.py:190} INFO - [2025-04-18T13:36:14.875+0000] {dagbag.py:588} INFO - Filling up the DagBag from /home/airflow/.local/lib/python3.12/site-packages/airflow/example_dags/example_branch_labels.py
[2025-04-18T13:36:14.889+0000] {processor.py:925} INFO - DAG(s) 'example_branch_labels' retrieved from /home/airflow/.local/lib/python3.12/site-packages/airflow/example_dags/example_branch_labels.py
[2025-04-18T13:36:14.911+0000] {logging_mixin.py:190} INFO - [2025-04-18T13:36:14.911+0000] {dag.py:3239} INFO - Sync 1 DAGs
[2025-04-18T13:36:14.927+0000] {logging_mixin.py:190} INFO - [2025-04-18T13:36:14.926+0000] {dag.py:4180} INFO - Setting next_dagrun for example_branch_labels to 2025-04-17 00:00:00+00:00, run_after=2025-04-18 00:00:00+00:00
[2025-04-18T13:36:14.940+0000] {processor.py:208} INFO - Processing /home/airflow/.local/lib/python3.12/site-packages/airflow/example_dags/example_branch_labels.py took 0.076 seconds
[2025-04-18T13:36:45.078+0000] {processor.py:186} INFO - Started process (PID=303) to work on /home/airflow/.local/lib/python3.12/site-packages/airflow/example_dags/example_branch_labels.py
[2025-04-18T13:36:45.080+0000] {processor.py:914} INFO - Processing file /home/airflow/.local/lib/python3.12/site-packages/airflow/example_dags/example_branch_labels.py for tasks to queue
[2025-04-18T13:36:45.081+0000] {logging_mixin.py:190} INFO - [2025-04-18T13:36:45.081+0000] {dagbag.py:588} INFO - Filling up the DagBag from /home/airflow/.local/lib/python3.12/site-packages/airflow/example_dags/example_branch_labels.py
[2025-04-18T13:36:45.088+0000] {processor.py:925} INFO - DAG(s) 'example_branch_labels' retrieved from /home/airflow/.local/lib/python3.12/site-packages/airflow/example_dags/example_branch_labels.py
[2025-04-18T13:36:45.105+0000] {logging_mixin.py:190} INFO - [2025-04-18T13:36:45.104+0000] {dag.py:3239} INFO - Sync 1 DAGs
[2025-04-18T13:36:45.117+0000] {logging_mixin.py:190} INFO - [2025-04-18T13:36:45.117+0000] {dag.py:4180} INFO - Setting next_dagrun for example_branch_labels to 2025-04-17 00:00:00+00:00, run_after=2025-04-18 00:00:00+00:00
[2025-04-18T13:36:45.125+0000] {processor.py:208} INFO - Processing /home/airflow/.local/lib/python3.12/site-packages/airflow/example_dags/example_branch_labels.py took 0.051 seconds
[2025-04-18T13:37:15.617+0000] {processor.py:186} INFO - Started process (PID=366) to work on /home/airflow/.local/lib/python3.12/site-packages/airflow/example_dags/example_branch_labels.py
[2025-04-18T13:37:15.617+0000] {processor.py:914} INFO - Processing file /home/airflow/.local/lib/python3.12/site-packages/airflow/example_dags/example_branch_labels.py for tasks to queue
[2025-04-18T13:37:15.619+0000] {logging_mixin.py:190} INFO - [2025-04-18T13:37:15.618+0000] {dagbag.py:588} INFO - Filling up the DagBag from /home/airflow/.local/lib/python3.12/site-packages/airflow/example_dags/example_branch_labels.py
[2025-04-18T13:37:15.625+0000] {processor.py:925} INFO - DAG(s) 'example_branch_labels' retrieved from /home/airflow/.local/lib/python3.12/site-packages/airflow/example_dags/example_branch_labels.py
[2025-04-18T13:37:15.637+0000] {logging_mixin.py:190} INFO - [2025-04-18T13:37:15.637+0000] {dag.py:3239} INFO - Sync 1 DAGs
[2025-04-18T13:37:15.647+0000] {logging_mixin.py:190} INFO - [2025-04-18T13:37:15.647+0000] {dag.py:4180} INFO - Setting next_dagrun for example_branch_labels to 2025-04-17 00:00:00+00:00, run_after=2025-04-18 00:00:00+00:00
[2025-04-18T13:37:15.653+0000] {processor.py:208} INFO - Processing /home/airflow/.local/lib/python3.12/site-packages/airflow/example_dags/example_branch_labels.py took 0.039 seconds
[2025-04-18T13:37:46.125+0000] {processor.py:186} INFO - Started process (PID=430) to work on /home/airflow/.local/lib/python3.12/site-packages/airflow/example_dags/example_branch_labels.py
[2025-04-18T13:37:46.126+0000] {processor.py:914} INFO - Processing file /home/airflow/.local/lib/python3.12/site-packages/airflow/example_dags/example_branch_labels.py for tasks to queue
[2025-04-18T13:37:46.130+0000] {logging_mixin.py:190} INFO - [2025-04-18T13:37:46.129+0000] {dagbag.py:588} INFO - Filling up the DagBag from /home/airflow/.local/lib/python3.12/site-packages/airflow/example_dags/example_branch_labels.py
[2025-04-18T13:37:46.141+0000] {processor.py:925} INFO - DAG(s) 'example_branch_labels' retrieved from /home/airflow/.local/lib/python3.12/site-packages/airflow/example_dags/example_branch_labels.py
[2025-04-18T13:37:46.157+0000] {logging_mixin.py:190} INFO - [2025-04-18T13:37:46.157+0000] {dag.py:3239} INFO - Sync 1 DAGs
[2025-04-18T13:37:46.169+0000] {logging_mixin.py:190} INFO - [2025-04-18T13:37:46.169+0000] {dag.py:4180} INFO - Setting next_dagrun for example_branch_labels to 2025-04-17 00:00:00+00:00, run_after=2025-04-18 00:00:00+00:00
[2025-04-18T13:37:46.178+0000] {processor.py:208} INFO - Processing /home/airflow/.local/lib/python3.12/site-packages/airflow/example_dags/example_branch_labels.py took 0.057 seconds
[2025-04-18T13:38:16.300+0000] {processor.py:186} INFO - Started process (PID=494) to work on /home/airflow/.local/lib/python3.12/site-packages/airflow/example_dags/example_branch_labels.py
[2025-04-18T13:38:16.301+0000] {processor.py:914} INFO - Processing file /home/airflow/.local/lib/python3.12/site-packages/airflow/example_dags/example_branch_labels.py for tasks to queue
[2025-04-18T13:38:16.302+0000] {logging_mixin.py:190} INFO - [2025-04-18T13:38:16.302+0000] {dagbag.py:588} INFO - Filling up the DagBag from /home/airflow/.local/lib/python3.12/site-packages/airflow/example_dags/example_branch_labels.py
[2025-04-18T13:38:16.308+0000] {processor.py:925} INFO - DAG(s) 'example_branch_labels' retrieved from /home/airflow/.local/lib/python3.12/site-packages/airflow/example_dags/example_branch_labels.py
[2025-04-18T13:38:16.321+0000] {logging_mixin.py:190} INFO - [2025-04-18T13:38:16.321+0000] {dag.py:3239} INFO - Sync 1 DAGs
[2025-04-18T13:38:16.332+0000] {logging_mixin.py:190} INFO - [2025-04-18T13:38:16.332+0000] {dag.py:4180} INFO - Setting next_dagrun for example_branch_labels to 2025-04-17 00:00:00+00:00, run_after=2025-04-18 00:00:00+00:00
[2025-04-18T13:38:16.341+0000] {processor.py:208} INFO - Processing /home/airflow/.local/lib/python3.12/site-packages/airflow/example_dags/example_branch_labels.py took 0.044 seconds
[2025-04-18T13:38:46.403+0000] {processor.py:186} INFO - Started process (PID=557) to work on /home/airflow/.local/lib/python3.12/site-packages/airflow/example_dags/example_branch_labels.py
[2025-04-18T13:38:46.404+0000] {processor.py:914} INFO - Processing file /home/airflow/.local/lib/python3.12/site-packages/airflow/example_dags/example_branch_labels.py for tasks to queue
[2025-04-18T13:38:46.405+0000] {logging_mixin.py:190} INFO - [2025-04-18T13:38:46.405+0000] {dagbag.py:588} INFO - Filling up the DagBag from /home/airflow/.local/lib/python3.12/site-packages/airflow/example_dags/example_branch_labels.py
[2025-04-18T13:38:46.412+0000] {processor.py:925} INFO - DAG(s) 'example_branch_labels' retrieved from /home/airflow/.local/lib/python3.12/site-packages/airflow/example_dags/example_branch_labels.py
[2025-04-18T13:38:46.424+0000] {logging_mixin.py:190} INFO - [2025-04-18T13:38:46.424+0000] {dag.py:3239} INFO - Sync 1 DAGs
[2025-04-18T13:38:46.435+0000] {logging_mixin.py:190} INFO - [2025-04-18T13:38:46.435+0000] {dag.py:4180} INFO - Setting next_dagrun for example_branch_labels to 2025-04-17 00:00:00+00:00, run_after=2025-04-18 00:00:00+00:00
[2025-04-18T13:38:46.442+0000] {processor.py:208} INFO - Processing /home/airflow/.local/lib/python3.12/site-packages/airflow/example_dags/example_branch_labels.py took 0.042 seconds
[2025-04-18T13:40:19.408+0000] {processor.py:186} INFO - Started process (PID=644) to work on /home/airflow/.local/lib/python3.12/site-packages/airflow/example_dags/example_branch_labels.py
[2025-04-18T13:40:19.417+0000] {processor.py:914} INFO - Processing file /home/airflow/.local/lib/python3.12/site-packages/airflow/example_dags/example_branch_labels.py for tasks to queue
[2025-04-18T13:40:19.454+0000] {logging_mixin.py:190} INFO - [2025-04-18T13:40:19.453+0000] {dagbag.py:588} INFO - Filling up the DagBag from /home/airflow/.local/lib/python3.12/site-packages/airflow/example_dags/example_branch_labels.py
[2025-04-18T13:40:19.567+0000] {processor.py:925} INFO - DAG(s) 'example_branch_labels' retrieved from /home/airflow/.local/lib/python3.12/site-packages/airflow/example_dags/example_branch_labels.py
[2025-04-18T13:40:19.746+0000] {logging_mixin.py:190} INFO - [2025-04-18T13:40:19.743+0000] {dag.py:3239} INFO - Sync 1 DAGs
[2025-04-18T13:40:19.886+0000] {logging_mixin.py:190} INFO - [2025-04-18T13:40:19.884+0000] {dag.py:4180} INFO - Setting next_dagrun for example_branch_labels to 2025-04-17 00:00:00+00:00, run_after=2025-04-18 00:00:00+00:00
[2025-04-18T13:40:20.061+0000] {processor.py:208} INFO - Processing /home/airflow/.local/lib/python3.12/site-packages/airflow/example_dags/example_branch_labels.py took 0.691 seconds
[2025-04-18T13:44:22.889+0000] {processor.py:186} INFO - Started process (PID=129) to work on /home/airflow/.local/lib/python3.12/site-packages/airflow/example_dags/example_branch_labels.py
[2025-04-18T13:44:22.923+0000] {processor.py:914} INFO - Processing file /home/airflow/.local/lib/python3.12/site-packages/airflow/example_dags/example_branch_labels.py for tasks to queue
[2025-04-18T13:44:22.978+0000] {logging_mixin.py:190} INFO - [2025-04-18T13:44:22.975+0000] {dagbag.py:588} INFO - Filling up the DagBag from /home/airflow/.local/lib/python3.12/site-packages/airflow/example_dags/example_branch_labels.py
[2025-04-18T13:44:23.145+0000] {processor.py:925} INFO - DAG(s) 'example_branch_labels' retrieved from /home/airflow/.local/lib/python3.12/site-packages/airflow/example_dags/example_branch_labels.py
[2025-04-18T13:44:23.393+0000] {logging_mixin.py:190} INFO - [2025-04-18T13:44:23.391+0000] {dag.py:3239} INFO - Sync 1 DAGs
[2025-04-18T13:44:23.667+0000] {logging_mixin.py:190} INFO - [2025-04-18T13:44:23.665+0000] {dag.py:4180} INFO - Setting next_dagrun for example_branch_labels to 2025-04-17 00:00:00+00:00, run_after=2025-04-18 00:00:00+00:00
[2025-04-18T13:44:23.838+0000] {processor.py:208} INFO - Processing /home/airflow/.local/lib/python3.12/site-packages/airflow/example_dags/example_branch_labels.py took 0.999 seconds
[2025-04-18T13:45:32.834+0000] {processor.py:186} INFO - Started process (PID=229) to work on /home/airflow/.local/lib/python3.12/site-packages/airflow/example_dags/example_branch_labels.py
[2025-04-18T13:45:32.842+0000] {processor.py:914} INFO - Processing file /home/airflow/.local/lib/python3.12/site-packages/airflow/example_dags/example_branch_labels.py for tasks to queue
[2025-04-18T13:45:32.864+0000] {logging_mixin.py:190} INFO - [2025-04-18T13:45:32.863+0000] {dagbag.py:588} INFO - Filling up the DagBag from /home/airflow/.local/lib/python3.12/site-packages/airflow/example_dags/example_branch_labels.py
[2025-04-18T13:45:32.952+0000] {processor.py:925} INFO - DAG(s) 'example_branch_labels' retrieved from /home/airflow/.local/lib/python3.12/site-packages/airflow/example_dags/example_branch_labels.py
[2025-04-18T13:45:33.207+0000] {logging_mixin.py:190} INFO - [2025-04-18T13:45:33.206+0000] {dag.py:3239} INFO - Sync 1 DAGs
[2025-04-18T13:45:33.326+0000] {logging_mixin.py:190} INFO - [2025-04-18T13:45:33.326+0000] {dag.py:4180} INFO - Setting next_dagrun for example_branch_labels to 2025-04-17 00:00:00+00:00, run_after=2025-04-18 00:00:00+00:00
[2025-04-18T13:45:33.760+0000] {processor.py:208} INFO - Processing /home/airflow/.local/lib/python3.12/site-packages/airflow/example_dags/example_branch_labels.py took 0.942 seconds
[2025-04-18T13:50:13.728+0000] {processor.py:186} INFO - Started process (PID=132) to work on /home/airflow/.local/lib/python3.12/site-packages/airflow/example_dags/example_branch_labels.py
[2025-04-18T13:50:13.745+0000] {processor.py:914} INFO - Processing file /home/airflow/.local/lib/python3.12/site-packages/airflow/example_dags/example_branch_labels.py for tasks to queue
[2025-04-18T13:50:13.760+0000] {logging_mixin.py:190} INFO - [2025-04-18T13:50:13.759+0000] {dagbag.py:588} INFO - Filling up the DagBag from /home/airflow/.local/lib/python3.12/site-packages/airflow/example_dags/example_branch_labels.py
[2025-04-18T13:50:13.813+0000] {processor.py:925} INFO - DAG(s) 'example_branch_labels' retrieved from /home/airflow/.local/lib/python3.12/site-packages/airflow/example_dags/example_branch_labels.py
[2025-04-18T13:50:14.073+0000] {logging_mixin.py:190} INFO - [2025-04-18T13:50:14.070+0000] {dag.py:3239} INFO - Sync 1 DAGs
[2025-04-18T13:50:14.396+0000] {logging_mixin.py:190} INFO - [2025-04-18T13:50:14.394+0000] {dag.py:4180} INFO - Setting next_dagrun for example_branch_labels to 2025-04-17 00:00:00+00:00, run_after=2025-04-18 00:00:00+00:00
[2025-04-18T13:50:14.561+0000] {processor.py:208} INFO - Processing /home/airflow/.local/lib/python3.12/site-packages/airflow/example_dags/example_branch_labels.py took 0.853 seconds
[2025-04-18T13:51:33.457+0000] {processor.py:186} INFO - Started process (PID=218) to work on /home/airflow/.local/lib/python3.12/site-packages/airflow/example_dags/example_branch_labels.py
[2025-04-18T13:51:33.485+0000] {processor.py:914} INFO - Processing file /home/airflow/.local/lib/python3.12/site-packages/airflow/example_dags/example_branch_labels.py for tasks to queue
[2025-04-18T13:51:33.592+0000] {logging_mixin.py:190} INFO - [2025-04-18T13:51:33.553+0000] {dagbag.py:588} INFO - Filling up the DagBag from /home/airflow/.local/lib/python3.12/site-packages/airflow/example_dags/example_branch_labels.py
[2025-04-18T13:51:34.194+0000] {processor.py:925} INFO - DAG(s) 'example_branch_labels' retrieved from /home/airflow/.local/lib/python3.12/site-packages/airflow/example_dags/example_branch_labels.py
[2025-04-18T13:51:35.282+0000] {logging_mixin.py:190} INFO - [2025-04-18T13:51:35.265+0000] {dag.py:3239} INFO - Sync 1 DAGs
[2025-04-18T13:51:35.980+0000] {logging_mixin.py:190} INFO - [2025-04-18T13:51:35.960+0000] {dag.py:4180} INFO - Setting next_dagrun for example_branch_labels to 2025-04-17 00:00:00+00:00, run_after=2025-04-18 00:00:00+00:00
[2025-04-18T13:51:36.841+0000] {processor.py:208} INFO - Processing /home/airflow/.local/lib/python3.12/site-packages/airflow/example_dags/example_branch_labels.py took 3.591 seconds
[2025-04-18T13:52:41.890+0000] {processor.py:186} INFO - Started process (PID=293) to work on /home/airflow/.local/lib/python3.12/site-packages/airflow/example_dags/example_branch_labels.py
[2025-04-18T13:52:41.954+0000] {processor.py:914} INFO - Processing file /home/airflow/.local/lib/python3.12/site-packages/airflow/example_dags/example_branch_labels.py for tasks to queue
[2025-04-18T13:52:42.004+0000] {logging_mixin.py:190} INFO - [2025-04-18T13:52:41.994+0000] {dagbag.py:588} INFO - Filling up the DagBag from /home/airflow/.local/lib/python3.12/site-packages/airflow/example_dags/example_branch_labels.py
[2025-04-18T13:52:42.327+0000] {processor.py:925} INFO - DAG(s) 'example_branch_labels' retrieved from /home/airflow/.local/lib/python3.12/site-packages/airflow/example_dags/example_branch_labels.py
[2025-04-18T13:52:43.837+0000] {logging_mixin.py:190} INFO - [2025-04-18T13:52:43.796+0000] {dag.py:3239} INFO - Sync 1 DAGs
[2025-04-18T13:52:44.924+0000] {logging_mixin.py:190} INFO - [2025-04-18T13:52:44.909+0000] {dag.py:4180} INFO - Setting next_dagrun for example_branch_labels to 2025-04-17 00:00:00+00:00, run_after=2025-04-18 00:00:00+00:00
[2025-04-18T13:52:45.896+0000] {processor.py:208} INFO - Processing /home/airflow/.local/lib/python3.12/site-packages/airflow/example_dags/example_branch_labels.py took 4.183 seconds
[2025-04-18T13:53:51.473+0000] {processor.py:186} INFO - Started process (PID=380) to work on /home/airflow/.local/lib/python3.12/site-packages/airflow/example_dags/example_branch_labels.py
[2025-04-18T13:53:51.482+0000] {processor.py:914} INFO - Processing file /home/airflow/.local/lib/python3.12/site-packages/airflow/example_dags/example_branch_labels.py for tasks to queue
[2025-04-18T13:53:51.495+0000] {logging_mixin.py:190} INFO - [2025-04-18T13:53:51.494+0000] {dagbag.py:588} INFO - Filling up the DagBag from /home/airflow/.local/lib/python3.12/site-packages/airflow/example_dags/example_branch_labels.py
[2025-04-18T13:53:51.594+0000] {processor.py:925} INFO - DAG(s) 'example_branch_labels' retrieved from /home/airflow/.local/lib/python3.12/site-packages/airflow/example_dags/example_branch_labels.py
[2025-04-18T13:53:51.921+0000] {logging_mixin.py:190} INFO - [2025-04-18T13:53:51.920+0000] {dag.py:3239} INFO - Sync 1 DAGs
[2025-04-18T13:53:52.120+0000] {logging_mixin.py:190} INFO - [2025-04-18T13:53:52.119+0000] {dag.py:4180} INFO - Setting next_dagrun for example_branch_labels to 2025-04-17 00:00:00+00:00, run_after=2025-04-18 00:00:00+00:00
[2025-04-18T13:53:52.205+0000] {processor.py:208} INFO - Processing /home/airflow/.local/lib/python3.12/site-packages/airflow/example_dags/example_branch_labels.py took 1.138 seconds
[2025-04-18T13:54:23.171+0000] {processor.py:186} INFO - Started process (PID=442) to work on /home/airflow/.local/lib/python3.12/site-packages/airflow/example_dags/example_branch_labels.py
[2025-04-18T13:54:23.174+0000] {processor.py:914} INFO - Processing file /home/airflow/.local/lib/python3.12/site-packages/airflow/example_dags/example_branch_labels.py for tasks to queue
[2025-04-18T13:54:23.233+0000] {logging_mixin.py:190} INFO - [2025-04-18T13:54:23.232+0000] {dagbag.py:588} INFO - Filling up the DagBag from /home/airflow/.local/lib/python3.12/site-packages/airflow/example_dags/example_branch_labels.py
[2025-04-18T13:54:23.289+0000] {processor.py:925} INFO - DAG(s) 'example_branch_labels' retrieved from /home/airflow/.local/lib/python3.12/site-packages/airflow/example_dags/example_branch_labels.py
[2025-04-18T13:54:23.423+0000] {logging_mixin.py:190} INFO - [2025-04-18T13:54:23.420+0000] {dag.py:3239} INFO - Sync 1 DAGs
[2025-04-18T13:54:23.508+0000] {logging_mixin.py:190} INFO - [2025-04-18T13:54:23.508+0000] {dag.py:4180} INFO - Setting next_dagrun for example_branch_labels to 2025-04-17 00:00:00+00:00, run_after=2025-04-18 00:00:00+00:00
[2025-04-18T13:54:23.581+0000] {processor.py:208} INFO - Processing /home/airflow/.local/lib/python3.12/site-packages/airflow/example_dags/example_branch_labels.py took 0.432 seconds
[2025-04-18T13:54:54.444+0000] {processor.py:186} INFO - Started process (PID=506) to work on /home/airflow/.local/lib/python3.12/site-packages/airflow/example_dags/example_branch_labels.py
[2025-04-18T13:54:54.447+0000] {processor.py:914} INFO - Processing file /home/airflow/.local/lib/python3.12/site-packages/airflow/example_dags/example_branch_labels.py for tasks to queue
[2025-04-18T13:54:54.470+0000] {logging_mixin.py:190} INFO - [2025-04-18T13:54:54.469+0000] {dagbag.py:588} INFO - Filling up the DagBag from /home/airflow/.local/lib/python3.12/site-packages/airflow/example_dags/example_branch_labels.py
[2025-04-18T13:54:54.575+0000] {processor.py:925} INFO - DAG(s) 'example_branch_labels' retrieved from /home/airflow/.local/lib/python3.12/site-packages/airflow/example_dags/example_branch_labels.py
[2025-04-18T13:54:54.749+0000] {logging_mixin.py:190} INFO - [2025-04-18T13:54:54.747+0000] {dag.py:3239} INFO - Sync 1 DAGs
