[2025-04-18T13:27:01.170+0000] {processor.py:186} INFO - Started process (PID=116) to work on /home/airflow/.local/lib/python3.12/site-packages/airflow/example_dags/example_external_task_marker_dag.py
[2025-04-18T13:27:01.226+0000] {processor.py:914} INFO - Processing file /home/airflow/.local/lib/python3.12/site-packages/airflow/example_dags/example_external_task_marker_dag.py for tasks to queue
[2025-04-18T13:27:01.754+0000] {logging_mixin.py:190} INFO - [2025-04-18T13:27:01.710+0000] {dagbag.py:588} INFO - Filling up the DagBag from /home/airflow/.local/lib/python3.12/site-packages/airflow/example_dags/example_external_task_marker_dag.py
[2025-04-18T13:27:03.178+0000] {processor.py:925} INFO - DAG(s) 'example_external_task_marker_parent', 'example_external_task_marker_child' retrieved from /home/airflow/.local/lib/python3.12/site-packages/airflow/example_dags/example_external_task_marker_dag.py
[2025-04-18T13:27:04.981+0000] {logging_mixin.py:190} INFO - [2025-04-18T13:27:04.974+0000] {dag.py:3239} INFO - Sync 2 DAGs
[2025-04-18T13:27:07.430+0000] {logging_mixin.py:190} INFO - [2025-04-18T13:27:07.391+0000] {dag.py:4180} INFO - Setting next_dagrun for example_external_task_marker_child to None, run_after=None
[2025-04-18T13:27:07.488+0000] {logging_mixin.py:190} INFO - [2025-04-18T13:27:07.487+0000] {dag.py:4180} INFO - Setting next_dagrun for example_external_task_marker_parent to None, run_after=None
[2025-04-18T13:27:07.774+0000] {processor.py:208} INFO - Processing /home/airflow/.local/lib/python3.12/site-packages/airflow/example_dags/example_external_task_marker_dag.py took 6.795 seconds
[2025-04-18T13:30:16.857+0000] {processor.py:186} INFO - Started process (PID=102) to work on /home/airflow/.local/lib/python3.12/site-packages/airflow/example_dags/example_external_task_marker_dag.py
[2025-04-18T13:30:16.864+0000] {processor.py:914} INFO - Processing file /home/airflow/.local/lib/python3.12/site-packages/airflow/example_dags/example_external_task_marker_dag.py for tasks to queue
[2025-04-18T13:30:16.875+0000] {logging_mixin.py:190} INFO - [2025-04-18T13:30:16.874+0000] {dagbag.py:588} INFO - Filling up the DagBag from /home/airflow/.local/lib/python3.12/site-packages/airflow/example_dags/example_external_task_marker_dag.py
[2025-04-18T13:30:16.935+0000] {processor.py:925} INFO - DAG(s) 'example_external_task_marker_parent', 'example_external_task_marker_child' retrieved from /home/airflow/.local/lib/python3.12/site-packages/airflow/example_dags/example_external_task_marker_dag.py
[2025-04-18T13:30:17.130+0000] {logging_mixin.py:190} INFO - [2025-04-18T13:30:17.129+0000] {dag.py:3239} INFO - Sync 2 DAGs
[2025-04-18T13:30:17.194+0000] {logging_mixin.py:190} INFO - [2025-04-18T13:30:17.193+0000] {dag.py:4180} INFO - Setting next_dagrun for example_external_task_marker_child to None, run_after=None
[2025-04-18T13:30:17.205+0000] {logging_mixin.py:190} INFO - [2025-04-18T13:30:17.204+0000] {dag.py:4180} INFO - Setting next_dagrun for example_external_task_marker_parent to None, run_after=None
[2025-04-18T13:30:17.262+0000] {processor.py:208} INFO - Processing /home/airflow/.local/lib/python3.12/site-packages/airflow/example_dags/example_external_task_marker_dag.py took 0.438 seconds
[2025-04-18T13:30:48.662+0000] {processor.py:186} INFO - Started process (PID=166) to work on /home/airflow/.local/lib/python3.12/site-packages/airflow/example_dags/example_external_task_marker_dag.py
[2025-04-18T13:30:48.668+0000] {processor.py:914} INFO - Processing file /home/airflow/.local/lib/python3.12/site-packages/airflow/example_dags/example_external_task_marker_dag.py for tasks to queue
[2025-04-18T13:30:48.679+0000] {logging_mixin.py:190} INFO - [2025-04-18T13:30:48.678+0000] {dagbag.py:588} INFO - Filling up the DagBag from /home/airflow/.local/lib/python3.12/site-packages/airflow/example_dags/example_external_task_marker_dag.py
[2025-04-18T13:30:48.731+0000] {processor.py:925} INFO - DAG(s) 'example_external_task_marker_parent', 'example_external_task_marker_child' retrieved from /home/airflow/.local/lib/python3.12/site-packages/airflow/example_dags/example_external_task_marker_dag.py
[2025-04-18T13:30:48.811+0000] {logging_mixin.py:190} INFO - [2025-04-18T13:30:48.811+0000] {dag.py:3239} INFO - Sync 2 DAGs
[2025-04-18T13:30:48.859+0000] {logging_mixin.py:190} INFO - [2025-04-18T13:30:48.859+0000] {dag.py:4180} INFO - Setting next_dagrun for example_external_task_marker_child to None, run_after=None
[2025-04-18T13:30:48.869+0000] {logging_mixin.py:190} INFO - [2025-04-18T13:30:48.868+0000] {dag.py:4180} INFO - Setting next_dagrun for example_external_task_marker_parent to None, run_after=None
[2025-04-18T13:30:48.910+0000] {processor.py:208} INFO - Processing /home/airflow/.local/lib/python3.12/site-packages/airflow/example_dags/example_external_task_marker_dag.py took 0.267 seconds
[2025-04-18T13:31:19.040+0000] {processor.py:186} INFO - Started process (PID=229) to work on /home/airflow/.local/lib/python3.12/site-packages/airflow/example_dags/example_external_task_marker_dag.py
[2025-04-18T13:31:19.041+0000] {processor.py:914} INFO - Processing file /home/airflow/.local/lib/python3.12/site-packages/airflow/example_dags/example_external_task_marker_dag.py for tasks to queue
[2025-04-18T13:31:19.041+0000] {logging_mixin.py:190} INFO - [2025-04-18T13:31:19.041+0000] {dagbag.py:588} INFO - Filling up the DagBag from /home/airflow/.local/lib/python3.12/site-packages/airflow/example_dags/example_external_task_marker_dag.py
[2025-04-18T13:31:19.046+0000] {processor.py:925} INFO - DAG(s) 'example_external_task_marker_child', 'example_external_task_marker_parent' retrieved from /home/airflow/.local/lib/python3.12/site-packages/airflow/example_dags/example_external_task_marker_dag.py
[2025-04-18T13:31:19.056+0000] {logging_mixin.py:190} INFO - [2025-04-18T13:31:19.056+0000] {dag.py:3239} INFO - Sync 2 DAGs
[2025-04-18T13:31:19.062+0000] {logging_mixin.py:190} INFO - [2025-04-18T13:31:19.062+0000] {dag.py:4180} INFO - Setting next_dagrun for example_external_task_marker_child to None, run_after=None
[2025-04-18T13:31:19.064+0000] {logging_mixin.py:190} INFO - [2025-04-18T13:31:19.064+0000] {dag.py:4180} INFO - Setting next_dagrun for example_external_task_marker_parent to None, run_after=None
[2025-04-18T13:31:19.070+0000] {processor.py:208} INFO - Processing /home/airflow/.local/lib/python3.12/site-packages/airflow/example_dags/example_external_task_marker_dag.py took 0.033 seconds
[2025-04-18T13:31:49.856+0000] {processor.py:186} INFO - Started process (PID=293) to work on /home/airflow/.local/lib/python3.12/site-packages/airflow/example_dags/example_external_task_marker_dag.py
[2025-04-18T13:31:49.863+0000] {processor.py:914} INFO - Processing file /home/airflow/.local/lib/python3.12/site-packages/airflow/example_dags/example_external_task_marker_dag.py for tasks to queue
[2025-04-18T13:31:49.868+0000] {logging_mixin.py:190} INFO - [2025-04-18T13:31:49.867+0000] {dagbag.py:588} INFO - Filling up the DagBag from /home/airflow/.local/lib/python3.12/site-packages/airflow/example_dags/example_external_task_marker_dag.py
[2025-04-18T13:31:49.884+0000] {processor.py:925} INFO - DAG(s) 'example_external_task_marker_child', 'example_external_task_marker_parent' retrieved from /home/airflow/.local/lib/python3.12/site-packages/airflow/example_dags/example_external_task_marker_dag.py
[2025-04-18T13:31:49.911+0000] {logging_mixin.py:190} INFO - [2025-04-18T13:31:49.911+0000] {dag.py:3239} INFO - Sync 2 DAGs
[2025-04-18T13:31:49.923+0000] {logging_mixin.py:190} INFO - [2025-04-18T13:31:49.922+0000] {dag.py:4180} INFO - Setting next_dagrun for example_external_task_marker_child to None, run_after=None
[2025-04-18T13:31:49.927+0000] {logging_mixin.py:190} INFO - [2025-04-18T13:31:49.927+0000] {dag.py:4180} INFO - Setting next_dagrun for example_external_task_marker_parent to None, run_after=None
[2025-04-18T13:31:49.939+0000] {processor.py:208} INFO - Processing /home/airflow/.local/lib/python3.12/site-packages/airflow/example_dags/example_external_task_marker_dag.py took 0.088 seconds
[2025-04-18T13:32:20.353+0000] {processor.py:186} INFO - Started process (PID=357) to work on /home/airflow/.local/lib/python3.12/site-packages/airflow/example_dags/example_external_task_marker_dag.py
[2025-04-18T13:32:20.355+0000] {processor.py:914} INFO - Processing file /home/airflow/.local/lib/python3.12/site-packages/airflow/example_dags/example_external_task_marker_dag.py for tasks to queue
[2025-04-18T13:32:20.357+0000] {logging_mixin.py:190} INFO - [2025-04-18T13:32:20.357+0000] {dagbag.py:588} INFO - Filling up the DagBag from /home/airflow/.local/lib/python3.12/site-packages/airflow/example_dags/example_external_task_marker_dag.py
[2025-04-18T13:32:20.362+0000] {processor.py:925} INFO - DAG(s) 'example_external_task_marker_child', 'example_external_task_marker_parent' retrieved from /home/airflow/.local/lib/python3.12/site-packages/airflow/example_dags/example_external_task_marker_dag.py
[2025-04-18T13:32:20.376+0000] {logging_mixin.py:190} INFO - [2025-04-18T13:32:20.376+0000] {dag.py:3239} INFO - Sync 2 DAGs
[2025-04-18T13:32:20.383+0000] {logging_mixin.py:190} INFO - [2025-04-18T13:32:20.383+0000] {dag.py:4180} INFO - Setting next_dagrun for example_external_task_marker_child to None, run_after=None
[2025-04-18T13:32:20.387+0000] {logging_mixin.py:190} INFO - [2025-04-18T13:32:20.386+0000] {dag.py:4180} INFO - Setting next_dagrun for example_external_task_marker_parent to None, run_after=None
[2025-04-18T13:32:20.399+0000] {processor.py:208} INFO - Processing /home/airflow/.local/lib/python3.12/site-packages/airflow/example_dags/example_external_task_marker_dag.py took 0.049 seconds
[2025-04-18T13:35:04.916+0000] {processor.py:186} INFO - Started process (PID=98) to work on /home/airflow/.local/lib/python3.12/site-packages/airflow/example_dags/example_external_task_marker_dag.py
[2025-04-18T13:35:04.918+0000] {processor.py:914} INFO - Processing file /home/airflow/.local/lib/python3.12/site-packages/airflow/example_dags/example_external_task_marker_dag.py for tasks to queue
[2025-04-18T13:35:04.926+0000] {logging_mixin.py:190} INFO - [2025-04-18T13:35:04.925+0000] {dagbag.py:588} INFO - Filling up the DagBag from /home/airflow/.local/lib/python3.12/site-packages/airflow/example_dags/example_external_task_marker_dag.py
[2025-04-18T13:35:04.952+0000] {processor.py:925} INFO - DAG(s) 'example_external_task_marker_child', 'example_external_task_marker_parent' retrieved from /home/airflow/.local/lib/python3.12/site-packages/airflow/example_dags/example_external_task_marker_dag.py
[2025-04-18T13:35:05.057+0000] {logging_mixin.py:190} INFO - [2025-04-18T13:35:05.056+0000] {dag.py:3239} INFO - Sync 2 DAGs
[2025-04-18T13:35:05.132+0000] {logging_mixin.py:190} INFO - [2025-04-18T13:35:05.128+0000] {dag.py:4180} INFO - Setting next_dagrun for example_external_task_marker_child to None, run_after=None
[2025-04-18T13:35:05.157+0000] {logging_mixin.py:190} INFO - [2025-04-18T13:35:05.156+0000] {dag.py:4180} INFO - Setting next_dagrun for example_external_task_marker_parent to None, run_after=None
[2025-04-18T13:35:05.266+0000] {processor.py:208} INFO - Processing /home/airflow/.local/lib/python3.12/site-packages/airflow/example_dags/example_external_task_marker_dag.py took 0.361 seconds
[2025-04-18T13:35:35.362+0000] {processor.py:186} INFO - Started process (PID=161) to work on /home/airflow/.local/lib/python3.12/site-packages/airflow/example_dags/example_external_task_marker_dag.py
[2025-04-18T13:35:35.365+0000] {processor.py:914} INFO - Processing file /home/airflow/.local/lib/python3.12/site-packages/airflow/example_dags/example_external_task_marker_dag.py for tasks to queue
[2025-04-18T13:35:35.373+0000] {logging_mixin.py:190} INFO - [2025-04-18T13:35:35.373+0000] {dagbag.py:588} INFO - Filling up the DagBag from /home/airflow/.local/lib/python3.12/site-packages/airflow/example_dags/example_external_task_marker_dag.py
[2025-04-18T13:35:35.402+0000] {processor.py:925} INFO - DAG(s) 'example_external_task_marker_parent', 'example_external_task_marker_child' retrieved from /home/airflow/.local/lib/python3.12/site-packages/airflow/example_dags/example_external_task_marker_dag.py
[2025-04-18T13:35:35.591+0000] {logging_mixin.py:190} INFO - [2025-04-18T13:35:35.591+0000] {dag.py:3239} INFO - Sync 2 DAGs
[2025-04-18T13:35:35.628+0000] {logging_mixin.py:190} INFO - [2025-04-18T13:35:35.628+0000] {dag.py:4180} INFO - Setting next_dagrun for example_external_task_marker_child to None, run_after=None
[2025-04-18T13:35:35.636+0000] {logging_mixin.py:190} INFO - [2025-04-18T13:35:35.636+0000] {dag.py:4180} INFO - Setting next_dagrun for example_external_task_marker_parent to None, run_after=None
[2025-04-18T13:35:35.677+0000] {processor.py:208} INFO - Processing /home/airflow/.local/lib/python3.12/site-packages/airflow/example_dags/example_external_task_marker_dag.py took 0.330 seconds
[2025-04-18T13:36:06.093+0000] {processor.py:186} INFO - Started process (PID=225) to work on /home/airflow/.local/lib/python3.12/site-packages/airflow/example_dags/example_external_task_marker_dag.py
[2025-04-18T13:36:06.095+0000] {processor.py:914} INFO - Processing file /home/airflow/.local/lib/python3.12/site-packages/airflow/example_dags/example_external_task_marker_dag.py for tasks to queue
[2025-04-18T13:36:06.097+0000] {logging_mixin.py:190} INFO - [2025-04-18T13:36:06.096+0000] {dagbag.py:588} INFO - Filling up the DagBag from /home/airflow/.local/lib/python3.12/site-packages/airflow/example_dags/example_external_task_marker_dag.py
[2025-04-18T13:36:06.107+0000] {processor.py:925} INFO - DAG(s) 'example_external_task_marker_child', 'example_external_task_marker_parent' retrieved from /home/airflow/.local/lib/python3.12/site-packages/airflow/example_dags/example_external_task_marker_dag.py
[2025-04-18T13:36:06.127+0000] {logging_mixin.py:190} INFO - [2025-04-18T13:36:06.126+0000] {dag.py:3239} INFO - Sync 2 DAGs
[2025-04-18T13:36:06.138+0000] {logging_mixin.py:190} INFO - [2025-04-18T13:36:06.137+0000] {dag.py:4180} INFO - Setting next_dagrun for example_external_task_marker_child to None, run_after=None
[2025-04-18T13:36:06.141+0000] {logging_mixin.py:190} INFO - [2025-04-18T13:36:06.141+0000] {dag.py:4180} INFO - Setting next_dagrun for example_external_task_marker_parent to None, run_after=None
[2025-04-18T13:36:06.151+0000] {processor.py:208} INFO - Processing /home/airflow/.local/lib/python3.12/site-packages/airflow/example_dags/example_external_task_marker_dag.py took 0.073 seconds
[2025-04-18T13:36:36.571+0000] {processor.py:186} INFO - Started process (PID=289) to work on /home/airflow/.local/lib/python3.12/site-packages/airflow/example_dags/example_external_task_marker_dag.py
[2025-04-18T13:36:36.572+0000] {processor.py:914} INFO - Processing file /home/airflow/.local/lib/python3.12/site-packages/airflow/example_dags/example_external_task_marker_dag.py for tasks to queue
[2025-04-18T13:36:36.573+0000] {logging_mixin.py:190} INFO - [2025-04-18T13:36:36.573+0000] {dagbag.py:588} INFO - Filling up the DagBag from /home/airflow/.local/lib/python3.12/site-packages/airflow/example_dags/example_external_task_marker_dag.py
[2025-04-18T13:36:36.577+0000] {processor.py:925} INFO - DAG(s) 'example_external_task_marker_child', 'example_external_task_marker_parent' retrieved from /home/airflow/.local/lib/python3.12/site-packages/airflow/example_dags/example_external_task_marker_dag.py
[2025-04-18T13:36:36.588+0000] {logging_mixin.py:190} INFO - [2025-04-18T13:36:36.587+0000] {dag.py:3239} INFO - Sync 2 DAGs
[2025-04-18T13:36:36.594+0000] {logging_mixin.py:190} INFO - [2025-04-18T13:36:36.593+0000] {dag.py:4180} INFO - Setting next_dagrun for example_external_task_marker_child to None, run_after=None
[2025-04-18T13:36:36.597+0000] {logging_mixin.py:190} INFO - [2025-04-18T13:36:36.596+0000] {dag.py:4180} INFO - Setting next_dagrun for example_external_task_marker_parent to None, run_after=None
[2025-04-18T13:36:36.605+0000] {processor.py:208} INFO - Processing /home/airflow/.local/lib/python3.12/site-packages/airflow/example_dags/example_external_task_marker_dag.py took 0.037 seconds
[2025-04-18T13:37:07.046+0000] {processor.py:186} INFO - Started process (PID=352) to work on /home/airflow/.local/lib/python3.12/site-packages/airflow/example_dags/example_external_task_marker_dag.py
[2025-04-18T13:37:07.049+0000] {processor.py:914} INFO - Processing file /home/airflow/.local/lib/python3.12/site-packages/airflow/example_dags/example_external_task_marker_dag.py for tasks to queue
[2025-04-18T13:37:07.053+0000] {logging_mixin.py:190} INFO - [2025-04-18T13:37:07.053+0000] {dagbag.py:588} INFO - Filling up the DagBag from /home/airflow/.local/lib/python3.12/site-packages/airflow/example_dags/example_external_task_marker_dag.py
[2025-04-18T13:37:07.070+0000] {processor.py:925} INFO - DAG(s) 'example_external_task_marker_child', 'example_external_task_marker_parent' retrieved from /home/airflow/.local/lib/python3.12/site-packages/airflow/example_dags/example_external_task_marker_dag.py
[2025-04-18T13:37:07.111+0000] {logging_mixin.py:190} INFO - [2025-04-18T13:37:07.111+0000] {dag.py:3239} INFO - Sync 2 DAGs
[2025-04-18T13:37:07.143+0000] {logging_mixin.py:190} INFO - [2025-04-18T13:37:07.143+0000] {dag.py:4180} INFO - Setting next_dagrun for example_external_task_marker_child to None, run_after=None
[2025-04-18T13:37:07.153+0000] {logging_mixin.py:190} INFO - [2025-04-18T13:37:07.153+0000] {dag.py:4180} INFO - Setting next_dagrun for example_external_task_marker_parent to None, run_after=None
[2025-04-18T13:37:07.165+0000] {processor.py:208} INFO - Processing /home/airflow/.local/lib/python3.12/site-packages/airflow/example_dags/example_external_task_marker_dag.py took 0.135 seconds
[2025-04-18T13:37:37.846+0000] {processor.py:186} INFO - Started process (PID=416) to work on /home/airflow/.local/lib/python3.12/site-packages/airflow/example_dags/example_external_task_marker_dag.py
[2025-04-18T13:37:37.847+0000] {processor.py:914} INFO - Processing file /home/airflow/.local/lib/python3.12/site-packages/airflow/example_dags/example_external_task_marker_dag.py for tasks to queue
[2025-04-18T13:37:37.851+0000] {logging_mixin.py:190} INFO - [2025-04-18T13:37:37.851+0000] {dagbag.py:588} INFO - Filling up the DagBag from /home/airflow/.local/lib/python3.12/site-packages/airflow/example_dags/example_external_task_marker_dag.py
[2025-04-18T13:37:37.857+0000] {processor.py:925} INFO - DAG(s) 'example_external_task_marker_child', 'example_external_task_marker_parent' retrieved from /home/airflow/.local/lib/python3.12/site-packages/airflow/example_dags/example_external_task_marker_dag.py
[2025-04-18T13:37:37.881+0000] {logging_mixin.py:190} INFO - [2025-04-18T13:37:37.881+0000] {dag.py:3239} INFO - Sync 2 DAGs
[2025-04-18T13:37:37.891+0000] {logging_mixin.py:190} INFO - [2025-04-18T13:37:37.891+0000] {dag.py:4180} INFO - Setting next_dagrun for example_external_task_marker_child to None, run_after=None
[2025-04-18T13:37:37.893+0000] {logging_mixin.py:190} INFO - [2025-04-18T13:37:37.893+0000] {dag.py:4180} INFO - Setting next_dagrun for example_external_task_marker_parent to None, run_after=None
[2025-04-18T13:37:37.902+0000] {processor.py:208} INFO - Processing /home/airflow/.local/lib/python3.12/site-packages/airflow/example_dags/example_external_task_marker_dag.py took 0.063 seconds
[2025-04-18T13:38:08.508+0000] {processor.py:186} INFO - Started process (PID=480) to work on /home/airflow/.local/lib/python3.12/site-packages/airflow/example_dags/example_external_task_marker_dag.py
[2025-04-18T13:38:08.510+0000] {processor.py:914} INFO - Processing file /home/airflow/.local/lib/python3.12/site-packages/airflow/example_dags/example_external_task_marker_dag.py for tasks to queue
[2025-04-18T13:38:08.512+0000] {logging_mixin.py:190} INFO - [2025-04-18T13:38:08.512+0000] {dagbag.py:588} INFO - Filling up the DagBag from /home/airflow/.local/lib/python3.12/site-packages/airflow/example_dags/example_external_task_marker_dag.py
[2025-04-18T13:38:08.521+0000] {processor.py:925} INFO - DAG(s) 'example_external_task_marker_parent', 'example_external_task_marker_child' retrieved from /home/airflow/.local/lib/python3.12/site-packages/airflow/example_dags/example_external_task_marker_dag.py
[2025-04-18T13:38:08.536+0000] {logging_mixin.py:190} INFO - [2025-04-18T13:38:08.536+0000] {dag.py:3239} INFO - Sync 2 DAGs
[2025-04-18T13:38:08.544+0000] {logging_mixin.py:190} INFO - [2025-04-18T13:38:08.544+0000] {dag.py:4180} INFO - Setting next_dagrun for example_external_task_marker_child to None, run_after=None
[2025-04-18T13:38:08.549+0000] {logging_mixin.py:190} INFO - [2025-04-18T13:38:08.549+0000] {dag.py:4180} INFO - Setting next_dagrun for example_external_task_marker_parent to None, run_after=None
[2025-04-18T13:38:08.562+0000] {processor.py:208} INFO - Processing /home/airflow/.local/lib/python3.12/site-packages/airflow/example_dags/example_external_task_marker_dag.py took 0.065 seconds
[2025-04-18T13:38:39.222+0000] {processor.py:186} INFO - Started process (PID=544) to work on /home/airflow/.local/lib/python3.12/site-packages/airflow/example_dags/example_external_task_marker_dag.py
[2025-04-18T13:38:39.222+0000] {processor.py:914} INFO - Processing file /home/airflow/.local/lib/python3.12/site-packages/airflow/example_dags/example_external_task_marker_dag.py for tasks to queue
[2025-04-18T13:38:39.223+0000] {logging_mixin.py:190} INFO - [2025-04-18T13:38:39.223+0000] {dagbag.py:588} INFO - Filling up the DagBag from /home/airflow/.local/lib/python3.12/site-packages/airflow/example_dags/example_external_task_marker_dag.py
[2025-04-18T13:38:39.231+0000] {processor.py:925} INFO - DAG(s) 'example_external_task_marker_child', 'example_external_task_marker_parent' retrieved from /home/airflow/.local/lib/python3.12/site-packages/airflow/example_dags/example_external_task_marker_dag.py
[2025-04-18T13:38:39.244+0000] {logging_mixin.py:190} INFO - [2025-04-18T13:38:39.244+0000] {dag.py:3239} INFO - Sync 2 DAGs
[2025-04-18T13:38:39.250+0000] {logging_mixin.py:190} INFO - [2025-04-18T13:38:39.250+0000] {dag.py:4180} INFO - Setting next_dagrun for example_external_task_marker_child to None, run_after=None
[2025-04-18T13:38:39.252+0000] {logging_mixin.py:190} INFO - [2025-04-18T13:38:39.252+0000] {dag.py:4180} INFO - Setting next_dagrun for example_external_task_marker_parent to None, run_after=None
[2025-04-18T13:38:39.258+0000] {processor.py:208} INFO - Processing /home/airflow/.local/lib/python3.12/site-packages/airflow/example_dags/example_external_task_marker_dag.py took 0.039 seconds
[2025-04-18T13:40:11.025+0000] {processor.py:186} INFO - Started process (PID=630) to work on /home/airflow/.local/lib/python3.12/site-packages/airflow/example_dags/example_external_task_marker_dag.py
[2025-04-18T13:40:11.032+0000] {processor.py:914} INFO - Processing file /home/airflow/.local/lib/python3.12/site-packages/airflow/example_dags/example_external_task_marker_dag.py for tasks to queue
[2025-04-18T13:40:11.061+0000] {logging_mixin.py:190} INFO - [2025-04-18T13:40:11.056+0000] {dagbag.py:588} INFO - Filling up the DagBag from /home/airflow/.local/lib/python3.12/site-packages/airflow/example_dags/example_external_task_marker_dag.py
[2025-04-18T13:40:11.099+0000] {processor.py:925} INFO - DAG(s) 'example_external_task_marker_parent', 'example_external_task_marker_child' retrieved from /home/airflow/.local/lib/python3.12/site-packages/airflow/example_dags/example_external_task_marker_dag.py
[2025-04-18T13:40:11.241+0000] {logging_mixin.py:190} INFO - [2025-04-18T13:40:11.238+0000] {dag.py:3239} INFO - Sync 2 DAGs
[2025-04-18T13:40:11.317+0000] {logging_mixin.py:190} INFO - [2025-04-18T13:40:11.316+0000] {dag.py:4180} INFO - Setting next_dagrun for example_external_task_marker_child to None, run_after=None
[2025-04-18T13:40:11.334+0000] {logging_mixin.py:190} INFO - [2025-04-18T13:40:11.333+0000] {dag.py:4180} INFO - Setting next_dagrun for example_external_task_marker_parent to None, run_after=None
[2025-04-18T13:40:11.397+0000] {processor.py:208} INFO - Processing /home/airflow/.local/lib/python3.12/site-packages/airflow/example_dags/example_external_task_marker_dag.py took 0.404 seconds
[2025-04-18T13:44:00.555+0000] {processor.py:186} INFO - Started process (PID=108) to work on /home/airflow/.local/lib/python3.12/site-packages/airflow/example_dags/example_external_task_marker_dag.py
[2025-04-18T13:44:00.559+0000] {processor.py:914} INFO - Processing file /home/airflow/.local/lib/python3.12/site-packages/airflow/example_dags/example_external_task_marker_dag.py for tasks to queue
[2025-04-18T13:44:00.573+0000] {logging_mixin.py:190} INFO - [2025-04-18T13:44:00.570+0000] {dagbag.py:588} INFO - Filling up the DagBag from /home/airflow/.local/lib/python3.12/site-packages/airflow/example_dags/example_external_task_marker_dag.py
[2025-04-18T13:44:00.671+0000] {processor.py:925} INFO - DAG(s) 'example_external_task_marker_parent', 'example_external_task_marker_child' retrieved from /home/airflow/.local/lib/python3.12/site-packages/airflow/example_dags/example_external_task_marker_dag.py
[2025-04-18T13:44:00.827+0000] {logging_mixin.py:190} INFO - [2025-04-18T13:44:00.826+0000] {dag.py:3239} INFO - Sync 2 DAGs
[2025-04-18T13:44:00.929+0000] {logging_mixin.py:190} INFO - [2025-04-18T13:44:00.928+0000] {dag.py:4180} INFO - Setting next_dagrun for example_external_task_marker_child to None, run_after=None
[2025-04-18T13:44:00.950+0000] {logging_mixin.py:190} INFO - [2025-04-18T13:44:00.942+0000] {dag.py:4180} INFO - Setting next_dagrun for example_external_task_marker_parent to None, run_after=None
[2025-04-18T13:44:01.167+0000] {processor.py:208} INFO - Processing /home/airflow/.local/lib/python3.12/site-packages/airflow/example_dags/example_external_task_marker_dag.py took 0.654 seconds
[2025-04-18T13:44:58.656+0000] {processor.py:186} INFO - Started process (PID=184) to work on /home/airflow/.local/lib/python3.12/site-packages/airflow/example_dags/example_external_task_marker_dag.py
[2025-04-18T13:44:58.666+0000] {processor.py:914} INFO - Processing file /home/airflow/.local/lib/python3.12/site-packages/airflow/example_dags/example_external_task_marker_dag.py for tasks to queue
[2025-04-18T13:44:58.691+0000] {logging_mixin.py:190} INFO - [2025-04-18T13:44:58.689+0000] {dagbag.py:588} INFO - Filling up the DagBag from /home/airflow/.local/lib/python3.12/site-packages/airflow/example_dags/example_external_task_marker_dag.py
[2025-04-18T13:44:58.781+0000] {processor.py:925} INFO - DAG(s) 'example_external_task_marker_child', 'example_external_task_marker_parent' retrieved from /home/airflow/.local/lib/python3.12/site-packages/airflow/example_dags/example_external_task_marker_dag.py
[2025-04-18T13:44:59.136+0000] {logging_mixin.py:190} INFO - [2025-04-18T13:44:59.131+0000] {dag.py:3239} INFO - Sync 2 DAGs
[2025-04-18T13:44:59.231+0000] {logging_mixin.py:190} INFO - [2025-04-18T13:44:59.230+0000] {dag.py:4180} INFO - Setting next_dagrun for example_external_task_marker_child to None, run_after=None
[2025-04-18T13:44:59.269+0000] {logging_mixin.py:190} INFO - [2025-04-18T13:44:59.268+0000] {dag.py:4180} INFO - Setting next_dagrun for example_external_task_marker_parent to None, run_after=None
[2025-04-18T13:44:59.348+0000] {processor.py:208} INFO - Processing /home/airflow/.local/lib/python3.12/site-packages/airflow/example_dags/example_external_task_marker_dag.py took 0.722 seconds
[2025-04-18T13:46:35.913+0000] {processor.py:186} INFO - Started process (PID=264) to work on /home/airflow/.local/lib/python3.12/site-packages/airflow/example_dags/example_external_task_marker_dag.py
[2025-04-18T13:46:35.935+0000] {processor.py:914} INFO - Processing file /home/airflow/.local/lib/python3.12/site-packages/airflow/example_dags/example_external_task_marker_dag.py for tasks to queue
[2025-04-18T13:46:35.974+0000] {logging_mixin.py:190} INFO - [2025-04-18T13:46:35.942+0000] {dagbag.py:588} INFO - Filling up the DagBag from /home/airflow/.local/lib/python3.12/site-packages/airflow/example_dags/example_external_task_marker_dag.py
[2025-04-18T13:46:36.210+0000] {processor.py:925} INFO - DAG(s) 'example_external_task_marker_child', 'example_external_task_marker_parent' retrieved from /home/airflow/.local/lib/python3.12/site-packages/airflow/example_dags/example_external_task_marker_dag.py
[2025-04-18T13:46:37.160+0000] {logging_mixin.py:190} INFO - [2025-04-18T13:46:37.153+0000] {dag.py:3239} INFO - Sync 2 DAGs
[2025-04-18T13:46:37.261+0000] {logging_mixin.py:190} INFO - [2025-04-18T13:46:37.260+0000] {dag.py:4180} INFO - Setting next_dagrun for example_external_task_marker_child to None, run_after=None
[2025-04-18T13:46:37.325+0000] {logging_mixin.py:190} INFO - [2025-04-18T13:46:37.325+0000] {dag.py:4180} INFO - Setting next_dagrun for example_external_task_marker_parent to None, run_after=None
[2025-04-18T13:46:37.648+0000] {processor.py:208} INFO - Processing /home/airflow/.local/lib/python3.12/site-packages/airflow/example_dags/example_external_task_marker_dag.py took 1.799 seconds
[2025-04-18T13:49:48.818+0000] {processor.py:186} INFO - Started process (PID=111) to work on /home/airflow/.local/lib/python3.12/site-packages/airflow/example_dags/example_external_task_marker_dag.py
[2025-04-18T13:49:48.825+0000] {processor.py:914} INFO - Processing file /home/airflow/.local/lib/python3.12/site-packages/airflow/example_dags/example_external_task_marker_dag.py for tasks to queue
[2025-04-18T13:49:48.862+0000] {logging_mixin.py:190} INFO - [2025-04-18T13:49:48.860+0000] {dagbag.py:588} INFO - Filling up the DagBag from /home/airflow/.local/lib/python3.12/site-packages/airflow/example_dags/example_external_task_marker_dag.py
[2025-04-18T13:49:48.914+0000] {processor.py:925} INFO - DAG(s) 'example_external_task_marker_child', 'example_external_task_marker_parent' retrieved from /home/airflow/.local/lib/python3.12/site-packages/airflow/example_dags/example_external_task_marker_dag.py
[2025-04-18T13:49:49.369+0000] {logging_mixin.py:190} INFO - [2025-04-18T13:49:49.352+0000] {dag.py:3239} INFO - Sync 2 DAGs
[2025-04-18T13:49:49.733+0000] {logging_mixin.py:190} INFO - [2025-04-18T13:49:49.718+0000] {dag.py:4180} INFO - Setting next_dagrun for example_external_task_marker_child to None, run_after=None
[2025-04-18T13:49:49.815+0000] {logging_mixin.py:190} INFO - [2025-04-18T13:49:49.801+0000] {dag.py:4180} INFO - Setting next_dagrun for example_external_task_marker_parent to None, run_after=None
[2025-04-18T13:49:50.025+0000] {processor.py:208} INFO - Processing /home/airflow/.local/lib/python3.12/site-packages/airflow/example_dags/example_external_task_marker_dag.py took 1.293 seconds
[2025-04-18T13:51:03.393+0000] {processor.py:186} INFO - Started process (PID=191) to work on /home/airflow/.local/lib/python3.12/site-packages/airflow/example_dags/example_external_task_marker_dag.py
[2025-04-18T13:51:03.456+0000] {processor.py:914} INFO - Processing file /home/airflow/.local/lib/python3.12/site-packages/airflow/example_dags/example_external_task_marker_dag.py for tasks to queue
[2025-04-18T13:51:03.563+0000] {logging_mixin.py:190} INFO - [2025-04-18T13:51:03.561+0000] {dagbag.py:588} INFO - Filling up the DagBag from /home/airflow/.local/lib/python3.12/site-packages/airflow/example_dags/example_external_task_marker_dag.py
[2025-04-18T13:51:03.891+0000] {processor.py:925} INFO - DAG(s) 'example_external_task_marker_parent', 'example_external_task_marker_child' retrieved from /home/airflow/.local/lib/python3.12/site-packages/airflow/example_dags/example_external_task_marker_dag.py
[2025-04-18T13:51:04.587+0000] {logging_mixin.py:190} INFO - [2025-04-18T13:51:04.582+0000] {dag.py:3239} INFO - Sync 2 DAGs
[2025-04-18T13:51:04.748+0000] {logging_mixin.py:190} INFO - [2025-04-18T13:51:04.747+0000] {dag.py:4180} INFO - Setting next_dagrun for example_external_task_marker_child to None, run_after=None
[2025-04-18T13:51:04.773+0000] {logging_mixin.py:190} INFO - [2025-04-18T13:51:04.771+0000] {dag.py:4180} INFO - Setting next_dagrun for example_external_task_marker_parent to None, run_after=None
[2025-04-18T13:51:04.960+0000] {processor.py:208} INFO - Processing /home/airflow/.local/lib/python3.12/site-packages/airflow/example_dags/example_external_task_marker_dag.py took 1.638 seconds
[2025-04-18T13:52:19.148+0000] {processor.py:186} INFO - Started process (PID=273) to work on /home/airflow/.local/lib/python3.12/site-packages/airflow/example_dags/example_external_task_marker_dag.py
[2025-04-18T13:52:19.167+0000] {processor.py:914} INFO - Processing file /home/airflow/.local/lib/python3.12/site-packages/airflow/example_dags/example_external_task_marker_dag.py for tasks to queue
[2025-04-18T13:52:19.181+0000] {logging_mixin.py:190} INFO - [2025-04-18T13:52:19.180+0000] {dagbag.py:588} INFO - Filling up the DagBag from /home/airflow/.local/lib/python3.12/site-packages/airflow/example_dags/example_external_task_marker_dag.py
[2025-04-18T13:52:19.238+0000] {processor.py:925} INFO - DAG(s) 'example_external_task_marker_child', 'example_external_task_marker_parent' retrieved from /home/airflow/.local/lib/python3.12/site-packages/airflow/example_dags/example_external_task_marker_dag.py
[2025-04-18T13:52:19.472+0000] {logging_mixin.py:190} INFO - [2025-04-18T13:52:19.468+0000] {dag.py:3239} INFO - Sync 2 DAGs
[2025-04-18T13:52:19.524+0000] {logging_mixin.py:190} INFO - [2025-04-18T13:52:19.524+0000] {dag.py:4180} INFO - Setting next_dagrun for example_external_task_marker_child to None, run_after=None
[2025-04-18T13:52:19.545+0000] {logging_mixin.py:190} INFO - [2025-04-18T13:52:19.544+0000] {dag.py:4180} INFO - Setting next_dagrun for example_external_task_marker_parent to None, run_after=None
[2025-04-18T13:52:19.646+0000] {processor.py:208} INFO - Processing /home/airflow/.local/lib/python3.12/site-packages/airflow/example_dags/example_external_task_marker_dag.py took 0.547 seconds
[2025-04-18T13:53:29.450+0000] {processor.py:186} INFO - Started process (PID=347) to work on /home/airflow/.local/lib/python3.12/site-packages/airflow/example_dags/example_external_task_marker_dag.py
[2025-04-18T13:53:29.459+0000] {processor.py:914} INFO - Processing file /home/airflow/.local/lib/python3.12/site-packages/airflow/example_dags/example_external_task_marker_dag.py for tasks to queue
[2025-04-18T13:53:29.480+0000] {logging_mixin.py:190} INFO - [2025-04-18T13:53:29.477+0000] {dagbag.py:588} INFO - Filling up the DagBag from /home/airflow/.local/lib/python3.12/site-packages/airflow/example_dags/example_external_task_marker_dag.py
[2025-04-18T13:53:29.639+0000] {processor.py:925} INFO - DAG(s) 'example_external_task_marker_child', 'example_external_task_marker_parent' retrieved from /home/airflow/.local/lib/python3.12/site-packages/airflow/example_dags/example_external_task_marker_dag.py
[2025-04-18T13:53:30.012+0000] {logging_mixin.py:190} INFO - [2025-04-18T13:53:30.010+0000] {dag.py:3239} INFO - Sync 2 DAGs
[2025-04-18T13:53:30.356+0000] {logging_mixin.py:190} INFO - [2025-04-18T13:53:30.355+0000] {dag.py:4180} INFO - Setting next_dagrun for example_external_task_marker_child to None, run_after=None
[2025-04-18T13:53:30.396+0000] {logging_mixin.py:190} INFO - [2025-04-18T13:53:30.395+0000] {dag.py:4180} INFO - Setting next_dagrun for example_external_task_marker_parent to None, run_after=None
[2025-04-18T13:53:30.605+0000] {processor.py:208} INFO - Processing /home/airflow/.local/lib/python3.12/site-packages/airflow/example_dags/example_external_task_marker_dag.py took 1.216 seconds
[2025-04-18T13:54:12.824+0000] {processor.py:186} INFO - Started process (PID=417) to work on /home/airflow/.local/lib/python3.12/site-packages/airflow/example_dags/example_external_task_marker_dag.py
[2025-04-18T13:54:12.831+0000] {processor.py:914} INFO - Processing file /home/airflow/.local/lib/python3.12/site-packages/airflow/example_dags/example_external_task_marker_dag.py for tasks to queue
[2025-04-18T13:54:12.845+0000] {logging_mixin.py:190} INFO - [2025-04-18T13:54:12.844+0000] {dagbag.py:588} INFO - Filling up the DagBag from /home/airflow/.local/lib/python3.12/site-packages/airflow/example_dags/example_external_task_marker_dag.py
[2025-04-18T13:54:12.958+0000] {processor.py:925} INFO - DAG(s) 'example_external_task_marker_child', 'example_external_task_marker_parent' retrieved from /home/airflow/.local/lib/python3.12/site-packages/airflow/example_dags/example_external_task_marker_dag.py
[2025-04-18T13:54:13.151+0000] {logging_mixin.py:190} INFO - [2025-04-18T13:54:13.146+0000] {dag.py:3239} INFO - Sync 2 DAGs
[2025-04-18T13:54:13.224+0000] {logging_mixin.py:190} INFO - [2025-04-18T13:54:13.223+0000] {dag.py:4180} INFO - Setting next_dagrun for example_external_task_marker_child to None, run_after=None
[2025-04-18T13:54:13.244+0000] {logging_mixin.py:190} INFO - [2025-04-18T13:54:13.244+0000] {dag.py:4180} INFO - Setting next_dagrun for example_external_task_marker_parent to None, run_after=None
[2025-04-18T13:54:13.356+0000] {processor.py:208} INFO - Processing /home/airflow/.local/lib/python3.12/site-packages/airflow/example_dags/example_external_task_marker_dag.py took 0.549 seconds
[2025-04-18T13:54:43.591+0000] {processor.py:186} INFO - Started process (PID=479) to work on /home/airflow/.local/lib/python3.12/site-packages/airflow/example_dags/example_external_task_marker_dag.py
[2025-04-18T13:54:43.595+0000] {processor.py:914} INFO - Processing file /home/airflow/.local/lib/python3.12/site-packages/airflow/example_dags/example_external_task_marker_dag.py for tasks to queue
[2025-04-18T13:54:43.609+0000] {logging_mixin.py:190} INFO - [2025-04-18T13:54:43.608+0000] {dagbag.py:588} INFO - Filling up the DagBag from /home/airflow/.local/lib/python3.12/site-packages/airflow/example_dags/example_external_task_marker_dag.py
[2025-04-18T13:54:43.670+0000] {processor.py:925} INFO - DAG(s) 'example_external_task_marker_parent', 'example_external_task_marker_child' retrieved from /home/airflow/.local/lib/python3.12/site-packages/airflow/example_dags/example_external_task_marker_dag.py
[2025-04-18T13:54:43.826+0000] {logging_mixin.py:190} INFO - [2025-04-18T13:54:43.821+0000] {dag.py:3239} INFO - Sync 2 DAGs
[2025-04-18T13:54:43.882+0000] {logging_mixin.py:190} INFO - [2025-04-18T13:54:43.882+0000] {dag.py:4180} INFO - Setting next_dagrun for example_external_task_marker_child to None, run_after=None
[2025-04-18T13:54:43.897+0000] {logging_mixin.py:190} INFO - [2025-04-18T13:54:43.896+0000] {dag.py:4180} INFO - Setting next_dagrun for example_external_task_marker_parent to None, run_after=None
[2025-04-18T13:54:44.077+0000] {processor.py:208} INFO - Processing /home/airflow/.local/lib/python3.12/site-packages/airflow/example_dags/example_external_task_marker_dag.py took 0.505 seconds
