[2025-04-18T13:26:35.009+0000] {processor.py:186} INFO - Started process (PID=102) to work on /home/airflow/.local/lib/python3.12/site-packages/airflow/example_dags/example_bash_decorator.py
[2025-04-18T13:26:35.034+0000] {processor.py:914} INFO - Processing file /home/airflow/.local/lib/python3.12/site-packages/airflow/example_dags/example_bash_decorator.py for tasks to queue
[2025-04-18T13:26:35.070+0000] {logging_mixin.py:190} INFO - [2025-04-18T13:26:35.064+0000] {dagbag.py:588} INFO - Filling up the DagBag from /home/airflow/.local/lib/python3.12/site-packages/airflow/example_dags/example_bash_decorator.py
[2025-04-18T13:26:35.725+0000] {processor.py:925} INFO - DAG(s) 'example_bash_decorator' retrieved from /home/airflow/.local/lib/python3.12/site-packages/airflow/example_dags/example_bash_decorator.py
[2025-04-18T13:26:40.139+0000] {logging_mixin.py:190} INFO - [2025-04-18T13:26:40.133+0000] {dag.py:3239} INFO - Sync 1 DAGs
[2025-04-18T13:26:40.201+0000] {logging_mixin.py:190} INFO - [2025-04-18T13:26:40.200+0000] {dag.py:4180} INFO - Setting next_dagrun for example_bash_decorator to None, run_after=None
[2025-04-18T13:26:40.278+0000] {processor.py:208} INFO - Processing /home/airflow/.local/lib/python3.12/site-packages/airflow/example_dags/example_bash_decorator.py took 5.423 seconds
[2025-04-18T13:30:12.266+0000] {processor.py:186} INFO - Started process (PID=95) to work on /home/airflow/.local/lib/python3.12/site-packages/airflow/example_dags/example_bash_decorator.py
[2025-04-18T13:30:12.272+0000] {processor.py:914} INFO - Processing file /home/airflow/.local/lib/python3.12/site-packages/airflow/example_dags/example_bash_decorator.py for tasks to queue
[2025-04-18T13:30:12.306+0000] {logging_mixin.py:190} INFO - [2025-04-18T13:30:12.301+0000] {dagbag.py:588} INFO - Filling up the DagBag from /home/airflow/.local/lib/python3.12/site-packages/airflow/example_dags/example_bash_decorator.py
[2025-04-18T13:30:12.427+0000] {processor.py:925} INFO - DAG(s) 'example_bash_decorator' retrieved from /home/airflow/.local/lib/python3.12/site-packages/airflow/example_dags/example_bash_decorator.py
[2025-04-18T13:30:13.167+0000] {logging_mixin.py:190} INFO - [2025-04-18T13:30:13.164+0000] {dag.py:3239} INFO - Sync 1 DAGs
[2025-04-18T13:30:13.223+0000] {logging_mixin.py:190} INFO - [2025-04-18T13:30:13.222+0000] {dag.py:4180} INFO - Setting next_dagrun for example_bash_decorator to None, run_after=None
[2025-04-18T13:30:13.301+0000] {processor.py:208} INFO - Processing /home/airflow/.local/lib/python3.12/site-packages/airflow/example_dags/example_bash_decorator.py took 1.125 seconds
[2025-04-18T13:30:46.908+0000] {processor.py:186} INFO - Started process (PID=158) to work on /home/airflow/.local/lib/python3.12/site-packages/airflow/example_dags/example_bash_decorator.py
[2025-04-18T13:30:46.914+0000] {processor.py:914} INFO - Processing file /home/airflow/.local/lib/python3.12/site-packages/airflow/example_dags/example_bash_decorator.py for tasks to queue
[2025-04-18T13:30:46.926+0000] {logging_mixin.py:190} INFO - [2025-04-18T13:30:46.925+0000] {dagbag.py:588} INFO - Filling up the DagBag from /home/airflow/.local/lib/python3.12/site-packages/airflow/example_dags/example_bash_decorator.py
[2025-04-18T13:30:46.977+0000] {processor.py:925} INFO - DAG(s) 'example_bash_decorator' retrieved from /home/airflow/.local/lib/python3.12/site-packages/airflow/example_dags/example_bash_decorator.py
[2025-04-18T13:30:47.047+0000] {logging_mixin.py:190} INFO - [2025-04-18T13:30:47.046+0000] {dag.py:3239} INFO - Sync 1 DAGs
[2025-04-18T13:30:47.131+0000] {logging_mixin.py:190} INFO - [2025-04-18T13:30:47.130+0000] {dag.py:4180} INFO - Setting next_dagrun for example_bash_decorator to None, run_after=None
[2025-04-18T13:30:47.210+0000] {processor.py:208} INFO - Processing /home/airflow/.local/lib/python3.12/site-packages/airflow/example_dags/example_bash_decorator.py took 0.319 seconds
[2025-04-18T13:31:17.622+0000] {processor.py:186} INFO - Started process (PID=222) to work on /home/airflow/.local/lib/python3.12/site-packages/airflow/example_dags/example_bash_decorator.py
[2025-04-18T13:31:17.623+0000] {processor.py:914} INFO - Processing file /home/airflow/.local/lib/python3.12/site-packages/airflow/example_dags/example_bash_decorator.py for tasks to queue
[2025-04-18T13:31:17.625+0000] {logging_mixin.py:190} INFO - [2025-04-18T13:31:17.624+0000] {dagbag.py:588} INFO - Filling up the DagBag from /home/airflow/.local/lib/python3.12/site-packages/airflow/example_dags/example_bash_decorator.py
[2025-04-18T13:31:17.634+0000] {processor.py:925} INFO - DAG(s) 'example_bash_decorator' retrieved from /home/airflow/.local/lib/python3.12/site-packages/airflow/example_dags/example_bash_decorator.py
[2025-04-18T13:31:17.649+0000] {logging_mixin.py:190} INFO - [2025-04-18T13:31:17.649+0000] {dag.py:3239} INFO - Sync 1 DAGs
[2025-04-18T13:31:17.659+0000] {logging_mixin.py:190} INFO - [2025-04-18T13:31:17.658+0000] {dag.py:4180} INFO - Setting next_dagrun for example_bash_decorator to None, run_after=None
[2025-04-18T13:31:17.672+0000] {processor.py:208} INFO - Processing /home/airflow/.local/lib/python3.12/site-packages/airflow/example_dags/example_bash_decorator.py took 0.055 seconds
[2025-04-18T13:31:48.501+0000] {processor.py:186} INFO - Started process (PID=286) to work on /home/airflow/.local/lib/python3.12/site-packages/airflow/example_dags/example_bash_decorator.py
[2025-04-18T13:31:48.503+0000] {processor.py:914} INFO - Processing file /home/airflow/.local/lib/python3.12/site-packages/airflow/example_dags/example_bash_decorator.py for tasks to queue
[2025-04-18T13:31:48.507+0000] {logging_mixin.py:190} INFO - [2025-04-18T13:31:48.506+0000] {dagbag.py:588} INFO - Filling up the DagBag from /home/airflow/.local/lib/python3.12/site-packages/airflow/example_dags/example_bash_decorator.py
[2025-04-18T13:31:48.522+0000] {processor.py:925} INFO - DAG(s) 'example_bash_decorator' retrieved from /home/airflow/.local/lib/python3.12/site-packages/airflow/example_dags/example_bash_decorator.py
[2025-04-18T13:31:48.543+0000] {logging_mixin.py:190} INFO - [2025-04-18T13:31:48.543+0000] {dag.py:3239} INFO - Sync 1 DAGs
[2025-04-18T13:31:48.553+0000] {logging_mixin.py:190} INFO - [2025-04-18T13:31:48.553+0000] {dag.py:4180} INFO - Setting next_dagrun for example_bash_decorator to None, run_after=None
[2025-04-18T13:31:48.569+0000] {processor.py:208} INFO - Processing /home/airflow/.local/lib/python3.12/site-packages/airflow/example_dags/example_bash_decorator.py took 0.073 seconds
[2025-04-18T13:32:19.098+0000] {processor.py:186} INFO - Started process (PID=350) to work on /home/airflow/.local/lib/python3.12/site-packages/airflow/example_dags/example_bash_decorator.py
[2025-04-18T13:32:19.099+0000] {processor.py:914} INFO - Processing file /home/airflow/.local/lib/python3.12/site-packages/airflow/example_dags/example_bash_decorator.py for tasks to queue
[2025-04-18T13:32:19.100+0000] {logging_mixin.py:190} INFO - [2025-04-18T13:32:19.100+0000] {dagbag.py:588} INFO - Filling up the DagBag from /home/airflow/.local/lib/python3.12/site-packages/airflow/example_dags/example_bash_decorator.py
[2025-04-18T13:32:19.107+0000] {processor.py:925} INFO - DAG(s) 'example_bash_decorator' retrieved from /home/airflow/.local/lib/python3.12/site-packages/airflow/example_dags/example_bash_decorator.py
[2025-04-18T13:32:19.122+0000] {logging_mixin.py:190} INFO - [2025-04-18T13:32:19.121+0000] {dag.py:3239} INFO - Sync 1 DAGs
[2025-04-18T13:32:19.128+0000] {logging_mixin.py:190} INFO - [2025-04-18T13:32:19.127+0000] {dag.py:4180} INFO - Setting next_dagrun for example_bash_decorator to None, run_after=None
[2025-04-18T13:32:19.138+0000] {processor.py:208} INFO - Processing /home/airflow/.local/lib/python3.12/site-packages/airflow/example_dags/example_bash_decorator.py took 0.044 seconds
[2025-04-18T13:35:03.157+0000] {processor.py:186} INFO - Started process (PID=90) to work on /home/airflow/.local/lib/python3.12/site-packages/airflow/example_dags/example_bash_decorator.py
[2025-04-18T13:35:03.160+0000] {processor.py:914} INFO - Processing file /home/airflow/.local/lib/python3.12/site-packages/airflow/example_dags/example_bash_decorator.py for tasks to queue
[2025-04-18T13:35:03.171+0000] {logging_mixin.py:190} INFO - [2025-04-18T13:35:03.170+0000] {dagbag.py:588} INFO - Filling up the DagBag from /home/airflow/.local/lib/python3.12/site-packages/airflow/example_dags/example_bash_decorator.py
[2025-04-18T13:35:03.243+0000] {processor.py:925} INFO - DAG(s) 'example_bash_decorator' retrieved from /home/airflow/.local/lib/python3.12/site-packages/airflow/example_dags/example_bash_decorator.py
[2025-04-18T13:35:03.837+0000] {logging_mixin.py:190} INFO - [2025-04-18T13:35:03.834+0000] {dag.py:3239} INFO - Sync 1 DAGs
[2025-04-18T13:35:03.869+0000] {logging_mixin.py:190} INFO - [2025-04-18T13:35:03.869+0000] {dag.py:4180} INFO - Setting next_dagrun for example_bash_decorator to None, run_after=None
[2025-04-18T13:35:03.915+0000] {processor.py:208} INFO - Processing /home/airflow/.local/lib/python3.12/site-packages/airflow/example_dags/example_bash_decorator.py took 0.770 seconds
[2025-04-18T13:35:34.225+0000] {processor.py:186} INFO - Started process (PID=154) to work on /home/airflow/.local/lib/python3.12/site-packages/airflow/example_dags/example_bash_decorator.py
[2025-04-18T13:35:34.229+0000] {processor.py:914} INFO - Processing file /home/airflow/.local/lib/python3.12/site-packages/airflow/example_dags/example_bash_decorator.py for tasks to queue
[2025-04-18T13:35:34.235+0000] {logging_mixin.py:190} INFO - [2025-04-18T13:35:34.235+0000] {dagbag.py:588} INFO - Filling up the DagBag from /home/airflow/.local/lib/python3.12/site-packages/airflow/example_dags/example_bash_decorator.py
[2025-04-18T13:35:34.258+0000] {processor.py:925} INFO - DAG(s) 'example_bash_decorator' retrieved from /home/airflow/.local/lib/python3.12/site-packages/airflow/example_dags/example_bash_decorator.py
[2025-04-18T13:35:34.289+0000] {logging_mixin.py:190} INFO - [2025-04-18T13:35:34.289+0000] {dag.py:3239} INFO - Sync 1 DAGs
[2025-04-18T13:35:34.299+0000] {logging_mixin.py:190} INFO - [2025-04-18T13:35:34.299+0000] {dag.py:4180} INFO - Setting next_dagrun for example_bash_decorator to None, run_after=None
[2025-04-18T13:35:34.314+0000] {processor.py:208} INFO - Processing /home/airflow/.local/lib/python3.12/site-packages/airflow/example_dags/example_bash_decorator.py took 0.100 seconds
[2025-04-18T13:36:04.696+0000] {processor.py:186} INFO - Started process (PID=218) to work on /home/airflow/.local/lib/python3.12/site-packages/airflow/example_dags/example_bash_decorator.py
[2025-04-18T13:36:04.697+0000] {processor.py:914} INFO - Processing file /home/airflow/.local/lib/python3.12/site-packages/airflow/example_dags/example_bash_decorator.py for tasks to queue
[2025-04-18T13:36:04.699+0000] {logging_mixin.py:190} INFO - [2025-04-18T13:36:04.699+0000] {dagbag.py:588} INFO - Filling up the DagBag from /home/airflow/.local/lib/python3.12/site-packages/airflow/example_dags/example_bash_decorator.py
[2025-04-18T13:36:04.714+0000] {processor.py:925} INFO - DAG(s) 'example_bash_decorator' retrieved from /home/airflow/.local/lib/python3.12/site-packages/airflow/example_dags/example_bash_decorator.py
[2025-04-18T13:36:04.737+0000] {logging_mixin.py:190} INFO - [2025-04-18T13:36:04.737+0000] {dag.py:3239} INFO - Sync 1 DAGs
[2025-04-18T13:36:04.747+0000] {logging_mixin.py:190} INFO - [2025-04-18T13:36:04.747+0000] {dag.py:4180} INFO - Setting next_dagrun for example_bash_decorator to None, run_after=None
[2025-04-18T13:36:04.766+0000] {processor.py:208} INFO - Processing /home/airflow/.local/lib/python3.12/site-packages/airflow/example_dags/example_bash_decorator.py took 0.075 seconds
[2025-04-18T13:36:35.228+0000] {processor.py:186} INFO - Started process (PID=282) to work on /home/airflow/.local/lib/python3.12/site-packages/airflow/example_dags/example_bash_decorator.py
[2025-04-18T13:36:35.230+0000] {processor.py:914} INFO - Processing file /home/airflow/.local/lib/python3.12/site-packages/airflow/example_dags/example_bash_decorator.py for tasks to queue
[2025-04-18T13:36:35.236+0000] {logging_mixin.py:190} INFO - [2025-04-18T13:36:35.235+0000] {dagbag.py:588} INFO - Filling up the DagBag from /home/airflow/.local/lib/python3.12/site-packages/airflow/example_dags/example_bash_decorator.py
[2025-04-18T13:36:35.267+0000] {processor.py:925} INFO - DAG(s) 'example_bash_decorator' retrieved from /home/airflow/.local/lib/python3.12/site-packages/airflow/example_dags/example_bash_decorator.py
[2025-04-18T13:36:35.309+0000] {logging_mixin.py:190} INFO - [2025-04-18T13:36:35.309+0000] {dag.py:3239} INFO - Sync 1 DAGs
[2025-04-18T13:36:35.326+0000] {logging_mixin.py:190} INFO - [2025-04-18T13:36:35.326+0000] {dag.py:4180} INFO - Setting next_dagrun for example_bash_decorator to None, run_after=None
[2025-04-18T13:36:35.341+0000] {processor.py:208} INFO - Processing /home/airflow/.local/lib/python3.12/site-packages/airflow/example_dags/example_bash_decorator.py took 0.123 seconds
[2025-04-18T13:37:05.472+0000] {processor.py:186} INFO - Started process (PID=345) to work on /home/airflow/.local/lib/python3.12/site-packages/airflow/example_dags/example_bash_decorator.py
[2025-04-18T13:37:05.474+0000] {processor.py:914} INFO - Processing file /home/airflow/.local/lib/python3.12/site-packages/airflow/example_dags/example_bash_decorator.py for tasks to queue
[2025-04-18T13:37:05.477+0000] {logging_mixin.py:190} INFO - [2025-04-18T13:37:05.477+0000] {dagbag.py:588} INFO - Filling up the DagBag from /home/airflow/.local/lib/python3.12/site-packages/airflow/example_dags/example_bash_decorator.py
[2025-04-18T13:37:05.503+0000] {processor.py:925} INFO - DAG(s) 'example_bash_decorator' retrieved from /home/airflow/.local/lib/python3.12/site-packages/airflow/example_dags/example_bash_decorator.py
[2025-04-18T13:37:05.540+0000] {logging_mixin.py:190} INFO - [2025-04-18T13:37:05.540+0000] {dag.py:3239} INFO - Sync 1 DAGs
[2025-04-18T13:37:05.572+0000] {logging_mixin.py:190} INFO - [2025-04-18T13:37:05.572+0000] {dag.py:4180} INFO - Setting next_dagrun for example_bash_decorator to None, run_after=None
[2025-04-18T13:37:05.591+0000] {processor.py:208} INFO - Processing /home/airflow/.local/lib/python3.12/site-packages/airflow/example_dags/example_bash_decorator.py took 0.124 seconds
[2025-04-18T13:37:36.317+0000] {processor.py:186} INFO - Started process (PID=409) to work on /home/airflow/.local/lib/python3.12/site-packages/airflow/example_dags/example_bash_decorator.py
[2025-04-18T13:37:36.318+0000] {processor.py:914} INFO - Processing file /home/airflow/.local/lib/python3.12/site-packages/airflow/example_dags/example_bash_decorator.py for tasks to queue
[2025-04-18T13:37:36.320+0000] {logging_mixin.py:190} INFO - [2025-04-18T13:37:36.320+0000] {dagbag.py:588} INFO - Filling up the DagBag from /home/airflow/.local/lib/python3.12/site-packages/airflow/example_dags/example_bash_decorator.py
[2025-04-18T13:37:36.346+0000] {processor.py:925} INFO - DAG(s) 'example_bash_decorator' retrieved from /home/airflow/.local/lib/python3.12/site-packages/airflow/example_dags/example_bash_decorator.py
[2025-04-18T13:37:36.379+0000] {logging_mixin.py:190} INFO - [2025-04-18T13:37:36.379+0000] {dag.py:3239} INFO - Sync 1 DAGs
[2025-04-18T13:37:36.405+0000] {logging_mixin.py:190} INFO - [2025-04-18T13:37:36.404+0000] {dag.py:4180} INFO - Setting next_dagrun for example_bash_decorator to None, run_after=None
[2025-04-18T13:37:36.425+0000] {processor.py:208} INFO - Processing /home/airflow/.local/lib/python3.12/site-packages/airflow/example_dags/example_bash_decorator.py took 0.123 seconds
[2025-04-18T13:38:06.774+0000] {processor.py:186} INFO - Started process (PID=473) to work on /home/airflow/.local/lib/python3.12/site-packages/airflow/example_dags/example_bash_decorator.py
[2025-04-18T13:38:06.775+0000] {processor.py:914} INFO - Processing file /home/airflow/.local/lib/python3.12/site-packages/airflow/example_dags/example_bash_decorator.py for tasks to queue
[2025-04-18T13:38:06.777+0000] {logging_mixin.py:190} INFO - [2025-04-18T13:38:06.777+0000] {dagbag.py:588} INFO - Filling up the DagBag from /home/airflow/.local/lib/python3.12/site-packages/airflow/example_dags/example_bash_decorator.py
[2025-04-18T13:38:06.793+0000] {processor.py:925} INFO - DAG(s) 'example_bash_decorator' retrieved from /home/airflow/.local/lib/python3.12/site-packages/airflow/example_dags/example_bash_decorator.py
[2025-04-18T13:38:06.823+0000] {logging_mixin.py:190} INFO - [2025-04-18T13:38:06.822+0000] {dag.py:3239} INFO - Sync 1 DAGs
[2025-04-18T13:38:06.835+0000] {logging_mixin.py:190} INFO - [2025-04-18T13:38:06.835+0000] {dag.py:4180} INFO - Setting next_dagrun for example_bash_decorator to None, run_after=None
[2025-04-18T13:38:06.853+0000] {processor.py:208} INFO - Processing /home/airflow/.local/lib/python3.12/site-packages/airflow/example_dags/example_bash_decorator.py took 0.086 seconds
[2025-04-18T13:38:37.291+0000] {processor.py:186} INFO - Started process (PID=536) to work on /home/airflow/.local/lib/python3.12/site-packages/airflow/example_dags/example_bash_decorator.py
[2025-04-18T13:38:37.294+0000] {processor.py:914} INFO - Processing file /home/airflow/.local/lib/python3.12/site-packages/airflow/example_dags/example_bash_decorator.py for tasks to queue
[2025-04-18T13:38:37.297+0000] {logging_mixin.py:190} INFO - [2025-04-18T13:38:37.296+0000] {dagbag.py:588} INFO - Filling up the DagBag from /home/airflow/.local/lib/python3.12/site-packages/airflow/example_dags/example_bash_decorator.py
[2025-04-18T13:38:37.310+0000] {processor.py:925} INFO - DAG(s) 'example_bash_decorator' retrieved from /home/airflow/.local/lib/python3.12/site-packages/airflow/example_dags/example_bash_decorator.py
[2025-04-18T13:38:37.327+0000] {logging_mixin.py:190} INFO - [2025-04-18T13:38:37.327+0000] {dag.py:3239} INFO - Sync 1 DAGs
[2025-04-18T13:38:37.347+0000] {logging_mixin.py:190} INFO - [2025-04-18T13:38:37.345+0000] {dag.py:4180} INFO - Setting next_dagrun for example_bash_decorator to None, run_after=None
[2025-04-18T13:38:37.374+0000] {processor.py:208} INFO - Processing /home/airflow/.local/lib/python3.12/site-packages/airflow/example_dags/example_bash_decorator.py took 0.087 seconds
[2025-04-18T13:39:59.218+0000] {processor.py:186} INFO - Started process (PID=617) to work on /home/airflow/.local/lib/python3.12/site-packages/airflow/example_dags/example_bash_decorator.py
[2025-04-18T13:39:59.225+0000] {processor.py:914} INFO - Processing file /home/airflow/.local/lib/python3.12/site-packages/airflow/example_dags/example_bash_decorator.py for tasks to queue
[2025-04-18T13:39:59.313+0000] {logging_mixin.py:190} INFO - [2025-04-18T13:39:59.309+0000] {dagbag.py:588} INFO - Filling up the DagBag from /home/airflow/.local/lib/python3.12/site-packages/airflow/example_dags/example_bash_decorator.py
[2025-04-18T13:39:59.751+0000] {processor.py:925} INFO - DAG(s) 'example_bash_decorator' retrieved from /home/airflow/.local/lib/python3.12/site-packages/airflow/example_dags/example_bash_decorator.py
[2025-04-18T13:40:00.441+0000] {logging_mixin.py:190} INFO - [2025-04-18T13:40:00.433+0000] {dag.py:3239} INFO - Sync 1 DAGs
[2025-04-18T13:40:00.656+0000] {logging_mixin.py:190} INFO - [2025-04-18T13:40:00.653+0000] {dag.py:4180} INFO - Setting next_dagrun for example_bash_decorator to None, run_after=None
[2025-04-18T13:40:00.970+0000] {processor.py:208} INFO - Processing /home/airflow/.local/lib/python3.12/site-packages/airflow/example_dags/example_bash_decorator.py took 1.839 seconds
[2025-04-18T13:43:50.790+0000] {processor.py:186} INFO - Started process (PID=101) to work on /home/airflow/.local/lib/python3.12/site-packages/airflow/example_dags/example_bash_decorator.py
[2025-04-18T13:43:50.797+0000] {processor.py:914} INFO - Processing file /home/airflow/.local/lib/python3.12/site-packages/airflow/example_dags/example_bash_decorator.py for tasks to queue
[2025-04-18T13:43:50.830+0000] {logging_mixin.py:190} INFO - [2025-04-18T13:43:50.826+0000] {dagbag.py:588} INFO - Filling up the DagBag from /home/airflow/.local/lib/python3.12/site-packages/airflow/example_dags/example_bash_decorator.py
[2025-04-18T13:43:51.054+0000] {processor.py:925} INFO - DAG(s) 'example_bash_decorator' retrieved from /home/airflow/.local/lib/python3.12/site-packages/airflow/example_dags/example_bash_decorator.py
[2025-04-18T13:43:53.379+0000] {logging_mixin.py:190} INFO - [2025-04-18T13:43:53.365+0000] {dag.py:3239} INFO - Sync 1 DAGs
[2025-04-18T13:43:53.492+0000] {logging_mixin.py:190} INFO - [2025-04-18T13:43:53.491+0000] {dag.py:4180} INFO - Setting next_dagrun for example_bash_decorator to None, run_after=None
[2025-04-18T13:43:54.096+0000] {processor.py:208} INFO - Processing /home/airflow/.local/lib/python3.12/site-packages/airflow/example_dags/example_bash_decorator.py took 3.346 seconds
[2025-04-18T13:44:49.363+0000] {processor.py:186} INFO - Started process (PID=176) to work on /home/airflow/.local/lib/python3.12/site-packages/airflow/example_dags/example_bash_decorator.py
[2025-04-18T13:44:49.389+0000] {processor.py:914} INFO - Processing file /home/airflow/.local/lib/python3.12/site-packages/airflow/example_dags/example_bash_decorator.py for tasks to queue
[2025-04-18T13:44:49.425+0000] {logging_mixin.py:190} INFO - [2025-04-18T13:44:49.417+0000] {dagbag.py:588} INFO - Filling up the DagBag from /home/airflow/.local/lib/python3.12/site-packages/airflow/example_dags/example_bash_decorator.py
[2025-04-18T13:44:49.713+0000] {processor.py:925} INFO - DAG(s) 'example_bash_decorator' retrieved from /home/airflow/.local/lib/python3.12/site-packages/airflow/example_dags/example_bash_decorator.py
[2025-04-18T13:44:50.141+0000] {logging_mixin.py:190} INFO - [2025-04-18T13:44:50.137+0000] {dag.py:3239} INFO - Sync 1 DAGs
[2025-04-18T13:44:50.362+0000] {logging_mixin.py:190} INFO - [2025-04-18T13:44:50.357+0000] {dag.py:4180} INFO - Setting next_dagrun for example_bash_decorator to None, run_after=None
[2025-04-18T13:44:50.616+0000] {processor.py:208} INFO - Processing /home/airflow/.local/lib/python3.12/site-packages/airflow/example_dags/example_bash_decorator.py took 1.280 seconds
[2025-04-18T13:45:50.346+0000] {processor.py:186} INFO - Started process (PID=252) to work on /home/airflow/.local/lib/python3.12/site-packages/airflow/example_dags/example_bash_decorator.py
[2025-04-18T13:45:50.366+0000] {processor.py:914} INFO - Processing file /home/airflow/.local/lib/python3.12/site-packages/airflow/example_dags/example_bash_decorator.py for tasks to queue
[2025-04-18T13:45:50.471+0000] {logging_mixin.py:190} INFO - [2025-04-18T13:45:50.452+0000] {dagbag.py:588} INFO - Filling up the DagBag from /home/airflow/.local/lib/python3.12/site-packages/airflow/example_dags/example_bash_decorator.py
[2025-04-18T13:45:50.942+0000] {processor.py:925} INFO - DAG(s) 'example_bash_decorator' retrieved from /home/airflow/.local/lib/python3.12/site-packages/airflow/example_dags/example_bash_decorator.py
[2025-04-18T13:45:51.204+0000] {logging_mixin.py:190} INFO - [2025-04-18T13:45:51.196+0000] {dag.py:3239} INFO - Sync 1 DAGs
[2025-04-18T13:45:51.771+0000] {logging_mixin.py:190} INFO - [2025-04-18T13:45:51.737+0000] {dag.py:4180} INFO - Setting next_dagrun for example_bash_decorator to None, run_after=None
[2025-04-18T13:45:52.193+0000] {processor.py:208} INFO - Processing /home/airflow/.local/lib/python3.12/site-packages/airflow/example_dags/example_bash_decorator.py took 1.943 seconds
[2025-04-18T13:47:46.527+0000] {processor.py:186} INFO - Started process (PID=306) to work on /home/airflow/.local/lib/python3.12/site-packages/airflow/example_dags/example_bash_decorator.py
[2025-04-18T13:47:46.536+0000] {processor.py:914} INFO - Processing file /home/airflow/.local/lib/python3.12/site-packages/airflow/example_dags/example_bash_decorator.py for tasks to queue
[2025-04-18T13:47:46.622+0000] {logging_mixin.py:190} INFO - [2025-04-18T13:47:46.593+0000] {dagbag.py:588} INFO - Filling up the DagBag from /home/airflow/.local/lib/python3.12/site-packages/airflow/example_dags/example_bash_decorator.py
[2025-04-18T13:47:47.417+0000] {processor.py:925} INFO - DAG(s) 'example_bash_decorator' retrieved from /home/airflow/.local/lib/python3.12/site-packages/airflow/example_dags/example_bash_decorator.py
[2025-04-18T13:47:48.207+0000] {logging_mixin.py:190} INFO - [2025-04-18T13:47:48.178+0000] {dag.py:3239} INFO - Sync 1 DAGs
[2025-04-18T13:47:49.035+0000] {logging_mixin.py:190} INFO - [2025-04-18T13:47:49.027+0000] {dag.py:4180} INFO - Setting next_dagrun for example_bash_decorator to None, run_after=None
[2025-04-18T13:47:49.844+0000] {processor.py:208} INFO - Processing /home/airflow/.local/lib/python3.12/site-packages/airflow/example_dags/example_bash_decorator.py took 3.463 seconds
[2025-04-18T13:49:32.817+0000] {processor.py:186} INFO - Started process (PID=98) to work on /home/airflow/.local/lib/python3.12/site-packages/airflow/example_dags/example_bash_decorator.py
[2025-04-18T13:49:32.824+0000] {processor.py:914} INFO - Processing file /home/airflow/.local/lib/python3.12/site-packages/airflow/example_dags/example_bash_decorator.py for tasks to queue
[2025-04-18T13:49:32.848+0000] {logging_mixin.py:190} INFO - [2025-04-18T13:49:32.844+0000] {dagbag.py:588} INFO - Filling up the DagBag from /home/airflow/.local/lib/python3.12/site-packages/airflow/example_dags/example_bash_decorator.py
[2025-04-18T13:49:33.059+0000] {processor.py:925} INFO - DAG(s) 'example_bash_decorator' retrieved from /home/airflow/.local/lib/python3.12/site-packages/airflow/example_dags/example_bash_decorator.py
[2025-04-18T13:49:36.094+0000] {logging_mixin.py:190} INFO - [2025-04-18T13:49:36.087+0000] {dag.py:3239} INFO - Sync 1 DAGs
[2025-04-18T13:49:36.285+0000] {logging_mixin.py:190} INFO - [2025-04-18T13:49:36.285+0000] {dag.py:4180} INFO - Setting next_dagrun for example_bash_decorator to None, run_after=None
[2025-04-18T13:49:36.546+0000] {processor.py:208} INFO - Processing /home/airflow/.local/lib/python3.12/site-packages/airflow/example_dags/example_bash_decorator.py took 3.770 seconds
[2025-04-18T13:50:50.394+0000] {processor.py:186} INFO - Started process (PID=173) to work on /home/airflow/.local/lib/python3.12/site-packages/airflow/example_dags/example_bash_decorator.py
[2025-04-18T13:50:50.416+0000] {processor.py:914} INFO - Processing file /home/airflow/.local/lib/python3.12/site-packages/airflow/example_dags/example_bash_decorator.py for tasks to queue
[2025-04-18T13:50:50.469+0000] {logging_mixin.py:190} INFO - [2025-04-18T13:50:50.467+0000] {dagbag.py:588} INFO - Filling up the DagBag from /home/airflow/.local/lib/python3.12/site-packages/airflow/example_dags/example_bash_decorator.py
[2025-04-18T13:50:50.808+0000] {processor.py:925} INFO - DAG(s) 'example_bash_decorator' retrieved from /home/airflow/.local/lib/python3.12/site-packages/airflow/example_dags/example_bash_decorator.py
[2025-04-18T13:50:51.377+0000] {logging_mixin.py:190} INFO - [2025-04-18T13:50:51.372+0000] {dag.py:3239} INFO - Sync 1 DAGs
[2025-04-18T13:50:51.534+0000] {logging_mixin.py:190} INFO - [2025-04-18T13:50:51.532+0000] {dag.py:4180} INFO - Setting next_dagrun for example_bash_decorator to None, run_after=None
[2025-04-18T13:50:51.705+0000] {processor.py:208} INFO - Processing /home/airflow/.local/lib/python3.12/site-packages/airflow/example_dags/example_bash_decorator.py took 1.473 seconds
[2025-04-18T13:52:13.364+0000] {processor.py:186} INFO - Started process (PID=260) to work on /home/airflow/.local/lib/python3.12/site-packages/airflow/example_dags/example_bash_decorator.py
[2025-04-18T13:52:13.380+0000] {processor.py:914} INFO - Processing file /home/airflow/.local/lib/python3.12/site-packages/airflow/example_dags/example_bash_decorator.py for tasks to queue
[2025-04-18T13:52:13.488+0000] {logging_mixin.py:190} INFO - [2025-04-18T13:52:13.459+0000] {dagbag.py:588} INFO - Filling up the DagBag from /home/airflow/.local/lib/python3.12/site-packages/airflow/example_dags/example_bash_decorator.py
[2025-04-18T13:52:13.670+0000] {processor.py:925} INFO - DAG(s) 'example_bash_decorator' retrieved from /home/airflow/.local/lib/python3.12/site-packages/airflow/example_dags/example_bash_decorator.py
[2025-04-18T13:52:14.173+0000] {logging_mixin.py:190} INFO - [2025-04-18T13:52:14.149+0000] {dag.py:3239} INFO - Sync 1 DAGs
[2025-04-18T13:52:14.529+0000] {logging_mixin.py:190} INFO - [2025-04-18T13:52:14.516+0000] {dag.py:4180} INFO - Setting next_dagrun for example_bash_decorator to None, run_after=None
[2025-04-18T13:52:14.910+0000] {processor.py:208} INFO - Processing /home/airflow/.local/lib/python3.12/site-packages/airflow/example_dags/example_bash_decorator.py took 1.617 seconds
[2025-04-18T13:53:21.730+0000] {processor.py:186} INFO - Started process (PID=340) to work on /home/airflow/.local/lib/python3.12/site-packages/airflow/example_dags/example_bash_decorator.py
[2025-04-18T13:53:21.744+0000] {processor.py:914} INFO - Processing file /home/airflow/.local/lib/python3.12/site-packages/airflow/example_dags/example_bash_decorator.py for tasks to queue
[2025-04-18T13:53:21.759+0000] {logging_mixin.py:190} INFO - [2025-04-18T13:53:21.757+0000] {dagbag.py:588} INFO - Filling up the DagBag from /home/airflow/.local/lib/python3.12/site-packages/airflow/example_dags/example_bash_decorator.py
[2025-04-18T13:53:21.853+0000] {processor.py:925} INFO - DAG(s) 'example_bash_decorator' retrieved from /home/airflow/.local/lib/python3.12/site-packages/airflow/example_dags/example_bash_decorator.py
[2025-04-18T13:53:22.415+0000] {logging_mixin.py:190} INFO - [2025-04-18T13:53:22.412+0000] {dag.py:3239} INFO - Sync 1 DAGs
[2025-04-18T13:53:22.589+0000] {logging_mixin.py:190} INFO - [2025-04-18T13:53:22.588+0000] {dag.py:4180} INFO - Setting next_dagrun for example_bash_decorator to None, run_after=None
[2025-04-18T13:53:22.759+0000] {processor.py:208} INFO - Processing /home/airflow/.local/lib/python3.12/site-packages/airflow/example_dags/example_bash_decorator.py took 1.071 seconds
[2025-04-18T13:54:05.650+0000] {processor.py:186} INFO - Started process (PID=403) to work on /home/airflow/.local/lib/python3.12/site-packages/airflow/example_dags/example_bash_decorator.py
[2025-04-18T13:54:05.655+0000] {processor.py:914} INFO - Processing file /home/airflow/.local/lib/python3.12/site-packages/airflow/example_dags/example_bash_decorator.py for tasks to queue
[2025-04-18T13:54:05.679+0000] {logging_mixin.py:190} INFO - [2025-04-18T13:54:05.678+0000] {dagbag.py:588} INFO - Filling up the DagBag from /home/airflow/.local/lib/python3.12/site-packages/airflow/example_dags/example_bash_decorator.py
[2025-04-18T13:54:05.776+0000] {processor.py:925} INFO - DAG(s) 'example_bash_decorator' retrieved from /home/airflow/.local/lib/python3.12/site-packages/airflow/example_dags/example_bash_decorator.py
[2025-04-18T13:54:05.950+0000] {logging_mixin.py:190} INFO - [2025-04-18T13:54:05.948+0000] {dag.py:3239} INFO - Sync 1 DAGs
[2025-04-18T13:54:06.017+0000] {logging_mixin.py:190} INFO - [2025-04-18T13:54:06.017+0000] {dag.py:4180} INFO - Setting next_dagrun for example_bash_decorator to None, run_after=None
[2025-04-18T13:54:06.075+0000] {processor.py:208} INFO - Processing /home/airflow/.local/lib/python3.12/site-packages/airflow/example_dags/example_bash_decorator.py took 0.460 seconds
[2025-04-18T13:54:38.887+0000] {processor.py:186} INFO - Started process (PID=466) to work on /home/airflow/.local/lib/python3.12/site-packages/airflow/example_dags/example_bash_decorator.py
[2025-04-18T13:54:38.900+0000] {processor.py:914} INFO - Processing file /home/airflow/.local/lib/python3.12/site-packages/airflow/example_dags/example_bash_decorator.py for tasks to queue
[2025-04-18T13:54:38.914+0000] {logging_mixin.py:190} INFO - [2025-04-18T13:54:38.912+0000] {dagbag.py:588} INFO - Filling up the DagBag from /home/airflow/.local/lib/python3.12/site-packages/airflow/example_dags/example_bash_decorator.py
[2025-04-18T13:54:39.022+0000] {processor.py:925} INFO - DAG(s) 'example_bash_decorator' retrieved from /home/airflow/.local/lib/python3.12/site-packages/airflow/example_dags/example_bash_decorator.py
[2025-04-18T13:54:39.138+0000] {logging_mixin.py:190} INFO - [2025-04-18T13:54:39.135+0000] {dag.py:3239} INFO - Sync 1 DAGs
[2025-04-18T13:54:39.179+0000] {logging_mixin.py:190} INFO - [2025-04-18T13:54:39.178+0000] {dag.py:4180} INFO - Setting next_dagrun for example_bash_decorator to None, run_after=None
[2025-04-18T13:54:39.308+0000] {processor.py:208} INFO - Processing /home/airflow/.local/lib/python3.12/site-packages/airflow/example_dags/example_bash_decorator.py took 0.438 seconds
