[2025-04-18T13:25:54.851+0000] {processor.py:186} INFO - Started process (PID=53) to work on /home/airflow/.local/lib/python3.12/site-packages/airflow/example_dags/example_sensors.py
[2025-04-18T13:25:54.855+0000] {processor.py:914} INFO - Processing file /home/airflow/.local/lib/python3.12/site-packages/airflow/example_dags/example_sensors.py for tasks to queue
[2025-04-18T13:25:54.862+0000] {logging_mixin.py:190} INFO - [2025-04-18T13:25:54.861+0000] {dagbag.py:588} INFO - Filling up the DagBag from /home/airflow/.local/lib/python3.12/site-packages/airflow/example_dags/example_sensors.py
[2025-04-18T13:25:54.916+0000] {processor.py:925} INFO - DAG(s) 'example_sensors' retrieved from /home/airflow/.local/lib/python3.12/site-packages/airflow/example_dags/example_sensors.py
[2025-04-18T13:25:55.542+0000] {logging_mixin.py:190} INFO - [2025-04-18T13:25:55.540+0000] {dag.py:3239} INFO - Sync 1 DAGs
[2025-04-18T13:25:55.678+0000] {logging_mixin.py:190} INFO - [2025-04-18T13:25:55.677+0000] {dag.py:4180} INFO - Setting next_dagrun for example_sensors to None, run_after=None
[2025-04-18T13:25:55.758+0000] {processor.py:208} INFO - Processing /home/airflow/.local/lib/python3.12/site-packages/airflow/example_dags/example_sensors.py took 0.925 seconds
[2025-04-18T13:27:37.363+0000] {processor.py:186} INFO - Started process (PID=148) to work on /home/airflow/.local/lib/python3.12/site-packages/airflow/example_dags/example_sensors.py
[2025-04-18T13:27:37.366+0000] {processor.py:914} INFO - Processing file /home/airflow/.local/lib/python3.12/site-packages/airflow/example_dags/example_sensors.py for tasks to queue
[2025-04-18T13:27:37.390+0000] {logging_mixin.py:190} INFO - [2025-04-18T13:27:37.387+0000] {dagbag.py:588} INFO - Filling up the DagBag from /home/airflow/.local/lib/python3.12/site-packages/airflow/example_dags/example_sensors.py
[2025-04-18T13:27:37.501+0000] {processor.py:925} INFO - DAG(s) 'example_sensors' retrieved from /home/airflow/.local/lib/python3.12/site-packages/airflow/example_dags/example_sensors.py
[2025-04-18T13:27:37.629+0000] {logging_mixin.py:190} INFO - [2025-04-18T13:27:37.628+0000] {dag.py:3239} INFO - Sync 1 DAGs
[2025-04-18T13:27:37.694+0000] {logging_mixin.py:190} INFO - [2025-04-18T13:27:37.694+0000] {dag.py:4180} INFO - Setting next_dagrun for example_sensors to None, run_after=None
[2025-04-18T13:27:37.781+0000] {processor.py:208} INFO - Processing /home/airflow/.local/lib/python3.12/site-packages/airflow/example_dags/example_sensors.py took 0.484 seconds
[2025-04-18T13:30:00.111+0000] {processor.py:186} INFO - Started process (PID=70) to work on /home/airflow/.local/lib/python3.12/site-packages/airflow/example_dags/example_sensors.py
[2025-04-18T13:30:00.118+0000] {processor.py:914} INFO - Processing file /home/airflow/.local/lib/python3.12/site-packages/airflow/example_dags/example_sensors.py for tasks to queue
[2025-04-18T13:30:00.122+0000] {logging_mixin.py:190} INFO - [2025-04-18T13:30:00.122+0000] {dagbag.py:588} INFO - Filling up the DagBag from /home/airflow/.local/lib/python3.12/site-packages/airflow/example_dags/example_sensors.py
[2025-04-18T13:30:00.143+0000] {processor.py:925} INFO - DAG(s) 'example_sensors' retrieved from /home/airflow/.local/lib/python3.12/site-packages/airflow/example_dags/example_sensors.py
[2025-04-18T13:30:00.213+0000] {logging_mixin.py:190} INFO - [2025-04-18T13:30:00.212+0000] {dag.py:3239} INFO - Sync 1 DAGs
[2025-04-18T13:30:00.238+0000] {logging_mixin.py:190} INFO - [2025-04-18T13:30:00.237+0000] {dag.py:4180} INFO - Setting next_dagrun for example_sensors to None, run_after=None
[2025-04-18T13:30:00.259+0000] {processor.py:208} INFO - Processing /home/airflow/.local/lib/python3.12/site-packages/airflow/example_dags/example_sensors.py took 0.194 seconds
[2025-04-18T13:30:37.677+0000] {processor.py:186} INFO - Started process (PID=134) to work on /home/airflow/.local/lib/python3.12/site-packages/airflow/example_dags/example_sensors.py
[2025-04-18T13:30:37.682+0000] {processor.py:914} INFO - Processing file /home/airflow/.local/lib/python3.12/site-packages/airflow/example_dags/example_sensors.py for tasks to queue
[2025-04-18T13:30:37.690+0000] {logging_mixin.py:190} INFO - [2025-04-18T13:30:37.689+0000] {dagbag.py:588} INFO - Filling up the DagBag from /home/airflow/.local/lib/python3.12/site-packages/airflow/example_dags/example_sensors.py
[2025-04-18T13:30:37.777+0000] {processor.py:925} INFO - DAG(s) 'example_sensors' retrieved from /home/airflow/.local/lib/python3.12/site-packages/airflow/example_dags/example_sensors.py
[2025-04-18T13:30:37.852+0000] {logging_mixin.py:190} INFO - [2025-04-18T13:30:37.851+0000] {dag.py:3239} INFO - Sync 1 DAGs
[2025-04-18T13:30:37.895+0000] {logging_mixin.py:190} INFO - [2025-04-18T13:30:37.895+0000] {dag.py:4180} INFO - Setting next_dagrun for example_sensors to None, run_after=None
[2025-04-18T13:30:37.926+0000] {processor.py:208} INFO - Processing /home/airflow/.local/lib/python3.12/site-packages/airflow/example_dags/example_sensors.py took 0.283 seconds
[2025-04-18T13:31:08.737+0000] {processor.py:186} INFO - Started process (PID=197) to work on /home/airflow/.local/lib/python3.12/site-packages/airflow/example_dags/example_sensors.py
[2025-04-18T13:31:08.739+0000] {processor.py:914} INFO - Processing file /home/airflow/.local/lib/python3.12/site-packages/airflow/example_dags/example_sensors.py for tasks to queue
[2025-04-18T13:31:08.742+0000] {logging_mixin.py:190} INFO - [2025-04-18T13:31:08.742+0000] {dagbag.py:588} INFO - Filling up the DagBag from /home/airflow/.local/lib/python3.12/site-packages/airflow/example_dags/example_sensors.py
[2025-04-18T13:31:08.766+0000] {processor.py:925} INFO - DAG(s) 'example_sensors' retrieved from /home/airflow/.local/lib/python3.12/site-packages/airflow/example_dags/example_sensors.py
[2025-04-18T13:31:08.797+0000] {logging_mixin.py:190} INFO - [2025-04-18T13:31:08.797+0000] {dag.py:3239} INFO - Sync 1 DAGs
[2025-04-18T13:31:08.815+0000] {logging_mixin.py:190} INFO - [2025-04-18T13:31:08.814+0000] {dag.py:4180} INFO - Setting next_dagrun for example_sensors to None, run_after=None
[2025-04-18T13:31:08.832+0000] {processor.py:208} INFO - Processing /home/airflow/.local/lib/python3.12/site-packages/airflow/example_dags/example_sensors.py took 0.106 seconds
[2025-04-18T13:31:39.182+0000] {processor.py:186} INFO - Started process (PID=261) to work on /home/airflow/.local/lib/python3.12/site-packages/airflow/example_dags/example_sensors.py
[2025-04-18T13:31:39.183+0000] {processor.py:914} INFO - Processing file /home/airflow/.local/lib/python3.12/site-packages/airflow/example_dags/example_sensors.py for tasks to queue
[2025-04-18T13:31:39.186+0000] {logging_mixin.py:190} INFO - [2025-04-18T13:31:39.186+0000] {dagbag.py:588} INFO - Filling up the DagBag from /home/airflow/.local/lib/python3.12/site-packages/airflow/example_dags/example_sensors.py
[2025-04-18T13:31:39.199+0000] {processor.py:925} INFO - DAG(s) 'example_sensors' retrieved from /home/airflow/.local/lib/python3.12/site-packages/airflow/example_dags/example_sensors.py
[2025-04-18T13:31:39.221+0000] {logging_mixin.py:190} INFO - [2025-04-18T13:31:39.221+0000] {dag.py:3239} INFO - Sync 1 DAGs
[2025-04-18T13:31:39.232+0000] {logging_mixin.py:190} INFO - [2025-04-18T13:31:39.231+0000] {dag.py:4180} INFO - Setting next_dagrun for example_sensors to None, run_after=None
[2025-04-18T13:31:39.245+0000] {processor.py:208} INFO - Processing /home/airflow/.local/lib/python3.12/site-packages/airflow/example_dags/example_sensors.py took 0.069 seconds
[2025-04-18T13:32:09.392+0000] {processor.py:186} INFO - Started process (PID=325) to work on /home/airflow/.local/lib/python3.12/site-packages/airflow/example_dags/example_sensors.py
[2025-04-18T13:32:09.397+0000] {processor.py:914} INFO - Processing file /home/airflow/.local/lib/python3.12/site-packages/airflow/example_dags/example_sensors.py for tasks to queue
[2025-04-18T13:32:09.401+0000] {logging_mixin.py:190} INFO - [2025-04-18T13:32:09.401+0000] {dagbag.py:588} INFO - Filling up the DagBag from /home/airflow/.local/lib/python3.12/site-packages/airflow/example_dags/example_sensors.py
[2025-04-18T13:32:09.420+0000] {processor.py:925} INFO - DAG(s) 'example_sensors' retrieved from /home/airflow/.local/lib/python3.12/site-packages/airflow/example_dags/example_sensors.py
[2025-04-18T13:32:09.455+0000] {logging_mixin.py:190} INFO - [2025-04-18T13:32:09.455+0000] {dag.py:3239} INFO - Sync 1 DAGs
[2025-04-18T13:32:09.471+0000] {logging_mixin.py:190} INFO - [2025-04-18T13:32:09.471+0000] {dag.py:4180} INFO - Setting next_dagrun for example_sensors to None, run_after=None
[2025-04-18T13:32:09.497+0000] {processor.py:208} INFO - Processing /home/airflow/.local/lib/python3.12/site-packages/airflow/example_dags/example_sensors.py took 0.116 seconds
[2025-04-18T13:34:53.908+0000] {processor.py:186} INFO - Started process (PID=60) to work on /home/airflow/.local/lib/python3.12/site-packages/airflow/example_dags/example_sensors.py
[2025-04-18T13:34:53.915+0000] {processor.py:914} INFO - Processing file /home/airflow/.local/lib/python3.12/site-packages/airflow/example_dags/example_sensors.py for tasks to queue
[2025-04-18T13:34:53.921+0000] {logging_mixin.py:190} INFO - [2025-04-18T13:34:53.921+0000] {dagbag.py:588} INFO - Filling up the DagBag from /home/airflow/.local/lib/python3.12/site-packages/airflow/example_dags/example_sensors.py
[2025-04-18T13:34:53.956+0000] {processor.py:925} INFO - DAG(s) 'example_sensors' retrieved from /home/airflow/.local/lib/python3.12/site-packages/airflow/example_dags/example_sensors.py
[2025-04-18T13:34:54.146+0000] {logging_mixin.py:190} INFO - [2025-04-18T13:34:54.144+0000] {dag.py:3239} INFO - Sync 1 DAGs
[2025-04-18T13:34:54.274+0000] {logging_mixin.py:190} INFO - [2025-04-18T13:34:54.273+0000] {dag.py:4180} INFO - Setting next_dagrun for example_sensors to None, run_after=None
[2025-04-18T13:34:54.413+0000] {processor.py:208} INFO - Processing /home/airflow/.local/lib/python3.12/site-packages/airflow/example_dags/example_sensors.py took 0.540 seconds
[2025-04-18T13:35:24.767+0000] {processor.py:186} INFO - Started process (PID=129) to work on /home/airflow/.local/lib/python3.12/site-packages/airflow/example_dags/example_sensors.py
[2025-04-18T13:35:24.770+0000] {processor.py:914} INFO - Processing file /home/airflow/.local/lib/python3.12/site-packages/airflow/example_dags/example_sensors.py for tasks to queue
[2025-04-18T13:35:24.774+0000] {logging_mixin.py:190} INFO - [2025-04-18T13:35:24.772+0000] {dagbag.py:588} INFO - Filling up the DagBag from /home/airflow/.local/lib/python3.12/site-packages/airflow/example_dags/example_sensors.py
[2025-04-18T13:35:24.818+0000] {processor.py:925} INFO - DAG(s) 'example_sensors' retrieved from /home/airflow/.local/lib/python3.12/site-packages/airflow/example_dags/example_sensors.py
[2025-04-18T13:35:24.871+0000] {logging_mixin.py:190} INFO - [2025-04-18T13:35:24.871+0000] {dag.py:3239} INFO - Sync 1 DAGs
[2025-04-18T13:35:24.894+0000] {logging_mixin.py:190} INFO - [2025-04-18T13:35:24.894+0000] {dag.py:4180} INFO - Setting next_dagrun for example_sensors to None, run_after=None
[2025-04-18T13:35:24.918+0000] {processor.py:208} INFO - Processing /home/airflow/.local/lib/python3.12/site-packages/airflow/example_dags/example_sensors.py took 0.161 seconds
[2025-04-18T13:35:55.308+0000] {processor.py:186} INFO - Started process (PID=193) to work on /home/airflow/.local/lib/python3.12/site-packages/airflow/example_dags/example_sensors.py
[2025-04-18T13:35:55.313+0000] {processor.py:914} INFO - Processing file /home/airflow/.local/lib/python3.12/site-packages/airflow/example_dags/example_sensors.py for tasks to queue
[2025-04-18T13:35:55.316+0000] {logging_mixin.py:190} INFO - [2025-04-18T13:35:55.316+0000] {dagbag.py:588} INFO - Filling up the DagBag from /home/airflow/.local/lib/python3.12/site-packages/airflow/example_dags/example_sensors.py
[2025-04-18T13:35:55.334+0000] {processor.py:925} INFO - DAG(s) 'example_sensors' retrieved from /home/airflow/.local/lib/python3.12/site-packages/airflow/example_dags/example_sensors.py
[2025-04-18T13:35:55.366+0000] {logging_mixin.py:190} INFO - [2025-04-18T13:35:55.366+0000] {dag.py:3239} INFO - Sync 1 DAGs
[2025-04-18T13:35:55.388+0000] {logging_mixin.py:190} INFO - [2025-04-18T13:35:55.387+0000] {dag.py:4180} INFO - Setting next_dagrun for example_sensors to None, run_after=None
[2025-04-18T13:35:55.409+0000] {processor.py:208} INFO - Processing /home/airflow/.local/lib/python3.12/site-packages/airflow/example_dags/example_sensors.py took 0.109 seconds
[2025-04-18T13:36:25.548+0000] {processor.py:186} INFO - Started process (PID=257) to work on /home/airflow/.local/lib/python3.12/site-packages/airflow/example_dags/example_sensors.py
[2025-04-18T13:36:25.551+0000] {processor.py:914} INFO - Processing file /home/airflow/.local/lib/python3.12/site-packages/airflow/example_dags/example_sensors.py for tasks to queue
[2025-04-18T13:36:25.555+0000] {logging_mixin.py:190} INFO - [2025-04-18T13:36:25.555+0000] {dagbag.py:588} INFO - Filling up the DagBag from /home/airflow/.local/lib/python3.12/site-packages/airflow/example_dags/example_sensors.py
[2025-04-18T13:36:25.572+0000] {processor.py:925} INFO - DAG(s) 'example_sensors' retrieved from /home/airflow/.local/lib/python3.12/site-packages/airflow/example_dags/example_sensors.py
[2025-04-18T13:36:25.610+0000] {logging_mixin.py:190} INFO - [2025-04-18T13:36:25.610+0000] {dag.py:3239} INFO - Sync 1 DAGs
[2025-04-18T13:36:25.623+0000] {logging_mixin.py:190} INFO - [2025-04-18T13:36:25.623+0000] {dag.py:4180} INFO - Setting next_dagrun for example_sensors to None, run_after=None
[2025-04-18T13:36:25.644+0000] {processor.py:208} INFO - Processing /home/airflow/.local/lib/python3.12/site-packages/airflow/example_dags/example_sensors.py took 0.104 seconds
[2025-04-18T13:36:56.312+0000] {processor.py:186} INFO - Started process (PID=320) to work on /home/airflow/.local/lib/python3.12/site-packages/airflow/example_dags/example_sensors.py
[2025-04-18T13:36:56.314+0000] {processor.py:914} INFO - Processing file /home/airflow/.local/lib/python3.12/site-packages/airflow/example_dags/example_sensors.py for tasks to queue
[2025-04-18T13:36:56.322+0000] {logging_mixin.py:190} INFO - [2025-04-18T13:36:56.321+0000] {dagbag.py:588} INFO - Filling up the DagBag from /home/airflow/.local/lib/python3.12/site-packages/airflow/example_dags/example_sensors.py
[2025-04-18T13:36:56.349+0000] {processor.py:925} INFO - DAG(s) 'example_sensors' retrieved from /home/airflow/.local/lib/python3.12/site-packages/airflow/example_dags/example_sensors.py
[2025-04-18T13:36:56.393+0000] {logging_mixin.py:190} INFO - [2025-04-18T13:36:56.393+0000] {dag.py:3239} INFO - Sync 1 DAGs
[2025-04-18T13:36:56.406+0000] {logging_mixin.py:190} INFO - [2025-04-18T13:36:56.405+0000] {dag.py:4180} INFO - Setting next_dagrun for example_sensors to None, run_after=None
[2025-04-18T13:36:56.428+0000] {processor.py:208} INFO - Processing /home/airflow/.local/lib/python3.12/site-packages/airflow/example_dags/example_sensors.py took 0.127 seconds
[2025-04-18T13:37:26.566+0000] {processor.py:186} INFO - Started process (PID=384) to work on /home/airflow/.local/lib/python3.12/site-packages/airflow/example_dags/example_sensors.py
[2025-04-18T13:37:26.568+0000] {processor.py:914} INFO - Processing file /home/airflow/.local/lib/python3.12/site-packages/airflow/example_dags/example_sensors.py for tasks to queue
[2025-04-18T13:37:26.572+0000] {logging_mixin.py:190} INFO - [2025-04-18T13:37:26.572+0000] {dagbag.py:588} INFO - Filling up the DagBag from /home/airflow/.local/lib/python3.12/site-packages/airflow/example_dags/example_sensors.py
[2025-04-18T13:37:26.598+0000] {processor.py:925} INFO - DAG(s) 'example_sensors' retrieved from /home/airflow/.local/lib/python3.12/site-packages/airflow/example_dags/example_sensors.py
[2025-04-18T13:37:26.631+0000] {logging_mixin.py:190} INFO - [2025-04-18T13:37:26.631+0000] {dag.py:3239} INFO - Sync 1 DAGs
[2025-04-18T13:37:26.651+0000] {logging_mixin.py:190} INFO - [2025-04-18T13:37:26.651+0000] {dag.py:4180} INFO - Setting next_dagrun for example_sensors to None, run_after=None
[2025-04-18T13:37:26.673+0000] {processor.py:208} INFO - Processing /home/airflow/.local/lib/python3.12/site-packages/airflow/example_dags/example_sensors.py took 0.117 seconds
[2025-04-18T13:37:57.157+0000] {processor.py:186} INFO - Started process (PID=448) to work on /home/airflow/.local/lib/python3.12/site-packages/airflow/example_dags/example_sensors.py
[2025-04-18T13:37:57.160+0000] {processor.py:914} INFO - Processing file /home/airflow/.local/lib/python3.12/site-packages/airflow/example_dags/example_sensors.py for tasks to queue
[2025-04-18T13:37:57.162+0000] {logging_mixin.py:190} INFO - [2025-04-18T13:37:57.162+0000] {dagbag.py:588} INFO - Filling up the DagBag from /home/airflow/.local/lib/python3.12/site-packages/airflow/example_dags/example_sensors.py
[2025-04-18T13:37:57.183+0000] {processor.py:925} INFO - DAG(s) 'example_sensors' retrieved from /home/airflow/.local/lib/python3.12/site-packages/airflow/example_dags/example_sensors.py
[2025-04-18T13:37:57.216+0000] {logging_mixin.py:190} INFO - [2025-04-18T13:37:57.216+0000] {dag.py:3239} INFO - Sync 1 DAGs
[2025-04-18T13:37:57.232+0000] {logging_mixin.py:190} INFO - [2025-04-18T13:37:57.232+0000] {dag.py:4180} INFO - Setting next_dagrun for example_sensors to None, run_after=None
[2025-04-18T13:37:57.250+0000] {processor.py:208} INFO - Processing /home/airflow/.local/lib/python3.12/site-packages/airflow/example_dags/example_sensors.py took 0.103 seconds
[2025-04-18T13:38:27.947+0000] {processor.py:186} INFO - Started process (PID=512) to work on /home/airflow/.local/lib/python3.12/site-packages/airflow/example_dags/example_sensors.py
[2025-04-18T13:38:27.949+0000] {processor.py:914} INFO - Processing file /home/airflow/.local/lib/python3.12/site-packages/airflow/example_dags/example_sensors.py for tasks to queue
[2025-04-18T13:38:27.952+0000] {logging_mixin.py:190} INFO - [2025-04-18T13:38:27.951+0000] {dagbag.py:588} INFO - Filling up the DagBag from /home/airflow/.local/lib/python3.12/site-packages/airflow/example_dags/example_sensors.py
[2025-04-18T13:38:27.971+0000] {processor.py:925} INFO - DAG(s) 'example_sensors' retrieved from /home/airflow/.local/lib/python3.12/site-packages/airflow/example_dags/example_sensors.py
[2025-04-18T13:38:28.010+0000] {logging_mixin.py:190} INFO - [2025-04-18T13:38:28.010+0000] {dag.py:3239} INFO - Sync 1 DAGs
[2025-04-18T13:38:28.032+0000] {logging_mixin.py:190} INFO - [2025-04-18T13:38:28.032+0000] {dag.py:4180} INFO - Setting next_dagrun for example_sensors to None, run_after=None
[2025-04-18T13:38:28.055+0000] {processor.py:208} INFO - Processing /home/airflow/.local/lib/python3.12/site-packages/airflow/example_dags/example_sensors.py took 0.118 seconds
[2025-04-18T13:38:59.277+0000] {processor.py:186} INFO - Started process (PID=585) to work on /home/airflow/.local/lib/python3.12/site-packages/airflow/example_dags/example_sensors.py
[2025-04-18T13:38:59.281+0000] {processor.py:914} INFO - Processing file /home/airflow/.local/lib/python3.12/site-packages/airflow/example_dags/example_sensors.py for tasks to queue
[2025-04-18T13:38:59.305+0000] {logging_mixin.py:190} INFO - [2025-04-18T13:38:59.302+0000] {dagbag.py:588} INFO - Filling up the DagBag from /home/airflow/.local/lib/python3.12/site-packages/airflow/example_dags/example_sensors.py
[2025-04-18T13:38:59.418+0000] {processor.py:925} INFO - DAG(s) 'example_sensors' retrieved from /home/airflow/.local/lib/python3.12/site-packages/airflow/example_dags/example_sensors.py
[2025-04-18T13:38:59.792+0000] {logging_mixin.py:190} INFO - [2025-04-18T13:38:59.782+0000] {dag.py:3239} INFO - Sync 1 DAGs
[2025-04-18T13:38:59.967+0000] {logging_mixin.py:190} INFO - [2025-04-18T13:38:59.965+0000] {dag.py:4180} INFO - Setting next_dagrun for example_sensors to None, run_after=None
[2025-04-18T13:39:00.207+0000] {processor.py:208} INFO - Processing /home/airflow/.local/lib/python3.12/site-packages/airflow/example_dags/example_sensors.py took 0.974 seconds
[2025-04-18T13:40:26.552+0000] {processor.py:186} INFO - Started process (PID=655) to work on /home/airflow/.local/lib/python3.12/site-packages/airflow/example_dags/example_sensors.py
[2025-04-18T13:40:26.555+0000] {processor.py:914} INFO - Processing file /home/airflow/.local/lib/python3.12/site-packages/airflow/example_dags/example_sensors.py for tasks to queue
[2025-04-18T13:40:26.583+0000] {logging_mixin.py:190} INFO - [2025-04-18T13:40:26.579+0000] {dagbag.py:588} INFO - Filling up the DagBag from /home/airflow/.local/lib/python3.12/site-packages/airflow/example_dags/example_sensors.py
[2025-04-18T13:40:26.681+0000] {processor.py:925} INFO - DAG(s) 'example_sensors' retrieved from /home/airflow/.local/lib/python3.12/site-packages/airflow/example_dags/example_sensors.py
[2025-04-18T13:40:26.879+0000] {logging_mixin.py:190} INFO - [2025-04-18T13:40:26.877+0000] {dag.py:3239} INFO - Sync 1 DAGs
[2025-04-18T13:40:27.003+0000] {logging_mixin.py:190} INFO - [2025-04-18T13:40:27.002+0000] {dag.py:4180} INFO - Setting next_dagrun for example_sensors to None, run_after=None
[2025-04-18T13:40:27.284+0000] {processor.py:208} INFO - Processing /home/airflow/.local/lib/python3.12/site-packages/airflow/example_dags/example_sensors.py took 0.745 seconds
[2025-04-18T13:43:30.522+0000] {processor.py:186} INFO - Started process (PID=70) to work on /home/airflow/.local/lib/python3.12/site-packages/airflow/example_dags/example_sensors.py
[2025-04-18T13:43:30.528+0000] {processor.py:914} INFO - Processing file /home/airflow/.local/lib/python3.12/site-packages/airflow/example_dags/example_sensors.py for tasks to queue
[2025-04-18T13:43:30.553+0000] {logging_mixin.py:190} INFO - [2025-04-18T13:43:30.543+0000] {dagbag.py:588} INFO - Filling up the DagBag from /home/airflow/.local/lib/python3.12/site-packages/airflow/example_dags/example_sensors.py
[2025-04-18T13:43:30.632+0000] {processor.py:925} INFO - DAG(s) 'example_sensors' retrieved from /home/airflow/.local/lib/python3.12/site-packages/airflow/example_dags/example_sensors.py
[2025-04-18T13:43:30.757+0000] {logging_mixin.py:190} INFO - [2025-04-18T13:43:30.757+0000] {dag.py:3239} INFO - Sync 1 DAGs
[2025-04-18T13:43:30.795+0000] {logging_mixin.py:190} INFO - [2025-04-18T13:43:30.794+0000] {dag.py:4180} INFO - Setting next_dagrun for example_sensors to None, run_after=None
[2025-04-18T13:43:30.910+0000] {processor.py:208} INFO - Processing /home/airflow/.local/lib/python3.12/site-packages/airflow/example_dags/example_sensors.py took 0.417 seconds
[2025-04-18T13:44:28.218+0000] {processor.py:186} INFO - Started process (PID=140) to work on /home/airflow/.local/lib/python3.12/site-packages/airflow/example_dags/example_sensors.py
[2025-04-18T13:44:28.220+0000] {processor.py:914} INFO - Processing file /home/airflow/.local/lib/python3.12/site-packages/airflow/example_dags/example_sensors.py for tasks to queue
[2025-04-18T13:44:28.232+0000] {logging_mixin.py:190} INFO - [2025-04-18T13:44:28.228+0000] {dagbag.py:588} INFO - Filling up the DagBag from /home/airflow/.local/lib/python3.12/site-packages/airflow/example_dags/example_sensors.py
[2025-04-18T13:44:28.288+0000] {processor.py:925} INFO - DAG(s) 'example_sensors' retrieved from /home/airflow/.local/lib/python3.12/site-packages/airflow/example_dags/example_sensors.py
[2025-04-18T13:44:28.475+0000] {logging_mixin.py:190} INFO - [2025-04-18T13:44:28.474+0000] {dag.py:3239} INFO - Sync 1 DAGs
[2025-04-18T13:44:28.539+0000] {logging_mixin.py:190} INFO - [2025-04-18T13:44:28.538+0000] {dag.py:4180} INFO - Setting next_dagrun for example_sensors to None, run_after=None
[2025-04-18T13:44:28.614+0000] {processor.py:208} INFO - Processing /home/airflow/.local/lib/python3.12/site-packages/airflow/example_dags/example_sensors.py took 0.417 seconds
[2025-04-18T13:45:16.304+0000] {processor.py:186} INFO - Started process (PID=209) to work on /home/airflow/.local/lib/python3.12/site-packages/airflow/example_dags/example_sensors.py
[2025-04-18T13:45:16.338+0000] {processor.py:914} INFO - Processing file /home/airflow/.local/lib/python3.12/site-packages/airflow/example_dags/example_sensors.py for tasks to queue
[2025-04-18T13:45:16.424+0000] {logging_mixin.py:190} INFO - [2025-04-18T13:45:16.399+0000] {dagbag.py:588} INFO - Filling up the DagBag from /home/airflow/.local/lib/python3.12/site-packages/airflow/example_dags/example_sensors.py
[2025-04-18T13:45:16.549+0000] {processor.py:925} INFO - DAG(s) 'example_sensors' retrieved from /home/airflow/.local/lib/python3.12/site-packages/airflow/example_dags/example_sensors.py
[2025-04-18T13:45:17.099+0000] {logging_mixin.py:190} INFO - [2025-04-18T13:45:17.097+0000] {dag.py:3239} INFO - Sync 1 DAGs
[2025-04-18T13:45:17.286+0000] {logging_mixin.py:190} INFO - [2025-04-18T13:45:17.285+0000] {dag.py:4180} INFO - Setting next_dagrun for example_sensors to None, run_after=None
[2025-04-18T13:45:17.731+0000] {processor.py:208} INFO - Processing /home/airflow/.local/lib/python3.12/site-packages/airflow/example_dags/example_sensors.py took 1.484 seconds
[2025-04-18T13:46:43.006+0000] {processor.py:186} INFO - Started process (PID=270) to work on /home/airflow/.local/lib/python3.12/site-packages/airflow/example_dags/example_sensors.py
[2025-04-18T13:46:43.024+0000] {processor.py:914} INFO - Processing file /home/airflow/.local/lib/python3.12/site-packages/airflow/example_dags/example_sensors.py for tasks to queue
[2025-04-18T13:46:43.044+0000] {logging_mixin.py:190} INFO - [2025-04-18T13:46:43.041+0000] {dagbag.py:588} INFO - Filling up the DagBag from /home/airflow/.local/lib/python3.12/site-packages/airflow/example_dags/example_sensors.py
[2025-04-18T13:46:43.219+0000] {processor.py:925} INFO - DAG(s) 'example_sensors' retrieved from /home/airflow/.local/lib/python3.12/site-packages/airflow/example_dags/example_sensors.py
[2025-04-18T13:46:44.002+0000] {logging_mixin.py:190} INFO - [2025-04-18T13:46:43.980+0000] {dag.py:3239} INFO - Sync 1 DAGs
[2025-04-18T13:46:44.479+0000] {logging_mixin.py:190} INFO - [2025-04-18T13:46:44.457+0000] {dag.py:4180} INFO - Setting next_dagrun for example_sensors to None, run_after=None
[2025-04-18T13:46:46.765+0000] {processor.py:208} INFO - Processing /home/airflow/.local/lib/python3.12/site-packages/airflow/example_dags/example_sensors.py took 3.090 seconds
[2025-04-18T13:49:02.707+0000] {processor.py:186} INFO - Started process (PID=67) to work on /home/airflow/.local/lib/python3.12/site-packages/airflow/example_dags/example_sensors.py
[2025-04-18T13:49:02.724+0000] {processor.py:914} INFO - Processing file /home/airflow/.local/lib/python3.12/site-packages/airflow/example_dags/example_sensors.py for tasks to queue
[2025-04-18T13:49:02.738+0000] {logging_mixin.py:190} INFO - [2025-04-18T13:49:02.736+0000] {dagbag.py:588} INFO - Filling up the DagBag from /home/airflow/.local/lib/python3.12/site-packages/airflow/example_dags/example_sensors.py
[2025-04-18T13:49:02.787+0000] {processor.py:925} INFO - DAG(s) 'example_sensors' retrieved from /home/airflow/.local/lib/python3.12/site-packages/airflow/example_dags/example_sensors.py
[2025-04-18T13:49:03.136+0000] {logging_mixin.py:190} INFO - [2025-04-18T13:49:03.134+0000] {dag.py:3239} INFO - Sync 1 DAGs
[2025-04-18T13:49:03.216+0000] {logging_mixin.py:190} INFO - [2025-04-18T13:49:03.216+0000] {dag.py:4180} INFO - Setting next_dagrun for example_sensors to None, run_after=None
[2025-04-18T13:49:03.473+0000] {processor.py:208} INFO - Processing /home/airflow/.local/lib/python3.12/site-packages/airflow/example_dags/example_sensors.py took 0.791 seconds
[2025-04-18T13:50:18.765+0000] {processor.py:186} INFO - Started process (PID=143) to work on /home/airflow/.local/lib/python3.12/site-packages/airflow/example_dags/example_sensors.py
[2025-04-18T13:50:18.769+0000] {processor.py:914} INFO - Processing file /home/airflow/.local/lib/python3.12/site-packages/airflow/example_dags/example_sensors.py for tasks to queue
[2025-04-18T13:50:18.841+0000] {logging_mixin.py:190} INFO - [2025-04-18T13:50:18.812+0000] {dagbag.py:588} INFO - Filling up the DagBag from /home/airflow/.local/lib/python3.12/site-packages/airflow/example_dags/example_sensors.py
[2025-04-18T13:50:18.966+0000] {processor.py:925} INFO - DAG(s) 'example_sensors' retrieved from /home/airflow/.local/lib/python3.12/site-packages/airflow/example_dags/example_sensors.py
[2025-04-18T13:50:19.397+0000] {logging_mixin.py:190} INFO - [2025-04-18T13:50:19.387+0000] {dag.py:3239} INFO - Sync 1 DAGs
[2025-04-18T13:50:19.668+0000] {logging_mixin.py:190} INFO - [2025-04-18T13:50:19.667+0000] {dag.py:4180} INFO - Setting next_dagrun for example_sensors to None, run_after=None
[2025-04-18T13:50:19.832+0000] {processor.py:208} INFO - Processing /home/airflow/.local/lib/python3.12/site-packages/airflow/example_dags/example_sensors.py took 1.104 seconds
[2025-04-18T13:50:54.946+0000] {processor.py:186} INFO - Started process (PID=180) to work on /home/airflow/.local/lib/python3.12/site-packages/airflow/example_dags/example_sensors.py
[2025-04-18T13:50:54.952+0000] {processor.py:914} INFO - Processing file /home/airflow/.local/lib/python3.12/site-packages/airflow/example_dags/example_sensors.py for tasks to queue
[2025-04-18T13:50:54.977+0000] {logging_mixin.py:190} INFO - [2025-04-18T13:50:54.972+0000] {dagbag.py:588} INFO - Filling up the DagBag from /home/airflow/.local/lib/python3.12/site-packages/airflow/example_dags/example_sensors.py
[2025-04-18T13:50:55.101+0000] {processor.py:925} INFO - DAG(s) 'example_sensors' retrieved from /home/airflow/.local/lib/python3.12/site-packages/airflow/example_dags/example_sensors.py
[2025-04-18T13:50:55.405+0000] {logging_mixin.py:190} INFO - [2025-04-18T13:50:55.400+0000] {dag.py:3239} INFO - Sync 1 DAGs
[2025-04-18T13:50:55.547+0000] {logging_mixin.py:190} INFO - [2025-04-18T13:50:55.546+0000] {dag.py:4180} INFO - Setting next_dagrun for example_sensors to None, run_after=None
[2025-04-18T13:50:55.689+0000] {processor.py:208} INFO - Processing /home/airflow/.local/lib/python3.12/site-packages/airflow/example_dags/example_sensors.py took 0.867 seconds
[2025-04-18T13:51:46.981+0000] {processor.py:186} INFO - Started process (PID=235) to work on /home/airflow/.local/lib/python3.12/site-packages/airflow/example_dags/example_sensors.py
[2025-04-18T13:51:46.990+0000] {processor.py:914} INFO - Processing file /home/airflow/.local/lib/python3.12/site-packages/airflow/example_dags/example_sensors.py for tasks to queue
[2025-04-18T13:51:47.031+0000] {logging_mixin.py:190} INFO - [2025-04-18T13:51:47.027+0000] {dagbag.py:588} INFO - Filling up the DagBag from /home/airflow/.local/lib/python3.12/site-packages/airflow/example_dags/example_sensors.py
[2025-04-18T13:51:47.089+0000] {processor.py:925} INFO - DAG(s) 'example_sensors' retrieved from /home/airflow/.local/lib/python3.12/site-packages/airflow/example_dags/example_sensors.py
[2025-04-18T13:51:47.222+0000] {logging_mixin.py:190} INFO - [2025-04-18T13:51:47.219+0000] {dag.py:3239} INFO - Sync 1 DAGs
[2025-04-18T13:51:47.308+0000] {logging_mixin.py:190} INFO - [2025-04-18T13:51:47.308+0000] {dag.py:4180} INFO - Setting next_dagrun for example_sensors to None, run_after=None
[2025-04-18T13:51:47.466+0000] {processor.py:208} INFO - Processing /home/airflow/.local/lib/python3.12/site-packages/airflow/example_dags/example_sensors.py took 0.603 seconds
[2025-04-18T13:52:20.890+0000] {processor.py:186} INFO - Started process (PID=279) to work on /home/airflow/.local/lib/python3.12/site-packages/airflow/example_dags/example_sensors.py
[2025-04-18T13:52:20.898+0000] {processor.py:914} INFO - Processing file /home/airflow/.local/lib/python3.12/site-packages/airflow/example_dags/example_sensors.py for tasks to queue
[2025-04-18T13:52:20.912+0000] {logging_mixin.py:190} INFO - [2025-04-18T13:52:20.910+0000] {dagbag.py:588} INFO - Filling up the DagBag from /home/airflow/.local/lib/python3.12/site-packages/airflow/example_dags/example_sensors.py
[2025-04-18T13:52:21.025+0000] {processor.py:925} INFO - DAG(s) 'example_sensors' retrieved from /home/airflow/.local/lib/python3.12/site-packages/airflow/example_dags/example_sensors.py
[2025-04-18T13:52:21.177+0000] {logging_mixin.py:190} INFO - [2025-04-18T13:52:21.174+0000] {dag.py:3239} INFO - Sync 1 DAGs
[2025-04-18T13:52:21.296+0000] {logging_mixin.py:190} INFO - [2025-04-18T13:52:21.292+0000] {dag.py:4180} INFO - Setting next_dagrun for example_sensors to None, run_after=None
[2025-04-18T13:52:21.393+0000] {processor.py:208} INFO - Processing /home/airflow/.local/lib/python3.12/site-packages/airflow/example_dags/example_sensors.py took 0.521 seconds
[2025-04-18T13:52:56.581+0000] {processor.py:186} INFO - Started process (PID=309) to work on /home/airflow/.local/lib/python3.12/site-packages/airflow/example_dags/example_sensors.py
[2025-04-18T13:52:56.596+0000] {processor.py:914} INFO - Processing file /home/airflow/.local/lib/python3.12/site-packages/airflow/example_dags/example_sensors.py for tasks to queue
[2025-04-18T13:52:56.647+0000] {logging_mixin.py:190} INFO - [2025-04-18T13:52:56.645+0000] {dagbag.py:588} INFO - Filling up the DagBag from /home/airflow/.local/lib/python3.12/site-packages/airflow/example_dags/example_sensors.py
[2025-04-18T13:52:56.753+0000] {processor.py:925} INFO - DAG(s) 'example_sensors' retrieved from /home/airflow/.local/lib/python3.12/site-packages/airflow/example_dags/example_sensors.py
[2025-04-18T13:52:56.915+0000] {logging_mixin.py:190} INFO - [2025-04-18T13:52:56.914+0000] {dag.py:3239} INFO - Sync 1 DAGs
[2025-04-18T13:52:57.050+0000] {logging_mixin.py:190} INFO - [2025-04-18T13:52:57.045+0000] {dag.py:4180} INFO - Setting next_dagrun for example_sensors to None, run_after=None
[2025-04-18T13:52:57.273+0000] {processor.py:208} INFO - Processing /home/airflow/.local/lib/python3.12/site-packages/airflow/example_dags/example_sensors.py took 0.768 seconds
[2025-04-18T13:53:33.255+0000] {processor.py:186} INFO - Started process (PID=353) to work on /home/airflow/.local/lib/python3.12/site-packages/airflow/example_dags/example_sensors.py
[2025-04-18T13:53:33.304+0000] {processor.py:914} INFO - Processing file /home/airflow/.local/lib/python3.12/site-packages/airflow/example_dags/example_sensors.py for tasks to queue
[2025-04-18T13:53:33.349+0000] {logging_mixin.py:190} INFO - [2025-04-18T13:53:33.348+0000] {dagbag.py:588} INFO - Filling up the DagBag from /home/airflow/.local/lib/python3.12/site-packages/airflow/example_dags/example_sensors.py
[2025-04-18T13:53:33.648+0000] {processor.py:925} INFO - DAG(s) 'example_sensors' retrieved from /home/airflow/.local/lib/python3.12/site-packages/airflow/example_dags/example_sensors.py
[2025-04-18T13:53:33.973+0000] {logging_mixin.py:190} INFO - [2025-04-18T13:53:33.971+0000] {dag.py:3239} INFO - Sync 1 DAGs
[2025-04-18T13:53:34.051+0000] {logging_mixin.py:190} INFO - [2025-04-18T13:53:34.051+0000] {dag.py:4180} INFO - Setting next_dagrun for example_sensors to None, run_after=None
[2025-04-18T13:53:34.208+0000] {processor.py:208} INFO - Processing /home/airflow/.local/lib/python3.12/site-packages/airflow/example_dags/example_sensors.py took 0.990 seconds
[2025-04-18T13:54:07.639+0000] {processor.py:186} INFO - Started process (PID=408) to work on /home/airflow/.local/lib/python3.12/site-packages/airflow/example_dags/example_sensors.py
[2025-04-18T13:54:07.645+0000] {processor.py:914} INFO - Processing file /home/airflow/.local/lib/python3.12/site-packages/airflow/example_dags/example_sensors.py for tasks to queue
[2025-04-18T13:54:07.655+0000] {logging_mixin.py:190} INFO - [2025-04-18T13:54:07.654+0000] {dagbag.py:588} INFO - Filling up the DagBag from /home/airflow/.local/lib/python3.12/site-packages/airflow/example_dags/example_sensors.py
[2025-04-18T13:54:07.689+0000] {processor.py:925} INFO - DAG(s) 'example_sensors' retrieved from /home/airflow/.local/lib/python3.12/site-packages/airflow/example_dags/example_sensors.py
[2025-04-18T13:54:07.811+0000] {logging_mixin.py:190} INFO - [2025-04-18T13:54:07.809+0000] {dag.py:3239} INFO - Sync 1 DAGs
[2025-04-18T13:54:07.891+0000] {logging_mixin.py:190} INFO - [2025-04-18T13:54:07.890+0000] {dag.py:4180} INFO - Setting next_dagrun for example_sensors to None, run_after=None
[2025-04-18T13:54:08.039+0000] {processor.py:208} INFO - Processing /home/airflow/.local/lib/python3.12/site-packages/airflow/example_dags/example_sensors.py took 0.415 seconds
[2025-04-18T13:54:40.143+0000] {processor.py:186} INFO - Started process (PID=469) to work on /home/airflow/.local/lib/python3.12/site-packages/airflow/example_dags/example_sensors.py
[2025-04-18T13:54:40.154+0000] {processor.py:914} INFO - Processing file /home/airflow/.local/lib/python3.12/site-packages/airflow/example_dags/example_sensors.py for tasks to queue
[2025-04-18T13:54:40.175+0000] {logging_mixin.py:190} INFO - [2025-04-18T13:54:40.174+0000] {dagbag.py:588} INFO - Filling up the DagBag from /home/airflow/.local/lib/python3.12/site-packages/airflow/example_dags/example_sensors.py
[2025-04-18T13:54:40.289+0000] {processor.py:925} INFO - DAG(s) 'example_sensors' retrieved from /home/airflow/.local/lib/python3.12/site-packages/airflow/example_dags/example_sensors.py
[2025-04-18T13:54:40.384+0000] {logging_mixin.py:190} INFO - [2025-04-18T13:54:40.383+0000] {dag.py:3239} INFO - Sync 1 DAGs
[2025-04-18T13:54:40.454+0000] {logging_mixin.py:190} INFO - [2025-04-18T13:54:40.454+0000] {dag.py:4180} INFO - Setting next_dagrun for example_sensors to None, run_after=None
[2025-04-18T13:54:40.602+0000] {processor.py:208} INFO - Processing /home/airflow/.local/lib/python3.12/site-packages/airflow/example_dags/example_sensors.py took 0.481 seconds
