[2025-04-18T13:27:11.630+0000] {processor.py:186} INFO - Started process (PID=119) to work on /home/airflow/.local/lib/python3.12/site-packages/airflow/example_dags/example_skip_dag.py
[2025-04-18T13:27:11.647+0000] {processor.py:914} INFO - Processing file /home/airflow/.local/lib/python3.12/site-packages/airflow/example_dags/example_skip_dag.py for tasks to queue
[2025-04-18T13:27:11.703+0000] {logging_mixin.py:190} INFO - [2025-04-18T13:27:11.698+0000] {dagbag.py:588} INFO - Filling up the DagBag from /home/airflow/.local/lib/python3.12/site-packages/airflow/example_dags/example_skip_dag.py
[2025-04-18T13:27:11.878+0000] {processor.py:925} INFO - DAG(s) 'example_skip_dag' retrieved from /home/airflow/.local/lib/python3.12/site-packages/airflow/example_dags/example_skip_dag.py
[2025-04-18T13:27:13.196+0000] {logging_mixin.py:190} INFO - [2025-04-18T13:27:13.175+0000] {dag.py:3239} INFO - Sync 1 DAGs
[2025-04-18T13:27:13.400+0000] {logging_mixin.py:190} INFO - [2025-04-18T13:27:13.399+0000] {dag.py:4180} INFO - Setting next_dagrun for example_skip_dag to 2025-04-17 00:00:00+00:00, run_after=2025-04-18 00:00:00+00:00
[2025-04-18T13:27:13.671+0000] {processor.py:208} INFO - Processing /home/airflow/.local/lib/python3.12/site-packages/airflow/example_dags/example_skip_dag.py took 2.110 seconds
[2025-04-18T13:30:19.247+0000] {processor.py:186} INFO - Started process (PID=105) to work on /home/airflow/.local/lib/python3.12/site-packages/airflow/example_dags/example_skip_dag.py
[2025-04-18T13:30:19.257+0000] {processor.py:914} INFO - Processing file /home/airflow/.local/lib/python3.12/site-packages/airflow/example_dags/example_skip_dag.py for tasks to queue
[2025-04-18T13:30:19.284+0000] {logging_mixin.py:190} INFO - [2025-04-18T13:30:19.282+0000] {dagbag.py:588} INFO - Filling up the DagBag from /home/airflow/.local/lib/python3.12/site-packages/airflow/example_dags/example_skip_dag.py
[2025-04-18T13:30:19.380+0000] {processor.py:925} INFO - DAG(s) 'example_skip_dag' retrieved from /home/airflow/.local/lib/python3.12/site-packages/airflow/example_dags/example_skip_dag.py
[2025-04-18T13:30:19.621+0000] {logging_mixin.py:190} INFO - [2025-04-18T13:30:19.620+0000] {dag.py:3239} INFO - Sync 1 DAGs
[2025-04-18T13:30:19.837+0000] {logging_mixin.py:190} INFO - [2025-04-18T13:30:19.834+0000] {dag.py:4180} INFO - Setting next_dagrun for example_skip_dag to 2025-04-17 00:00:00+00:00, run_after=2025-04-18 00:00:00+00:00
[2025-04-18T13:30:20.030+0000] {processor.py:208} INFO - Processing /home/airflow/.local/lib/python3.12/site-packages/airflow/example_dags/example_skip_dag.py took 0.829 seconds
[2025-04-18T13:30:50.484+0000] {processor.py:186} INFO - Started process (PID=168) to work on /home/airflow/.local/lib/python3.12/site-packages/airflow/example_dags/example_skip_dag.py
[2025-04-18T13:30:50.494+0000] {processor.py:914} INFO - Processing file /home/airflow/.local/lib/python3.12/site-packages/airflow/example_dags/example_skip_dag.py for tasks to queue
[2025-04-18T13:30:50.504+0000] {logging_mixin.py:190} INFO - [2025-04-18T13:30:50.502+0000] {dagbag.py:588} INFO - Filling up the DagBag from /home/airflow/.local/lib/python3.12/site-packages/airflow/example_dags/example_skip_dag.py
[2025-04-18T13:30:50.531+0000] {processor.py:925} INFO - DAG(s) 'example_skip_dag' retrieved from /home/airflow/.local/lib/python3.12/site-packages/airflow/example_dags/example_skip_dag.py
[2025-04-18T13:30:50.619+0000] {logging_mixin.py:190} INFO - [2025-04-18T13:30:50.619+0000] {dag.py:3239} INFO - Sync 1 DAGs
[2025-04-18T13:30:50.685+0000] {logging_mixin.py:190} INFO - [2025-04-18T13:30:50.684+0000] {dag.py:4180} INFO - Setting next_dagrun for example_skip_dag to 2025-04-17 00:00:00+00:00, run_after=2025-04-18 00:00:00+00:00
[2025-04-18T13:30:50.722+0000] {processor.py:208} INFO - Processing /home/airflow/.local/lib/python3.12/site-packages/airflow/example_dags/example_skip_dag.py took 0.271 seconds
[2025-04-18T13:31:21.160+0000] {processor.py:186} INFO - Started process (PID=232) to work on /home/airflow/.local/lib/python3.12/site-packages/airflow/example_dags/example_skip_dag.py
[2025-04-18T13:31:21.165+0000] {processor.py:914} INFO - Processing file /home/airflow/.local/lib/python3.12/site-packages/airflow/example_dags/example_skip_dag.py for tasks to queue
[2025-04-18T13:31:21.169+0000] {logging_mixin.py:190} INFO - [2025-04-18T13:31:21.169+0000] {dagbag.py:588} INFO - Filling up the DagBag from /home/airflow/.local/lib/python3.12/site-packages/airflow/example_dags/example_skip_dag.py
[2025-04-18T13:31:21.188+0000] {processor.py:925} INFO - DAG(s) 'example_skip_dag' retrieved from /home/airflow/.local/lib/python3.12/site-packages/airflow/example_dags/example_skip_dag.py
[2025-04-18T13:31:21.227+0000] {logging_mixin.py:190} INFO - [2025-04-18T13:31:21.227+0000] {dag.py:3239} INFO - Sync 1 DAGs
[2025-04-18T13:31:21.252+0000] {logging_mixin.py:190} INFO - [2025-04-18T13:31:21.251+0000] {dag.py:4180} INFO - Setting next_dagrun for example_skip_dag to 2025-04-17 00:00:00+00:00, run_after=2025-04-18 00:00:00+00:00
[2025-04-18T13:31:21.264+0000] {processor.py:208} INFO - Processing /home/airflow/.local/lib/python3.12/site-packages/airflow/example_dags/example_skip_dag.py took 0.110 seconds
[2025-04-18T13:31:52.102+0000] {processor.py:186} INFO - Started process (PID=296) to work on /home/airflow/.local/lib/python3.12/site-packages/airflow/example_dags/example_skip_dag.py
[2025-04-18T13:31:52.106+0000] {processor.py:914} INFO - Processing file /home/airflow/.local/lib/python3.12/site-packages/airflow/example_dags/example_skip_dag.py for tasks to queue
[2025-04-18T13:31:52.111+0000] {logging_mixin.py:190} INFO - [2025-04-18T13:31:52.110+0000] {dagbag.py:588} INFO - Filling up the DagBag from /home/airflow/.local/lib/python3.12/site-packages/airflow/example_dags/example_skip_dag.py
[2025-04-18T13:31:52.130+0000] {processor.py:925} INFO - DAG(s) 'example_skip_dag' retrieved from /home/airflow/.local/lib/python3.12/site-packages/airflow/example_dags/example_skip_dag.py
[2025-04-18T13:31:52.171+0000] {logging_mixin.py:190} INFO - [2025-04-18T13:31:52.170+0000] {dag.py:3239} INFO - Sync 1 DAGs
[2025-04-18T13:31:52.195+0000] {logging_mixin.py:190} INFO - [2025-04-18T13:31:52.195+0000] {dag.py:4180} INFO - Setting next_dagrun for example_skip_dag to 2025-04-17 00:00:00+00:00, run_after=2025-04-18 00:00:00+00:00
[2025-04-18T13:31:52.207+0000] {processor.py:208} INFO - Processing /home/airflow/.local/lib/python3.12/site-packages/airflow/example_dags/example_skip_dag.py took 0.118 seconds
[2025-04-18T13:32:22.456+0000] {processor.py:186} INFO - Started process (PID=359) to work on /home/airflow/.local/lib/python3.12/site-packages/airflow/example_dags/example_skip_dag.py
[2025-04-18T13:32:22.457+0000] {processor.py:914} INFO - Processing file /home/airflow/.local/lib/python3.12/site-packages/airflow/example_dags/example_skip_dag.py for tasks to queue
[2025-04-18T13:32:22.458+0000] {logging_mixin.py:190} INFO - [2025-04-18T13:32:22.458+0000] {dagbag.py:588} INFO - Filling up the DagBag from /home/airflow/.local/lib/python3.12/site-packages/airflow/example_dags/example_skip_dag.py
[2025-04-18T13:32:22.462+0000] {processor.py:925} INFO - DAG(s) 'example_skip_dag' retrieved from /home/airflow/.local/lib/python3.12/site-packages/airflow/example_dags/example_skip_dag.py
[2025-04-18T13:32:22.474+0000] {logging_mixin.py:190} INFO - [2025-04-18T13:32:22.473+0000] {dag.py:3239} INFO - Sync 1 DAGs
[2025-04-18T13:32:22.484+0000] {logging_mixin.py:190} INFO - [2025-04-18T13:32:22.483+0000] {dag.py:4180} INFO - Setting next_dagrun for example_skip_dag to 2025-04-17 00:00:00+00:00, run_after=2025-04-18 00:00:00+00:00
[2025-04-18T13:32:22.491+0000] {processor.py:208} INFO - Processing /home/airflow/.local/lib/python3.12/site-packages/airflow/example_dags/example_skip_dag.py took 0.038 seconds
[2025-04-18T13:35:05.989+0000] {processor.py:186} INFO - Started process (PID=101) to work on /home/airflow/.local/lib/python3.12/site-packages/airflow/example_dags/example_skip_dag.py
[2025-04-18T13:35:05.998+0000] {processor.py:914} INFO - Processing file /home/airflow/.local/lib/python3.12/site-packages/airflow/example_dags/example_skip_dag.py for tasks to queue
[2025-04-18T13:35:06.005+0000] {logging_mixin.py:190} INFO - [2025-04-18T13:35:06.005+0000] {dagbag.py:588} INFO - Filling up the DagBag from /home/airflow/.local/lib/python3.12/site-packages/airflow/example_dags/example_skip_dag.py
[2025-04-18T13:35:06.035+0000] {processor.py:925} INFO - DAG(s) 'example_skip_dag' retrieved from /home/airflow/.local/lib/python3.12/site-packages/airflow/example_dags/example_skip_dag.py
[2025-04-18T13:35:06.072+0000] {logging_mixin.py:190} INFO - [2025-04-18T13:35:06.072+0000] {dag.py:3239} INFO - Sync 1 DAGs
[2025-04-18T13:35:06.147+0000] {logging_mixin.py:190} INFO - [2025-04-18T13:35:06.147+0000] {dag.py:4180} INFO - Setting next_dagrun for example_skip_dag to 2025-04-17 00:00:00+00:00, run_after=2025-04-18 00:00:00+00:00
[2025-04-18T13:35:06.207+0000] {processor.py:208} INFO - Processing /home/airflow/.local/lib/python3.12/site-packages/airflow/example_dags/example_skip_dag.py took 0.238 seconds
[2025-04-18T13:35:36.478+0000] {processor.py:186} INFO - Started process (PID=164) to work on /home/airflow/.local/lib/python3.12/site-packages/airflow/example_dags/example_skip_dag.py
[2025-04-18T13:35:36.480+0000] {processor.py:914} INFO - Processing file /home/airflow/.local/lib/python3.12/site-packages/airflow/example_dags/example_skip_dag.py for tasks to queue
[2025-04-18T13:35:36.489+0000] {logging_mixin.py:190} INFO - [2025-04-18T13:35:36.488+0000] {dagbag.py:588} INFO - Filling up the DagBag from /home/airflow/.local/lib/python3.12/site-packages/airflow/example_dags/example_skip_dag.py
[2025-04-18T13:35:36.511+0000] {processor.py:925} INFO - DAG(s) 'example_skip_dag' retrieved from /home/airflow/.local/lib/python3.12/site-packages/airflow/example_dags/example_skip_dag.py
[2025-04-18T13:35:36.579+0000] {logging_mixin.py:190} INFO - [2025-04-18T13:35:36.578+0000] {dag.py:3239} INFO - Sync 1 DAGs
[2025-04-18T13:35:36.639+0000] {logging_mixin.py:190} INFO - [2025-04-18T13:35:36.639+0000] {dag.py:4180} INFO - Setting next_dagrun for example_skip_dag to 2025-04-17 00:00:00+00:00, run_after=2025-04-18 00:00:00+00:00
[2025-04-18T13:35:36.687+0000] {processor.py:208} INFO - Processing /home/airflow/.local/lib/python3.12/site-packages/airflow/example_dags/example_skip_dag.py took 0.226 seconds
[2025-04-18T13:36:06.795+0000] {processor.py:186} INFO - Started process (PID=228) to work on /home/airflow/.local/lib/python3.12/site-packages/airflow/example_dags/example_skip_dag.py
[2025-04-18T13:36:06.795+0000] {processor.py:914} INFO - Processing file /home/airflow/.local/lib/python3.12/site-packages/airflow/example_dags/example_skip_dag.py for tasks to queue
[2025-04-18T13:36:06.797+0000] {logging_mixin.py:190} INFO - [2025-04-18T13:36:06.797+0000] {dagbag.py:588} INFO - Filling up the DagBag from /home/airflow/.local/lib/python3.12/site-packages/airflow/example_dags/example_skip_dag.py
[2025-04-18T13:36:06.802+0000] {processor.py:925} INFO - DAG(s) 'example_skip_dag' retrieved from /home/airflow/.local/lib/python3.12/site-packages/airflow/example_dags/example_skip_dag.py
[2025-04-18T13:36:06.812+0000] {logging_mixin.py:190} INFO - [2025-04-18T13:36:06.812+0000] {dag.py:3239} INFO - Sync 1 DAGs
[2025-04-18T13:36:06.829+0000] {logging_mixin.py:190} INFO - [2025-04-18T13:36:06.829+0000] {dag.py:4180} INFO - Setting next_dagrun for example_skip_dag to 2025-04-17 00:00:00+00:00, run_after=2025-04-18 00:00:00+00:00
[2025-04-18T13:36:06.840+0000] {processor.py:208} INFO - Processing /home/airflow/.local/lib/python3.12/site-packages/airflow/example_dags/example_skip_dag.py took 0.049 seconds
[2025-04-18T13:36:37.740+0000] {processor.py:186} INFO - Started process (PID=292) to work on /home/airflow/.local/lib/python3.12/site-packages/airflow/example_dags/example_skip_dag.py
[2025-04-18T13:36:37.741+0000] {processor.py:914} INFO - Processing file /home/airflow/.local/lib/python3.12/site-packages/airflow/example_dags/example_skip_dag.py for tasks to queue
[2025-04-18T13:36:37.742+0000] {logging_mixin.py:190} INFO - [2025-04-18T13:36:37.742+0000] {dagbag.py:588} INFO - Filling up the DagBag from /home/airflow/.local/lib/python3.12/site-packages/airflow/example_dags/example_skip_dag.py
[2025-04-18T13:36:37.749+0000] {processor.py:925} INFO - DAG(s) 'example_skip_dag' retrieved from /home/airflow/.local/lib/python3.12/site-packages/airflow/example_dags/example_skip_dag.py
[2025-04-18T13:36:37.769+0000] {logging_mixin.py:190} INFO - [2025-04-18T13:36:37.769+0000] {dag.py:3239} INFO - Sync 1 DAGs
[2025-04-18T13:36:37.786+0000] {logging_mixin.py:190} INFO - [2025-04-18T13:36:37.786+0000] {dag.py:4180} INFO - Setting next_dagrun for example_skip_dag to 2025-04-17 00:00:00+00:00, run_after=2025-04-18 00:00:00+00:00
[2025-04-18T13:36:37.799+0000] {processor.py:208} INFO - Processing /home/airflow/.local/lib/python3.12/site-packages/airflow/example_dags/example_skip_dag.py took 0.062 seconds
[2025-04-18T13:37:08.094+0000] {processor.py:186} INFO - Started process (PID=354) to work on /home/airflow/.local/lib/python3.12/site-packages/airflow/example_dags/example_skip_dag.py
[2025-04-18T13:37:08.097+0000] {processor.py:914} INFO - Processing file /home/airflow/.local/lib/python3.12/site-packages/airflow/example_dags/example_skip_dag.py for tasks to queue
[2025-04-18T13:37:08.101+0000] {logging_mixin.py:190} INFO - [2025-04-18T13:37:08.100+0000] {dagbag.py:588} INFO - Filling up the DagBag from /home/airflow/.local/lib/python3.12/site-packages/airflow/example_dags/example_skip_dag.py
[2025-04-18T13:37:08.108+0000] {processor.py:925} INFO - DAG(s) 'example_skip_dag' retrieved from /home/airflow/.local/lib/python3.12/site-packages/airflow/example_dags/example_skip_dag.py
[2025-04-18T13:37:08.137+0000] {logging_mixin.py:190} INFO - [2025-04-18T13:37:08.137+0000] {dag.py:3239} INFO - Sync 1 DAGs
[2025-04-18T13:37:08.165+0000] {logging_mixin.py:190} INFO - [2025-04-18T13:37:08.164+0000] {dag.py:4180} INFO - Setting next_dagrun for example_skip_dag to 2025-04-17 00:00:00+00:00, run_after=2025-04-18 00:00:00+00:00
[2025-04-18T13:37:08.180+0000] {processor.py:208} INFO - Processing /home/airflow/.local/lib/python3.12/site-packages/airflow/example_dags/example_skip_dag.py took 0.092 seconds
[2025-04-18T13:37:38.890+0000] {processor.py:186} INFO - Started process (PID=418) to work on /home/airflow/.local/lib/python3.12/site-packages/airflow/example_dags/example_skip_dag.py
[2025-04-18T13:37:38.891+0000] {processor.py:914} INFO - Processing file /home/airflow/.local/lib/python3.12/site-packages/airflow/example_dags/example_skip_dag.py for tasks to queue
[2025-04-18T13:37:38.893+0000] {logging_mixin.py:190} INFO - [2025-04-18T13:37:38.893+0000] {dagbag.py:588} INFO - Filling up the DagBag from /home/airflow/.local/lib/python3.12/site-packages/airflow/example_dags/example_skip_dag.py
[2025-04-18T13:37:38.901+0000] {processor.py:925} INFO - DAG(s) 'example_skip_dag' retrieved from /home/airflow/.local/lib/python3.12/site-packages/airflow/example_dags/example_skip_dag.py
[2025-04-18T13:37:38.925+0000] {logging_mixin.py:190} INFO - [2025-04-18T13:37:38.925+0000] {dag.py:3239} INFO - Sync 1 DAGs
[2025-04-18T13:37:38.946+0000] {logging_mixin.py:190} INFO - [2025-04-18T13:37:38.946+0000] {dag.py:4180} INFO - Setting next_dagrun for example_skip_dag to 2025-04-17 00:00:00+00:00, run_after=2025-04-18 00:00:00+00:00
[2025-04-18T13:37:38.957+0000] {processor.py:208} INFO - Processing /home/airflow/.local/lib/python3.12/site-packages/airflow/example_dags/example_skip_dag.py took 0.073 seconds
[2025-04-18T13:38:09.606+0000] {processor.py:186} INFO - Started process (PID=482) to work on /home/airflow/.local/lib/python3.12/site-packages/airflow/example_dags/example_skip_dag.py
[2025-04-18T13:38:09.611+0000] {processor.py:914} INFO - Processing file /home/airflow/.local/lib/python3.12/site-packages/airflow/example_dags/example_skip_dag.py for tasks to queue
[2025-04-18T13:38:09.615+0000] {logging_mixin.py:190} INFO - [2025-04-18T13:38:09.614+0000] {dagbag.py:588} INFO - Filling up the DagBag from /home/airflow/.local/lib/python3.12/site-packages/airflow/example_dags/example_skip_dag.py
[2025-04-18T13:38:09.632+0000] {processor.py:925} INFO - DAG(s) 'example_skip_dag' retrieved from /home/airflow/.local/lib/python3.12/site-packages/airflow/example_dags/example_skip_dag.py
[2025-04-18T13:38:09.670+0000] {logging_mixin.py:190} INFO - [2025-04-18T13:38:09.670+0000] {dag.py:3239} INFO - Sync 1 DAGs
[2025-04-18T13:38:09.715+0000] {logging_mixin.py:190} INFO - [2025-04-18T13:38:09.715+0000] {dag.py:4180} INFO - Setting next_dagrun for example_skip_dag to 2025-04-17 00:00:00+00:00, run_after=2025-04-18 00:00:00+00:00
[2025-04-18T13:38:09.741+0000] {processor.py:208} INFO - Processing /home/airflow/.local/lib/python3.12/site-packages/airflow/example_dags/example_skip_dag.py took 0.149 seconds
[2025-04-18T13:38:40.261+0000] {processor.py:186} INFO - Started process (PID=546) to work on /home/airflow/.local/lib/python3.12/site-packages/airflow/example_dags/example_skip_dag.py
[2025-04-18T13:38:40.262+0000] {processor.py:914} INFO - Processing file /home/airflow/.local/lib/python3.12/site-packages/airflow/example_dags/example_skip_dag.py for tasks to queue
[2025-04-18T13:38:40.263+0000] {logging_mixin.py:190} INFO - [2025-04-18T13:38:40.263+0000] {dagbag.py:588} INFO - Filling up the DagBag from /home/airflow/.local/lib/python3.12/site-packages/airflow/example_dags/example_skip_dag.py
[2025-04-18T13:38:40.274+0000] {processor.py:925} INFO - DAG(s) 'example_skip_dag' retrieved from /home/airflow/.local/lib/python3.12/site-packages/airflow/example_dags/example_skip_dag.py
[2025-04-18T13:38:40.298+0000] {logging_mixin.py:190} INFO - [2025-04-18T13:38:40.297+0000] {dag.py:3239} INFO - Sync 1 DAGs
[2025-04-18T13:38:40.321+0000] {logging_mixin.py:190} INFO - [2025-04-18T13:38:40.321+0000] {dag.py:4180} INFO - Setting next_dagrun for example_skip_dag to 2025-04-17 00:00:00+00:00, run_after=2025-04-18 00:00:00+00:00
[2025-04-18T13:38:40.335+0000] {processor.py:208} INFO - Processing /home/airflow/.local/lib/python3.12/site-packages/airflow/example_dags/example_skip_dag.py took 0.079 seconds
[2025-04-18T13:40:11.913+0000] {processor.py:186} INFO - Started process (PID=633) to work on /home/airflow/.local/lib/python3.12/site-packages/airflow/example_dags/example_skip_dag.py
[2025-04-18T13:40:11.927+0000] {processor.py:914} INFO - Processing file /home/airflow/.local/lib/python3.12/site-packages/airflow/example_dags/example_skip_dag.py for tasks to queue
[2025-04-18T13:40:11.933+0000] {logging_mixin.py:190} INFO - [2025-04-18T13:40:11.933+0000] {dagbag.py:588} INFO - Filling up the DagBag from /home/airflow/.local/lib/python3.12/site-packages/airflow/example_dags/example_skip_dag.py
[2025-04-18T13:40:11.984+0000] {processor.py:925} INFO - DAG(s) 'example_skip_dag' retrieved from /home/airflow/.local/lib/python3.12/site-packages/airflow/example_dags/example_skip_dag.py
[2025-04-18T13:40:12.152+0000] {logging_mixin.py:190} INFO - [2025-04-18T13:40:12.150+0000] {dag.py:3239} INFO - Sync 1 DAGs
[2025-04-18T13:40:12.274+0000] {logging_mixin.py:190} INFO - [2025-04-18T13:40:12.273+0000] {dag.py:4180} INFO - Setting next_dagrun for example_skip_dag to 2025-04-17 00:00:00+00:00, run_after=2025-04-18 00:00:00+00:00
[2025-04-18T13:40:12.308+0000] {processor.py:208} INFO - Processing /home/airflow/.local/lib/python3.12/site-packages/airflow/example_dags/example_skip_dag.py took 0.416 seconds
[2025-04-18T13:44:04.130+0000] {processor.py:186} INFO - Started process (PID=111) to work on /home/airflow/.local/lib/python3.12/site-packages/airflow/example_dags/example_skip_dag.py
[2025-04-18T13:44:04.150+0000] {processor.py:914} INFO - Processing file /home/airflow/.local/lib/python3.12/site-packages/airflow/example_dags/example_skip_dag.py for tasks to queue
[2025-04-18T13:44:04.197+0000] {logging_mixin.py:190} INFO - [2025-04-18T13:44:04.194+0000] {dagbag.py:588} INFO - Filling up the DagBag from /home/airflow/.local/lib/python3.12/site-packages/airflow/example_dags/example_skip_dag.py
[2025-04-18T13:44:04.269+0000] {processor.py:925} INFO - DAG(s) 'example_skip_dag' retrieved from /home/airflow/.local/lib/python3.12/site-packages/airflow/example_dags/example_skip_dag.py
[2025-04-18T13:44:05.068+0000] {logging_mixin.py:190} INFO - [2025-04-18T13:44:05.056+0000] {dag.py:3239} INFO - Sync 1 DAGs
[2025-04-18T13:44:05.328+0000] {logging_mixin.py:190} INFO - [2025-04-18T13:44:05.323+0000] {dag.py:4180} INFO - Setting next_dagrun for example_skip_dag to 2025-04-17 00:00:00+00:00, run_after=2025-04-18 00:00:00+00:00
[2025-04-18T13:44:05.671+0000] {processor.py:208} INFO - Processing /home/airflow/.local/lib/python3.12/site-packages/airflow/example_dags/example_skip_dag.py took 1.561 seconds
[2025-04-18T13:45:00.731+0000] {processor.py:186} INFO - Started process (PID=187) to work on /home/airflow/.local/lib/python3.12/site-packages/airflow/example_dags/example_skip_dag.py
[2025-04-18T13:45:00.737+0000] {processor.py:914} INFO - Processing file /home/airflow/.local/lib/python3.12/site-packages/airflow/example_dags/example_skip_dag.py for tasks to queue
[2025-04-18T13:45:00.782+0000] {logging_mixin.py:190} INFO - [2025-04-18T13:45:00.768+0000] {dagbag.py:588} INFO - Filling up the DagBag from /home/airflow/.local/lib/python3.12/site-packages/airflow/example_dags/example_skip_dag.py
[2025-04-18T13:45:00.908+0000] {processor.py:925} INFO - DAG(s) 'example_skip_dag' retrieved from /home/airflow/.local/lib/python3.12/site-packages/airflow/example_dags/example_skip_dag.py
[2025-04-18T13:45:01.534+0000] {logging_mixin.py:190} INFO - [2025-04-18T13:45:01.530+0000] {dag.py:3239} INFO - Sync 1 DAGs
[2025-04-18T13:45:02.179+0000] {logging_mixin.py:190} INFO - [2025-04-18T13:45:02.137+0000] {dag.py:4180} INFO - Setting next_dagrun for example_skip_dag to 2025-04-17 00:00:00+00:00, run_after=2025-04-18 00:00:00+00:00
[2025-04-18T13:45:02.593+0000] {processor.py:208} INFO - Processing /home/airflow/.local/lib/python3.12/site-packages/airflow/example_dags/example_skip_dag.py took 1.884 seconds
[2025-04-18T13:46:38.041+0000] {processor.py:186} INFO - Started process (PID=266) to work on /home/airflow/.local/lib/python3.12/site-packages/airflow/example_dags/example_skip_dag.py
[2025-04-18T13:46:38.057+0000] {processor.py:914} INFO - Processing file /home/airflow/.local/lib/python3.12/site-packages/airflow/example_dags/example_skip_dag.py for tasks to queue
[2025-04-18T13:46:38.150+0000] {logging_mixin.py:190} INFO - [2025-04-18T13:46:38.135+0000] {dagbag.py:588} INFO - Filling up the DagBag from /home/airflow/.local/lib/python3.12/site-packages/airflow/example_dags/example_skip_dag.py
[2025-04-18T13:46:38.529+0000] {processor.py:925} INFO - DAG(s) 'example_skip_dag' retrieved from /home/airflow/.local/lib/python3.12/site-packages/airflow/example_dags/example_skip_dag.py
[2025-04-18T13:46:39.205+0000] {logging_mixin.py:190} INFO - [2025-04-18T13:46:39.189+0000] {dag.py:3239} INFO - Sync 1 DAGs
[2025-04-18T13:46:39.470+0000] {logging_mixin.py:190} INFO - [2025-04-18T13:46:39.460+0000] {dag.py:4180} INFO - Setting next_dagrun for example_skip_dag to 2025-04-17 00:00:00+00:00, run_after=2025-04-18 00:00:00+00:00
[2025-04-18T13:46:39.804+0000] {processor.py:208} INFO - Processing /home/airflow/.local/lib/python3.12/site-packages/airflow/example_dags/example_skip_dag.py took 1.808 seconds
[2025-04-18T13:49:55.942+0000] {processor.py:186} INFO - Started process (PID=114) to work on /home/airflow/.local/lib/python3.12/site-packages/airflow/example_dags/example_skip_dag.py
[2025-04-18T13:49:55.958+0000] {processor.py:914} INFO - Processing file /home/airflow/.local/lib/python3.12/site-packages/airflow/example_dags/example_skip_dag.py for tasks to queue
[2025-04-18T13:49:56.034+0000] {logging_mixin.py:190} INFO - [2025-04-18T13:49:56.024+0000] {dagbag.py:588} INFO - Filling up the DagBag from /home/airflow/.local/lib/python3.12/site-packages/airflow/example_dags/example_skip_dag.py
[2025-04-18T13:49:56.187+0000] {processor.py:925} INFO - DAG(s) 'example_skip_dag' retrieved from /home/airflow/.local/lib/python3.12/site-packages/airflow/example_dags/example_skip_dag.py
[2025-04-18T13:49:56.558+0000] {logging_mixin.py:190} INFO - [2025-04-18T13:49:56.556+0000] {dag.py:3239} INFO - Sync 1 DAGs
[2025-04-18T13:49:56.944+0000] {logging_mixin.py:190} INFO - [2025-04-18T13:49:56.938+0000] {dag.py:4180} INFO - Setting next_dagrun for example_skip_dag to 2025-04-17 00:00:00+00:00, run_after=2025-04-18 00:00:00+00:00
[2025-04-18T13:49:57.181+0000] {processor.py:208} INFO - Processing /home/airflow/.local/lib/python3.12/site-packages/airflow/example_dags/example_skip_dag.py took 1.292 seconds
[2025-04-18T13:51:10.609+0000] {processor.py:186} INFO - Started process (PID=200) to work on /home/airflow/.local/lib/python3.12/site-packages/airflow/example_dags/example_skip_dag.py
[2025-04-18T13:51:10.637+0000] {processor.py:914} INFO - Processing file /home/airflow/.local/lib/python3.12/site-packages/airflow/example_dags/example_skip_dag.py for tasks to queue
[2025-04-18T13:51:10.725+0000] {logging_mixin.py:190} INFO - [2025-04-18T13:51:10.720+0000] {dagbag.py:588} INFO - Filling up the DagBag from /home/airflow/.local/lib/python3.12/site-packages/airflow/example_dags/example_skip_dag.py
[2025-04-18T13:51:10.804+0000] {processor.py:925} INFO - DAG(s) 'example_skip_dag' retrieved from /home/airflow/.local/lib/python3.12/site-packages/airflow/example_dags/example_skip_dag.py
[2025-04-18T13:51:11.809+0000] {logging_mixin.py:190} INFO - [2025-04-18T13:51:11.771+0000] {dag.py:3239} INFO - Sync 1 DAGs
[2025-04-18T13:51:12.356+0000] {logging_mixin.py:190} INFO - [2025-04-18T13:51:12.349+0000] {dag.py:4180} INFO - Setting next_dagrun for example_skip_dag to 2025-04-17 00:00:00+00:00, run_after=2025-04-18 00:00:00+00:00
[2025-04-18T13:51:12.879+0000] {processor.py:208} INFO - Processing /home/airflow/.local/lib/python3.12/site-packages/airflow/example_dags/example_skip_dag.py took 2.380 seconds
[2025-04-18T13:52:19.753+0000] {processor.py:186} INFO - Started process (PID=275) to work on /home/airflow/.local/lib/python3.12/site-packages/airflow/example_dags/example_skip_dag.py
[2025-04-18T13:52:19.758+0000] {processor.py:914} INFO - Processing file /home/airflow/.local/lib/python3.12/site-packages/airflow/example_dags/example_skip_dag.py for tasks to queue
[2025-04-18T13:52:19.769+0000] {logging_mixin.py:190} INFO - [2025-04-18T13:52:19.768+0000] {dagbag.py:588} INFO - Filling up the DagBag from /home/airflow/.local/lib/python3.12/site-packages/airflow/example_dags/example_skip_dag.py
[2025-04-18T13:52:19.846+0000] {processor.py:925} INFO - DAG(s) 'example_skip_dag' retrieved from /home/airflow/.local/lib/python3.12/site-packages/airflow/example_dags/example_skip_dag.py
[2025-04-18T13:52:19.950+0000] {logging_mixin.py:190} INFO - [2025-04-18T13:52:19.950+0000] {dag.py:3239} INFO - Sync 1 DAGs
[2025-04-18T13:52:20.171+0000] {logging_mixin.py:190} INFO - [2025-04-18T13:52:20.170+0000] {dag.py:4180} INFO - Setting next_dagrun for example_skip_dag to 2025-04-17 00:00:00+00:00, run_after=2025-04-18 00:00:00+00:00
[2025-04-18T13:52:20.254+0000] {processor.py:208} INFO - Processing /home/airflow/.local/lib/python3.12/site-packages/airflow/example_dags/example_skip_dag.py took 0.519 seconds
[2025-04-18T13:53:30.849+0000] {processor.py:186} INFO - Started process (PID=349) to work on /home/airflow/.local/lib/python3.12/site-packages/airflow/example_dags/example_skip_dag.py
[2025-04-18T13:53:30.858+0000] {processor.py:914} INFO - Processing file /home/airflow/.local/lib/python3.12/site-packages/airflow/example_dags/example_skip_dag.py for tasks to queue
[2025-04-18T13:53:30.880+0000] {logging_mixin.py:190} INFO - [2025-04-18T13:53:30.876+0000] {dagbag.py:588} INFO - Filling up the DagBag from /home/airflow/.local/lib/python3.12/site-packages/airflow/example_dags/example_skip_dag.py
[2025-04-18T13:53:30.977+0000] {processor.py:925} INFO - DAG(s) 'example_skip_dag' retrieved from /home/airflow/.local/lib/python3.12/site-packages/airflow/example_dags/example_skip_dag.py
[2025-04-18T13:53:31.472+0000] {logging_mixin.py:190} INFO - [2025-04-18T13:53:31.469+0000] {dag.py:3239} INFO - Sync 1 DAGs
[2025-04-18T13:53:31.737+0000] {logging_mixin.py:190} INFO - [2025-04-18T13:53:31.734+0000] {dag.py:4180} INFO - Setting next_dagrun for example_skip_dag to 2025-04-17 00:00:00+00:00, run_after=2025-04-18 00:00:00+00:00
[2025-04-18T13:53:31.840+0000] {processor.py:208} INFO - Processing /home/airflow/.local/lib/python3.12/site-packages/airflow/example_dags/example_skip_dag.py took 1.038 seconds
[2025-04-18T13:54:13.508+0000] {processor.py:186} INFO - Started process (PID=419) to work on /home/airflow/.local/lib/python3.12/site-packages/airflow/example_dags/example_skip_dag.py
[2025-04-18T13:54:13.512+0000] {processor.py:914} INFO - Processing file /home/airflow/.local/lib/python3.12/site-packages/airflow/example_dags/example_skip_dag.py for tasks to queue
[2025-04-18T13:54:13.538+0000] {logging_mixin.py:190} INFO - [2025-04-18T13:54:13.537+0000] {dagbag.py:588} INFO - Filling up the DagBag from /home/airflow/.local/lib/python3.12/site-packages/airflow/example_dags/example_skip_dag.py
[2025-04-18T13:54:13.583+0000] {processor.py:925} INFO - DAG(s) 'example_skip_dag' retrieved from /home/airflow/.local/lib/python3.12/site-packages/airflow/example_dags/example_skip_dag.py
[2025-04-18T13:54:13.689+0000] {logging_mixin.py:190} INFO - [2025-04-18T13:54:13.688+0000] {dag.py:3239} INFO - Sync 1 DAGs
[2025-04-18T13:54:13.797+0000] {logging_mixin.py:190} INFO - [2025-04-18T13:54:13.796+0000] {dag.py:4180} INFO - Setting next_dagrun for example_skip_dag to 2025-04-17 00:00:00+00:00, run_after=2025-04-18 00:00:00+00:00
[2025-04-18T13:54:13.946+0000] {processor.py:208} INFO - Processing /home/airflow/.local/lib/python3.12/site-packages/airflow/example_dags/example_skip_dag.py took 0.473 seconds
[2025-04-18T13:54:45.616+0000] {processor.py:186} INFO - Started process (PID=482) to work on /home/airflow/.local/lib/python3.12/site-packages/airflow/example_dags/example_skip_dag.py
[2025-04-18T13:54:45.621+0000] {processor.py:914} INFO - Processing file /home/airflow/.local/lib/python3.12/site-packages/airflow/example_dags/example_skip_dag.py for tasks to queue
[2025-04-18T13:54:45.636+0000] {logging_mixin.py:190} INFO - [2025-04-18T13:54:45.634+0000] {dagbag.py:588} INFO - Filling up the DagBag from /home/airflow/.local/lib/python3.12/site-packages/airflow/example_dags/example_skip_dag.py
[2025-04-18T13:54:45.673+0000] {processor.py:925} INFO - DAG(s) 'example_skip_dag' retrieved from /home/airflow/.local/lib/python3.12/site-packages/airflow/example_dags/example_skip_dag.py
[2025-04-18T13:54:45.938+0000] {logging_mixin.py:190} INFO - [2025-04-18T13:54:45.937+0000] {dag.py:3239} INFO - Sync 1 DAGs
[2025-04-18T13:54:46.109+0000] {logging_mixin.py:190} INFO - [2025-04-18T13:54:46.107+0000] {dag.py:4180} INFO - Setting next_dagrun for example_skip_dag to 2025-04-17 00:00:00+00:00, run_after=2025-04-18 00:00:00+00:00
[2025-04-18T13:54:46.312+0000] {processor.py:208} INFO - Processing /home/airflow/.local/lib/python3.12/site-packages/airflow/example_dags/example_skip_dag.py took 0.718 seconds
