[2025-04-18T13:27:18.725+0000] {processor.py:186} INFO - Started process (PID=123) to work on /home/airflow/.local/lib/python3.12/site-packages/airflow/example_dags/example_python_operator.py
[2025-04-18T13:27:18.733+0000] {processor.py:914} INFO - Processing file /home/airflow/.local/lib/python3.12/site-packages/airflow/example_dags/example_python_operator.py for tasks to queue
[2025-04-18T13:27:18.795+0000] {logging_mixin.py:190} INFO - [2025-04-18T13:27:18.783+0000] {dagbag.py:588} INFO - Filling up the DagBag from /home/airflow/.local/lib/python3.12/site-packages/airflow/example_dags/example_python_operator.py
[2025-04-18T13:27:18.981+0000] {processor.py:925} INFO - DAG(s) 'example_python_operator' retrieved from /home/airflow/.local/lib/python3.12/site-packages/airflow/example_dags/example_python_operator.py
[2025-04-18T13:27:19.916+0000] {logging_mixin.py:190} INFO - [2025-04-18T13:27:19.902+0000] {dag.py:3239} INFO - Sync 1 DAGs
[2025-04-18T13:27:20.101+0000] {logging_mixin.py:190} INFO - [2025-04-18T13:27:20.098+0000] {dag.py:4180} INFO - Setting next_dagrun for example_python_operator to None, run_after=None
[2025-04-18T13:27:20.234+0000] {processor.py:208} INFO - Processing /home/airflow/.local/lib/python3.12/site-packages/airflow/example_dags/example_python_operator.py took 1.563 seconds
[2025-04-18T13:30:24.675+0000] {processor.py:186} INFO - Started process (PID=109) to work on /home/airflow/.local/lib/python3.12/site-packages/airflow/example_dags/example_python_operator.py
[2025-04-18T13:30:24.686+0000] {processor.py:914} INFO - Processing file /home/airflow/.local/lib/python3.12/site-packages/airflow/example_dags/example_python_operator.py for tasks to queue
[2025-04-18T13:30:24.693+0000] {logging_mixin.py:190} INFO - [2025-04-18T13:30:24.692+0000] {dagbag.py:588} INFO - Filling up the DagBag from /home/airflow/.local/lib/python3.12/site-packages/airflow/example_dags/example_python_operator.py
[2025-04-18T13:30:24.753+0000] {processor.py:925} INFO - DAG(s) 'example_python_operator' retrieved from /home/airflow/.local/lib/python3.12/site-packages/airflow/example_dags/example_python_operator.py
[2025-04-18T13:30:25.283+0000] {logging_mixin.py:190} INFO - [2025-04-18T13:30:25.279+0000] {dag.py:3239} INFO - Sync 1 DAGs
[2025-04-18T13:30:25.342+0000] {logging_mixin.py:190} INFO - [2025-04-18T13:30:25.339+0000] {dag.py:4180} INFO - Setting next_dagrun for example_python_operator to None, run_after=None
[2025-04-18T13:30:25.463+0000] {processor.py:208} INFO - Processing /home/airflow/.local/lib/python3.12/site-packages/airflow/example_dags/example_python_operator.py took 0.825 seconds
[2025-04-18T13:30:56.080+0000] {processor.py:186} INFO - Started process (PID=172) to work on /home/airflow/.local/lib/python3.12/site-packages/airflow/example_dags/example_python_operator.py
[2025-04-18T13:30:56.081+0000] {processor.py:914} INFO - Processing file /home/airflow/.local/lib/python3.12/site-packages/airflow/example_dags/example_python_operator.py for tasks to queue
[2025-04-18T13:30:56.084+0000] {logging_mixin.py:190} INFO - [2025-04-18T13:30:56.084+0000] {dagbag.py:588} INFO - Filling up the DagBag from /home/airflow/.local/lib/python3.12/site-packages/airflow/example_dags/example_python_operator.py
[2025-04-18T13:30:56.110+0000] {processor.py:925} INFO - DAG(s) 'example_python_operator' retrieved from /home/airflow/.local/lib/python3.12/site-packages/airflow/example_dags/example_python_operator.py
[2025-04-18T13:30:56.133+0000] {logging_mixin.py:190} INFO - [2025-04-18T13:30:56.133+0000] {dag.py:3239} INFO - Sync 1 DAGs
[2025-04-18T13:30:56.157+0000] {logging_mixin.py:190} INFO - [2025-04-18T13:30:56.157+0000] {dag.py:4180} INFO - Setting next_dagrun for example_python_operator to None, run_after=None
[2025-04-18T13:30:56.175+0000] {processor.py:208} INFO - Processing /home/airflow/.local/lib/python3.12/site-packages/airflow/example_dags/example_python_operator.py took 0.105 seconds
[2025-04-18T13:31:26.295+0000] {processor.py:186} INFO - Started process (PID=236) to work on /home/airflow/.local/lib/python3.12/site-packages/airflow/example_dags/example_python_operator.py
[2025-04-18T13:31:26.296+0000] {processor.py:914} INFO - Processing file /home/airflow/.local/lib/python3.12/site-packages/airflow/example_dags/example_python_operator.py for tasks to queue
[2025-04-18T13:31:26.298+0000] {logging_mixin.py:190} INFO - [2025-04-18T13:31:26.298+0000] {dagbag.py:588} INFO - Filling up the DagBag from /home/airflow/.local/lib/python3.12/site-packages/airflow/example_dags/example_python_operator.py
[2025-04-18T13:31:26.313+0000] {processor.py:925} INFO - DAG(s) 'example_python_operator' retrieved from /home/airflow/.local/lib/python3.12/site-packages/airflow/example_dags/example_python_operator.py
[2025-04-18T13:31:26.329+0000] {logging_mixin.py:190} INFO - [2025-04-18T13:31:26.329+0000] {dag.py:3239} INFO - Sync 1 DAGs
[2025-04-18T13:31:26.339+0000] {logging_mixin.py:190} INFO - [2025-04-18T13:31:26.339+0000] {dag.py:4180} INFO - Setting next_dagrun for example_python_operator to None, run_after=None
[2025-04-18T13:31:26.349+0000] {processor.py:208} INFO - Processing /home/airflow/.local/lib/python3.12/site-packages/airflow/example_dags/example_python_operator.py took 0.062 seconds
[2025-04-18T13:31:56.415+0000] {processor.py:186} INFO - Started process (PID=300) to work on /home/airflow/.local/lib/python3.12/site-packages/airflow/example_dags/example_python_operator.py
[2025-04-18T13:31:56.417+0000] {processor.py:914} INFO - Processing file /home/airflow/.local/lib/python3.12/site-packages/airflow/example_dags/example_python_operator.py for tasks to queue
[2025-04-18T13:31:56.425+0000] {logging_mixin.py:190} INFO - [2025-04-18T13:31:56.423+0000] {dagbag.py:588} INFO - Filling up the DagBag from /home/airflow/.local/lib/python3.12/site-packages/airflow/example_dags/example_python_operator.py
[2025-04-18T13:31:56.452+0000] {processor.py:925} INFO - DAG(s) 'example_python_operator' retrieved from /home/airflow/.local/lib/python3.12/site-packages/airflow/example_dags/example_python_operator.py
[2025-04-18T13:31:56.475+0000] {logging_mixin.py:190} INFO - [2025-04-18T13:31:56.475+0000] {dag.py:3239} INFO - Sync 1 DAGs
[2025-04-18T13:31:56.487+0000] {logging_mixin.py:190} INFO - [2025-04-18T13:31:56.487+0000] {dag.py:4180} INFO - Setting next_dagrun for example_python_operator to None, run_after=None
[2025-04-18T13:31:56.498+0000] {processor.py:208} INFO - Processing /home/airflow/.local/lib/python3.12/site-packages/airflow/example_dags/example_python_operator.py took 0.092 seconds
[2025-04-18T13:32:26.680+0000] {processor.py:186} INFO - Started process (PID=370) to work on /home/airflow/.local/lib/python3.12/site-packages/airflow/example_dags/example_python_operator.py
[2025-04-18T13:32:26.681+0000] {processor.py:914} INFO - Processing file /home/airflow/.local/lib/python3.12/site-packages/airflow/example_dags/example_python_operator.py for tasks to queue
[2025-04-18T13:32:26.683+0000] {logging_mixin.py:190} INFO - [2025-04-18T13:32:26.683+0000] {dagbag.py:588} INFO - Filling up the DagBag from /home/airflow/.local/lib/python3.12/site-packages/airflow/example_dags/example_python_operator.py
[2025-04-18T13:32:26.692+0000] {processor.py:925} INFO - DAG(s) 'example_python_operator' retrieved from /home/airflow/.local/lib/python3.12/site-packages/airflow/example_dags/example_python_operator.py
[2025-04-18T13:32:26.703+0000] {logging_mixin.py:190} INFO - [2025-04-18T13:32:26.703+0000] {dag.py:3239} INFO - Sync 1 DAGs
[2025-04-18T13:32:26.710+0000] {logging_mixin.py:190} INFO - [2025-04-18T13:32:26.710+0000] {dag.py:4180} INFO - Setting next_dagrun for example_python_operator to None, run_after=None
[2025-04-18T13:32:26.717+0000] {processor.py:208} INFO - Processing /home/airflow/.local/lib/python3.12/site-packages/airflow/example_dags/example_python_operator.py took 0.041 seconds
[2025-04-18T13:35:09.295+0000] {processor.py:186} INFO - Started process (PID=105) to work on /home/airflow/.local/lib/python3.12/site-packages/airflow/example_dags/example_python_operator.py
[2025-04-18T13:35:09.301+0000] {processor.py:914} INFO - Processing file /home/airflow/.local/lib/python3.12/site-packages/airflow/example_dags/example_python_operator.py for tasks to queue
[2025-04-18T13:35:09.323+0000] {logging_mixin.py:190} INFO - [2025-04-18T13:35:09.321+0000] {dagbag.py:588} INFO - Filling up the DagBag from /home/airflow/.local/lib/python3.12/site-packages/airflow/example_dags/example_python_operator.py
[2025-04-18T13:35:09.517+0000] {processor.py:925} INFO - DAG(s) 'example_python_operator' retrieved from /home/airflow/.local/lib/python3.12/site-packages/airflow/example_dags/example_python_operator.py
[2025-04-18T13:35:10.428+0000] {logging_mixin.py:190} INFO - [2025-04-18T13:35:10.421+0000] {dag.py:3239} INFO - Sync 1 DAGs
[2025-04-18T13:35:10.535+0000] {logging_mixin.py:190} INFO - [2025-04-18T13:35:10.534+0000] {dag.py:4180} INFO - Setting next_dagrun for example_python_operator to None, run_after=None
[2025-04-18T13:35:10.703+0000] {processor.py:208} INFO - Processing /home/airflow/.local/lib/python3.12/site-packages/airflow/example_dags/example_python_operator.py took 1.439 seconds
[2025-04-18T13:35:41.458+0000] {processor.py:186} INFO - Started process (PID=168) to work on /home/airflow/.local/lib/python3.12/site-packages/airflow/example_dags/example_python_operator.py
[2025-04-18T13:35:41.461+0000] {processor.py:914} INFO - Processing file /home/airflow/.local/lib/python3.12/site-packages/airflow/example_dags/example_python_operator.py for tasks to queue
[2025-04-18T13:35:41.479+0000] {logging_mixin.py:190} INFO - [2025-04-18T13:35:41.477+0000] {dagbag.py:588} INFO - Filling up the DagBag from /home/airflow/.local/lib/python3.12/site-packages/airflow/example_dags/example_python_operator.py
[2025-04-18T13:35:41.544+0000] {processor.py:925} INFO - DAG(s) 'example_python_operator' retrieved from /home/airflow/.local/lib/python3.12/site-packages/airflow/example_dags/example_python_operator.py
[2025-04-18T13:35:41.614+0000] {logging_mixin.py:190} INFO - [2025-04-18T13:35:41.613+0000] {dag.py:3239} INFO - Sync 1 DAGs
[2025-04-18T13:35:41.644+0000] {logging_mixin.py:190} INFO - [2025-04-18T13:35:41.644+0000] {dag.py:4180} INFO - Setting next_dagrun for example_python_operator to None, run_after=None
[2025-04-18T13:35:41.694+0000] {processor.py:208} INFO - Processing /home/airflow/.local/lib/python3.12/site-packages/airflow/example_dags/example_python_operator.py took 0.262 seconds
[2025-04-18T13:36:12.019+0000] {processor.py:186} INFO - Started process (PID=232) to work on /home/airflow/.local/lib/python3.12/site-packages/airflow/example_dags/example_python_operator.py
[2025-04-18T13:36:12.020+0000] {processor.py:914} INFO - Processing file /home/airflow/.local/lib/python3.12/site-packages/airflow/example_dags/example_python_operator.py for tasks to queue
[2025-04-18T13:36:12.021+0000] {logging_mixin.py:190} INFO - [2025-04-18T13:36:12.021+0000] {dagbag.py:588} INFO - Filling up the DagBag from /home/airflow/.local/lib/python3.12/site-packages/airflow/example_dags/example_python_operator.py
[2025-04-18T13:36:12.039+0000] {processor.py:925} INFO - DAG(s) 'example_python_operator' retrieved from /home/airflow/.local/lib/python3.12/site-packages/airflow/example_dags/example_python_operator.py
[2025-04-18T13:36:12.059+0000] {logging_mixin.py:190} INFO - [2025-04-18T13:36:12.059+0000] {dag.py:3239} INFO - Sync 1 DAGs
[2025-04-18T13:36:12.073+0000] {logging_mixin.py:190} INFO - [2025-04-18T13:36:12.073+0000] {dag.py:4180} INFO - Setting next_dagrun for example_python_operator to None, run_after=None
[2025-04-18T13:36:12.086+0000] {processor.py:208} INFO - Processing /home/airflow/.local/lib/python3.12/site-packages/airflow/example_dags/example_python_operator.py took 0.077 seconds
[2025-04-18T13:36:42.480+0000] {processor.py:186} INFO - Started process (PID=296) to work on /home/airflow/.local/lib/python3.12/site-packages/airflow/example_dags/example_python_operator.py
[2025-04-18T13:36:42.483+0000] {processor.py:914} INFO - Processing file /home/airflow/.local/lib/python3.12/site-packages/airflow/example_dags/example_python_operator.py for tasks to queue
[2025-04-18T13:36:42.490+0000] {logging_mixin.py:190} INFO - [2025-04-18T13:36:42.490+0000] {dagbag.py:588} INFO - Filling up the DagBag from /home/airflow/.local/lib/python3.12/site-packages/airflow/example_dags/example_python_operator.py
[2025-04-18T13:36:42.503+0000] {processor.py:925} INFO - DAG(s) 'example_python_operator' retrieved from /home/airflow/.local/lib/python3.12/site-packages/airflow/example_dags/example_python_operator.py
[2025-04-18T13:36:42.521+0000] {logging_mixin.py:190} INFO - [2025-04-18T13:36:42.521+0000] {dag.py:3239} INFO - Sync 1 DAGs
[2025-04-18T13:36:42.530+0000] {logging_mixin.py:190} INFO - [2025-04-18T13:36:42.530+0000] {dag.py:4180} INFO - Setting next_dagrun for example_python_operator to None, run_after=None
[2025-04-18T13:36:42.546+0000] {processor.py:208} INFO - Processing /home/airflow/.local/lib/python3.12/site-packages/airflow/example_dags/example_python_operator.py took 0.084 seconds
[2025-04-18T13:37:13.179+0000] {processor.py:186} INFO - Started process (PID=359) to work on /home/airflow/.local/lib/python3.12/site-packages/airflow/example_dags/example_python_operator.py
[2025-04-18T13:37:13.181+0000] {processor.py:914} INFO - Processing file /home/airflow/.local/lib/python3.12/site-packages/airflow/example_dags/example_python_operator.py for tasks to queue
[2025-04-18T13:37:13.188+0000] {logging_mixin.py:190} INFO - [2025-04-18T13:37:13.188+0000] {dagbag.py:588} INFO - Filling up the DagBag from /home/airflow/.local/lib/python3.12/site-packages/airflow/example_dags/example_python_operator.py
[2025-04-18T13:37:13.218+0000] {processor.py:925} INFO - DAG(s) 'example_python_operator' retrieved from /home/airflow/.local/lib/python3.12/site-packages/airflow/example_dags/example_python_operator.py
[2025-04-18T13:37:13.236+0000] {logging_mixin.py:190} INFO - [2025-04-18T13:37:13.236+0000] {dag.py:3239} INFO - Sync 1 DAGs
[2025-04-18T13:37:13.254+0000] {logging_mixin.py:190} INFO - [2025-04-18T13:37:13.254+0000] {dag.py:4180} INFO - Setting next_dagrun for example_python_operator to None, run_after=None
[2025-04-18T13:37:13.269+0000] {processor.py:208} INFO - Processing /home/airflow/.local/lib/python3.12/site-packages/airflow/example_dags/example_python_operator.py took 0.108 seconds
[2025-04-18T13:37:43.804+0000] {processor.py:186} INFO - Started process (PID=423) to work on /home/airflow/.local/lib/python3.12/site-packages/airflow/example_dags/example_python_operator.py
[2025-04-18T13:37:43.806+0000] {processor.py:914} INFO - Processing file /home/airflow/.local/lib/python3.12/site-packages/airflow/example_dags/example_python_operator.py for tasks to queue
[2025-04-18T13:37:43.810+0000] {logging_mixin.py:190} INFO - [2025-04-18T13:37:43.809+0000] {dagbag.py:588} INFO - Filling up the DagBag from /home/airflow/.local/lib/python3.12/site-packages/airflow/example_dags/example_python_operator.py
[2025-04-18T13:37:43.823+0000] {processor.py:925} INFO - DAG(s) 'example_python_operator' retrieved from /home/airflow/.local/lib/python3.12/site-packages/airflow/example_dags/example_python_operator.py
[2025-04-18T13:37:43.844+0000] {logging_mixin.py:190} INFO - [2025-04-18T13:37:43.843+0000] {dag.py:3239} INFO - Sync 1 DAGs
[2025-04-18T13:37:43.856+0000] {logging_mixin.py:190} INFO - [2025-04-18T13:37:43.856+0000] {dag.py:4180} INFO - Setting next_dagrun for example_python_operator to None, run_after=None
[2025-04-18T13:37:43.870+0000] {processor.py:208} INFO - Processing /home/airflow/.local/lib/python3.12/site-packages/airflow/example_dags/example_python_operator.py took 0.073 seconds
[2025-04-18T13:38:13.984+0000] {processor.py:186} INFO - Started process (PID=487) to work on /home/airflow/.local/lib/python3.12/site-packages/airflow/example_dags/example_python_operator.py
[2025-04-18T13:38:13.985+0000] {processor.py:914} INFO - Processing file /home/airflow/.local/lib/python3.12/site-packages/airflow/example_dags/example_python_operator.py for tasks to queue
[2025-04-18T13:38:13.988+0000] {logging_mixin.py:190} INFO - [2025-04-18T13:38:13.988+0000] {dagbag.py:588} INFO - Filling up the DagBag from /home/airflow/.local/lib/python3.12/site-packages/airflow/example_dags/example_python_operator.py
[2025-04-18T13:38:14.004+0000] {processor.py:925} INFO - DAG(s) 'example_python_operator' retrieved from /home/airflow/.local/lib/python3.12/site-packages/airflow/example_dags/example_python_operator.py
[2025-04-18T13:38:14.026+0000] {logging_mixin.py:190} INFO - [2025-04-18T13:38:14.026+0000] {dag.py:3239} INFO - Sync 1 DAGs
[2025-04-18T13:38:14.035+0000] {logging_mixin.py:190} INFO - [2025-04-18T13:38:14.035+0000] {dag.py:4180} INFO - Setting next_dagrun for example_python_operator to None, run_after=None
[2025-04-18T13:38:14.047+0000] {processor.py:208} INFO - Processing /home/airflow/.local/lib/python3.12/site-packages/airflow/example_dags/example_python_operator.py took 0.077 seconds
[2025-04-18T13:38:44.108+0000] {processor.py:186} INFO - Started process (PID=552) to work on /home/airflow/.local/lib/python3.12/site-packages/airflow/example_dags/example_python_operator.py
[2025-04-18T13:38:44.109+0000] {processor.py:914} INFO - Processing file /home/airflow/.local/lib/python3.12/site-packages/airflow/example_dags/example_python_operator.py for tasks to queue
[2025-04-18T13:38:44.111+0000] {logging_mixin.py:190} INFO - [2025-04-18T13:38:44.111+0000] {dagbag.py:588} INFO - Filling up the DagBag from /home/airflow/.local/lib/python3.12/site-packages/airflow/example_dags/example_python_operator.py
[2025-04-18T13:38:44.134+0000] {processor.py:925} INFO - DAG(s) 'example_python_operator' retrieved from /home/airflow/.local/lib/python3.12/site-packages/airflow/example_dags/example_python_operator.py
[2025-04-18T13:38:44.157+0000] {logging_mixin.py:190} INFO - [2025-04-18T13:38:44.157+0000] {dag.py:3239} INFO - Sync 1 DAGs
[2025-04-18T13:38:44.171+0000] {logging_mixin.py:190} INFO - [2025-04-18T13:38:44.171+0000] {dag.py:4180} INFO - Setting next_dagrun for example_python_operator to None, run_after=None
[2025-04-18T13:38:44.187+0000] {processor.py:208} INFO - Processing /home/airflow/.local/lib/python3.12/site-packages/airflow/example_dags/example_python_operator.py took 0.084 seconds
[2025-04-18T13:40:14.476+0000] {processor.py:186} INFO - Started process (PID=637) to work on /home/airflow/.local/lib/python3.12/site-packages/airflow/example_dags/example_python_operator.py
[2025-04-18T13:40:14.485+0000] {processor.py:914} INFO - Processing file /home/airflow/.local/lib/python3.12/site-packages/airflow/example_dags/example_python_operator.py for tasks to queue
[2025-04-18T13:40:14.507+0000] {logging_mixin.py:190} INFO - [2025-04-18T13:40:14.505+0000] {dagbag.py:588} INFO - Filling up the DagBag from /home/airflow/.local/lib/python3.12/site-packages/airflow/example_dags/example_python_operator.py
[2025-04-18T13:40:14.594+0000] {processor.py:925} INFO - DAG(s) 'example_python_operator' retrieved from /home/airflow/.local/lib/python3.12/site-packages/airflow/example_dags/example_python_operator.py
[2025-04-18T13:40:14.928+0000] {logging_mixin.py:190} INFO - [2025-04-18T13:40:14.925+0000] {dag.py:3239} INFO - Sync 1 DAGs
[2025-04-18T13:40:15.031+0000] {logging_mixin.py:190} INFO - [2025-04-18T13:40:15.024+0000] {dag.py:4180} INFO - Setting next_dagrun for example_python_operator to None, run_after=None
[2025-04-18T13:40:15.172+0000] {processor.py:208} INFO - Processing /home/airflow/.local/lib/python3.12/site-packages/airflow/example_dags/example_python_operator.py took 0.726 seconds
[2025-04-18T13:44:11.230+0000] {processor.py:186} INFO - Started process (PID=115) to work on /home/airflow/.local/lib/python3.12/site-packages/airflow/example_dags/example_python_operator.py
[2025-04-18T13:44:11.236+0000] {processor.py:914} INFO - Processing file /home/airflow/.local/lib/python3.12/site-packages/airflow/example_dags/example_python_operator.py for tasks to queue
[2025-04-18T13:44:11.277+0000] {logging_mixin.py:190} INFO - [2025-04-18T13:44:11.276+0000] {dagbag.py:588} INFO - Filling up the DagBag from /home/airflow/.local/lib/python3.12/site-packages/airflow/example_dags/example_python_operator.py
[2025-04-18T13:44:11.412+0000] {processor.py:925} INFO - DAG(s) 'example_python_operator' retrieved from /home/airflow/.local/lib/python3.12/site-packages/airflow/example_dags/example_python_operator.py
[2025-04-18T13:44:13.660+0000] {logging_mixin.py:190} INFO - [2025-04-18T13:44:13.654+0000] {dag.py:3239} INFO - Sync 1 DAGs
[2025-04-18T13:44:13.828+0000] {logging_mixin.py:190} INFO - [2025-04-18T13:44:13.827+0000] {dag.py:4180} INFO - Setting next_dagrun for example_python_operator to None, run_after=None
[2025-04-18T13:44:14.053+0000] {processor.py:208} INFO - Processing /home/airflow/.local/lib/python3.12/site-packages/airflow/example_dags/example_python_operator.py took 2.854 seconds
[2025-04-18T13:45:09.178+0000] {processor.py:186} INFO - Started process (PID=193) to work on /home/airflow/.local/lib/python3.12/site-packages/airflow/example_dags/example_python_operator.py
[2025-04-18T13:45:09.191+0000] {processor.py:914} INFO - Processing file /home/airflow/.local/lib/python3.12/site-packages/airflow/example_dags/example_python_operator.py for tasks to queue
[2025-04-18T13:45:09.238+0000] {logging_mixin.py:190} INFO - [2025-04-18T13:45:09.233+0000] {dagbag.py:588} INFO - Filling up the DagBag from /home/airflow/.local/lib/python3.12/site-packages/airflow/example_dags/example_python_operator.py
[2025-04-18T13:45:09.414+0000] {processor.py:925} INFO - DAG(s) 'example_python_operator' retrieved from /home/airflow/.local/lib/python3.12/site-packages/airflow/example_dags/example_python_operator.py
[2025-04-18T13:45:09.917+0000] {logging_mixin.py:190} INFO - [2025-04-18T13:45:09.899+0000] {dag.py:3239} INFO - Sync 1 DAGs
[2025-04-18T13:45:10.299+0000] {logging_mixin.py:190} INFO - [2025-04-18T13:45:10.298+0000] {dag.py:4180} INFO - Setting next_dagrun for example_python_operator to None, run_after=None
[2025-04-18T13:45:10.625+0000] {processor.py:208} INFO - Processing /home/airflow/.local/lib/python3.12/site-packages/airflow/example_dags/example_python_operator.py took 1.628 seconds
[2025-04-18T13:50:03.422+0000] {processor.py:186} INFO - Started process (PID=118) to work on /home/airflow/.local/lib/python3.12/site-packages/airflow/example_dags/example_python_operator.py
[2025-04-18T13:50:03.445+0000] {processor.py:914} INFO - Processing file /home/airflow/.local/lib/python3.12/site-packages/airflow/example_dags/example_python_operator.py for tasks to queue
[2025-04-18T13:50:03.487+0000] {logging_mixin.py:190} INFO - [2025-04-18T13:50:03.481+0000] {dagbag.py:588} INFO - Filling up the DagBag from /home/airflow/.local/lib/python3.12/site-packages/airflow/example_dags/example_python_operator.py
[2025-04-18T13:50:03.804+0000] {processor.py:925} INFO - DAG(s) 'example_python_operator' retrieved from /home/airflow/.local/lib/python3.12/site-packages/airflow/example_dags/example_python_operator.py
[2025-04-18T13:50:06.333+0000] {logging_mixin.py:190} INFO - [2025-04-18T13:50:06.277+0000] {dag.py:3239} INFO - Sync 1 DAGs
[2025-04-18T13:50:06.532+0000] {logging_mixin.py:190} INFO - [2025-04-18T13:50:06.531+0000] {dag.py:4180} INFO - Setting next_dagrun for example_python_operator to None, run_after=None
[2025-04-18T13:50:07.541+0000] {processor.py:208} INFO - Processing /home/airflow/.local/lib/python3.12/site-packages/airflow/example_dags/example_python_operator.py took 4.189 seconds
[2025-04-18T13:51:20.207+0000] {processor.py:186} INFO - Started process (PID=210) to work on /home/airflow/.local/lib/python3.12/site-packages/airflow/example_dags/example_python_operator.py
[2025-04-18T13:51:20.291+0000] {processor.py:914} INFO - Processing file /home/airflow/.local/lib/python3.12/site-packages/airflow/example_dags/example_python_operator.py for tasks to queue
[2025-04-18T13:51:20.348+0000] {logging_mixin.py:190} INFO - [2025-04-18T13:51:20.343+0000] {dagbag.py:588} INFO - Filling up the DagBag from /home/airflow/.local/lib/python3.12/site-packages/airflow/example_dags/example_python_operator.py
[2025-04-18T13:51:21.089+0000] {processor.py:925} INFO - DAG(s) 'example_python_operator' retrieved from /home/airflow/.local/lib/python3.12/site-packages/airflow/example_dags/example_python_operator.py
[2025-04-18T13:51:21.911+0000] {logging_mixin.py:190} INFO - [2025-04-18T13:51:21.812+0000] {dag.py:3239} INFO - Sync 1 DAGs
[2025-04-18T13:51:22.158+0000] {logging_mixin.py:190} INFO - [2025-04-18T13:51:22.156+0000] {dag.py:4180} INFO - Setting next_dagrun for example_python_operator to None, run_after=None
[2025-04-18T13:51:22.844+0000] {processor.py:208} INFO - Processing /home/airflow/.local/lib/python3.12/site-packages/airflow/example_dags/example_python_operator.py took 2.872 seconds
[2025-04-18T13:52:25.998+0000] {processor.py:186} INFO - Started process (PID=285) to work on /home/airflow/.local/lib/python3.12/site-packages/airflow/example_dags/example_python_operator.py
[2025-04-18T13:52:26.025+0000] {processor.py:914} INFO - Processing file /home/airflow/.local/lib/python3.12/site-packages/airflow/example_dags/example_python_operator.py for tasks to queue
[2025-04-18T13:52:26.062+0000] {logging_mixin.py:190} INFO - [2025-04-18T13:52:26.053+0000] {dagbag.py:588} INFO - Filling up the DagBag from /home/airflow/.local/lib/python3.12/site-packages/airflow/example_dags/example_python_operator.py
[2025-04-18T13:52:26.225+0000] {processor.py:925} INFO - DAG(s) 'example_python_operator' retrieved from /home/airflow/.local/lib/python3.12/site-packages/airflow/example_dags/example_python_operator.py
[2025-04-18T13:52:26.757+0000] {logging_mixin.py:190} INFO - [2025-04-18T13:52:26.749+0000] {dag.py:3239} INFO - Sync 1 DAGs
[2025-04-18T13:52:27.013+0000] {logging_mixin.py:190} INFO - [2025-04-18T13:52:27.011+0000] {dag.py:4180} INFO - Setting next_dagrun for example_python_operator to None, run_after=None
[2025-04-18T13:52:27.287+0000] {processor.py:208} INFO - Processing /home/airflow/.local/lib/python3.12/site-packages/airflow/example_dags/example_python_operator.py took 1.423 seconds
[2025-04-18T13:53:43.976+0000] {processor.py:186} INFO - Started process (PID=366) to work on /home/airflow/.local/lib/python3.12/site-packages/airflow/example_dags/example_python_operator.py
[2025-04-18T13:53:43.993+0000] {processor.py:914} INFO - Processing file /home/airflow/.local/lib/python3.12/site-packages/airflow/example_dags/example_python_operator.py for tasks to queue
[2025-04-18T13:53:44.054+0000] {logging_mixin.py:190} INFO - [2025-04-18T13:53:44.049+0000] {dagbag.py:588} INFO - Filling up the DagBag from /home/airflow/.local/lib/python3.12/site-packages/airflow/example_dags/example_python_operator.py
[2025-04-18T13:53:44.268+0000] {processor.py:925} INFO - DAG(s) 'example_python_operator' retrieved from /home/airflow/.local/lib/python3.12/site-packages/airflow/example_dags/example_python_operator.py
[2025-04-18T13:53:44.793+0000] {logging_mixin.py:190} INFO - [2025-04-18T13:53:44.787+0000] {dag.py:3239} INFO - Sync 1 DAGs
[2025-04-18T13:53:44.986+0000] {logging_mixin.py:190} INFO - [2025-04-18T13:53:44.984+0000] {dag.py:4180} INFO - Setting next_dagrun for example_python_operator to None, run_after=None
[2025-04-18T13:53:45.221+0000] {processor.py:208} INFO - Processing /home/airflow/.local/lib/python3.12/site-packages/airflow/example_dags/example_python_operator.py took 1.318 seconds
[2025-04-18T13:54:18.177+0000] {processor.py:186} INFO - Started process (PID=435) to work on /home/airflow/.local/lib/python3.12/site-packages/airflow/example_dags/example_python_operator.py
[2025-04-18T13:54:18.182+0000] {processor.py:914} INFO - Processing file /home/airflow/.local/lib/python3.12/site-packages/airflow/example_dags/example_python_operator.py for tasks to queue
[2025-04-18T13:54:18.191+0000] {logging_mixin.py:190} INFO - [2025-04-18T13:54:18.190+0000] {dagbag.py:588} INFO - Filling up the DagBag from /home/airflow/.local/lib/python3.12/site-packages/airflow/example_dags/example_python_operator.py
[2025-04-18T13:54:18.288+0000] {processor.py:925} INFO - DAG(s) 'example_python_operator' retrieved from /home/airflow/.local/lib/python3.12/site-packages/airflow/example_dags/example_python_operator.py
[2025-04-18T13:54:18.461+0000] {logging_mixin.py:190} INFO - [2025-04-18T13:54:18.460+0000] {dag.py:3239} INFO - Sync 1 DAGs
[2025-04-18T13:54:18.543+0000] {logging_mixin.py:190} INFO - [2025-04-18T13:54:18.542+0000] {dag.py:4180} INFO - Setting next_dagrun for example_python_operator to None, run_after=None
[2025-04-18T13:54:18.722+0000] {processor.py:208} INFO - Processing /home/airflow/.local/lib/python3.12/site-packages/airflow/example_dags/example_python_operator.py took 0.567 seconds
[2025-04-18T13:54:48.980+0000] {processor.py:186} INFO - Started process (PID=498) to work on /home/airflow/.local/lib/python3.12/site-packages/airflow/example_dags/example_python_operator.py
[2025-04-18T13:54:48.982+0000] {processor.py:914} INFO - Processing file /home/airflow/.local/lib/python3.12/site-packages/airflow/example_dags/example_python_operator.py for tasks to queue
[2025-04-18T13:54:48.990+0000] {logging_mixin.py:190} INFO - [2025-04-18T13:54:48.988+0000] {dagbag.py:588} INFO - Filling up the DagBag from /home/airflow/.local/lib/python3.12/site-packages/airflow/example_dags/example_python_operator.py
[2025-04-18T13:54:49.068+0000] {processor.py:925} INFO - DAG(s) 'example_python_operator' retrieved from /home/airflow/.local/lib/python3.12/site-packages/airflow/example_dags/example_python_operator.py
[2025-04-18T13:54:49.150+0000] {logging_mixin.py:190} INFO - [2025-04-18T13:54:49.150+0000] {dag.py:3239} INFO - Sync 1 DAGs
[2025-04-18T13:54:49.197+0000] {logging_mixin.py:190} INFO - [2025-04-18T13:54:49.196+0000] {dag.py:4180} INFO - Setting next_dagrun for example_python_operator to None, run_after=None
[2025-04-18T13:54:49.252+0000] {processor.py:208} INFO - Processing /home/airflow/.local/lib/python3.12/site-packages/airflow/example_dags/example_python_operator.py took 0.286 seconds
