[2025-04-18T13:27:08.144+0000] {processor.py:186} INFO - Started process (PID=118) to work on /home/airflow/.local/lib/python3.12/site-packages/airflow/example_dags/example_sla_dag.py
[2025-04-18T13:27:08.153+0000] {processor.py:914} INFO - Processing file /home/airflow/.local/lib/python3.12/site-packages/airflow/example_dags/example_sla_dag.py for tasks to queue
[2025-04-18T13:27:08.184+0000] {logging_mixin.py:190} INFO - [2025-04-18T13:27:08.177+0000] {dagbag.py:588} INFO - Filling up the DagBag from /home/airflow/.local/lib/python3.12/site-packages/airflow/example_dags/example_sla_dag.py
[2025-04-18T13:27:08.396+0000] {processor.py:925} INFO - DAG(s) 'example_sla_dag' retrieved from /home/airflow/.local/lib/python3.12/site-packages/airflow/example_dags/example_sla_dag.py
[2025-04-18T13:27:10.572+0000] {logging_mixin.py:190} INFO - [2025-04-18T13:27:10.535+0000] {dag.py:3239} INFO - Sync 1 DAGs
[2025-04-18T13:27:11.110+0000] {logging_mixin.py:190} INFO - [2025-04-18T13:27:11.100+0000] {dag.py:4180} INFO - Setting next_dagrun for example_sla_dag to 2025-04-18 13:24:00+00:00, run_after=2025-04-18 13:26:00+00:00
[2025-04-18T13:27:11.333+0000] {processor.py:208} INFO - Processing /home/airflow/.local/lib/python3.12/site-packages/airflow/example_dags/example_sla_dag.py took 3.226 seconds
[2025-04-18T13:30:18.536+0000] {processor.py:186} INFO - Started process (PID=104) to work on /home/airflow/.local/lib/python3.12/site-packages/airflow/example_dags/example_sla_dag.py
[2025-04-18T13:30:18.544+0000] {processor.py:914} INFO - Processing file /home/airflow/.local/lib/python3.12/site-packages/airflow/example_dags/example_sla_dag.py for tasks to queue
[2025-04-18T13:30:18.567+0000] {logging_mixin.py:190} INFO - [2025-04-18T13:30:18.565+0000] {dagbag.py:588} INFO - Filling up the DagBag from /home/airflow/.local/lib/python3.12/site-packages/airflow/example_dags/example_sla_dag.py
[2025-04-18T13:30:18.665+0000] {processor.py:925} INFO - DAG(s) 'example_sla_dag' retrieved from /home/airflow/.local/lib/python3.12/site-packages/airflow/example_dags/example_sla_dag.py
[2025-04-18T13:30:18.806+0000] {logging_mixin.py:190} INFO - [2025-04-18T13:30:18.804+0000] {dag.py:3239} INFO - Sync 1 DAGs
[2025-04-18T13:30:18.985+0000] {logging_mixin.py:190} INFO - [2025-04-18T13:30:18.984+0000] {dag.py:4180} INFO - Setting next_dagrun for example_sla_dag to 2025-04-18 13:28:00+00:00, run_after=2025-04-18 13:30:00+00:00
[2025-04-18T13:30:19.054+0000] {processor.py:208} INFO - Processing /home/airflow/.local/lib/python3.12/site-packages/airflow/example_dags/example_sla_dag.py took 0.568 seconds
[2025-04-18T13:30:49.735+0000] {processor.py:186} INFO - Started process (PID=167) to work on /home/airflow/.local/lib/python3.12/site-packages/airflow/example_dags/example_sla_dag.py
[2025-04-18T13:30:49.740+0000] {processor.py:914} INFO - Processing file /home/airflow/.local/lib/python3.12/site-packages/airflow/example_dags/example_sla_dag.py for tasks to queue
[2025-04-18T13:30:49.746+0000] {logging_mixin.py:190} INFO - [2025-04-18T13:30:49.746+0000] {dagbag.py:588} INFO - Filling up the DagBag from /home/airflow/.local/lib/python3.12/site-packages/airflow/example_dags/example_sla_dag.py
[2025-04-18T13:30:49.780+0000] {processor.py:925} INFO - DAG(s) 'example_sla_dag' retrieved from /home/airflow/.local/lib/python3.12/site-packages/airflow/example_dags/example_sla_dag.py
[2025-04-18T13:30:49.856+0000] {logging_mixin.py:190} INFO - [2025-04-18T13:30:49.855+0000] {dag.py:3239} INFO - Sync 1 DAGs
[2025-04-18T13:30:49.926+0000] {logging_mixin.py:190} INFO - [2025-04-18T13:30:49.925+0000] {dag.py:4180} INFO - Setting next_dagrun for example_sla_dag to 2025-04-18 13:28:00+00:00, run_after=2025-04-18 13:30:00+00:00
[2025-04-18T13:30:49.964+0000] {processor.py:208} INFO - Processing /home/airflow/.local/lib/python3.12/site-packages/airflow/example_dags/example_sla_dag.py took 0.263 seconds
[2025-04-18T13:31:20.088+0000] {processor.py:186} INFO - Started process (PID=230) to work on /home/airflow/.local/lib/python3.12/site-packages/airflow/example_dags/example_sla_dag.py
[2025-04-18T13:31:20.090+0000] {processor.py:914} INFO - Processing file /home/airflow/.local/lib/python3.12/site-packages/airflow/example_dags/example_sla_dag.py for tasks to queue
[2025-04-18T13:31:20.092+0000] {logging_mixin.py:190} INFO - [2025-04-18T13:31:20.091+0000] {dagbag.py:588} INFO - Filling up the DagBag from /home/airflow/.local/lib/python3.12/site-packages/airflow/example_dags/example_sla_dag.py
[2025-04-18T13:31:20.103+0000] {processor.py:925} INFO - DAG(s) 'example_sla_dag' retrieved from /home/airflow/.local/lib/python3.12/site-packages/airflow/example_dags/example_sla_dag.py
[2025-04-18T13:31:20.122+0000] {logging_mixin.py:190} INFO - [2025-04-18T13:31:20.122+0000] {dag.py:3239} INFO - Sync 1 DAGs
[2025-04-18T13:31:20.136+0000] {logging_mixin.py:190} INFO - [2025-04-18T13:31:20.136+0000] {dag.py:4180} INFO - Setting next_dagrun for example_sla_dag to 2025-04-18 13:28:00+00:00, run_after=2025-04-18 13:30:00+00:00
[2025-04-18T13:31:20.144+0000] {processor.py:208} INFO - Processing /home/airflow/.local/lib/python3.12/site-packages/airflow/example_dags/example_sla_dag.py took 0.062 seconds
[2025-04-18T13:31:51.032+0000] {processor.py:186} INFO - Started process (PID=294) to work on /home/airflow/.local/lib/python3.12/site-packages/airflow/example_dags/example_sla_dag.py
[2025-04-18T13:31:51.034+0000] {processor.py:914} INFO - Processing file /home/airflow/.local/lib/python3.12/site-packages/airflow/example_dags/example_sla_dag.py for tasks to queue
[2025-04-18T13:31:51.038+0000] {logging_mixin.py:190} INFO - [2025-04-18T13:31:51.037+0000] {dagbag.py:588} INFO - Filling up the DagBag from /home/airflow/.local/lib/python3.12/site-packages/airflow/example_dags/example_sla_dag.py
[2025-04-18T13:31:51.062+0000] {processor.py:925} INFO - DAG(s) 'example_sla_dag' retrieved from /home/airflow/.local/lib/python3.12/site-packages/airflow/example_dags/example_sla_dag.py
[2025-04-18T13:31:51.124+0000] {logging_mixin.py:190} INFO - [2025-04-18T13:31:51.123+0000] {dag.py:3239} INFO - Sync 1 DAGs
[2025-04-18T13:31:51.186+0000] {logging_mixin.py:190} INFO - [2025-04-18T13:31:51.186+0000] {dag.py:4180} INFO - Setting next_dagrun for example_sla_dag to 2025-04-18 13:28:00+00:00, run_after=2025-04-18 13:30:00+00:00
[2025-04-18T13:31:51.208+0000] {processor.py:208} INFO - Processing /home/airflow/.local/lib/python3.12/site-packages/airflow/example_dags/example_sla_dag.py took 0.192 seconds
[2025-04-18T13:32:21.434+0000] {processor.py:186} INFO - Started process (PID=358) to work on /home/airflow/.local/lib/python3.12/site-packages/airflow/example_dags/example_sla_dag.py
[2025-04-18T13:32:21.435+0000] {processor.py:914} INFO - Processing file /home/airflow/.local/lib/python3.12/site-packages/airflow/example_dags/example_sla_dag.py for tasks to queue
[2025-04-18T13:32:21.437+0000] {logging_mixin.py:190} INFO - [2025-04-18T13:32:21.436+0000] {dagbag.py:588} INFO - Filling up the DagBag from /home/airflow/.local/lib/python3.12/site-packages/airflow/example_dags/example_sla_dag.py
[2025-04-18T13:32:21.444+0000] {processor.py:925} INFO - DAG(s) 'example_sla_dag' retrieved from /home/airflow/.local/lib/python3.12/site-packages/airflow/example_dags/example_sla_dag.py
[2025-04-18T13:32:21.462+0000] {logging_mixin.py:190} INFO - [2025-04-18T13:32:21.462+0000] {dag.py:3239} INFO - Sync 1 DAGs
[2025-04-18T13:32:21.480+0000] {logging_mixin.py:190} INFO - [2025-04-18T13:32:21.480+0000] {dag.py:4180} INFO - Setting next_dagrun for example_sla_dag to 2025-04-18 13:30:00+00:00, run_after=2025-04-18 13:32:00+00:00
[2025-04-18T13:32:21.488+0000] {processor.py:208} INFO - Processing /home/airflow/.local/lib/python3.12/site-packages/airflow/example_dags/example_sla_dag.py took 0.062 seconds
[2025-04-18T13:35:05.597+0000] {processor.py:186} INFO - Started process (PID=100) to work on /home/airflow/.local/lib/python3.12/site-packages/airflow/example_dags/example_sla_dag.py
[2025-04-18T13:35:05.607+0000] {processor.py:914} INFO - Processing file /home/airflow/.local/lib/python3.12/site-packages/airflow/example_dags/example_sla_dag.py for tasks to queue
[2025-04-18T13:35:05.617+0000] {logging_mixin.py:190} INFO - [2025-04-18T13:35:05.616+0000] {dagbag.py:588} INFO - Filling up the DagBag from /home/airflow/.local/lib/python3.12/site-packages/airflow/example_dags/example_sla_dag.py
[2025-04-18T13:35:05.703+0000] {processor.py:925} INFO - DAG(s) 'example_sla_dag' retrieved from /home/airflow/.local/lib/python3.12/site-packages/airflow/example_dags/example_sla_dag.py
[2025-04-18T13:35:05.770+0000] {logging_mixin.py:190} INFO - [2025-04-18T13:35:05.770+0000] {dag.py:3239} INFO - Sync 1 DAGs
[2025-04-18T13:35:05.843+0000] {logging_mixin.py:190} INFO - [2025-04-18T13:35:05.843+0000] {dag.py:4180} INFO - Setting next_dagrun for example_sla_dag to 2025-04-18 13:32:00+00:00, run_after=2025-04-18 13:34:00+00:00
[2025-04-18T13:35:05.902+0000] {processor.py:208} INFO - Processing /home/airflow/.local/lib/python3.12/site-packages/airflow/example_dags/example_sla_dag.py took 0.314 seconds
[2025-04-18T13:35:36.179+0000] {processor.py:186} INFO - Started process (PID=163) to work on /home/airflow/.local/lib/python3.12/site-packages/airflow/example_dags/example_sla_dag.py
[2025-04-18T13:35:36.181+0000] {processor.py:914} INFO - Processing file /home/airflow/.local/lib/python3.12/site-packages/airflow/example_dags/example_sla_dag.py for tasks to queue
[2025-04-18T13:35:36.185+0000] {logging_mixin.py:190} INFO - [2025-04-18T13:35:36.184+0000] {dagbag.py:588} INFO - Filling up the DagBag from /home/airflow/.local/lib/python3.12/site-packages/airflow/example_dags/example_sla_dag.py
[2025-04-18T13:35:36.205+0000] {processor.py:925} INFO - DAG(s) 'example_sla_dag' retrieved from /home/airflow/.local/lib/python3.12/site-packages/airflow/example_dags/example_sla_dag.py
[2025-04-18T13:35:36.271+0000] {logging_mixin.py:190} INFO - [2025-04-18T13:35:36.271+0000] {dag.py:3239} INFO - Sync 1 DAGs
[2025-04-18T13:35:36.359+0000] {logging_mixin.py:190} INFO - [2025-04-18T13:35:36.358+0000] {dag.py:4180} INFO - Setting next_dagrun for example_sla_dag to 2025-04-18 13:32:00+00:00, run_after=2025-04-18 13:34:00+00:00
[2025-04-18T13:35:36.409+0000] {processor.py:208} INFO - Processing /home/airflow/.local/lib/python3.12/site-packages/airflow/example_dags/example_sla_dag.py took 0.249 seconds
[2025-04-18T13:36:06.708+0000] {processor.py:186} INFO - Started process (PID=227) to work on /home/airflow/.local/lib/python3.12/site-packages/airflow/example_dags/example_sla_dag.py
[2025-04-18T13:36:06.709+0000] {processor.py:914} INFO - Processing file /home/airflow/.local/lib/python3.12/site-packages/airflow/example_dags/example_sla_dag.py for tasks to queue
[2025-04-18T13:36:06.715+0000] {logging_mixin.py:190} INFO - [2025-04-18T13:36:06.714+0000] {dagbag.py:588} INFO - Filling up the DagBag from /home/airflow/.local/lib/python3.12/site-packages/airflow/example_dags/example_sla_dag.py
[2025-04-18T13:36:06.734+0000] {processor.py:925} INFO - DAG(s) 'example_sla_dag' retrieved from /home/airflow/.local/lib/python3.12/site-packages/airflow/example_dags/example_sla_dag.py
[2025-04-18T13:36:06.755+0000] {logging_mixin.py:190} INFO - [2025-04-18T13:36:06.755+0000] {dag.py:3239} INFO - Sync 1 DAGs
[2025-04-18T13:36:06.770+0000] {logging_mixin.py:190} INFO - [2025-04-18T13:36:06.770+0000] {dag.py:4180} INFO - Setting next_dagrun for example_sla_dag to 2025-04-18 13:34:00+00:00, run_after=2025-04-18 13:36:00+00:00
[2025-04-18T13:36:06.779+0000] {processor.py:208} INFO - Processing /home/airflow/.local/lib/python3.12/site-packages/airflow/example_dags/example_sla_dag.py took 0.076 seconds
[2025-04-18T13:36:37.621+0000] {processor.py:186} INFO - Started process (PID=291) to work on /home/airflow/.local/lib/python3.12/site-packages/airflow/example_dags/example_sla_dag.py
[2025-04-18T13:36:37.624+0000] {processor.py:914} INFO - Processing file /home/airflow/.local/lib/python3.12/site-packages/airflow/example_dags/example_sla_dag.py for tasks to queue
[2025-04-18T13:36:37.627+0000] {logging_mixin.py:190} INFO - [2025-04-18T13:36:37.627+0000] {dagbag.py:588} INFO - Filling up the DagBag from /home/airflow/.local/lib/python3.12/site-packages/airflow/example_dags/example_sla_dag.py
[2025-04-18T13:36:37.646+0000] {processor.py:925} INFO - DAG(s) 'example_sla_dag' retrieved from /home/airflow/.local/lib/python3.12/site-packages/airflow/example_dags/example_sla_dag.py
[2025-04-18T13:36:37.675+0000] {logging_mixin.py:190} INFO - [2025-04-18T13:36:37.675+0000] {dag.py:3239} INFO - Sync 1 DAGs
[2025-04-18T13:36:37.705+0000] {logging_mixin.py:190} INFO - [2025-04-18T13:36:37.704+0000] {dag.py:4180} INFO - Setting next_dagrun for example_sla_dag to 2025-04-18 13:34:00+00:00, run_after=2025-04-18 13:36:00+00:00
[2025-04-18T13:36:37.719+0000] {processor.py:208} INFO - Processing /home/airflow/.local/lib/python3.12/site-packages/airflow/example_dags/example_sla_dag.py took 0.108 seconds
[2025-04-18T13:37:08.089+0000] {processor.py:186} INFO - Started process (PID=353) to work on /home/airflow/.local/lib/python3.12/site-packages/airflow/example_dags/example_sla_dag.py
[2025-04-18T13:37:08.090+0000] {processor.py:914} INFO - Processing file /home/airflow/.local/lib/python3.12/site-packages/airflow/example_dags/example_sla_dag.py for tasks to queue
[2025-04-18T13:37:08.092+0000] {logging_mixin.py:190} INFO - [2025-04-18T13:37:08.092+0000] {dagbag.py:588} INFO - Filling up the DagBag from /home/airflow/.local/lib/python3.12/site-packages/airflow/example_dags/example_sla_dag.py
[2025-04-18T13:37:08.107+0000] {processor.py:925} INFO - DAG(s) 'example_sla_dag' retrieved from /home/airflow/.local/lib/python3.12/site-packages/airflow/example_dags/example_sla_dag.py
[2025-04-18T13:37:08.136+0000] {logging_mixin.py:190} INFO - [2025-04-18T13:37:08.136+0000] {dag.py:3239} INFO - Sync 1 DAGs
[2025-04-18T13:37:08.158+0000] {logging_mixin.py:190} INFO - [2025-04-18T13:37:08.158+0000] {dag.py:4180} INFO - Setting next_dagrun for example_sla_dag to 2025-04-18 13:34:00+00:00, run_after=2025-04-18 13:36:00+00:00
[2025-04-18T13:37:08.173+0000] {processor.py:208} INFO - Processing /home/airflow/.local/lib/python3.12/site-packages/airflow/example_dags/example_sla_dag.py took 0.091 seconds
[2025-04-18T13:37:38.886+0000] {processor.py:186} INFO - Started process (PID=417) to work on /home/airflow/.local/lib/python3.12/site-packages/airflow/example_dags/example_sla_dag.py
[2025-04-18T13:37:38.890+0000] {processor.py:914} INFO - Processing file /home/airflow/.local/lib/python3.12/site-packages/airflow/example_dags/example_sla_dag.py for tasks to queue
[2025-04-18T13:37:38.894+0000] {logging_mixin.py:190} INFO - [2025-04-18T13:37:38.894+0000] {dagbag.py:588} INFO - Filling up the DagBag from /home/airflow/.local/lib/python3.12/site-packages/airflow/example_dags/example_sla_dag.py
[2025-04-18T13:37:38.903+0000] {processor.py:925} INFO - DAG(s) 'example_sla_dag' retrieved from /home/airflow/.local/lib/python3.12/site-packages/airflow/example_dags/example_sla_dag.py
[2025-04-18T13:37:38.925+0000] {logging_mixin.py:190} INFO - [2025-04-18T13:37:38.925+0000] {dag.py:3239} INFO - Sync 1 DAGs
[2025-04-18T13:37:38.942+0000] {logging_mixin.py:190} INFO - [2025-04-18T13:37:38.942+0000] {dag.py:4180} INFO - Setting next_dagrun for example_sla_dag to 2025-04-18 13:34:00+00:00, run_after=2025-04-18 13:36:00+00:00
[2025-04-18T13:37:38.955+0000] {processor.py:208} INFO - Processing /home/airflow/.local/lib/python3.12/site-packages/airflow/example_dags/example_sla_dag.py took 0.082 seconds
[2025-04-18T13:38:09.595+0000] {processor.py:186} INFO - Started process (PID=481) to work on /home/airflow/.local/lib/python3.12/site-packages/airflow/example_dags/example_sla_dag.py
[2025-04-18T13:38:09.598+0000] {processor.py:914} INFO - Processing file /home/airflow/.local/lib/python3.12/site-packages/airflow/example_dags/example_sla_dag.py for tasks to queue
[2025-04-18T13:38:09.610+0000] {logging_mixin.py:190} INFO - [2025-04-18T13:38:09.608+0000] {dagbag.py:588} INFO - Filling up the DagBag from /home/airflow/.local/lib/python3.12/site-packages/airflow/example_dags/example_sla_dag.py
[2025-04-18T13:38:09.639+0000] {processor.py:925} INFO - DAG(s) 'example_sla_dag' retrieved from /home/airflow/.local/lib/python3.12/site-packages/airflow/example_dags/example_sla_dag.py
[2025-04-18T13:38:09.670+0000] {logging_mixin.py:190} INFO - [2025-04-18T13:38:09.669+0000] {dag.py:3239} INFO - Sync 1 DAGs
[2025-04-18T13:38:09.721+0000] {logging_mixin.py:190} INFO - [2025-04-18T13:38:09.721+0000] {dag.py:4180} INFO - Setting next_dagrun for example_sla_dag to 2025-04-18 13:36:00+00:00, run_after=2025-04-18 13:38:00+00:00
[2025-04-18T13:38:09.740+0000] {processor.py:208} INFO - Processing /home/airflow/.local/lib/python3.12/site-packages/airflow/example_dags/example_sla_dag.py took 0.172 seconds
[2025-04-18T13:38:40.259+0000] {processor.py:186} INFO - Started process (PID=545) to work on /home/airflow/.local/lib/python3.12/site-packages/airflow/example_dags/example_sla_dag.py
[2025-04-18T13:38:40.261+0000] {processor.py:914} INFO - Processing file /home/airflow/.local/lib/python3.12/site-packages/airflow/example_dags/example_sla_dag.py for tasks to queue
[2025-04-18T13:38:40.263+0000] {logging_mixin.py:190} INFO - [2025-04-18T13:38:40.263+0000] {dagbag.py:588} INFO - Filling up the DagBag from /home/airflow/.local/lib/python3.12/site-packages/airflow/example_dags/example_sla_dag.py
[2025-04-18T13:38:40.277+0000] {processor.py:925} INFO - DAG(s) 'example_sla_dag' retrieved from /home/airflow/.local/lib/python3.12/site-packages/airflow/example_dags/example_sla_dag.py
[2025-04-18T13:38:40.300+0000] {logging_mixin.py:190} INFO - [2025-04-18T13:38:40.300+0000] {dag.py:3239} INFO - Sync 1 DAGs
[2025-04-18T13:38:40.322+0000] {logging_mixin.py:190} INFO - [2025-04-18T13:38:40.322+0000] {dag.py:4180} INFO - Setting next_dagrun for example_sla_dag to 2025-04-18 13:36:00+00:00, run_after=2025-04-18 13:38:00+00:00
[2025-04-18T13:38:40.337+0000] {processor.py:208} INFO - Processing /home/airflow/.local/lib/python3.12/site-packages/airflow/example_dags/example_sla_dag.py took 0.085 seconds
[2025-04-18T13:40:11.452+0000] {processor.py:186} INFO - Started process (PID=632) to work on /home/airflow/.local/lib/python3.12/site-packages/airflow/example_dags/example_sla_dag.py
[2025-04-18T13:40:11.458+0000] {processor.py:914} INFO - Processing file /home/airflow/.local/lib/python3.12/site-packages/airflow/example_dags/example_sla_dag.py for tasks to queue
[2025-04-18T13:40:11.482+0000] {logging_mixin.py:190} INFO - [2025-04-18T13:40:11.479+0000] {dagbag.py:588} INFO - Filling up the DagBag from /home/airflow/.local/lib/python3.12/site-packages/airflow/example_dags/example_sla_dag.py
[2025-04-18T13:40:11.522+0000] {processor.py:925} INFO - DAG(s) 'example_sla_dag' retrieved from /home/airflow/.local/lib/python3.12/site-packages/airflow/example_dags/example_sla_dag.py
[2025-04-18T13:40:11.632+0000] {logging_mixin.py:190} INFO - [2025-04-18T13:40:11.632+0000] {dag.py:3239} INFO - Sync 1 DAGs
[2025-04-18T13:40:11.722+0000] {logging_mixin.py:190} INFO - [2025-04-18T13:40:11.721+0000] {dag.py:4180} INFO - Setting next_dagrun for example_sla_dag to 2025-04-18 13:38:00+00:00, run_after=2025-04-18 13:40:00+00:00
[2025-04-18T13:40:11.834+0000] {processor.py:208} INFO - Processing /home/airflow/.local/lib/python3.12/site-packages/airflow/example_dags/example_sla_dag.py took 0.391 seconds
[2025-04-18T13:44:02.924+0000] {processor.py:186} INFO - Started process (PID=110) to work on /home/airflow/.local/lib/python3.12/site-packages/airflow/example_dags/example_sla_dag.py
[2025-04-18T13:44:02.938+0000] {processor.py:914} INFO - Processing file /home/airflow/.local/lib/python3.12/site-packages/airflow/example_dags/example_sla_dag.py for tasks to queue
[2025-04-18T13:44:02.983+0000] {logging_mixin.py:190} INFO - [2025-04-18T13:44:02.980+0000] {dagbag.py:588} INFO - Filling up the DagBag from /home/airflow/.local/lib/python3.12/site-packages/airflow/example_dags/example_sla_dag.py
[2025-04-18T13:44:03.329+0000] {processor.py:925} INFO - DAG(s) 'example_sla_dag' retrieved from /home/airflow/.local/lib/python3.12/site-packages/airflow/example_dags/example_sla_dag.py
[2025-04-18T13:44:03.550+0000] {logging_mixin.py:190} INFO - [2025-04-18T13:44:03.548+0000] {dag.py:3239} INFO - Sync 1 DAGs
[2025-04-18T13:44:03.801+0000] {logging_mixin.py:190} INFO - [2025-04-18T13:44:03.784+0000] {dag.py:4180} INFO - Setting next_dagrun for example_sla_dag to 2025-04-18 13:42:00+00:00, run_after=2025-04-18 13:44:00+00:00
[2025-04-18T13:44:03.955+0000] {processor.py:208} INFO - Processing /home/airflow/.local/lib/python3.12/site-packages/airflow/example_dags/example_sla_dag.py took 1.087 seconds
[2025-04-18T13:44:59.437+0000] {processor.py:186} INFO - Started process (PID=186) to work on /home/airflow/.local/lib/python3.12/site-packages/airflow/example_dags/example_sla_dag.py
[2025-04-18T13:44:59.441+0000] {processor.py:914} INFO - Processing file /home/airflow/.local/lib/python3.12/site-packages/airflow/example_dags/example_sla_dag.py for tasks to queue
[2025-04-18T13:44:59.458+0000] {logging_mixin.py:190} INFO - [2025-04-18T13:44:59.457+0000] {dagbag.py:588} INFO - Filling up the DagBag from /home/airflow/.local/lib/python3.12/site-packages/airflow/example_dags/example_sla_dag.py
[2025-04-18T13:44:59.532+0000] {processor.py:925} INFO - DAG(s) 'example_sla_dag' retrieved from /home/airflow/.local/lib/python3.12/site-packages/airflow/example_dags/example_sla_dag.py
[2025-04-18T13:44:59.669+0000] {logging_mixin.py:190} INFO - [2025-04-18T13:44:59.665+0000] {dag.py:3239} INFO - Sync 1 DAGs
[2025-04-18T13:44:59.966+0000] {logging_mixin.py:190} INFO - [2025-04-18T13:44:59.963+0000] {dag.py:4180} INFO - Setting next_dagrun for example_sla_dag to 2025-04-18 13:42:00+00:00, run_after=2025-04-18 13:44:00+00:00
[2025-04-18T13:45:00.458+0000] {processor.py:208} INFO - Processing /home/airflow/.local/lib/python3.12/site-packages/airflow/example_dags/example_sla_dag.py took 1.027 seconds
[2025-04-18T13:46:37.992+0000] {processor.py:186} INFO - Started process (PID=265) to work on /home/airflow/.local/lib/python3.12/site-packages/airflow/example_dags/example_sla_dag.py
[2025-04-18T13:46:38.014+0000] {processor.py:914} INFO - Processing file /home/airflow/.local/lib/python3.12/site-packages/airflow/example_dags/example_sla_dag.py for tasks to queue
[2025-04-18T13:46:38.037+0000] {logging_mixin.py:190} INFO - [2025-04-18T13:46:38.028+0000] {dagbag.py:588} INFO - Filling up the DagBag from /home/airflow/.local/lib/python3.12/site-packages/airflow/example_dags/example_sla_dag.py
[2025-04-18T13:46:38.533+0000] {processor.py:925} INFO - DAG(s) 'example_sla_dag' retrieved from /home/airflow/.local/lib/python3.12/site-packages/airflow/example_dags/example_sla_dag.py
[2025-04-18T13:46:39.226+0000] {logging_mixin.py:190} INFO - [2025-04-18T13:46:39.207+0000] {dag.py:3239} INFO - Sync 1 DAGs
[2025-04-18T13:46:39.481+0000] {logging_mixin.py:190} INFO - [2025-04-18T13:46:39.480+0000] {dag.py:4180} INFO - Setting next_dagrun for example_sla_dag to 2025-04-18 13:44:00+00:00, run_after=2025-04-18 13:46:00+00:00
[2025-04-18T13:46:39.805+0000] {processor.py:208} INFO - Processing /home/airflow/.local/lib/python3.12/site-packages/airflow/example_dags/example_sla_dag.py took 1.883 seconds
[2025-04-18T13:49:52.999+0000] {processor.py:186} INFO - Started process (PID=113) to work on /home/airflow/.local/lib/python3.12/site-packages/airflow/example_dags/example_sla_dag.py
[2025-04-18T13:49:53.025+0000] {processor.py:914} INFO - Processing file /home/airflow/.local/lib/python3.12/site-packages/airflow/example_dags/example_sla_dag.py for tasks to queue
[2025-04-18T13:49:53.069+0000] {logging_mixin.py:190} INFO - [2025-04-18T13:49:53.064+0000] {dagbag.py:588} INFO - Filling up the DagBag from /home/airflow/.local/lib/python3.12/site-packages/airflow/example_dags/example_sla_dag.py
[2025-04-18T13:49:53.263+0000] {processor.py:925} INFO - DAG(s) 'example_sla_dag' retrieved from /home/airflow/.local/lib/python3.12/site-packages/airflow/example_dags/example_sla_dag.py
[2025-04-18T13:49:53.770+0000] {logging_mixin.py:190} INFO - [2025-04-18T13:49:53.763+0000] {dag.py:3239} INFO - Sync 1 DAGs
[2025-04-18T13:49:54.688+0000] {logging_mixin.py:190} INFO - [2025-04-18T13:49:54.668+0000] {dag.py:4180} INFO - Setting next_dagrun for example_sla_dag to 2025-04-18 13:46:00+00:00, run_after=2025-04-18 13:48:00+00:00
[2025-04-18T13:49:55.403+0000] {processor.py:208} INFO - Processing /home/airflow/.local/lib/python3.12/site-packages/airflow/example_dags/example_sla_dag.py took 2.481 seconds
[2025-04-18T13:51:08.120+0000] {processor.py:186} INFO - Started process (PID=199) to work on /home/airflow/.local/lib/python3.12/site-packages/airflow/example_dags/example_sla_dag.py
[2025-04-18T13:51:08.133+0000] {processor.py:914} INFO - Processing file /home/airflow/.local/lib/python3.12/site-packages/airflow/example_dags/example_sla_dag.py for tasks to queue
[2025-04-18T13:51:08.204+0000] {logging_mixin.py:190} INFO - [2025-04-18T13:51:08.182+0000] {dagbag.py:588} INFO - Filling up the DagBag from /home/airflow/.local/lib/python3.12/site-packages/airflow/example_dags/example_sla_dag.py
[2025-04-18T13:51:08.435+0000] {processor.py:925} INFO - DAG(s) 'example_sla_dag' retrieved from /home/airflow/.local/lib/python3.12/site-packages/airflow/example_dags/example_sla_dag.py
[2025-04-18T13:51:09.037+0000] {logging_mixin.py:190} INFO - [2025-04-18T13:51:09.028+0000] {dag.py:3239} INFO - Sync 1 DAGs
[2025-04-18T13:51:09.640+0000] {logging_mixin.py:190} INFO - [2025-04-18T13:51:09.623+0000] {dag.py:4180} INFO - Setting next_dagrun for example_sla_dag to 2025-04-18 13:48:00+00:00, run_after=2025-04-18 13:50:00+00:00
[2025-04-18T13:51:10.130+0000] {processor.py:208} INFO - Processing /home/airflow/.local/lib/python3.12/site-packages/airflow/example_dags/example_sla_dag.py took 2.065 seconds
[2025-04-18T13:52:19.138+0000] {processor.py:186} INFO - Started process (PID=274) to work on /home/airflow/.local/lib/python3.12/site-packages/airflow/example_dags/example_sla_dag.py
[2025-04-18T13:52:19.170+0000] {processor.py:914} INFO - Processing file /home/airflow/.local/lib/python3.12/site-packages/airflow/example_dags/example_sla_dag.py for tasks to queue
[2025-04-18T13:52:19.177+0000] {logging_mixin.py:190} INFO - [2025-04-18T13:52:19.174+0000] {dagbag.py:588} INFO - Filling up the DagBag from /home/airflow/.local/lib/python3.12/site-packages/airflow/example_dags/example_sla_dag.py
[2025-04-18T13:52:19.244+0000] {processor.py:925} INFO - DAG(s) 'example_sla_dag' retrieved from /home/airflow/.local/lib/python3.12/site-packages/airflow/example_dags/example_sla_dag.py
[2025-04-18T13:52:19.472+0000] {logging_mixin.py:190} INFO - [2025-04-18T13:52:19.471+0000] {dag.py:3239} INFO - Sync 1 DAGs
[2025-04-18T13:52:19.557+0000] {logging_mixin.py:190} INFO - [2025-04-18T13:52:19.557+0000] {dag.py:4180} INFO - Setting next_dagrun for example_sla_dag to 2025-04-18 13:50:00+00:00, run_after=2025-04-18 13:52:00+00:00
[2025-04-18T13:52:19.663+0000] {processor.py:208} INFO - Processing /home/airflow/.local/lib/python3.12/site-packages/airflow/example_dags/example_sla_dag.py took 0.534 seconds
[2025-04-18T13:53:29.489+0000] {processor.py:186} INFO - Started process (PID=348) to work on /home/airflow/.local/lib/python3.12/site-packages/airflow/example_dags/example_sla_dag.py
[2025-04-18T13:53:29.529+0000] {processor.py:914} INFO - Processing file /home/airflow/.local/lib/python3.12/site-packages/airflow/example_dags/example_sla_dag.py for tasks to queue
[2025-04-18T13:53:29.617+0000] {logging_mixin.py:190} INFO - [2025-04-18T13:53:29.616+0000] {dagbag.py:588} INFO - Filling up the DagBag from /home/airflow/.local/lib/python3.12/site-packages/airflow/example_dags/example_sla_dag.py
[2025-04-18T13:53:29.702+0000] {processor.py:925} INFO - DAG(s) 'example_sla_dag' retrieved from /home/airflow/.local/lib/python3.12/site-packages/airflow/example_dags/example_sla_dag.py
[2025-04-18T13:53:30.042+0000] {logging_mixin.py:190} INFO - [2025-04-18T13:53:30.038+0000] {dag.py:3239} INFO - Sync 1 DAGs
[2025-04-18T13:53:30.337+0000] {logging_mixin.py:190} INFO - [2025-04-18T13:53:30.334+0000] {dag.py:4180} INFO - Setting next_dagrun for example_sla_dag to 2025-04-18 13:50:00+00:00, run_after=2025-04-18 13:52:00+00:00
[2025-04-18T13:53:30.684+0000] {processor.py:208} INFO - Processing /home/airflow/.local/lib/python3.12/site-packages/airflow/example_dags/example_sla_dag.py took 1.293 seconds
[2025-04-18T13:54:13.461+0000] {processor.py:186} INFO - Started process (PID=418) to work on /home/airflow/.local/lib/python3.12/site-packages/airflow/example_dags/example_sla_dag.py
[2025-04-18T13:54:13.465+0000] {processor.py:914} INFO - Processing file /home/airflow/.local/lib/python3.12/site-packages/airflow/example_dags/example_sla_dag.py for tasks to queue
[2025-04-18T13:54:13.480+0000] {logging_mixin.py:190} INFO - [2025-04-18T13:54:13.479+0000] {dagbag.py:588} INFO - Filling up the DagBag from /home/airflow/.local/lib/python3.12/site-packages/airflow/example_dags/example_sla_dag.py
[2025-04-18T13:54:13.587+0000] {processor.py:925} INFO - DAG(s) 'example_sla_dag' retrieved from /home/airflow/.local/lib/python3.12/site-packages/airflow/example_dags/example_sla_dag.py
[2025-04-18T13:54:13.691+0000] {logging_mixin.py:190} INFO - [2025-04-18T13:54:13.688+0000] {dag.py:3239} INFO - Sync 1 DAGs
[2025-04-18T13:54:13.801+0000] {logging_mixin.py:190} INFO - [2025-04-18T13:54:13.797+0000] {dag.py:4180} INFO - Setting next_dagrun for example_sla_dag to 2025-04-18 13:52:00+00:00, run_after=2025-04-18 13:54:00+00:00
[2025-04-18T13:54:13.954+0000] {processor.py:208} INFO - Processing /home/airflow/.local/lib/python3.12/site-packages/airflow/example_dags/example_sla_dag.py took 0.519 seconds
[2025-04-18T13:54:44.730+0000] {processor.py:186} INFO - Started process (PID=481) to work on /home/airflow/.local/lib/python3.12/site-packages/airflow/example_dags/example_sla_dag.py
[2025-04-18T13:54:44.739+0000] {processor.py:914} INFO - Processing file /home/airflow/.local/lib/python3.12/site-packages/airflow/example_dags/example_sla_dag.py for tasks to queue
[2025-04-18T13:54:44.762+0000] {logging_mixin.py:190} INFO - [2025-04-18T13:54:44.758+0000] {dagbag.py:588} INFO - Filling up the DagBag from /home/airflow/.local/lib/python3.12/site-packages/airflow/example_dags/example_sla_dag.py
[2025-04-18T13:54:44.905+0000] {processor.py:925} INFO - DAG(s) 'example_sla_dag' retrieved from /home/airflow/.local/lib/python3.12/site-packages/airflow/example_dags/example_sla_dag.py
[2025-04-18T13:54:45.170+0000] {logging_mixin.py:190} INFO - [2025-04-18T13:54:45.169+0000] {dag.py:3239} INFO - Sync 1 DAGs
[2025-04-18T13:54:45.395+0000] {logging_mixin.py:190} INFO - [2025-04-18T13:54:45.394+0000] {dag.py:4180} INFO - Setting next_dagrun for example_sla_dag to 2025-04-18 13:52:00+00:00, run_after=2025-04-18 13:54:00+00:00
[2025-04-18T13:54:45.481+0000] {processor.py:208} INFO - Processing /home/airflow/.local/lib/python3.12/site-packages/airflow/example_dags/example_sla_dag.py took 0.794 seconds
