[2025-04-18T13:27:08.148+0000] {processor.py:186} INFO - Started process (PID=117) to work on /home/airflow/.local/lib/python3.12/site-packages/airflow/example_dags/example_datasets.py
[2025-04-18T13:27:08.165+0000] {processor.py:914} INFO - Processing file /home/airflow/.local/lib/python3.12/site-packages/airflow/example_dags/example_datasets.py for tasks to queue
[2025-04-18T13:27:08.186+0000] {logging_mixin.py:190} INFO - [2025-04-18T13:27:08.181+0000] {dagbag.py:588} INFO - Filling up the DagBag from /home/airflow/.local/lib/python3.12/site-packages/airflow/example_dags/example_datasets.py
[2025-04-18T13:27:22.432+0000] {processor.py:925} INFO - DAG(s) 'consume_1_or_both_2_and_3_with_dataset_expressions', 'dataset_consumes_1_never_scheduled', 'consume_1_and_2_with_dataset_expressions', 'consume_1_or_2_with_dataset_expressions', 'dataset_consumes_1_and_2', 'dataset_consumes_unknown_never_scheduled', 'dataset_consumes_1', 'conditional_dataset_and_time_based_timetable', 'dataset_produces_1', 'dataset_produces_2' retrieved from /home/airflow/.local/lib/python3.12/site-packages/airflow/example_dags/example_datasets.py
[2025-04-18T13:27:23.675+0000] {logging_mixin.py:190} INFO - [2025-04-18T13:27:23.664+0000] {dag.py:3239} INFO - Sync 10 DAGs
[2025-04-18T13:27:23.949+0000] {logging_mixin.py:190} INFO - [2025-04-18T13:27:23.944+0000] {dag.py:4180} INFO - Setting next_dagrun for conditional_dataset_and_time_based_timetable to 2025-04-16 01:00:00+00:00, run_after=2025-04-16 01:00:00+00:00
[2025-04-18T13:27:23.965+0000] {logging_mixin.py:190} INFO - [2025-04-18T13:27:23.964+0000] {dag.py:4180} INFO - Setting next_dagrun for consume_1_and_2_with_dataset_expressions to None, run_after=None
[2025-04-18T13:27:23.973+0000] {logging_mixin.py:190} INFO - [2025-04-18T13:27:23.972+0000] {dag.py:4180} INFO - Setting next_dagrun for consume_1_or_2_with_dataset_expressions to None, run_after=None
[2025-04-18T13:27:23.988+0000] {logging_mixin.py:190} INFO - [2025-04-18T13:27:23.987+0000] {dag.py:4180} INFO - Setting next_dagrun for consume_1_or_both_2_and_3_with_dataset_expressions to None, run_after=None
[2025-04-18T13:27:23.996+0000] {logging_mixin.py:190} INFO - [2025-04-18T13:27:23.995+0000] {dag.py:4180} INFO - Setting next_dagrun for dataset_consumes_1 to None, run_after=None
[2025-04-18T13:27:24.005+0000] {logging_mixin.py:190} INFO - [2025-04-18T13:27:24.003+0000] {dag.py:4180} INFO - Setting next_dagrun for dataset_consumes_1_and_2 to None, run_after=None
[2025-04-18T13:27:24.013+0000] {logging_mixin.py:190} INFO - [2025-04-18T13:27:24.012+0000] {dag.py:4180} INFO - Setting next_dagrun for dataset_consumes_1_never_scheduled to None, run_after=None
[2025-04-18T13:27:24.019+0000] {logging_mixin.py:190} INFO - [2025-04-18T13:27:24.018+0000] {dag.py:4180} INFO - Setting next_dagrun for dataset_consumes_unknown_never_scheduled to None, run_after=None
[2025-04-18T13:27:24.037+0000] {logging_mixin.py:190} INFO - [2025-04-18T13:27:24.036+0000] {dag.py:4180} INFO - Setting next_dagrun for dataset_produces_1 to 2025-04-17 00:00:00+00:00, run_after=2025-04-18 00:00:00+00:00
[2025-04-18T13:27:24.041+0000] {logging_mixin.py:190} INFO - [2025-04-18T13:27:24.041+0000] {dag.py:4180} INFO - Setting next_dagrun for dataset_produces_2 to None, run_after=None
[2025-04-18T13:27:24.358+0000] {processor.py:208} INFO - Processing /home/airflow/.local/lib/python3.12/site-packages/airflow/example_dags/example_datasets.py took 16.278 seconds
[2025-04-18T13:30:17.447+0000] {processor.py:186} INFO - Started process (PID=103) to work on /home/airflow/.local/lib/python3.12/site-packages/airflow/example_dags/example_datasets.py
[2025-04-18T13:30:17.450+0000] {processor.py:914} INFO - Processing file /home/airflow/.local/lib/python3.12/site-packages/airflow/example_dags/example_datasets.py for tasks to queue
[2025-04-18T13:30:17.459+0000] {logging_mixin.py:190} INFO - [2025-04-18T13:30:17.458+0000] {dagbag.py:588} INFO - Filling up the DagBag from /home/airflow/.local/lib/python3.12/site-packages/airflow/example_dags/example_datasets.py
[2025-04-18T13:30:21.934+0000] {processor.py:925} INFO - DAG(s) 'dataset_consumes_unknown_never_scheduled', 'consume_1_and_2_with_dataset_expressions', 'consume_1_or_both_2_and_3_with_dataset_expressions', 'dataset_consumes_1_never_scheduled', 'conditional_dataset_and_time_based_timetable', 'dataset_produces_2', 'dataset_consumes_1_and_2', 'consume_1_or_2_with_dataset_expressions', 'dataset_produces_1', 'dataset_consumes_1' retrieved from /home/airflow/.local/lib/python3.12/site-packages/airflow/example_dags/example_datasets.py
[2025-04-18T13:30:28.016+0000] {logging_mixin.py:190} INFO - [2025-04-18T13:30:28.014+0000] {dag.py:3239} INFO - Sync 10 DAGs
[2025-04-18T13:30:28.083+0000] {logging_mixin.py:190} INFO - [2025-04-18T13:30:28.082+0000] {dag.py:4180} INFO - Setting next_dagrun for conditional_dataset_and_time_based_timetable to 2025-04-16 01:00:00+00:00, run_after=2025-04-16 01:00:00+00:00
[2025-04-18T13:30:28.092+0000] {logging_mixin.py:190} INFO - [2025-04-18T13:30:28.092+0000] {dag.py:4180} INFO - Setting next_dagrun for consume_1_and_2_with_dataset_expressions to None, run_after=None
[2025-04-18T13:30:28.094+0000] {logging_mixin.py:190} INFO - [2025-04-18T13:30:28.093+0000] {dag.py:4180} INFO - Setting next_dagrun for consume_1_or_2_with_dataset_expressions to None, run_after=None
[2025-04-18T13:30:28.107+0000] {logging_mixin.py:190} INFO - [2025-04-18T13:30:28.106+0000] {dag.py:4180} INFO - Setting next_dagrun for consume_1_or_both_2_and_3_with_dataset_expressions to None, run_after=None
[2025-04-18T13:30:28.114+0000] {logging_mixin.py:190} INFO - [2025-04-18T13:30:28.113+0000] {dag.py:4180} INFO - Setting next_dagrun for dataset_consumes_1 to None, run_after=None
[2025-04-18T13:30:28.122+0000] {logging_mixin.py:190} INFO - [2025-04-18T13:30:28.122+0000] {dag.py:4180} INFO - Setting next_dagrun for dataset_consumes_1_and_2 to None, run_after=None
[2025-04-18T13:30:28.127+0000] {logging_mixin.py:190} INFO - [2025-04-18T13:30:28.126+0000] {dag.py:4180} INFO - Setting next_dagrun for dataset_consumes_1_never_scheduled to None, run_after=None
[2025-04-18T13:30:28.130+0000] {logging_mixin.py:190} INFO - [2025-04-18T13:30:28.130+0000] {dag.py:4180} INFO - Setting next_dagrun for dataset_consumes_unknown_never_scheduled to None, run_after=None
[2025-04-18T13:30:28.137+0000] {logging_mixin.py:190} INFO - [2025-04-18T13:30:28.137+0000] {dag.py:4180} INFO - Setting next_dagrun for dataset_produces_1 to 2025-04-17 00:00:00+00:00, run_after=2025-04-18 00:00:00+00:00
[2025-04-18T13:30:28.139+0000] {logging_mixin.py:190} INFO - [2025-04-18T13:30:28.139+0000] {dag.py:4180} INFO - Setting next_dagrun for dataset_produces_2 to None, run_after=None
[2025-04-18T13:30:28.242+0000] {processor.py:208} INFO - Processing /home/airflow/.local/lib/python3.12/site-packages/airflow/example_dags/example_datasets.py took 10.812 seconds
[2025-04-18T13:30:58.378+0000] {processor.py:186} INFO - Started process (PID=183) to work on /home/airflow/.local/lib/python3.12/site-packages/airflow/example_dags/example_datasets.py
[2025-04-18T13:30:58.380+0000] {processor.py:914} INFO - Processing file /home/airflow/.local/lib/python3.12/site-packages/airflow/example_dags/example_datasets.py for tasks to queue
[2025-04-18T13:30:58.381+0000] {logging_mixin.py:190} INFO - [2025-04-18T13:30:58.381+0000] {dagbag.py:588} INFO - Filling up the DagBag from /home/airflow/.local/lib/python3.12/site-packages/airflow/example_dags/example_datasets.py
[2025-04-18T13:30:58.922+0000] {processor.py:925} INFO - DAG(s) 'dataset_consumes_unknown_never_scheduled', 'consume_1_and_2_with_dataset_expressions', 'dataset_produces_1', 'consume_1_or_both_2_and_3_with_dataset_expressions', 'conditional_dataset_and_time_based_timetable', 'dataset_consumes_1_never_scheduled', 'consume_1_or_2_with_dataset_expressions', 'dataset_produces_2', 'dataset_consumes_1', 'dataset_consumes_1_and_2' retrieved from /home/airflow/.local/lib/python3.12/site-packages/airflow/example_dags/example_datasets.py
[2025-04-18T13:30:58.938+0000] {logging_mixin.py:190} INFO - [2025-04-18T13:30:58.938+0000] {dag.py:3239} INFO - Sync 10 DAGs
[2025-04-18T13:30:58.950+0000] {logging_mixin.py:190} INFO - [2025-04-18T13:30:58.950+0000] {dag.py:4180} INFO - Setting next_dagrun for conditional_dataset_and_time_based_timetable to 2025-04-16 01:00:00+00:00, run_after=2025-04-16 01:00:00+00:00
[2025-04-18T13:30:58.951+0000] {logging_mixin.py:190} INFO - [2025-04-18T13:30:58.951+0000] {dag.py:4180} INFO - Setting next_dagrun for consume_1_and_2_with_dataset_expressions to None, run_after=None
[2025-04-18T13:30:58.952+0000] {logging_mixin.py:190} INFO - [2025-04-18T13:30:58.952+0000] {dag.py:4180} INFO - Setting next_dagrun for consume_1_or_2_with_dataset_expressions to None, run_after=None
[2025-04-18T13:30:58.952+0000] {logging_mixin.py:190} INFO - [2025-04-18T13:30:58.952+0000] {dag.py:4180} INFO - Setting next_dagrun for consume_1_or_both_2_and_3_with_dataset_expressions to None, run_after=None
[2025-04-18T13:30:58.953+0000] {logging_mixin.py:190} INFO - [2025-04-18T13:30:58.953+0000] {dag.py:4180} INFO - Setting next_dagrun for dataset_consumes_1 to None, run_after=None
[2025-04-18T13:30:58.953+0000] {logging_mixin.py:190} INFO - [2025-04-18T13:30:58.953+0000] {dag.py:4180} INFO - Setting next_dagrun for dataset_consumes_1_and_2 to None, run_after=None
[2025-04-18T13:30:58.954+0000] {logging_mixin.py:190} INFO - [2025-04-18T13:30:58.954+0000] {dag.py:4180} INFO - Setting next_dagrun for dataset_consumes_1_never_scheduled to None, run_after=None
[2025-04-18T13:30:58.954+0000] {logging_mixin.py:190} INFO - [2025-04-18T13:30:58.954+0000] {dag.py:4180} INFO - Setting next_dagrun for dataset_consumes_unknown_never_scheduled to None, run_after=None
[2025-04-18T13:30:58.955+0000] {logging_mixin.py:190} INFO - [2025-04-18T13:30:58.955+0000] {dag.py:4180} INFO - Setting next_dagrun for dataset_produces_1 to 2025-04-17 00:00:00+00:00, run_after=2025-04-18 00:00:00+00:00
[2025-04-18T13:30:58.955+0000] {logging_mixin.py:190} INFO - [2025-04-18T13:30:58.955+0000] {dag.py:4180} INFO - Setting next_dagrun for dataset_produces_2 to None, run_after=None
[2025-04-18T13:30:58.969+0000] {processor.py:208} INFO - Processing /home/airflow/.local/lib/python3.12/site-packages/airflow/example_dags/example_datasets.py took 0.594 seconds
[2025-04-18T13:31:29.573+0000] {processor.py:186} INFO - Started process (PID=248) to work on /home/airflow/.local/lib/python3.12/site-packages/airflow/example_dags/example_datasets.py
[2025-04-18T13:31:29.574+0000] {processor.py:914} INFO - Processing file /home/airflow/.local/lib/python3.12/site-packages/airflow/example_dags/example_datasets.py for tasks to queue
[2025-04-18T13:31:29.576+0000] {logging_mixin.py:190} INFO - [2025-04-18T13:31:29.576+0000] {dagbag.py:588} INFO - Filling up the DagBag from /home/airflow/.local/lib/python3.12/site-packages/airflow/example_dags/example_datasets.py
[2025-04-18T13:31:30.050+0000] {processor.py:925} INFO - DAG(s) 'dataset_produces_1', 'dataset_consumes_1', 'consume_1_and_2_with_dataset_expressions', 'conditional_dataset_and_time_based_timetable', 'dataset_consumes_1_never_scheduled', 'dataset_consumes_unknown_never_scheduled', 'dataset_consumes_1_and_2', 'consume_1_or_both_2_and_3_with_dataset_expressions', 'consume_1_or_2_with_dataset_expressions', 'dataset_produces_2' retrieved from /home/airflow/.local/lib/python3.12/site-packages/airflow/example_dags/example_datasets.py
[2025-04-18T13:31:30.092+0000] {logging_mixin.py:190} INFO - [2025-04-18T13:31:30.091+0000] {dag.py:3239} INFO - Sync 10 DAGs
[2025-04-18T13:31:30.111+0000] {logging_mixin.py:190} INFO - [2025-04-18T13:31:30.111+0000] {dag.py:4180} INFO - Setting next_dagrun for conditional_dataset_and_time_based_timetable to 2025-04-16 01:00:00+00:00, run_after=2025-04-16 01:00:00+00:00
[2025-04-18T13:31:30.112+0000] {logging_mixin.py:190} INFO - [2025-04-18T13:31:30.112+0000] {dag.py:4180} INFO - Setting next_dagrun for consume_1_and_2_with_dataset_expressions to None, run_after=None
[2025-04-18T13:31:30.113+0000] {logging_mixin.py:190} INFO - [2025-04-18T13:31:30.113+0000] {dag.py:4180} INFO - Setting next_dagrun for consume_1_or_2_with_dataset_expressions to None, run_after=None
[2025-04-18T13:31:30.113+0000] {logging_mixin.py:190} INFO - [2025-04-18T13:31:30.113+0000] {dag.py:4180} INFO - Setting next_dagrun for consume_1_or_both_2_and_3_with_dataset_expressions to None, run_after=None
[2025-04-18T13:31:30.114+0000] {logging_mixin.py:190} INFO - [2025-04-18T13:31:30.114+0000] {dag.py:4180} INFO - Setting next_dagrun for dataset_consumes_1 to None, run_after=None
[2025-04-18T13:31:30.114+0000] {logging_mixin.py:190} INFO - [2025-04-18T13:31:30.114+0000] {dag.py:4180} INFO - Setting next_dagrun for dataset_consumes_1_and_2 to None, run_after=None
[2025-04-18T13:31:30.115+0000] {logging_mixin.py:190} INFO - [2025-04-18T13:31:30.114+0000] {dag.py:4180} INFO - Setting next_dagrun for dataset_consumes_1_never_scheduled to None, run_after=None
[2025-04-18T13:31:30.115+0000] {logging_mixin.py:190} INFO - [2025-04-18T13:31:30.115+0000] {dag.py:4180} INFO - Setting next_dagrun for dataset_consumes_unknown_never_scheduled to None, run_after=None
[2025-04-18T13:31:30.116+0000] {logging_mixin.py:190} INFO - [2025-04-18T13:31:30.116+0000] {dag.py:4180} INFO - Setting next_dagrun for dataset_produces_1 to 2025-04-17 00:00:00+00:00, run_after=2025-04-18 00:00:00+00:00
[2025-04-18T13:31:30.116+0000] {logging_mixin.py:190} INFO - [2025-04-18T13:31:30.116+0000] {dag.py:4180} INFO - Setting next_dagrun for dataset_produces_2 to None, run_after=None
[2025-04-18T13:31:30.130+0000] {processor.py:208} INFO - Processing /home/airflow/.local/lib/python3.12/site-packages/airflow/example_dags/example_datasets.py took 0.562 seconds
[2025-04-18T13:32:01.027+0000] {processor.py:186} INFO - Started process (PID=312) to work on /home/airflow/.local/lib/python3.12/site-packages/airflow/example_dags/example_datasets.py
[2025-04-18T13:32:01.029+0000] {processor.py:914} INFO - Processing file /home/airflow/.local/lib/python3.12/site-packages/airflow/example_dags/example_datasets.py for tasks to queue
[2025-04-18T13:32:01.035+0000] {logging_mixin.py:190} INFO - [2025-04-18T13:32:01.034+0000] {dagbag.py:588} INFO - Filling up the DagBag from /home/airflow/.local/lib/python3.12/site-packages/airflow/example_dags/example_datasets.py
[2025-04-18T13:32:01.676+0000] {processor.py:925} INFO - DAG(s) 'consume_1_and_2_with_dataset_expressions', 'dataset_consumes_1_never_scheduled', 'dataset_consumes_unknown_never_scheduled', 'dataset_produces_1', 'consume_1_or_2_with_dataset_expressions', 'dataset_consumes_1_and_2', 'dataset_consumes_1', 'dataset_produces_2', 'conditional_dataset_and_time_based_timetable', 'consume_1_or_both_2_and_3_with_dataset_expressions' retrieved from /home/airflow/.local/lib/python3.12/site-packages/airflow/example_dags/example_datasets.py
[2025-04-18T13:32:01.720+0000] {logging_mixin.py:190} INFO - [2025-04-18T13:32:01.720+0000] {dag.py:3239} INFO - Sync 10 DAGs
[2025-04-18T13:32:01.751+0000] {logging_mixin.py:190} INFO - [2025-04-18T13:32:01.751+0000] {dag.py:4180} INFO - Setting next_dagrun for conditional_dataset_and_time_based_timetable to 2025-04-16 01:00:00+00:00, run_after=2025-04-16 01:00:00+00:00
[2025-04-18T13:32:01.765+0000] {logging_mixin.py:190} INFO - [2025-04-18T13:32:01.764+0000] {dag.py:4180} INFO - Setting next_dagrun for consume_1_and_2_with_dataset_expressions to None, run_after=None
[2025-04-18T13:32:01.769+0000] {logging_mixin.py:190} INFO - [2025-04-18T13:32:01.768+0000] {dag.py:4180} INFO - Setting next_dagrun for consume_1_or_2_with_dataset_expressions to None, run_after=None
[2025-04-18T13:32:01.770+0000] {logging_mixin.py:190} INFO - [2025-04-18T13:32:01.770+0000] {dag.py:4180} INFO - Setting next_dagrun for consume_1_or_both_2_and_3_with_dataset_expressions to None, run_after=None
[2025-04-18T13:32:01.771+0000] {logging_mixin.py:190} INFO - [2025-04-18T13:32:01.771+0000] {dag.py:4180} INFO - Setting next_dagrun for dataset_consumes_1 to None, run_after=None
[2025-04-18T13:32:01.773+0000] {logging_mixin.py:190} INFO - [2025-04-18T13:32:01.773+0000] {dag.py:4180} INFO - Setting next_dagrun for dataset_consumes_1_and_2 to None, run_after=None
[2025-04-18T13:32:01.775+0000] {logging_mixin.py:190} INFO - [2025-04-18T13:32:01.775+0000] {dag.py:4180} INFO - Setting next_dagrun for dataset_consumes_1_never_scheduled to None, run_after=None
[2025-04-18T13:32:01.778+0000] {logging_mixin.py:190} INFO - [2025-04-18T13:32:01.778+0000] {dag.py:4180} INFO - Setting next_dagrun for dataset_consumes_unknown_never_scheduled to None, run_after=None
[2025-04-18T13:32:01.780+0000] {logging_mixin.py:190} INFO - [2025-04-18T13:32:01.780+0000] {dag.py:4180} INFO - Setting next_dagrun for dataset_produces_1 to 2025-04-17 00:00:00+00:00, run_after=2025-04-18 00:00:00+00:00
[2025-04-18T13:32:01.781+0000] {logging_mixin.py:190} INFO - [2025-04-18T13:32:01.781+0000] {dag.py:4180} INFO - Setting next_dagrun for dataset_produces_2 to None, run_after=None
[2025-04-18T13:32:01.800+0000] {processor.py:208} INFO - Processing /home/airflow/.local/lib/python3.12/site-packages/airflow/example_dags/example_datasets.py took 0.786 seconds
[2025-04-18T13:35:05.373+0000] {processor.py:186} INFO - Started process (PID=99) to work on /home/airflow/.local/lib/python3.12/site-packages/airflow/example_dags/example_datasets.py
[2025-04-18T13:35:05.376+0000] {processor.py:914} INFO - Processing file /home/airflow/.local/lib/python3.12/site-packages/airflow/example_dags/example_datasets.py for tasks to queue
[2025-04-18T13:35:05.389+0000] {logging_mixin.py:190} INFO - [2025-04-18T13:35:05.388+0000] {dagbag.py:588} INFO - Filling up the DagBag from /home/airflow/.local/lib/python3.12/site-packages/airflow/example_dags/example_datasets.py
[2025-04-18T13:35:11.027+0000] {processor.py:925} INFO - DAG(s) 'conditional_dataset_and_time_based_timetable', 'dataset_consumes_unknown_never_scheduled', 'dataset_produces_2', 'consume_1_or_2_with_dataset_expressions', 'consume_1_or_both_2_and_3_with_dataset_expressions', 'dataset_consumes_1_never_scheduled', 'dataset_consumes_1', 'dataset_produces_1', 'dataset_consumes_1_and_2', 'consume_1_and_2_with_dataset_expressions' retrieved from /home/airflow/.local/lib/python3.12/site-packages/airflow/example_dags/example_datasets.py
[2025-04-18T13:35:11.182+0000] {logging_mixin.py:190} INFO - [2025-04-18T13:35:11.182+0000] {dag.py:3239} INFO - Sync 10 DAGs
[2025-04-18T13:35:11.256+0000] {logging_mixin.py:190} INFO - [2025-04-18T13:35:11.255+0000] {dag.py:4180} INFO - Setting next_dagrun for conditional_dataset_and_time_based_timetable to 2025-04-16 01:00:00+00:00, run_after=2025-04-16 01:00:00+00:00
[2025-04-18T13:35:11.271+0000] {logging_mixin.py:190} INFO - [2025-04-18T13:35:11.270+0000] {dag.py:4180} INFO - Setting next_dagrun for consume_1_and_2_with_dataset_expressions to None, run_after=None
[2025-04-18T13:35:11.275+0000] {logging_mixin.py:190} INFO - [2025-04-18T13:35:11.274+0000] {dag.py:4180} INFO - Setting next_dagrun for consume_1_or_2_with_dataset_expressions to None, run_after=None
[2025-04-18T13:35:11.278+0000] {logging_mixin.py:190} INFO - [2025-04-18T13:35:11.278+0000] {dag.py:4180} INFO - Setting next_dagrun for consume_1_or_both_2_and_3_with_dataset_expressions to None, run_after=None
[2025-04-18T13:35:11.282+0000] {logging_mixin.py:190} INFO - [2025-04-18T13:35:11.281+0000] {dag.py:4180} INFO - Setting next_dagrun for dataset_consumes_1 to None, run_after=None
[2025-04-18T13:35:11.286+0000] {logging_mixin.py:190} INFO - [2025-04-18T13:35:11.285+0000] {dag.py:4180} INFO - Setting next_dagrun for dataset_consumes_1_and_2 to None, run_after=None
[2025-04-18T13:35:11.290+0000] {logging_mixin.py:190} INFO - [2025-04-18T13:35:11.289+0000] {dag.py:4180} INFO - Setting next_dagrun for dataset_consumes_1_never_scheduled to None, run_after=None
[2025-04-18T13:35:11.297+0000] {logging_mixin.py:190} INFO - [2025-04-18T13:35:11.296+0000] {dag.py:4180} INFO - Setting next_dagrun for dataset_consumes_unknown_never_scheduled to None, run_after=None
[2025-04-18T13:35:11.305+0000] {logging_mixin.py:190} INFO - [2025-04-18T13:35:11.304+0000] {dag.py:4180} INFO - Setting next_dagrun for dataset_produces_1 to 2025-04-17 00:00:00+00:00, run_after=2025-04-18 00:00:00+00:00
[2025-04-18T13:35:11.309+0000] {logging_mixin.py:190} INFO - [2025-04-18T13:35:11.308+0000] {dag.py:4180} INFO - Setting next_dagrun for dataset_produces_2 to None, run_after=None
[2025-04-18T13:35:11.458+0000] {processor.py:208} INFO - Processing /home/airflow/.local/lib/python3.12/site-packages/airflow/example_dags/example_datasets.py took 6.112 seconds
[2025-04-18T13:35:41.742+0000] {processor.py:186} INFO - Started process (PID=170) to work on /home/airflow/.local/lib/python3.12/site-packages/airflow/example_dags/example_datasets.py
[2025-04-18T13:35:41.743+0000] {processor.py:914} INFO - Processing file /home/airflow/.local/lib/python3.12/site-packages/airflow/example_dags/example_datasets.py for tasks to queue
[2025-04-18T13:35:41.746+0000] {logging_mixin.py:190} INFO - [2025-04-18T13:35:41.745+0000] {dagbag.py:588} INFO - Filling up the DagBag from /home/airflow/.local/lib/python3.12/site-packages/airflow/example_dags/example_datasets.py
[2025-04-18T13:35:43.686+0000] {processor.py:925} INFO - DAG(s) 'dataset_produces_2', 'dataset_produces_1', 'consume_1_or_2_with_dataset_expressions', 'consume_1_or_both_2_and_3_with_dataset_expressions', 'dataset_consumes_1', 'consume_1_and_2_with_dataset_expressions', 'dataset_consumes_unknown_never_scheduled', 'dataset_consumes_1_and_2', 'dataset_consumes_1_never_scheduled', 'conditional_dataset_and_time_based_timetable' retrieved from /home/airflow/.local/lib/python3.12/site-packages/airflow/example_dags/example_datasets.py
[2025-04-18T13:35:43.724+0000] {logging_mixin.py:190} INFO - [2025-04-18T13:35:43.724+0000] {dag.py:3239} INFO - Sync 10 DAGs
[2025-04-18T13:35:43.740+0000] {logging_mixin.py:190} INFO - [2025-04-18T13:35:43.740+0000] {dag.py:4180} INFO - Setting next_dagrun for conditional_dataset_and_time_based_timetable to 2025-04-16 01:00:00+00:00, run_after=2025-04-16 01:00:00+00:00
[2025-04-18T13:35:43.742+0000] {logging_mixin.py:190} INFO - [2025-04-18T13:35:43.742+0000] {dag.py:4180} INFO - Setting next_dagrun for consume_1_and_2_with_dataset_expressions to None, run_after=None
[2025-04-18T13:35:43.743+0000] {logging_mixin.py:190} INFO - [2025-04-18T13:35:43.743+0000] {dag.py:4180} INFO - Setting next_dagrun for consume_1_or_2_with_dataset_expressions to None, run_after=None
[2025-04-18T13:35:43.743+0000] {logging_mixin.py:190} INFO - [2025-04-18T13:35:43.743+0000] {dag.py:4180} INFO - Setting next_dagrun for consume_1_or_both_2_and_3_with_dataset_expressions to None, run_after=None
[2025-04-18T13:35:43.744+0000] {logging_mixin.py:190} INFO - [2025-04-18T13:35:43.744+0000] {dag.py:4180} INFO - Setting next_dagrun for dataset_consumes_1 to None, run_after=None
[2025-04-18T13:35:43.745+0000] {logging_mixin.py:190} INFO - [2025-04-18T13:35:43.744+0000] {dag.py:4180} INFO - Setting next_dagrun for dataset_consumes_1_and_2 to None, run_after=None
[2025-04-18T13:35:43.745+0000] {logging_mixin.py:190} INFO - [2025-04-18T13:35:43.745+0000] {dag.py:4180} INFO - Setting next_dagrun for dataset_consumes_1_never_scheduled to None, run_after=None
[2025-04-18T13:35:43.747+0000] {logging_mixin.py:190} INFO - [2025-04-18T13:35:43.747+0000] {dag.py:4180} INFO - Setting next_dagrun for dataset_consumes_unknown_never_scheduled to None, run_after=None
[2025-04-18T13:35:43.749+0000] {logging_mixin.py:190} INFO - [2025-04-18T13:35:43.749+0000] {dag.py:4180} INFO - Setting next_dagrun for dataset_produces_1 to 2025-04-17 00:00:00+00:00, run_after=2025-04-18 00:00:00+00:00
[2025-04-18T13:35:43.751+0000] {logging_mixin.py:190} INFO - [2025-04-18T13:35:43.751+0000] {dag.py:4180} INFO - Setting next_dagrun for dataset_produces_2 to None, run_after=None
[2025-04-18T13:35:43.776+0000] {processor.py:208} INFO - Processing /home/airflow/.local/lib/python3.12/site-packages/airflow/example_dags/example_datasets.py took 2.044 seconds
[2025-04-18T13:36:14.271+0000] {processor.py:186} INFO - Started process (PID=236) to work on /home/airflow/.local/lib/python3.12/site-packages/airflow/example_dags/example_datasets.py
[2025-04-18T13:36:14.275+0000] {processor.py:914} INFO - Processing file /home/airflow/.local/lib/python3.12/site-packages/airflow/example_dags/example_datasets.py for tasks to queue
[2025-04-18T13:36:14.284+0000] {logging_mixin.py:190} INFO - [2025-04-18T13:36:14.283+0000] {dagbag.py:588} INFO - Filling up the DagBag from /home/airflow/.local/lib/python3.12/site-packages/airflow/example_dags/example_datasets.py
[2025-04-18T13:36:15.026+0000] {processor.py:925} INFO - DAG(s) 'dataset_produces_1', 'dataset_consumes_1', 'dataset_consumes_unknown_never_scheduled', 'consume_1_and_2_with_dataset_expressions', 'dataset_consumes_1_never_scheduled', 'dataset_consumes_1_and_2', 'conditional_dataset_and_time_based_timetable', 'consume_1_or_2_with_dataset_expressions', 'consume_1_or_both_2_and_3_with_dataset_expressions', 'dataset_produces_2' retrieved from /home/airflow/.local/lib/python3.12/site-packages/airflow/example_dags/example_datasets.py
[2025-04-18T13:36:15.043+0000] {logging_mixin.py:190} INFO - [2025-04-18T13:36:15.042+0000] {dag.py:3239} INFO - Sync 10 DAGs
[2025-04-18T13:36:15.056+0000] {logging_mixin.py:190} INFO - [2025-04-18T13:36:15.056+0000] {dag.py:4180} INFO - Setting next_dagrun for conditional_dataset_and_time_based_timetable to 2025-04-16 01:00:00+00:00, run_after=2025-04-16 01:00:00+00:00
[2025-04-18T13:36:15.058+0000] {logging_mixin.py:190} INFO - [2025-04-18T13:36:15.058+0000] {dag.py:4180} INFO - Setting next_dagrun for consume_1_and_2_with_dataset_expressions to None, run_after=None
[2025-04-18T13:36:15.058+0000] {logging_mixin.py:190} INFO - [2025-04-18T13:36:15.058+0000] {dag.py:4180} INFO - Setting next_dagrun for consume_1_or_2_with_dataset_expressions to None, run_after=None
[2025-04-18T13:36:15.059+0000] {logging_mixin.py:190} INFO - [2025-04-18T13:36:15.059+0000] {dag.py:4180} INFO - Setting next_dagrun for consume_1_or_both_2_and_3_with_dataset_expressions to None, run_after=None
[2025-04-18T13:36:15.059+0000] {logging_mixin.py:190} INFO - [2025-04-18T13:36:15.059+0000] {dag.py:4180} INFO - Setting next_dagrun for dataset_consumes_1 to None, run_after=None
[2025-04-18T13:36:15.060+0000] {logging_mixin.py:190} INFO - [2025-04-18T13:36:15.060+0000] {dag.py:4180} INFO - Setting next_dagrun for dataset_consumes_1_and_2 to None, run_after=None
[2025-04-18T13:36:15.060+0000] {logging_mixin.py:190} INFO - [2025-04-18T13:36:15.060+0000] {dag.py:4180} INFO - Setting next_dagrun for dataset_consumes_1_never_scheduled to None, run_after=None
[2025-04-18T13:36:15.061+0000] {logging_mixin.py:190} INFO - [2025-04-18T13:36:15.061+0000] {dag.py:4180} INFO - Setting next_dagrun for dataset_consumes_unknown_never_scheduled to None, run_after=None
[2025-04-18T13:36:15.061+0000] {logging_mixin.py:190} INFO - [2025-04-18T13:36:15.061+0000] {dag.py:4180} INFO - Setting next_dagrun for dataset_produces_1 to 2025-04-17 00:00:00+00:00, run_after=2025-04-18 00:00:00+00:00
[2025-04-18T13:36:15.062+0000] {logging_mixin.py:190} INFO - [2025-04-18T13:36:15.062+0000] {dag.py:4180} INFO - Setting next_dagrun for dataset_produces_2 to None, run_after=None
[2025-04-18T13:36:15.074+0000] {processor.py:208} INFO - Processing /home/airflow/.local/lib/python3.12/site-packages/airflow/example_dags/example_datasets.py took 0.816 seconds
[2025-04-18T13:36:45.140+0000] {processor.py:186} INFO - Started process (PID=304) to work on /home/airflow/.local/lib/python3.12/site-packages/airflow/example_dags/example_datasets.py
[2025-04-18T13:36:45.141+0000] {processor.py:914} INFO - Processing file /home/airflow/.local/lib/python3.12/site-packages/airflow/example_dags/example_datasets.py for tasks to queue
[2025-04-18T13:36:45.142+0000] {logging_mixin.py:190} INFO - [2025-04-18T13:36:45.142+0000] {dagbag.py:588} INFO - Filling up the DagBag from /home/airflow/.local/lib/python3.12/site-packages/airflow/example_dags/example_datasets.py
[2025-04-18T13:36:45.765+0000] {processor.py:925} INFO - DAG(s) 'dataset_produces_1', 'consume_1_or_both_2_and_3_with_dataset_expressions', 'dataset_produces_2', 'dataset_consumes_unknown_never_scheduled', 'dataset_consumes_1_never_scheduled', 'dataset_consumes_1_and_2', 'consume_1_and_2_with_dataset_expressions', 'dataset_consumes_1', 'consume_1_or_2_with_dataset_expressions', 'conditional_dataset_and_time_based_timetable' retrieved from /home/airflow/.local/lib/python3.12/site-packages/airflow/example_dags/example_datasets.py
[2025-04-18T13:36:45.805+0000] {logging_mixin.py:190} INFO - [2025-04-18T13:36:45.805+0000] {dag.py:3239} INFO - Sync 10 DAGs
[2025-04-18T13:36:45.823+0000] {logging_mixin.py:190} INFO - [2025-04-18T13:36:45.822+0000] {dag.py:4180} INFO - Setting next_dagrun for conditional_dataset_and_time_based_timetable to 2025-04-16 01:00:00+00:00, run_after=2025-04-16 01:00:00+00:00
[2025-04-18T13:36:45.824+0000] {logging_mixin.py:190} INFO - [2025-04-18T13:36:45.824+0000] {dag.py:4180} INFO - Setting next_dagrun for consume_1_and_2_with_dataset_expressions to None, run_after=None
[2025-04-18T13:36:45.825+0000] {logging_mixin.py:190} INFO - [2025-04-18T13:36:45.825+0000] {dag.py:4180} INFO - Setting next_dagrun for consume_1_or_2_with_dataset_expressions to None, run_after=None
[2025-04-18T13:36:45.826+0000] {logging_mixin.py:190} INFO - [2025-04-18T13:36:45.826+0000] {dag.py:4180} INFO - Setting next_dagrun for consume_1_or_both_2_and_3_with_dataset_expressions to None, run_after=None
[2025-04-18T13:36:45.826+0000] {logging_mixin.py:190} INFO - [2025-04-18T13:36:45.826+0000] {dag.py:4180} INFO - Setting next_dagrun for dataset_consumes_1 to None, run_after=None
[2025-04-18T13:36:45.827+0000] {logging_mixin.py:190} INFO - [2025-04-18T13:36:45.827+0000] {dag.py:4180} INFO - Setting next_dagrun for dataset_consumes_1_and_2 to None, run_after=None
[2025-04-18T13:36:45.827+0000] {logging_mixin.py:190} INFO - [2025-04-18T13:36:45.827+0000] {dag.py:4180} INFO - Setting next_dagrun for dataset_consumes_1_never_scheduled to None, run_after=None
[2025-04-18T13:36:45.828+0000] {logging_mixin.py:190} INFO - [2025-04-18T13:36:45.828+0000] {dag.py:4180} INFO - Setting next_dagrun for dataset_consumes_unknown_never_scheduled to None, run_after=None
[2025-04-18T13:36:45.829+0000] {logging_mixin.py:190} INFO - [2025-04-18T13:36:45.829+0000] {dag.py:4180} INFO - Setting next_dagrun for dataset_produces_1 to 2025-04-17 00:00:00+00:00, run_after=2025-04-18 00:00:00+00:00
[2025-04-18T13:36:45.829+0000] {logging_mixin.py:190} INFO - [2025-04-18T13:36:45.829+0000] {dag.py:4180} INFO - Setting next_dagrun for dataset_produces_2 to None, run_after=None
[2025-04-18T13:36:45.847+0000] {processor.py:208} INFO - Processing /home/airflow/.local/lib/python3.12/site-packages/airflow/example_dags/example_datasets.py took 0.710 seconds
[2025-04-18T13:37:16.646+0000] {processor.py:186} INFO - Started process (PID=367) to work on /home/airflow/.local/lib/python3.12/site-packages/airflow/example_dags/example_datasets.py
[2025-04-18T13:37:16.646+0000] {processor.py:914} INFO - Processing file /home/airflow/.local/lib/python3.12/site-packages/airflow/example_dags/example_datasets.py for tasks to queue
[2025-04-18T13:37:16.648+0000] {logging_mixin.py:190} INFO - [2025-04-18T13:37:16.648+0000] {dagbag.py:588} INFO - Filling up the DagBag from /home/airflow/.local/lib/python3.12/site-packages/airflow/example_dags/example_datasets.py
[2025-04-18T13:37:17.502+0000] {processor.py:925} INFO - DAG(s) 'consume_1_or_2_with_dataset_expressions', 'dataset_produces_1', 'dataset_consumes_1_and_2', 'conditional_dataset_and_time_based_timetable', 'dataset_produces_2', 'dataset_consumes_1', 'consume_1_and_2_with_dataset_expressions', 'dataset_consumes_1_never_scheduled', 'dataset_consumes_unknown_never_scheduled', 'consume_1_or_both_2_and_3_with_dataset_expressions' retrieved from /home/airflow/.local/lib/python3.12/site-packages/airflow/example_dags/example_datasets.py
[2025-04-18T13:37:17.522+0000] {logging_mixin.py:190} INFO - [2025-04-18T13:37:17.522+0000] {dag.py:3239} INFO - Sync 10 DAGs
[2025-04-18T13:37:17.539+0000] {logging_mixin.py:190} INFO - [2025-04-18T13:37:17.539+0000] {dag.py:4180} INFO - Setting next_dagrun for conditional_dataset_and_time_based_timetable to 2025-04-16 01:00:00+00:00, run_after=2025-04-16 01:00:00+00:00
[2025-04-18T13:37:17.540+0000] {logging_mixin.py:190} INFO - [2025-04-18T13:37:17.540+0000] {dag.py:4180} INFO - Setting next_dagrun for consume_1_and_2_with_dataset_expressions to None, run_after=None
[2025-04-18T13:37:17.541+0000] {logging_mixin.py:190} INFO - [2025-04-18T13:37:17.541+0000] {dag.py:4180} INFO - Setting next_dagrun for consume_1_or_2_with_dataset_expressions to None, run_after=None
[2025-04-18T13:37:17.541+0000] {logging_mixin.py:190} INFO - [2025-04-18T13:37:17.541+0000] {dag.py:4180} INFO - Setting next_dagrun for consume_1_or_both_2_and_3_with_dataset_expressions to None, run_after=None
[2025-04-18T13:37:17.542+0000] {logging_mixin.py:190} INFO - [2025-04-18T13:37:17.542+0000] {dag.py:4180} INFO - Setting next_dagrun for dataset_consumes_1 to None, run_after=None
[2025-04-18T13:37:17.542+0000] {logging_mixin.py:190} INFO - [2025-04-18T13:37:17.542+0000] {dag.py:4180} INFO - Setting next_dagrun for dataset_consumes_1_and_2 to None, run_after=None
[2025-04-18T13:37:17.542+0000] {logging_mixin.py:190} INFO - [2025-04-18T13:37:17.542+0000] {dag.py:4180} INFO - Setting next_dagrun for dataset_consumes_1_never_scheduled to None, run_after=None
[2025-04-18T13:37:17.543+0000] {logging_mixin.py:190} INFO - [2025-04-18T13:37:17.543+0000] {dag.py:4180} INFO - Setting next_dagrun for dataset_consumes_unknown_never_scheduled to None, run_after=None
[2025-04-18T13:37:17.544+0000] {logging_mixin.py:190} INFO - [2025-04-18T13:37:17.544+0000] {dag.py:4180} INFO - Setting next_dagrun for dataset_produces_1 to 2025-04-17 00:00:00+00:00, run_after=2025-04-18 00:00:00+00:00
[2025-04-18T13:37:17.544+0000] {logging_mixin.py:190} INFO - [2025-04-18T13:37:17.544+0000] {dag.py:4180} INFO - Setting next_dagrun for dataset_produces_2 to None, run_after=None
[2025-04-18T13:37:17.558+0000] {processor.py:208} INFO - Processing /home/airflow/.local/lib/python3.12/site-packages/airflow/example_dags/example_datasets.py took 0.918 seconds
[2025-04-18T13:37:48.333+0000] {processor.py:186} INFO - Started process (PID=433) to work on /home/airflow/.local/lib/python3.12/site-packages/airflow/example_dags/example_datasets.py
[2025-04-18T13:37:48.335+0000] {processor.py:914} INFO - Processing file /home/airflow/.local/lib/python3.12/site-packages/airflow/example_dags/example_datasets.py for tasks to queue
[2025-04-18T13:37:48.338+0000] {logging_mixin.py:190} INFO - [2025-04-18T13:37:48.337+0000] {dagbag.py:588} INFO - Filling up the DagBag from /home/airflow/.local/lib/python3.12/site-packages/airflow/example_dags/example_datasets.py
[2025-04-18T13:37:48.942+0000] {processor.py:925} INFO - DAG(s) 'dataset_produces_1', 'dataset_produces_2', 'conditional_dataset_and_time_based_timetable', 'dataset_consumes_1_and_2', 'dataset_consumes_unknown_never_scheduled', 'dataset_consumes_1', 'consume_1_and_2_with_dataset_expressions', 'dataset_consumes_1_never_scheduled', 'consume_1_or_2_with_dataset_expressions', 'consume_1_or_both_2_and_3_with_dataset_expressions' retrieved from /home/airflow/.local/lib/python3.12/site-packages/airflow/example_dags/example_datasets.py
[2025-04-18T13:37:49.062+0000] {logging_mixin.py:190} INFO - [2025-04-18T13:37:49.062+0000] {dag.py:3239} INFO - Sync 10 DAGs
[2025-04-18T13:37:49.095+0000] {logging_mixin.py:190} INFO - [2025-04-18T13:37:49.095+0000] {dag.py:4180} INFO - Setting next_dagrun for conditional_dataset_and_time_based_timetable to 2025-04-16 01:00:00+00:00, run_after=2025-04-16 01:00:00+00:00
[2025-04-18T13:37:49.100+0000] {logging_mixin.py:190} INFO - [2025-04-18T13:37:49.100+0000] {dag.py:4180} INFO - Setting next_dagrun for consume_1_and_2_with_dataset_expressions to None, run_after=None
[2025-04-18T13:37:49.102+0000] {logging_mixin.py:190} INFO - [2025-04-18T13:37:49.102+0000] {dag.py:4180} INFO - Setting next_dagrun for consume_1_or_2_with_dataset_expressions to None, run_after=None
[2025-04-18T13:37:49.103+0000] {logging_mixin.py:190} INFO - [2025-04-18T13:37:49.103+0000] {dag.py:4180} INFO - Setting next_dagrun for consume_1_or_both_2_and_3_with_dataset_expressions to None, run_after=None
[2025-04-18T13:37:49.104+0000] {logging_mixin.py:190} INFO - [2025-04-18T13:37:49.104+0000] {dag.py:4180} INFO - Setting next_dagrun for dataset_consumes_1 to None, run_after=None
[2025-04-18T13:37:49.105+0000] {logging_mixin.py:190} INFO - [2025-04-18T13:37:49.105+0000] {dag.py:4180} INFO - Setting next_dagrun for dataset_consumes_1_and_2 to None, run_after=None
[2025-04-18T13:37:49.106+0000] {logging_mixin.py:190} INFO - [2025-04-18T13:37:49.106+0000] {dag.py:4180} INFO - Setting next_dagrun for dataset_consumes_1_never_scheduled to None, run_after=None
[2025-04-18T13:37:49.106+0000] {logging_mixin.py:190} INFO - [2025-04-18T13:37:49.106+0000] {dag.py:4180} INFO - Setting next_dagrun for dataset_consumes_unknown_never_scheduled to None, run_after=None
[2025-04-18T13:37:49.108+0000] {logging_mixin.py:190} INFO - [2025-04-18T13:37:49.108+0000] {dag.py:4180} INFO - Setting next_dagrun for dataset_produces_1 to 2025-04-17 00:00:00+00:00, run_after=2025-04-18 00:00:00+00:00
[2025-04-18T13:37:49.108+0000] {logging_mixin.py:190} INFO - [2025-04-18T13:37:49.108+0000] {dag.py:4180} INFO - Setting next_dagrun for dataset_produces_2 to None, run_after=None
[2025-04-18T13:37:49.132+0000] {processor.py:208} INFO - Processing /home/airflow/.local/lib/python3.12/site-packages/airflow/example_dags/example_datasets.py took 0.807 seconds
[2025-04-18T13:38:19.622+0000] {processor.py:186} INFO - Started process (PID=500) to work on /home/airflow/.local/lib/python3.12/site-packages/airflow/example_dags/example_datasets.py
[2025-04-18T13:38:19.623+0000] {processor.py:914} INFO - Processing file /home/airflow/.local/lib/python3.12/site-packages/airflow/example_dags/example_datasets.py for tasks to queue
[2025-04-18T13:38:19.624+0000] {logging_mixin.py:190} INFO - [2025-04-18T13:38:19.624+0000] {dagbag.py:588} INFO - Filling up the DagBag from /home/airflow/.local/lib/python3.12/site-packages/airflow/example_dags/example_datasets.py
[2025-04-18T13:38:20.165+0000] {processor.py:925} INFO - DAG(s) 'consume_1_or_2_with_dataset_expressions', 'conditional_dataset_and_time_based_timetable', 'dataset_produces_1', 'dataset_produces_2', 'dataset_consumes_1_never_scheduled', 'consume_1_and_2_with_dataset_expressions', 'consume_1_or_both_2_and_3_with_dataset_expressions', 'dataset_consumes_unknown_never_scheduled', 'dataset_consumes_1_and_2', 'dataset_consumes_1' retrieved from /home/airflow/.local/lib/python3.12/site-packages/airflow/example_dags/example_datasets.py
[2025-04-18T13:38:20.184+0000] {logging_mixin.py:190} INFO - [2025-04-18T13:38:20.184+0000] {dag.py:3239} INFO - Sync 10 DAGs
[2025-04-18T13:38:20.195+0000] {logging_mixin.py:190} INFO - [2025-04-18T13:38:20.195+0000] {dag.py:4180} INFO - Setting next_dagrun for conditional_dataset_and_time_based_timetable to 2025-04-16 01:00:00+00:00, run_after=2025-04-16 01:00:00+00:00
[2025-04-18T13:38:20.196+0000] {logging_mixin.py:190} INFO - [2025-04-18T13:38:20.196+0000] {dag.py:4180} INFO - Setting next_dagrun for consume_1_and_2_with_dataset_expressions to None, run_after=None
[2025-04-18T13:38:20.197+0000] {logging_mixin.py:190} INFO - [2025-04-18T13:38:20.197+0000] {dag.py:4180} INFO - Setting next_dagrun for consume_1_or_2_with_dataset_expressions to None, run_after=None
[2025-04-18T13:38:20.197+0000] {logging_mixin.py:190} INFO - [2025-04-18T13:38:20.197+0000] {dag.py:4180} INFO - Setting next_dagrun for consume_1_or_both_2_and_3_with_dataset_expressions to None, run_after=None
[2025-04-18T13:38:20.198+0000] {logging_mixin.py:190} INFO - [2025-04-18T13:38:20.198+0000] {dag.py:4180} INFO - Setting next_dagrun for dataset_consumes_1 to None, run_after=None
[2025-04-18T13:38:20.198+0000] {logging_mixin.py:190} INFO - [2025-04-18T13:38:20.198+0000] {dag.py:4180} INFO - Setting next_dagrun for dataset_consumes_1_and_2 to None, run_after=None
[2025-04-18T13:38:20.199+0000] {logging_mixin.py:190} INFO - [2025-04-18T13:38:20.199+0000] {dag.py:4180} INFO - Setting next_dagrun for dataset_consumes_1_never_scheduled to None, run_after=None
[2025-04-18T13:38:20.199+0000] {logging_mixin.py:190} INFO - [2025-04-18T13:38:20.199+0000] {dag.py:4180} INFO - Setting next_dagrun for dataset_consumes_unknown_never_scheduled to None, run_after=None
[2025-04-18T13:38:20.200+0000] {logging_mixin.py:190} INFO - [2025-04-18T13:38:20.200+0000] {dag.py:4180} INFO - Setting next_dagrun for dataset_produces_1 to 2025-04-17 00:00:00+00:00, run_after=2025-04-18 00:00:00+00:00
[2025-04-18T13:38:20.200+0000] {logging_mixin.py:190} INFO - [2025-04-18T13:38:20.200+0000] {dag.py:4180} INFO - Setting next_dagrun for dataset_produces_2 to None, run_after=None
[2025-04-18T13:38:20.212+0000] {processor.py:208} INFO - Processing /home/airflow/.local/lib/python3.12/site-packages/airflow/example_dags/example_datasets.py took 0.599 seconds
[2025-04-18T13:38:50.911+0000] {processor.py:186} INFO - Started process (PID=567) to work on /home/airflow/.local/lib/python3.12/site-packages/airflow/example_dags/example_datasets.py
[2025-04-18T13:38:50.913+0000] {processor.py:914} INFO - Processing file /home/airflow/.local/lib/python3.12/site-packages/airflow/example_dags/example_datasets.py for tasks to queue
[2025-04-18T13:38:50.915+0000] {logging_mixin.py:190} INFO - [2025-04-18T13:38:50.915+0000] {dagbag.py:588} INFO - Filling up the DagBag from /home/airflow/.local/lib/python3.12/site-packages/airflow/example_dags/example_datasets.py
[2025-04-18T13:38:51.499+0000] {processor.py:925} INFO - DAG(s) 'dataset_consumes_1', 'consume_1_and_2_with_dataset_expressions', 'consume_1_or_2_with_dataset_expressions', 'consume_1_or_both_2_and_3_with_dataset_expressions', 'conditional_dataset_and_time_based_timetable', 'dataset_consumes_1_never_scheduled', 'dataset_produces_2', 'dataset_produces_1', 'dataset_consumes_1_and_2', 'dataset_consumes_unknown_never_scheduled' retrieved from /home/airflow/.local/lib/python3.12/site-packages/airflow/example_dags/example_datasets.py
[2025-04-18T13:38:51.521+0000] {logging_mixin.py:190} INFO - [2025-04-18T13:38:51.521+0000] {dag.py:3239} INFO - Sync 10 DAGs
[2025-04-18T13:38:51.534+0000] {logging_mixin.py:190} INFO - [2025-04-18T13:38:51.533+0000] {dag.py:4180} INFO - Setting next_dagrun for conditional_dataset_and_time_based_timetable to 2025-04-16 01:00:00+00:00, run_after=2025-04-16 01:00:00+00:00
[2025-04-18T13:38:51.535+0000] {logging_mixin.py:190} INFO - [2025-04-18T13:38:51.535+0000] {dag.py:4180} INFO - Setting next_dagrun for consume_1_and_2_with_dataset_expressions to None, run_after=None
[2025-04-18T13:38:51.536+0000] {logging_mixin.py:190} INFO - [2025-04-18T13:38:51.536+0000] {dag.py:4180} INFO - Setting next_dagrun for consume_1_or_2_with_dataset_expressions to None, run_after=None
[2025-04-18T13:38:51.536+0000] {logging_mixin.py:190} INFO - [2025-04-18T13:38:51.536+0000] {dag.py:4180} INFO - Setting next_dagrun for consume_1_or_both_2_and_3_with_dataset_expressions to None, run_after=None
[2025-04-18T13:38:51.537+0000] {logging_mixin.py:190} INFO - [2025-04-18T13:38:51.537+0000] {dag.py:4180} INFO - Setting next_dagrun for dataset_consumes_1 to None, run_after=None
[2025-04-18T13:38:51.537+0000] {logging_mixin.py:190} INFO - [2025-04-18T13:38:51.537+0000] {dag.py:4180} INFO - Setting next_dagrun for dataset_consumes_1_and_2 to None, run_after=None
[2025-04-18T13:38:51.538+0000] {logging_mixin.py:190} INFO - [2025-04-18T13:38:51.538+0000] {dag.py:4180} INFO - Setting next_dagrun for dataset_consumes_1_never_scheduled to None, run_after=None
[2025-04-18T13:38:51.538+0000] {logging_mixin.py:190} INFO - [2025-04-18T13:38:51.538+0000] {dag.py:4180} INFO - Setting next_dagrun for dataset_consumes_unknown_never_scheduled to None, run_after=None
[2025-04-18T13:38:51.539+0000] {logging_mixin.py:190} INFO - [2025-04-18T13:38:51.539+0000] {dag.py:4180} INFO - Setting next_dagrun for dataset_produces_1 to 2025-04-17 00:00:00+00:00, run_after=2025-04-18 00:00:00+00:00
[2025-04-18T13:38:51.539+0000] {logging_mixin.py:190} INFO - [2025-04-18T13:38:51.539+0000] {dag.py:4180} INFO - Setting next_dagrun for dataset_produces_2 to None, run_after=None
[2025-04-18T13:38:51.551+0000] {processor.py:208} INFO - Processing /home/airflow/.local/lib/python3.12/site-packages/airflow/example_dags/example_datasets.py took 0.656 seconds
[2025-04-18T13:40:11.361+0000] {processor.py:186} INFO - Started process (PID=631) to work on /home/airflow/.local/lib/python3.12/site-packages/airflow/example_dags/example_datasets.py
[2025-04-18T13:40:11.367+0000] {processor.py:914} INFO - Processing file /home/airflow/.local/lib/python3.12/site-packages/airflow/example_dags/example_datasets.py for tasks to queue
[2025-04-18T13:40:11.372+0000] {logging_mixin.py:190} INFO - [2025-04-18T13:40:11.371+0000] {dagbag.py:588} INFO - Filling up the DagBag from /home/airflow/.local/lib/python3.12/site-packages/airflow/example_dags/example_datasets.py
[2025-04-18T13:40:17.880+0000] {processor.py:925} INFO - DAG(s) 'dataset_produces_1', 'consume_1_or_2_with_dataset_expressions', 'dataset_produces_2', 'dataset_consumes_unknown_never_scheduled', 'dataset_consumes_1_never_scheduled', 'dataset_consumes_1_and_2', 'conditional_dataset_and_time_based_timetable', 'consume_1_and_2_with_dataset_expressions', 'consume_1_or_both_2_and_3_with_dataset_expressions', 'dataset_consumes_1' retrieved from /home/airflow/.local/lib/python3.12/site-packages/airflow/example_dags/example_datasets.py
[2025-04-18T13:40:18.173+0000] {logging_mixin.py:190} INFO - [2025-04-18T13:40:18.163+0000] {dag.py:3239} INFO - Sync 10 DAGs
[2025-04-18T13:40:18.326+0000] {logging_mixin.py:190} INFO - [2025-04-18T13:40:18.326+0000] {dag.py:4180} INFO - Setting next_dagrun for conditional_dataset_and_time_based_timetable to 2025-04-16 01:00:00+00:00, run_after=2025-04-16 01:00:00+00:00
[2025-04-18T13:40:18.337+0000] {logging_mixin.py:190} INFO - [2025-04-18T13:40:18.336+0000] {dag.py:4180} INFO - Setting next_dagrun for consume_1_and_2_with_dataset_expressions to None, run_after=None
[2025-04-18T13:40:18.352+0000] {logging_mixin.py:190} INFO - [2025-04-18T13:40:18.351+0000] {dag.py:4180} INFO - Setting next_dagrun for consume_1_or_2_with_dataset_expressions to None, run_after=None
[2025-04-18T13:40:18.357+0000] {logging_mixin.py:190} INFO - [2025-04-18T13:40:18.357+0000] {dag.py:4180} INFO - Setting next_dagrun for consume_1_or_both_2_and_3_with_dataset_expressions to None, run_after=None
[2025-04-18T13:40:18.370+0000] {logging_mixin.py:190} INFO - [2025-04-18T13:40:18.370+0000] {dag.py:4180} INFO - Setting next_dagrun for dataset_consumes_1 to None, run_after=None
[2025-04-18T13:40:18.379+0000] {logging_mixin.py:190} INFO - [2025-04-18T13:40:18.378+0000] {dag.py:4180} INFO - Setting next_dagrun for dataset_consumes_1_and_2 to None, run_after=None
[2025-04-18T13:40:18.385+0000] {logging_mixin.py:190} INFO - [2025-04-18T13:40:18.384+0000] {dag.py:4180} INFO - Setting next_dagrun for dataset_consumes_1_never_scheduled to None, run_after=None
[2025-04-18T13:40:18.398+0000] {logging_mixin.py:190} INFO - [2025-04-18T13:40:18.396+0000] {dag.py:4180} INFO - Setting next_dagrun for dataset_consumes_unknown_never_scheduled to None, run_after=None
[2025-04-18T13:40:18.416+0000] {logging_mixin.py:190} INFO - [2025-04-18T13:40:18.415+0000] {dag.py:4180} INFO - Setting next_dagrun for dataset_produces_1 to 2025-04-17 00:00:00+00:00, run_after=2025-04-18 00:00:00+00:00
[2025-04-18T13:40:18.426+0000] {logging_mixin.py:190} INFO - [2025-04-18T13:40:18.425+0000] {dag.py:4180} INFO - Setting next_dagrun for dataset_produces_2 to None, run_after=None
[2025-04-18T13:40:18.617+0000] {processor.py:208} INFO - Processing /home/airflow/.local/lib/python3.12/site-packages/airflow/example_dags/example_datasets.py took 7.269 seconds
[2025-04-18T13:44:01.736+0000] {processor.py:186} INFO - Started process (PID=109) to work on /home/airflow/.local/lib/python3.12/site-packages/airflow/example_dags/example_datasets.py
[2025-04-18T13:44:01.740+0000] {processor.py:914} INFO - Processing file /home/airflow/.local/lib/python3.12/site-packages/airflow/example_dags/example_datasets.py for tasks to queue
[2025-04-18T13:44:01.790+0000] {logging_mixin.py:190} INFO - [2025-04-18T13:44:01.780+0000] {dagbag.py:588} INFO - Filling up the DagBag from /home/airflow/.local/lib/python3.12/site-packages/airflow/example_dags/example_datasets.py
[2025-04-18T13:44:07.403+0000] {processor.py:925} INFO - DAG(s) 'dataset_produces_1', 'dataset_produces_2', 'dataset_consumes_1_and_2', 'consume_1_or_both_2_and_3_with_dataset_expressions', 'dataset_consumes_unknown_never_scheduled', 'dataset_consumes_1_never_scheduled', 'conditional_dataset_and_time_based_timetable', 'consume_1_or_2_with_dataset_expressions', 'dataset_consumes_1', 'consume_1_and_2_with_dataset_expressions' retrieved from /home/airflow/.local/lib/python3.12/site-packages/airflow/example_dags/example_datasets.py
[2025-04-18T13:44:07.778+0000] {logging_mixin.py:190} INFO - [2025-04-18T13:44:07.775+0000] {dag.py:3239} INFO - Sync 10 DAGs
[2025-04-18T13:44:07.901+0000] {logging_mixin.py:190} INFO - [2025-04-18T13:44:07.900+0000] {dag.py:4180} INFO - Setting next_dagrun for conditional_dataset_and_time_based_timetable to 2025-04-16 01:00:00+00:00, run_after=2025-04-16 01:00:00+00:00
[2025-04-18T13:44:07.954+0000] {logging_mixin.py:190} INFO - [2025-04-18T13:44:07.953+0000] {dag.py:4180} INFO - Setting next_dagrun for consume_1_and_2_with_dataset_expressions to None, run_after=None
[2025-04-18T13:44:07.959+0000] {logging_mixin.py:190} INFO - [2025-04-18T13:44:07.959+0000] {dag.py:4180} INFO - Setting next_dagrun for consume_1_or_2_with_dataset_expressions to None, run_after=None
[2025-04-18T13:44:07.964+0000] {logging_mixin.py:190} INFO - [2025-04-18T13:44:07.963+0000] {dag.py:4180} INFO - Setting next_dagrun for consume_1_or_both_2_and_3_with_dataset_expressions to None, run_after=None
[2025-04-18T13:44:07.978+0000] {logging_mixin.py:190} INFO - [2025-04-18T13:44:07.978+0000] {dag.py:4180} INFO - Setting next_dagrun for dataset_consumes_1 to None, run_after=None
[2025-04-18T13:44:07.984+0000] {logging_mixin.py:190} INFO - [2025-04-18T13:44:07.983+0000] {dag.py:4180} INFO - Setting next_dagrun for dataset_consumes_1_and_2 to None, run_after=None
[2025-04-18T13:44:07.993+0000] {logging_mixin.py:190} INFO - [2025-04-18T13:44:07.992+0000] {dag.py:4180} INFO - Setting next_dagrun for dataset_consumes_1_never_scheduled to None, run_after=None
[2025-04-18T13:44:08.002+0000] {logging_mixin.py:190} INFO - [2025-04-18T13:44:08.001+0000] {dag.py:4180} INFO - Setting next_dagrun for dataset_consumes_unknown_never_scheduled to None, run_after=None
[2025-04-18T13:44:08.012+0000] {logging_mixin.py:190} INFO - [2025-04-18T13:44:08.011+0000] {dag.py:4180} INFO - Setting next_dagrun for dataset_produces_1 to 2025-04-17 00:00:00+00:00, run_after=2025-04-18 00:00:00+00:00
[2025-04-18T13:44:08.016+0000] {logging_mixin.py:190} INFO - [2025-04-18T13:44:08.016+0000] {dag.py:4180} INFO - Setting next_dagrun for dataset_produces_2 to None, run_after=None
[2025-04-18T13:44:08.588+0000] {processor.py:208} INFO - Processing /home/airflow/.local/lib/python3.12/site-packages/airflow/example_dags/example_datasets.py took 6.877 seconds
[2025-04-18T13:44:58.746+0000] {processor.py:186} INFO - Started process (PID=185) to work on /home/airflow/.local/lib/python3.12/site-packages/airflow/example_dags/example_datasets.py
[2025-04-18T13:44:58.756+0000] {processor.py:914} INFO - Processing file /home/airflow/.local/lib/python3.12/site-packages/airflow/example_dags/example_datasets.py for tasks to queue
[2025-04-18T13:44:58.773+0000] {logging_mixin.py:190} INFO - [2025-04-18T13:44:58.772+0000] {dagbag.py:588} INFO - Filling up the DagBag from /home/airflow/.local/lib/python3.12/site-packages/airflow/example_dags/example_datasets.py
[2025-04-18T13:45:08.519+0000] {processor.py:925} INFO - DAG(s) 'consume_1_or_both_2_and_3_with_dataset_expressions', 'conditional_dataset_and_time_based_timetable', 'consume_1_and_2_with_dataset_expressions', 'dataset_produces_2', 'dataset_produces_1', 'dataset_consumes_1_and_2', 'dataset_consumes_1_never_scheduled', 'dataset_consumes_1', 'consume_1_or_2_with_dataset_expressions', 'dataset_consumes_unknown_never_scheduled' retrieved from /home/airflow/.local/lib/python3.12/site-packages/airflow/example_dags/example_datasets.py
[2025-04-18T13:45:08.950+0000] {logging_mixin.py:190} INFO - [2025-04-18T13:45:08.940+0000] {dag.py:3239} INFO - Sync 10 DAGs
[2025-04-18T13:45:09.288+0000] {logging_mixin.py:190} INFO - [2025-04-18T13:45:09.286+0000] {dag.py:4180} INFO - Setting next_dagrun for conditional_dataset_and_time_based_timetable to 2025-04-16 01:00:00+00:00, run_after=2025-04-16 01:00:00+00:00
[2025-04-18T13:45:09.323+0000] {logging_mixin.py:190} INFO - [2025-04-18T13:45:09.322+0000] {dag.py:4180} INFO - Setting next_dagrun for consume_1_and_2_with_dataset_expressions to None, run_after=None
[2025-04-18T13:45:09.349+0000] {logging_mixin.py:190} INFO - [2025-04-18T13:45:09.340+0000] {dag.py:4180} INFO - Setting next_dagrun for consume_1_or_2_with_dataset_expressions to None, run_after=None
[2025-04-18T13:45:09.362+0000] {logging_mixin.py:190} INFO - [2025-04-18T13:45:09.362+0000] {dag.py:4180} INFO - Setting next_dagrun for consume_1_or_both_2_and_3_with_dataset_expressions to None, run_after=None
[2025-04-18T13:45:09.368+0000] {logging_mixin.py:190} INFO - [2025-04-18T13:45:09.368+0000] {dag.py:4180} INFO - Setting next_dagrun for dataset_consumes_1 to None, run_after=None
[2025-04-18T13:45:09.383+0000] {logging_mixin.py:190} INFO - [2025-04-18T13:45:09.381+0000] {dag.py:4180} INFO - Setting next_dagrun for dataset_consumes_1_and_2 to None, run_after=None
[2025-04-18T13:45:09.393+0000] {logging_mixin.py:190} INFO - [2025-04-18T13:45:09.393+0000] {dag.py:4180} INFO - Setting next_dagrun for dataset_consumes_1_never_scheduled to None, run_after=None
[2025-04-18T13:45:09.402+0000] {logging_mixin.py:190} INFO - [2025-04-18T13:45:09.400+0000] {dag.py:4180} INFO - Setting next_dagrun for dataset_consumes_unknown_never_scheduled to None, run_after=None
[2025-04-18T13:45:09.434+0000] {logging_mixin.py:190} INFO - [2025-04-18T13:45:09.434+0000] {dag.py:4180} INFO - Setting next_dagrun for dataset_produces_1 to 2025-04-17 00:00:00+00:00, run_after=2025-04-18 00:00:00+00:00
[2025-04-18T13:45:09.452+0000] {logging_mixin.py:190} INFO - [2025-04-18T13:45:09.451+0000] {dag.py:4180} INFO - Setting next_dagrun for dataset_produces_2 to None, run_after=None
[2025-04-18T13:45:09.940+0000] {processor.py:208} INFO - Processing /home/airflow/.local/lib/python3.12/site-packages/airflow/example_dags/example_datasets.py took 11.212 seconds
[2025-04-18T13:47:53.929+0000] {processor.py:186} INFO - Started process (PID=310) to work on /home/airflow/.local/lib/python3.12/site-packages/airflow/example_dags/example_datasets.py
[2025-04-18T13:47:53.939+0000] {processor.py:914} INFO - Processing file /home/airflow/.local/lib/python3.12/site-packages/airflow/example_dags/example_datasets.py for tasks to queue
[2025-04-18T13:47:53.968+0000] {logging_mixin.py:190} INFO - [2025-04-18T13:47:53.966+0000] {dagbag.py:588} INFO - Filling up the DagBag from /home/airflow/.local/lib/python3.12/site-packages/airflow/example_dags/example_datasets.py
[2025-04-18T13:49:50.534+0000] {processor.py:186} INFO - Started process (PID=112) to work on /home/airflow/.local/lib/python3.12/site-packages/airflow/example_dags/example_datasets.py
[2025-04-18T13:49:50.553+0000] {processor.py:914} INFO - Processing file /home/airflow/.local/lib/python3.12/site-packages/airflow/example_dags/example_datasets.py for tasks to queue
[2025-04-18T13:49:50.636+0000] {logging_mixin.py:190} INFO - [2025-04-18T13:49:50.629+0000] {dagbag.py:588} INFO - Filling up the DagBag from /home/airflow/.local/lib/python3.12/site-packages/airflow/example_dags/example_datasets.py
[2025-04-18T13:50:08.282+0000] {processor.py:925} INFO - DAG(s) 'consume_1_or_2_with_dataset_expressions', 'dataset_produces_1', 'dataset_consumes_unknown_never_scheduled', 'dataset_consumes_1_and_2', 'dataset_consumes_1_never_scheduled', 'consume_1_or_both_2_and_3_with_dataset_expressions', 'dataset_produces_2', 'conditional_dataset_and_time_based_timetable', 'dataset_consumes_1', 'consume_1_and_2_with_dataset_expressions' retrieved from /home/airflow/.local/lib/python3.12/site-packages/airflow/example_dags/example_datasets.py
[2025-04-18T13:50:08.476+0000] {logging_mixin.py:190} INFO - [2025-04-18T13:50:08.475+0000] {dag.py:3239} INFO - Sync 10 DAGs
[2025-04-18T13:50:08.641+0000] {logging_mixin.py:190} INFO - [2025-04-18T13:50:08.640+0000] {dag.py:4180} INFO - Setting next_dagrun for conditional_dataset_and_time_based_timetable to 2025-04-16 01:00:00+00:00, run_after=2025-04-16 01:00:00+00:00
[2025-04-18T13:50:08.647+0000] {logging_mixin.py:190} INFO - [2025-04-18T13:50:08.647+0000] {dag.py:4180} INFO - Setting next_dagrun for consume_1_and_2_with_dataset_expressions to None, run_after=None
[2025-04-18T13:50:08.649+0000] {logging_mixin.py:190} INFO - [2025-04-18T13:50:08.649+0000] {dag.py:4180} INFO - Setting next_dagrun for consume_1_or_2_with_dataset_expressions to None, run_after=None
[2025-04-18T13:50:08.679+0000] {logging_mixin.py:190} INFO - [2025-04-18T13:50:08.679+0000] {dag.py:4180} INFO - Setting next_dagrun for consume_1_or_both_2_and_3_with_dataset_expressions to None, run_after=None
[2025-04-18T13:50:08.691+0000] {logging_mixin.py:190} INFO - [2025-04-18T13:50:08.690+0000] {dag.py:4180} INFO - Setting next_dagrun for dataset_consumes_1 to None, run_after=None
[2025-04-18T13:50:08.705+0000] {logging_mixin.py:190} INFO - [2025-04-18T13:50:08.704+0000] {dag.py:4180} INFO - Setting next_dagrun for dataset_consumes_1_and_2 to None, run_after=None
[2025-04-18T13:50:08.707+0000] {logging_mixin.py:190} INFO - [2025-04-18T13:50:08.707+0000] {dag.py:4180} INFO - Setting next_dagrun for dataset_consumes_1_never_scheduled to None, run_after=None
[2025-04-18T13:50:08.710+0000] {logging_mixin.py:190} INFO - [2025-04-18T13:50:08.710+0000] {dag.py:4180} INFO - Setting next_dagrun for dataset_consumes_unknown_never_scheduled to None, run_after=None
[2025-04-18T13:50:08.717+0000] {logging_mixin.py:190} INFO - [2025-04-18T13:50:08.717+0000] {dag.py:4180} INFO - Setting next_dagrun for dataset_produces_1 to 2025-04-17 00:00:00+00:00, run_after=2025-04-18 00:00:00+00:00
[2025-04-18T13:50:08.729+0000] {logging_mixin.py:190} INFO - [2025-04-18T13:50:08.728+0000] {dag.py:4180} INFO - Setting next_dagrun for dataset_produces_2 to None, run_after=None
[2025-04-18T13:50:08.925+0000] {processor.py:208} INFO - Processing /home/airflow/.local/lib/python3.12/site-packages/airflow/example_dags/example_datasets.py took 18.439 seconds
[2025-04-18T13:51:05.341+0000] {processor.py:186} INFO - Started process (PID=198) to work on /home/airflow/.local/lib/python3.12/site-packages/airflow/example_dags/example_datasets.py
[2025-04-18T13:51:05.346+0000] {processor.py:914} INFO - Processing file /home/airflow/.local/lib/python3.12/site-packages/airflow/example_dags/example_datasets.py for tasks to queue
[2025-04-18T13:51:05.374+0000] {logging_mixin.py:190} INFO - [2025-04-18T13:51:05.372+0000] {dagbag.py:588} INFO - Filling up the DagBag from /home/airflow/.local/lib/python3.12/site-packages/airflow/example_dags/example_datasets.py
[2025-04-18T13:51:16.986+0000] {processor.py:925} INFO - DAG(s) 'dataset_produces_1', 'dataset_consumes_1_never_scheduled', 'consume_1_and_2_with_dataset_expressions', 'dataset_consumes_1_and_2', 'dataset_consumes_unknown_never_scheduled', 'dataset_produces_2', 'conditional_dataset_and_time_based_timetable', 'dataset_consumes_1', 'consume_1_or_2_with_dataset_expressions', 'consume_1_or_both_2_and_3_with_dataset_expressions' retrieved from /home/airflow/.local/lib/python3.12/site-packages/airflow/example_dags/example_datasets.py
[2025-04-18T13:51:17.657+0000] {logging_mixin.py:190} INFO - [2025-04-18T13:51:17.654+0000] {dag.py:3239} INFO - Sync 10 DAGs
[2025-04-18T13:51:18.063+0000] {logging_mixin.py:190} INFO - [2025-04-18T13:51:18.062+0000] {dag.py:4180} INFO - Setting next_dagrun for conditional_dataset_and_time_based_timetable to 2025-04-16 01:00:00+00:00, run_after=2025-04-16 01:00:00+00:00
[2025-04-18T13:51:18.124+0000] {logging_mixin.py:190} INFO - [2025-04-18T13:51:18.113+0000] {dag.py:4180} INFO - Setting next_dagrun for consume_1_and_2_with_dataset_expressions to None, run_after=None
[2025-04-18T13:51:18.140+0000] {logging_mixin.py:190} INFO - [2025-04-18T13:51:18.139+0000] {dag.py:4180} INFO - Setting next_dagrun for consume_1_or_2_with_dataset_expressions to None, run_after=None
[2025-04-18T13:51:18.152+0000] {logging_mixin.py:190} INFO - [2025-04-18T13:51:18.151+0000] {dag.py:4180} INFO - Setting next_dagrun for consume_1_or_both_2_and_3_with_dataset_expressions to None, run_after=None
[2025-04-18T13:51:18.165+0000] {logging_mixin.py:190} INFO - [2025-04-18T13:51:18.164+0000] {dag.py:4180} INFO - Setting next_dagrun for dataset_consumes_1 to None, run_after=None
[2025-04-18T13:51:18.181+0000] {logging_mixin.py:190} INFO - [2025-04-18T13:51:18.178+0000] {dag.py:4180} INFO - Setting next_dagrun for dataset_consumes_1_and_2 to None, run_after=None
[2025-04-18T13:51:18.191+0000] {logging_mixin.py:190} INFO - [2025-04-18T13:51:18.191+0000] {dag.py:4180} INFO - Setting next_dagrun for dataset_consumes_1_never_scheduled to None, run_after=None
[2025-04-18T13:51:18.218+0000] {logging_mixin.py:190} INFO - [2025-04-18T13:51:18.212+0000] {dag.py:4180} INFO - Setting next_dagrun for dataset_consumes_unknown_never_scheduled to None, run_after=None
[2025-04-18T13:51:18.289+0000] {logging_mixin.py:190} INFO - [2025-04-18T13:51:18.266+0000] {dag.py:4180} INFO - Setting next_dagrun for dataset_produces_1 to 2025-04-17 00:00:00+00:00, run_after=2025-04-18 00:00:00+00:00
[2025-04-18T13:51:18.310+0000] {logging_mixin.py:190} INFO - [2025-04-18T13:51:18.310+0000] {dag.py:4180} INFO - Setting next_dagrun for dataset_produces_2 to None, run_after=None
[2025-04-18T13:51:19.398+0000] {processor.py:208} INFO - Processing /home/airflow/.local/lib/python3.12/site-packages/airflow/example_dags/example_datasets.py took 14.091 seconds
[2025-04-18T13:52:22.506+0000] {processor.py:186} INFO - Started process (PID=282) to work on /home/airflow/.local/lib/python3.12/site-packages/airflow/example_dags/example_datasets.py
[2025-04-18T13:52:22.515+0000] {processor.py:914} INFO - Processing file /home/airflow/.local/lib/python3.12/site-packages/airflow/example_dags/example_datasets.py for tasks to queue
[2025-04-18T13:52:22.525+0000] {logging_mixin.py:190} INFO - [2025-04-18T13:52:22.525+0000] {dagbag.py:588} INFO - Filling up the DagBag from /home/airflow/.local/lib/python3.12/site-packages/airflow/example_dags/example_datasets.py
[2025-04-18T13:52:30.822+0000] {processor.py:925} INFO - DAG(s) 'dataset_produces_1', 'consume_1_or_both_2_and_3_with_dataset_expressions', 'dataset_consumes_1_and_2', 'dataset_consumes_1_never_scheduled', 'dataset_consumes_unknown_never_scheduled', 'dataset_consumes_1', 'conditional_dataset_and_time_based_timetable', 'dataset_produces_2', 'consume_1_or_2_with_dataset_expressions', 'consume_1_and_2_with_dataset_expressions' retrieved from /home/airflow/.local/lib/python3.12/site-packages/airflow/example_dags/example_datasets.py
[2025-04-18T13:52:31.405+0000] {logging_mixin.py:190} INFO - [2025-04-18T13:52:31.399+0000] {dag.py:3239} INFO - Sync 10 DAGs
[2025-04-18T13:52:31.614+0000] {logging_mixin.py:190} INFO - [2025-04-18T13:52:31.612+0000] {dag.py:4180} INFO - Setting next_dagrun for conditional_dataset_and_time_based_timetable to 2025-04-16 01:00:00+00:00, run_after=2025-04-16 01:00:00+00:00
[2025-04-18T13:52:31.632+0000] {logging_mixin.py:190} INFO - [2025-04-18T13:52:31.631+0000] {dag.py:4180} INFO - Setting next_dagrun for consume_1_and_2_with_dataset_expressions to None, run_after=None
[2025-04-18T13:52:31.642+0000] {logging_mixin.py:190} INFO - [2025-04-18T13:52:31.642+0000] {dag.py:4180} INFO - Setting next_dagrun for consume_1_or_2_with_dataset_expressions to None, run_after=None
[2025-04-18T13:52:31.660+0000] {logging_mixin.py:190} INFO - [2025-04-18T13:52:31.660+0000] {dag.py:4180} INFO - Setting next_dagrun for consume_1_or_both_2_and_3_with_dataset_expressions to None, run_after=None
[2025-04-18T13:52:31.664+0000] {logging_mixin.py:190} INFO - [2025-04-18T13:52:31.664+0000] {dag.py:4180} INFO - Setting next_dagrun for dataset_consumes_1 to None, run_after=None
[2025-04-18T13:52:31.674+0000] {logging_mixin.py:190} INFO - [2025-04-18T13:52:31.673+0000] {dag.py:4180} INFO - Setting next_dagrun for dataset_consumes_1_and_2 to None, run_after=None
[2025-04-18T13:52:31.690+0000] {logging_mixin.py:190} INFO - [2025-04-18T13:52:31.689+0000] {dag.py:4180} INFO - Setting next_dagrun for dataset_consumes_1_never_scheduled to None, run_after=None
[2025-04-18T13:52:31.701+0000] {logging_mixin.py:190} INFO - [2025-04-18T13:52:31.700+0000] {dag.py:4180} INFO - Setting next_dagrun for dataset_consumes_unknown_never_scheduled to None, run_after=None
[2025-04-18T13:52:31.709+0000] {logging_mixin.py:190} INFO - [2025-04-18T13:52:31.708+0000] {dag.py:4180} INFO - Setting next_dagrun for dataset_produces_1 to 2025-04-17 00:00:00+00:00, run_after=2025-04-18 00:00:00+00:00
[2025-04-18T13:52:31.717+0000] {logging_mixin.py:190} INFO - [2025-04-18T13:52:31.716+0000] {dag.py:4180} INFO - Setting next_dagrun for dataset_produces_2 to None, run_after=None
[2025-04-18T13:52:32.425+0000] {processor.py:208} INFO - Processing /home/airflow/.local/lib/python3.12/site-packages/airflow/example_dags/example_datasets.py took 9.920 seconds
[2025-04-18T13:53:40.461+0000] {processor.py:186} INFO - Started process (PID=363) to work on /home/airflow/.local/lib/python3.12/site-packages/airflow/example_dags/example_datasets.py
[2025-04-18T13:53:40.508+0000] {processor.py:914} INFO - Processing file /home/airflow/.local/lib/python3.12/site-packages/airflow/example_dags/example_datasets.py for tasks to queue
[2025-04-18T13:53:40.577+0000] {logging_mixin.py:190} INFO - [2025-04-18T13:53:40.573+0000] {dagbag.py:588} INFO - Filling up the DagBag from /home/airflow/.local/lib/python3.12/site-packages/airflow/example_dags/example_datasets.py
[2025-04-18T13:53:46.241+0000] {processor.py:925} INFO - DAG(s) 'dataset_consumes_unknown_never_scheduled', 'conditional_dataset_and_time_based_timetable', 'consume_1_or_both_2_and_3_with_dataset_expressions', 'dataset_consumes_1_and_2', 'dataset_consumes_1_never_scheduled', 'dataset_consumes_1', 'consume_1_or_2_with_dataset_expressions', 'dataset_produces_2', 'dataset_produces_1', 'consume_1_and_2_with_dataset_expressions' retrieved from /home/airflow/.local/lib/python3.12/site-packages/airflow/example_dags/example_datasets.py
[2025-04-18T13:53:46.455+0000] {logging_mixin.py:190} INFO - [2025-04-18T13:53:46.454+0000] {dag.py:3239} INFO - Sync 10 DAGs
[2025-04-18T13:53:46.604+0000] {logging_mixin.py:190} INFO - [2025-04-18T13:53:46.604+0000] {dag.py:4180} INFO - Setting next_dagrun for conditional_dataset_and_time_based_timetable to 2025-04-16 01:00:00+00:00, run_after=2025-04-16 01:00:00+00:00
[2025-04-18T13:53:46.636+0000] {logging_mixin.py:190} INFO - [2025-04-18T13:53:46.636+0000] {dag.py:4180} INFO - Setting next_dagrun for consume_1_and_2_with_dataset_expressions to None, run_after=None
[2025-04-18T13:53:46.649+0000] {logging_mixin.py:190} INFO - [2025-04-18T13:53:46.645+0000] {dag.py:4180} INFO - Setting next_dagrun for consume_1_or_2_with_dataset_expressions to None, run_after=None
[2025-04-18T13:53:46.668+0000] {logging_mixin.py:190} INFO - [2025-04-18T13:53:46.664+0000] {dag.py:4180} INFO - Setting next_dagrun for consume_1_or_both_2_and_3_with_dataset_expressions to None, run_after=None
[2025-04-18T13:53:46.678+0000] {logging_mixin.py:190} INFO - [2025-04-18T13:53:46.674+0000] {dag.py:4180} INFO - Setting next_dagrun for dataset_consumes_1 to None, run_after=None
[2025-04-18T13:53:46.687+0000] {logging_mixin.py:190} INFO - [2025-04-18T13:53:46.685+0000] {dag.py:4180} INFO - Setting next_dagrun for dataset_consumes_1_and_2 to None, run_after=None
[2025-04-18T13:53:46.700+0000] {logging_mixin.py:190} INFO - [2025-04-18T13:53:46.695+0000] {dag.py:4180} INFO - Setting next_dagrun for dataset_consumes_1_never_scheduled to None, run_after=None
[2025-04-18T13:53:46.713+0000] {logging_mixin.py:190} INFO - [2025-04-18T13:53:46.712+0000] {dag.py:4180} INFO - Setting next_dagrun for dataset_consumes_unknown_never_scheduled to None, run_after=None
[2025-04-18T13:53:46.727+0000] {logging_mixin.py:190} INFO - [2025-04-18T13:53:46.727+0000] {dag.py:4180} INFO - Setting next_dagrun for dataset_produces_1 to 2025-04-17 00:00:00+00:00, run_after=2025-04-18 00:00:00+00:00
[2025-04-18T13:53:46.742+0000] {logging_mixin.py:190} INFO - [2025-04-18T13:53:46.736+0000] {dag.py:4180} INFO - Setting next_dagrun for dataset_produces_2 to None, run_after=None
[2025-04-18T13:53:46.957+0000] {processor.py:208} INFO - Processing /home/airflow/.local/lib/python3.12/site-packages/airflow/example_dags/example_datasets.py took 6.532 seconds
[2025-04-18T13:54:17.526+0000] {processor.py:186} INFO - Started process (PID=434) to work on /home/airflow/.local/lib/python3.12/site-packages/airflow/example_dags/example_datasets.py
[2025-04-18T13:54:17.532+0000] {processor.py:914} INFO - Processing file /home/airflow/.local/lib/python3.12/site-packages/airflow/example_dags/example_datasets.py for tasks to queue
[2025-04-18T13:54:17.563+0000] {logging_mixin.py:190} INFO - [2025-04-18T13:54:17.562+0000] {dagbag.py:588} INFO - Filling up the DagBag from /home/airflow/.local/lib/python3.12/site-packages/airflow/example_dags/example_datasets.py
[2025-04-18T13:54:20.185+0000] {processor.py:925} INFO - DAG(s) 'dataset_consumes_1_and_2', 'conditional_dataset_and_time_based_timetable', 'consume_1_and_2_with_dataset_expressions', 'dataset_consumes_1_never_scheduled', 'dataset_consumes_unknown_never_scheduled', 'dataset_produces_1', 'dataset_produces_2', 'consume_1_or_2_with_dataset_expressions', 'consume_1_or_both_2_and_3_with_dataset_expressions', 'dataset_consumes_1' retrieved from /home/airflow/.local/lib/python3.12/site-packages/airflow/example_dags/example_datasets.py
[2025-04-18T13:54:20.427+0000] {logging_mixin.py:190} INFO - [2025-04-18T13:54:20.420+0000] {dag.py:3239} INFO - Sync 10 DAGs
[2025-04-18T13:54:20.504+0000] {logging_mixin.py:190} INFO - [2025-04-18T13:54:20.504+0000] {dag.py:4180} INFO - Setting next_dagrun for conditional_dataset_and_time_based_timetable to 2025-04-16 01:00:00+00:00, run_after=2025-04-16 01:00:00+00:00
[2025-04-18T13:54:20.523+0000] {logging_mixin.py:190} INFO - [2025-04-18T13:54:20.523+0000] {dag.py:4180} INFO - Setting next_dagrun for consume_1_and_2_with_dataset_expressions to None, run_after=None
[2025-04-18T13:54:20.530+0000] {logging_mixin.py:190} INFO - [2025-04-18T13:54:20.529+0000] {dag.py:4180} INFO - Setting next_dagrun for consume_1_or_2_with_dataset_expressions to None, run_after=None
[2025-04-18T13:54:20.537+0000] {logging_mixin.py:190} INFO - [2025-04-18T13:54:20.536+0000] {dag.py:4180} INFO - Setting next_dagrun for consume_1_or_both_2_and_3_with_dataset_expressions to None, run_after=None
[2025-04-18T13:54:20.544+0000] {logging_mixin.py:190} INFO - [2025-04-18T13:54:20.543+0000] {dag.py:4180} INFO - Setting next_dagrun for dataset_consumes_1 to None, run_after=None
[2025-04-18T13:54:20.550+0000] {logging_mixin.py:190} INFO - [2025-04-18T13:54:20.549+0000] {dag.py:4180} INFO - Setting next_dagrun for dataset_consumes_1_and_2 to None, run_after=None
[2025-04-18T13:54:20.555+0000] {logging_mixin.py:190} INFO - [2025-04-18T13:54:20.554+0000] {dag.py:4180} INFO - Setting next_dagrun for dataset_consumes_1_never_scheduled to None, run_after=None
[2025-04-18T13:54:20.560+0000] {logging_mixin.py:190} INFO - [2025-04-18T13:54:20.560+0000] {dag.py:4180} INFO - Setting next_dagrun for dataset_consumes_unknown_never_scheduled to None, run_after=None
[2025-04-18T13:54:20.573+0000] {logging_mixin.py:190} INFO - [2025-04-18T13:54:20.572+0000] {dag.py:4180} INFO - Setting next_dagrun for dataset_produces_1 to 2025-04-17 00:00:00+00:00, run_after=2025-04-18 00:00:00+00:00
[2025-04-18T13:54:20.577+0000] {logging_mixin.py:190} INFO - [2025-04-18T13:54:20.577+0000] {dag.py:4180} INFO - Setting next_dagrun for dataset_produces_2 to None, run_after=None
[2025-04-18T13:54:20.648+0000] {processor.py:208} INFO - Processing /home/airflow/.local/lib/python3.12/site-packages/airflow/example_dags/example_datasets.py took 3.144 seconds
[2025-04-18T13:54:50.879+0000] {processor.py:186} INFO - Started process (PID=501) to work on /home/airflow/.local/lib/python3.12/site-packages/airflow/example_dags/example_datasets.py
[2025-04-18T13:54:50.898+0000] {processor.py:914} INFO - Processing file /home/airflow/.local/lib/python3.12/site-packages/airflow/example_dags/example_datasets.py for tasks to queue
[2025-04-18T13:54:50.935+0000] {logging_mixin.py:190} INFO - [2025-04-18T13:54:50.928+0000] {dagbag.py:588} INFO - Filling up the DagBag from /home/airflow/.local/lib/python3.12/site-packages/airflow/example_dags/example_datasets.py
[2025-04-18T13:54:53.466+0000] {processor.py:925} INFO - DAG(s) 'consume_1_and_2_with_dataset_expressions', 'dataset_consumes_unknown_never_scheduled', 'consume_1_or_both_2_and_3_with_dataset_expressions', 'dataset_consumes_1_never_scheduled', 'dataset_consumes_1', 'conditional_dataset_and_time_based_timetable', 'dataset_produces_2', 'dataset_consumes_1_and_2', 'dataset_produces_1', 'consume_1_or_2_with_dataset_expressions' retrieved from /home/airflow/.local/lib/python3.12/site-packages/airflow/example_dags/example_datasets.py
[2025-04-18T13:54:53.781+0000] {logging_mixin.py:190} INFO - [2025-04-18T13:54:53.778+0000] {dag.py:3239} INFO - Sync 10 DAGs
[2025-04-18T13:54:53.985+0000] {logging_mixin.py:190} INFO - [2025-04-18T13:54:53.984+0000] {dag.py:4180} INFO - Setting next_dagrun for conditional_dataset_and_time_based_timetable to 2025-04-16 01:00:00+00:00, run_after=2025-04-16 01:00:00+00:00
[2025-04-18T13:54:54.016+0000] {logging_mixin.py:190} INFO - [2025-04-18T13:54:54.013+0000] {dag.py:4180} INFO - Setting next_dagrun for consume_1_and_2_with_dataset_expressions to None, run_after=None
[2025-04-18T13:54:54.032+0000] {logging_mixin.py:190} INFO - [2025-04-18T13:54:54.031+0000] {dag.py:4180} INFO - Setting next_dagrun for consume_1_or_2_with_dataset_expressions to None, run_after=None
[2025-04-18T13:54:54.035+0000] {logging_mixin.py:190} INFO - [2025-04-18T13:54:54.035+0000] {dag.py:4180} INFO - Setting next_dagrun for consume_1_or_both_2_and_3_with_dataset_expressions to None, run_after=None
[2025-04-18T13:54:54.048+0000] {logging_mixin.py:190} INFO - [2025-04-18T13:54:54.047+0000] {dag.py:4180} INFO - Setting next_dagrun for dataset_consumes_1 to None, run_after=None
[2025-04-18T13:54:54.057+0000] {logging_mixin.py:190} INFO - [2025-04-18T13:54:54.057+0000] {dag.py:4180} INFO - Setting next_dagrun for dataset_consumes_1_and_2 to None, run_after=None
[2025-04-18T13:54:54.070+0000] {logging_mixin.py:190} INFO - [2025-04-18T13:54:54.061+0000] {dag.py:4180} INFO - Setting next_dagrun for dataset_consumes_1_never_scheduled to None, run_after=None
[2025-04-18T13:54:54.080+0000] {logging_mixin.py:190} INFO - [2025-04-18T13:54:54.079+0000] {dag.py:4180} INFO - Setting next_dagrun for dataset_consumes_unknown_never_scheduled to None, run_after=None
[2025-04-18T13:54:54.088+0000] {logging_mixin.py:190} INFO - [2025-04-18T13:54:54.087+0000] {dag.py:4180} INFO - Setting next_dagrun for dataset_produces_1 to 2025-04-17 00:00:00+00:00, run_after=2025-04-18 00:00:00+00:00
[2025-04-18T13:54:54.093+0000] {logging_mixin.py:190} INFO - [2025-04-18T13:54:54.092+0000] {dag.py:4180} INFO - Setting next_dagrun for dataset_produces_2 to None, run_after=None
[2025-04-18T13:54:54.346+0000] {processor.py:208} INFO - Processing /home/airflow/.local/lib/python3.12/site-packages/airflow/example_dags/example_datasets.py took 3.496 seconds
