[2025-04-18T13:26:16.458+0000] {processor.py:186} INFO - Started process (PID=92) to work on /home/airflow/.local/lib/python3.12/site-packages/airflow/example_dags/example_short_circuit_operator.py
[2025-04-18T13:26:16.464+0000] {processor.py:914} INFO - Processing file /home/airflow/.local/lib/python3.12/site-packages/airflow/example_dags/example_short_circuit_operator.py for tasks to queue
[2025-04-18T13:26:16.491+0000] {logging_mixin.py:190} INFO - [2025-04-18T13:26:16.488+0000] {dagbag.py:588} INFO - Filling up the DagBag from /home/airflow/.local/lib/python3.12/site-packages/airflow/example_dags/example_short_circuit_operator.py
[2025-04-18T13:26:16.663+0000] {processor.py:925} INFO - DAG(s) 'example_short_circuit_operator' retrieved from /home/airflow/.local/lib/python3.12/site-packages/airflow/example_dags/example_short_circuit_operator.py
[2025-04-18T13:26:18.811+0000] {logging_mixin.py:190} INFO - [2025-04-18T13:26:18.793+0000] {dag.py:3239} INFO - Sync 1 DAGs
[2025-04-18T13:26:18.951+0000] {logging_mixin.py:190} INFO - [2025-04-18T13:26:18.943+0000] {dag.py:4180} INFO - Setting next_dagrun for example_short_circuit_operator to None, run_after=None
[2025-04-18T13:26:19.708+0000] {processor.py:208} INFO - Processing /home/airflow/.local/lib/python3.12/site-packages/airflow/example_dags/example_short_circuit_operator.py took 3.309 seconds
[2025-04-18T13:28:53.910+0000] {processor.py:186} INFO - Started process (PID=182) to work on /home/airflow/.local/lib/python3.12/site-packages/airflow/example_dags/example_short_circuit_operator.py
[2025-04-18T13:28:53.958+0000] {processor.py:914} INFO - Processing file /home/airflow/.local/lib/python3.12/site-packages/airflow/example_dags/example_short_circuit_operator.py for tasks to queue
[2025-04-18T13:28:54.135+0000] {logging_mixin.py:190} INFO - [2025-04-18T13:28:54.118+0000] {dagbag.py:588} INFO - Filling up the DagBag from /home/airflow/.local/lib/python3.12/site-packages/airflow/example_dags/example_short_circuit_operator.py
[2025-04-18T13:28:55.863+0000] {processor.py:925} INFO - DAG(s) 'example_short_circuit_operator' retrieved from /home/airflow/.local/lib/python3.12/site-packages/airflow/example_dags/example_short_circuit_operator.py
[2025-04-18T13:29:03.039+0000] {logging_mixin.py:190} INFO - [2025-04-18T13:29:03.003+0000] {dag.py:3239} INFO - Sync 1 DAGs
[2025-04-18T13:29:03.977+0000] {logging_mixin.py:190} INFO - [2025-04-18T13:29:03.931+0000] {dag.py:4180} INFO - Setting next_dagrun for example_short_circuit_operator to None, run_after=None
[2025-04-18T13:29:04.978+0000] {processor.py:208} INFO - Processing /home/airflow/.local/lib/python3.12/site-packages/airflow/example_dags/example_short_circuit_operator.py took 11.348 seconds
[2025-04-18T13:30:10.890+0000] {processor.py:186} INFO - Started process (PID=91) to work on /home/airflow/.local/lib/python3.12/site-packages/airflow/example_dags/example_short_circuit_operator.py
[2025-04-18T13:30:10.893+0000] {processor.py:914} INFO - Processing file /home/airflow/.local/lib/python3.12/site-packages/airflow/example_dags/example_short_circuit_operator.py for tasks to queue
[2025-04-18T13:30:10.902+0000] {logging_mixin.py:190} INFO - [2025-04-18T13:30:10.901+0000] {dagbag.py:588} INFO - Filling up the DagBag from /home/airflow/.local/lib/python3.12/site-packages/airflow/example_dags/example_short_circuit_operator.py
[2025-04-18T13:30:10.946+0000] {processor.py:925} INFO - DAG(s) 'example_short_circuit_operator' retrieved from /home/airflow/.local/lib/python3.12/site-packages/airflow/example_dags/example_short_circuit_operator.py
[2025-04-18T13:30:11.266+0000] {logging_mixin.py:190} INFO - [2025-04-18T13:30:11.265+0000] {dag.py:3239} INFO - Sync 1 DAGs
[2025-04-18T13:30:11.331+0000] {logging_mixin.py:190} INFO - [2025-04-18T13:30:11.330+0000] {dag.py:4180} INFO - Setting next_dagrun for example_short_circuit_operator to None, run_after=None
[2025-04-18T13:30:11.389+0000] {processor.py:208} INFO - Processing /home/airflow/.local/lib/python3.12/site-packages/airflow/example_dags/example_short_circuit_operator.py took 0.522 seconds
[2025-04-18T13:30:46.331+0000] {processor.py:186} INFO - Started process (PID=155) to work on /home/airflow/.local/lib/python3.12/site-packages/airflow/example_dags/example_short_circuit_operator.py
[2025-04-18T13:30:46.345+0000] {processor.py:914} INFO - Processing file /home/airflow/.local/lib/python3.12/site-packages/airflow/example_dags/example_short_circuit_operator.py for tasks to queue
[2025-04-18T13:30:46.362+0000] {logging_mixin.py:190} INFO - [2025-04-18T13:30:46.359+0000] {dagbag.py:588} INFO - Filling up the DagBag from /home/airflow/.local/lib/python3.12/site-packages/airflow/example_dags/example_short_circuit_operator.py
[2025-04-18T13:30:46.409+0000] {processor.py:925} INFO - DAG(s) 'example_short_circuit_operator' retrieved from /home/airflow/.local/lib/python3.12/site-packages/airflow/example_dags/example_short_circuit_operator.py
[2025-04-18T13:30:46.508+0000] {logging_mixin.py:190} INFO - [2025-04-18T13:30:46.507+0000] {dag.py:3239} INFO - Sync 1 DAGs
[2025-04-18T13:30:46.567+0000] {logging_mixin.py:190} INFO - [2025-04-18T13:30:46.566+0000] {dag.py:4180} INFO - Setting next_dagrun for example_short_circuit_operator to None, run_after=None
[2025-04-18T13:30:46.627+0000] {processor.py:208} INFO - Processing /home/airflow/.local/lib/python3.12/site-packages/airflow/example_dags/example_short_circuit_operator.py took 0.333 seconds
[2025-04-18T13:31:17.459+0000] {processor.py:186} INFO - Started process (PID=219) to work on /home/airflow/.local/lib/python3.12/site-packages/airflow/example_dags/example_short_circuit_operator.py
[2025-04-18T13:31:17.460+0000] {processor.py:914} INFO - Processing file /home/airflow/.local/lib/python3.12/site-packages/airflow/example_dags/example_short_circuit_operator.py for tasks to queue
[2025-04-18T13:31:17.461+0000] {logging_mixin.py:190} INFO - [2025-04-18T13:31:17.461+0000] {dagbag.py:588} INFO - Filling up the DagBag from /home/airflow/.local/lib/python3.12/site-packages/airflow/example_dags/example_short_circuit_operator.py
[2025-04-18T13:31:17.469+0000] {processor.py:925} INFO - DAG(s) 'example_short_circuit_operator' retrieved from /home/airflow/.local/lib/python3.12/site-packages/airflow/example_dags/example_short_circuit_operator.py
[2025-04-18T13:31:17.497+0000] {logging_mixin.py:190} INFO - [2025-04-18T13:31:17.497+0000] {dag.py:3239} INFO - Sync 1 DAGs
[2025-04-18T13:31:17.510+0000] {logging_mixin.py:190} INFO - [2025-04-18T13:31:17.510+0000] {dag.py:4180} INFO - Setting next_dagrun for example_short_circuit_operator to None, run_after=None
[2025-04-18T13:31:17.548+0000] {processor.py:208} INFO - Processing /home/airflow/.local/lib/python3.12/site-packages/airflow/example_dags/example_short_circuit_operator.py took 0.100 seconds
[2025-04-18T13:31:48.343+0000] {processor.py:186} INFO - Started process (PID=283) to work on /home/airflow/.local/lib/python3.12/site-packages/airflow/example_dags/example_short_circuit_operator.py
[2025-04-18T13:31:48.343+0000] {processor.py:914} INFO - Processing file /home/airflow/.local/lib/python3.12/site-packages/airflow/example_dags/example_short_circuit_operator.py for tasks to queue
[2025-04-18T13:31:48.344+0000] {logging_mixin.py:190} INFO - [2025-04-18T13:31:48.344+0000] {dagbag.py:588} INFO - Filling up the DagBag from /home/airflow/.local/lib/python3.12/site-packages/airflow/example_dags/example_short_circuit_operator.py
[2025-04-18T13:31:48.351+0000] {processor.py:925} INFO - DAG(s) 'example_short_circuit_operator' retrieved from /home/airflow/.local/lib/python3.12/site-packages/airflow/example_dags/example_short_circuit_operator.py
[2025-04-18T13:31:48.367+0000] {logging_mixin.py:190} INFO - [2025-04-18T13:31:48.367+0000] {dag.py:3239} INFO - Sync 1 DAGs
[2025-04-18T13:31:48.374+0000] {logging_mixin.py:190} INFO - [2025-04-18T13:31:48.374+0000] {dag.py:4180} INFO - Setting next_dagrun for example_short_circuit_operator to None, run_after=None
[2025-04-18T13:31:48.384+0000] {processor.py:208} INFO - Processing /home/airflow/.local/lib/python3.12/site-packages/airflow/example_dags/example_short_circuit_operator.py took 0.044 seconds
[2025-04-18T13:32:18.979+0000] {processor.py:186} INFO - Started process (PID=347) to work on /home/airflow/.local/lib/python3.12/site-packages/airflow/example_dags/example_short_circuit_operator.py
[2025-04-18T13:32:18.980+0000] {processor.py:914} INFO - Processing file /home/airflow/.local/lib/python3.12/site-packages/airflow/example_dags/example_short_circuit_operator.py for tasks to queue
[2025-04-18T13:32:18.981+0000] {logging_mixin.py:190} INFO - [2025-04-18T13:32:18.981+0000] {dagbag.py:588} INFO - Filling up the DagBag from /home/airflow/.local/lib/python3.12/site-packages/airflow/example_dags/example_short_circuit_operator.py
[2025-04-18T13:32:18.985+0000] {processor.py:925} INFO - DAG(s) 'example_short_circuit_operator' retrieved from /home/airflow/.local/lib/python3.12/site-packages/airflow/example_dags/example_short_circuit_operator.py
[2025-04-18T13:32:18.998+0000] {logging_mixin.py:190} INFO - [2025-04-18T13:32:18.998+0000] {dag.py:3239} INFO - Sync 1 DAGs
[2025-04-18T13:32:19.006+0000] {logging_mixin.py:190} INFO - [2025-04-18T13:32:19.006+0000] {dag.py:4180} INFO - Setting next_dagrun for example_short_circuit_operator to None, run_after=None
[2025-04-18T13:32:19.021+0000] {processor.py:208} INFO - Processing /home/airflow/.local/lib/python3.12/site-packages/airflow/example_dags/example_short_circuit_operator.py took 0.045 seconds
[2025-04-18T13:35:01.643+0000] {processor.py:186} INFO - Started process (PID=86) to work on /home/airflow/.local/lib/python3.12/site-packages/airflow/example_dags/example_short_circuit_operator.py
[2025-04-18T13:35:01.646+0000] {processor.py:914} INFO - Processing file /home/airflow/.local/lib/python3.12/site-packages/airflow/example_dags/example_short_circuit_operator.py for tasks to queue
[2025-04-18T13:35:01.653+0000] {logging_mixin.py:190} INFO - [2025-04-18T13:35:01.653+0000] {dagbag.py:588} INFO - Filling up the DagBag from /home/airflow/.local/lib/python3.12/site-packages/airflow/example_dags/example_short_circuit_operator.py
[2025-04-18T13:35:01.698+0000] {processor.py:925} INFO - DAG(s) 'example_short_circuit_operator' retrieved from /home/airflow/.local/lib/python3.12/site-packages/airflow/example_dags/example_short_circuit_operator.py
[2025-04-18T13:35:01.775+0000] {logging_mixin.py:190} INFO - [2025-04-18T13:35:01.775+0000] {dag.py:3239} INFO - Sync 1 DAGs
[2025-04-18T13:35:01.806+0000] {logging_mixin.py:190} INFO - [2025-04-18T13:35:01.805+0000] {dag.py:4180} INFO - Setting next_dagrun for example_short_circuit_operator to None, run_after=None
[2025-04-18T13:35:01.843+0000] {processor.py:208} INFO - Processing /home/airflow/.local/lib/python3.12/site-packages/airflow/example_dags/example_short_circuit_operator.py took 0.227 seconds
[2025-04-18T13:35:32.041+0000] {processor.py:186} INFO - Started process (PID=150) to work on /home/airflow/.local/lib/python3.12/site-packages/airflow/example_dags/example_short_circuit_operator.py
[2025-04-18T13:35:32.042+0000] {processor.py:914} INFO - Processing file /home/airflow/.local/lib/python3.12/site-packages/airflow/example_dags/example_short_circuit_operator.py for tasks to queue
[2025-04-18T13:35:32.044+0000] {logging_mixin.py:190} INFO - [2025-04-18T13:35:32.044+0000] {dagbag.py:588} INFO - Filling up the DagBag from /home/airflow/.local/lib/python3.12/site-packages/airflow/example_dags/example_short_circuit_operator.py
[2025-04-18T13:35:32.050+0000] {processor.py:925} INFO - DAG(s) 'example_short_circuit_operator' retrieved from /home/airflow/.local/lib/python3.12/site-packages/airflow/example_dags/example_short_circuit_operator.py
[2025-04-18T13:35:32.069+0000] {logging_mixin.py:190} INFO - [2025-04-18T13:35:32.069+0000] {dag.py:3239} INFO - Sync 1 DAGs
[2025-04-18T13:35:32.080+0000] {logging_mixin.py:190} INFO - [2025-04-18T13:35:32.080+0000] {dag.py:4180} INFO - Setting next_dagrun for example_short_circuit_operator to None, run_after=None
[2025-04-18T13:35:32.091+0000] {processor.py:208} INFO - Processing /home/airflow/.local/lib/python3.12/site-packages/airflow/example_dags/example_short_circuit_operator.py took 0.056 seconds
[2025-04-18T13:36:02.455+0000] {processor.py:186} INFO - Started process (PID=213) to work on /home/airflow/.local/lib/python3.12/site-packages/airflow/example_dags/example_short_circuit_operator.py
[2025-04-18T13:36:02.458+0000] {processor.py:914} INFO - Processing file /home/airflow/.local/lib/python3.12/site-packages/airflow/example_dags/example_short_circuit_operator.py for tasks to queue
[2025-04-18T13:36:02.462+0000] {logging_mixin.py:190} INFO - [2025-04-18T13:36:02.461+0000] {dagbag.py:588} INFO - Filling up the DagBag from /home/airflow/.local/lib/python3.12/site-packages/airflow/example_dags/example_short_circuit_operator.py
[2025-04-18T13:36:02.482+0000] {processor.py:925} INFO - DAG(s) 'example_short_circuit_operator' retrieved from /home/airflow/.local/lib/python3.12/site-packages/airflow/example_dags/example_short_circuit_operator.py
[2025-04-18T13:36:02.512+0000] {logging_mixin.py:190} INFO - [2025-04-18T13:36:02.511+0000] {dag.py:3239} INFO - Sync 1 DAGs
[2025-04-18T13:36:02.524+0000] {logging_mixin.py:190} INFO - [2025-04-18T13:36:02.524+0000] {dag.py:4180} INFO - Setting next_dagrun for example_short_circuit_operator to None, run_after=None
[2025-04-18T13:36:02.544+0000] {processor.py:208} INFO - Processing /home/airflow/.local/lib/python3.12/site-packages/airflow/example_dags/example_short_circuit_operator.py took 0.096 seconds
[2025-04-18T13:36:32.776+0000] {processor.py:186} INFO - Started process (PID=277) to work on /home/airflow/.local/lib/python3.12/site-packages/airflow/example_dags/example_short_circuit_operator.py
[2025-04-18T13:36:32.777+0000] {processor.py:914} INFO - Processing file /home/airflow/.local/lib/python3.12/site-packages/airflow/example_dags/example_short_circuit_operator.py for tasks to queue
[2025-04-18T13:36:32.779+0000] {logging_mixin.py:190} INFO - [2025-04-18T13:36:32.779+0000] {dagbag.py:588} INFO - Filling up the DagBag from /home/airflow/.local/lib/python3.12/site-packages/airflow/example_dags/example_short_circuit_operator.py
[2025-04-18T13:36:32.785+0000] {processor.py:925} INFO - DAG(s) 'example_short_circuit_operator' retrieved from /home/airflow/.local/lib/python3.12/site-packages/airflow/example_dags/example_short_circuit_operator.py
[2025-04-18T13:36:32.802+0000] {logging_mixin.py:190} INFO - [2025-04-18T13:36:32.802+0000] {dag.py:3239} INFO - Sync 1 DAGs
[2025-04-18T13:36:32.808+0000] {logging_mixin.py:190} INFO - [2025-04-18T13:36:32.808+0000] {dag.py:4180} INFO - Setting next_dagrun for example_short_circuit_operator to None, run_after=None
[2025-04-18T13:36:32.816+0000] {processor.py:208} INFO - Processing /home/airflow/.local/lib/python3.12/site-packages/airflow/example_dags/example_short_circuit_operator.py took 0.044 seconds
[2025-04-18T13:37:03.531+0000] {processor.py:186} INFO - Started process (PID=340) to work on /home/airflow/.local/lib/python3.12/site-packages/airflow/example_dags/example_short_circuit_operator.py
[2025-04-18T13:37:03.534+0000] {processor.py:914} INFO - Processing file /home/airflow/.local/lib/python3.12/site-packages/airflow/example_dags/example_short_circuit_operator.py for tasks to queue
[2025-04-18T13:37:03.537+0000] {logging_mixin.py:190} INFO - [2025-04-18T13:37:03.537+0000] {dagbag.py:588} INFO - Filling up the DagBag from /home/airflow/.local/lib/python3.12/site-packages/airflow/example_dags/example_short_circuit_operator.py
[2025-04-18T13:37:03.545+0000] {processor.py:925} INFO - DAG(s) 'example_short_circuit_operator' retrieved from /home/airflow/.local/lib/python3.12/site-packages/airflow/example_dags/example_short_circuit_operator.py
[2025-04-18T13:37:03.566+0000] {logging_mixin.py:190} INFO - [2025-04-18T13:37:03.566+0000] {dag.py:3239} INFO - Sync 1 DAGs
[2025-04-18T13:37:03.584+0000] {logging_mixin.py:190} INFO - [2025-04-18T13:37:03.584+0000] {dag.py:4180} INFO - Setting next_dagrun for example_short_circuit_operator to None, run_after=None
[2025-04-18T13:37:03.598+0000] {processor.py:208} INFO - Processing /home/airflow/.local/lib/python3.12/site-packages/airflow/example_dags/example_short_circuit_operator.py took 0.074 seconds
[2025-04-18T13:37:34.638+0000] {processor.py:186} INFO - Started process (PID=404) to work on /home/airflow/.local/lib/python3.12/site-packages/airflow/example_dags/example_short_circuit_operator.py
[2025-04-18T13:37:34.639+0000] {processor.py:914} INFO - Processing file /home/airflow/.local/lib/python3.12/site-packages/airflow/example_dags/example_short_circuit_operator.py for tasks to queue
[2025-04-18T13:37:34.642+0000] {logging_mixin.py:190} INFO - [2025-04-18T13:37:34.642+0000] {dagbag.py:588} INFO - Filling up the DagBag from /home/airflow/.local/lib/python3.12/site-packages/airflow/example_dags/example_short_circuit_operator.py
[2025-04-18T13:37:34.658+0000] {processor.py:925} INFO - DAG(s) 'example_short_circuit_operator' retrieved from /home/airflow/.local/lib/python3.12/site-packages/airflow/example_dags/example_short_circuit_operator.py
[2025-04-18T13:37:34.694+0000] {logging_mixin.py:190} INFO - [2025-04-18T13:37:34.694+0000] {dag.py:3239} INFO - Sync 1 DAGs
[2025-04-18T13:37:34.714+0000] {logging_mixin.py:190} INFO - [2025-04-18T13:37:34.714+0000] {dag.py:4180} INFO - Setting next_dagrun for example_short_circuit_operator to None, run_after=None
[2025-04-18T13:37:34.728+0000] {processor.py:208} INFO - Processing /home/airflow/.local/lib/python3.12/site-packages/airflow/example_dags/example_short_circuit_operator.py took 0.095 seconds
[2025-04-18T13:38:05.208+0000] {processor.py:186} INFO - Started process (PID=467) to work on /home/airflow/.local/lib/python3.12/site-packages/airflow/example_dags/example_short_circuit_operator.py
[2025-04-18T13:38:05.210+0000] {processor.py:914} INFO - Processing file /home/airflow/.local/lib/python3.12/site-packages/airflow/example_dags/example_short_circuit_operator.py for tasks to queue
[2025-04-18T13:38:05.214+0000] {logging_mixin.py:190} INFO - [2025-04-18T13:38:05.214+0000] {dagbag.py:588} INFO - Filling up the DagBag from /home/airflow/.local/lib/python3.12/site-packages/airflow/example_dags/example_short_circuit_operator.py
[2025-04-18T13:38:05.231+0000] {processor.py:925} INFO - DAG(s) 'example_short_circuit_operator' retrieved from /home/airflow/.local/lib/python3.12/site-packages/airflow/example_dags/example_short_circuit_operator.py
[2025-04-18T13:38:05.262+0000] {logging_mixin.py:190} INFO - [2025-04-18T13:38:05.261+0000] {dag.py:3239} INFO - Sync 1 DAGs
[2025-04-18T13:38:05.284+0000] {logging_mixin.py:190} INFO - [2025-04-18T13:38:05.284+0000] {dag.py:4180} INFO - Setting next_dagrun for example_short_circuit_operator to None, run_after=None
[2025-04-18T13:38:05.412+0000] {processor.py:208} INFO - Processing /home/airflow/.local/lib/python3.12/site-packages/airflow/example_dags/example_short_circuit_operator.py took 0.221 seconds
[2025-04-18T13:38:35.931+0000] {processor.py:186} INFO - Started process (PID=531) to work on /home/airflow/.local/lib/python3.12/site-packages/airflow/example_dags/example_short_circuit_operator.py
[2025-04-18T13:38:35.937+0000] {processor.py:914} INFO - Processing file /home/airflow/.local/lib/python3.12/site-packages/airflow/example_dags/example_short_circuit_operator.py for tasks to queue
[2025-04-18T13:38:35.941+0000] {logging_mixin.py:190} INFO - [2025-04-18T13:38:35.941+0000] {dagbag.py:588} INFO - Filling up the DagBag from /home/airflow/.local/lib/python3.12/site-packages/airflow/example_dags/example_short_circuit_operator.py
[2025-04-18T13:38:35.953+0000] {processor.py:925} INFO - DAG(s) 'example_short_circuit_operator' retrieved from /home/airflow/.local/lib/python3.12/site-packages/airflow/example_dags/example_short_circuit_operator.py
[2025-04-18T13:38:35.982+0000] {logging_mixin.py:190} INFO - [2025-04-18T13:38:35.982+0000] {dag.py:3239} INFO - Sync 1 DAGs
[2025-04-18T13:38:36.001+0000] {logging_mixin.py:190} INFO - [2025-04-18T13:38:36.001+0000] {dag.py:4180} INFO - Setting next_dagrun for example_short_circuit_operator to None, run_after=None
[2025-04-18T13:38:36.025+0000] {processor.py:208} INFO - Processing /home/airflow/.local/lib/python3.12/site-packages/airflow/example_dags/example_short_circuit_operator.py took 0.102 seconds
[2025-04-18T13:39:53.003+0000] {processor.py:186} INFO - Started process (PID=613) to work on /home/airflow/.local/lib/python3.12/site-packages/airflow/example_dags/example_short_circuit_operator.py
[2025-04-18T13:39:53.013+0000] {processor.py:914} INFO - Processing file /home/airflow/.local/lib/python3.12/site-packages/airflow/example_dags/example_short_circuit_operator.py for tasks to queue
[2025-04-18T13:39:53.055+0000] {logging_mixin.py:190} INFO - [2025-04-18T13:39:53.050+0000] {dagbag.py:588} INFO - Filling up the DagBag from /home/airflow/.local/lib/python3.12/site-packages/airflow/example_dags/example_short_circuit_operator.py
[2025-04-18T13:39:53.231+0000] {processor.py:925} INFO - DAG(s) 'example_short_circuit_operator' retrieved from /home/airflow/.local/lib/python3.12/site-packages/airflow/example_dags/example_short_circuit_operator.py
[2025-04-18T13:39:53.539+0000] {logging_mixin.py:190} INFO - [2025-04-18T13:39:53.536+0000] {dag.py:3239} INFO - Sync 1 DAGs
[2025-04-18T13:39:53.675+0000] {logging_mixin.py:190} INFO - [2025-04-18T13:39:53.674+0000] {dag.py:4180} INFO - Setting next_dagrun for example_short_circuit_operator to None, run_after=None
[2025-04-18T13:39:53.967+0000] {processor.py:208} INFO - Processing /home/airflow/.local/lib/python3.12/site-packages/airflow/example_dags/example_short_circuit_operator.py took 1.019 seconds
[2025-04-18T13:40:40.743+0000] {processor.py:186} INFO - Started process (PID=682) to work on /home/airflow/.local/lib/python3.12/site-packages/airflow/example_dags/example_short_circuit_operator.py
[2025-04-18T13:40:40.746+0000] {processor.py:914} INFO - Processing file /home/airflow/.local/lib/python3.12/site-packages/airflow/example_dags/example_short_circuit_operator.py for tasks to queue
[2025-04-18T13:40:40.759+0000] {logging_mixin.py:190} INFO - [2025-04-18T13:40:40.756+0000] {dagbag.py:588} INFO - Filling up the DagBag from /home/airflow/.local/lib/python3.12/site-packages/airflow/example_dags/example_short_circuit_operator.py
[2025-04-18T13:40:40.810+0000] {processor.py:925} INFO - DAG(s) 'example_short_circuit_operator' retrieved from /home/airflow/.local/lib/python3.12/site-packages/airflow/example_dags/example_short_circuit_operator.py
[2025-04-18T13:40:40.981+0000] {logging_mixin.py:190} INFO - [2025-04-18T13:40:40.981+0000] {dag.py:3239} INFO - Sync 1 DAGs
[2025-04-18T13:40:41.067+0000] {logging_mixin.py:190} INFO - [2025-04-18T13:40:41.066+0000] {dag.py:4180} INFO - Setting next_dagrun for example_short_circuit_operator to None, run_after=None
[2025-04-18T13:40:41.153+0000] {processor.py:208} INFO - Processing /home/airflow/.local/lib/python3.12/site-packages/airflow/example_dags/example_short_circuit_operator.py took 0.434 seconds
[2025-04-18T13:43:46.350+0000] {processor.py:186} INFO - Started process (PID=97) to work on /home/airflow/.local/lib/python3.12/site-packages/airflow/example_dags/example_short_circuit_operator.py
[2025-04-18T13:43:46.359+0000] {processor.py:914} INFO - Processing file /home/airflow/.local/lib/python3.12/site-packages/airflow/example_dags/example_short_circuit_operator.py for tasks to queue
[2025-04-18T13:43:46.428+0000] {logging_mixin.py:190} INFO - [2025-04-18T13:43:46.415+0000] {dagbag.py:588} INFO - Filling up the DagBag from /home/airflow/.local/lib/python3.12/site-packages/airflow/example_dags/example_short_circuit_operator.py
[2025-04-18T13:43:46.570+0000] {processor.py:925} INFO - DAG(s) 'example_short_circuit_operator' retrieved from /home/airflow/.local/lib/python3.12/site-packages/airflow/example_dags/example_short_circuit_operator.py
[2025-04-18T13:43:46.796+0000] {logging_mixin.py:190} INFO - [2025-04-18T13:43:46.795+0000] {dag.py:3239} INFO - Sync 1 DAGs
[2025-04-18T13:43:46.901+0000] {logging_mixin.py:190} INFO - [2025-04-18T13:43:46.901+0000] {dag.py:4180} INFO - Setting next_dagrun for example_short_circuit_operator to None, run_after=None
[2025-04-18T13:43:47.069+0000] {processor.py:208} INFO - Processing /home/airflow/.local/lib/python3.12/site-packages/airflow/example_dags/example_short_circuit_operator.py took 0.760 seconds
[2025-04-18T13:44:47.521+0000] {processor.py:186} INFO - Started process (PID=173) to work on /home/airflow/.local/lib/python3.12/site-packages/airflow/example_dags/example_short_circuit_operator.py
[2025-04-18T13:44:47.536+0000] {processor.py:914} INFO - Processing file /home/airflow/.local/lib/python3.12/site-packages/airflow/example_dags/example_short_circuit_operator.py for tasks to queue
[2025-04-18T13:44:47.587+0000] {logging_mixin.py:190} INFO - [2025-04-18T13:44:47.580+0000] {dagbag.py:588} INFO - Filling up the DagBag from /home/airflow/.local/lib/python3.12/site-packages/airflow/example_dags/example_short_circuit_operator.py
[2025-04-18T13:44:47.796+0000] {processor.py:925} INFO - DAG(s) 'example_short_circuit_operator' retrieved from /home/airflow/.local/lib/python3.12/site-packages/airflow/example_dags/example_short_circuit_operator.py
[2025-04-18T13:44:47.984+0000] {logging_mixin.py:190} INFO - [2025-04-18T13:44:47.983+0000] {dag.py:3239} INFO - Sync 1 DAGs
[2025-04-18T13:44:48.054+0000] {logging_mixin.py:190} INFO - [2025-04-18T13:44:48.054+0000] {dag.py:4180} INFO - Setting next_dagrun for example_short_circuit_operator to None, run_after=None
[2025-04-18T13:44:48.154+0000] {processor.py:208} INFO - Processing /home/airflow/.local/lib/python3.12/site-packages/airflow/example_dags/example_short_circuit_operator.py took 0.665 seconds
[2025-04-18T13:45:40.369+0000] {processor.py:186} INFO - Started process (PID=242) to work on /home/airflow/.local/lib/python3.12/site-packages/airflow/example_dags/example_short_circuit_operator.py
[2025-04-18T13:45:40.377+0000] {processor.py:914} INFO - Processing file /home/airflow/.local/lib/python3.12/site-packages/airflow/example_dags/example_short_circuit_operator.py for tasks to queue
[2025-04-18T13:45:40.388+0000] {logging_mixin.py:190} INFO - [2025-04-18T13:45:40.386+0000] {dagbag.py:588} INFO - Filling up the DagBag from /home/airflow/.local/lib/python3.12/site-packages/airflow/example_dags/example_short_circuit_operator.py
[2025-04-18T13:45:40.454+0000] {processor.py:925} INFO - DAG(s) 'example_short_circuit_operator' retrieved from /home/airflow/.local/lib/python3.12/site-packages/airflow/example_dags/example_short_circuit_operator.py
[2025-04-18T13:45:40.702+0000] {logging_mixin.py:190} INFO - [2025-04-18T13:45:40.701+0000] {dag.py:3239} INFO - Sync 1 DAGs
[2025-04-18T13:45:40.810+0000] {logging_mixin.py:190} INFO - [2025-04-18T13:45:40.809+0000] {dag.py:4180} INFO - Setting next_dagrun for example_short_circuit_operator to None, run_after=None
[2025-04-18T13:45:40.930+0000] {processor.py:208} INFO - Processing /home/airflow/.local/lib/python3.12/site-packages/airflow/example_dags/example_short_circuit_operator.py took 0.584 seconds
[2025-04-18T13:47:40.458+0000] {processor.py:186} INFO - Started process (PID=302) to work on /home/airflow/.local/lib/python3.12/site-packages/airflow/example_dags/example_short_circuit_operator.py
[2025-04-18T13:47:40.473+0000] {processor.py:914} INFO - Processing file /home/airflow/.local/lib/python3.12/site-packages/airflow/example_dags/example_short_circuit_operator.py for tasks to queue
[2025-04-18T13:47:40.520+0000] {logging_mixin.py:190} INFO - [2025-04-18T13:47:40.517+0000] {dagbag.py:588} INFO - Filling up the DagBag from /home/airflow/.local/lib/python3.12/site-packages/airflow/example_dags/example_short_circuit_operator.py
[2025-04-18T13:47:40.774+0000] {processor.py:925} INFO - DAG(s) 'example_short_circuit_operator' retrieved from /home/airflow/.local/lib/python3.12/site-packages/airflow/example_dags/example_short_circuit_operator.py
[2025-04-18T13:47:41.280+0000] {logging_mixin.py:190} INFO - [2025-04-18T13:47:41.246+0000] {dag.py:3239} INFO - Sync 1 DAGs
[2025-04-18T13:47:41.830+0000] {logging_mixin.py:190} INFO - [2025-04-18T13:47:41.791+0000] {dag.py:4180} INFO - Setting next_dagrun for example_short_circuit_operator to None, run_after=None
[2025-04-18T13:47:42.298+0000] {processor.py:208} INFO - Processing /home/airflow/.local/lib/python3.12/site-packages/airflow/example_dags/example_short_circuit_operator.py took 1.916 seconds
[2025-04-18T13:49:28.448+0000] {processor.py:186} INFO - Started process (PID=94) to work on /home/airflow/.local/lib/python3.12/site-packages/airflow/example_dags/example_short_circuit_operator.py
[2025-04-18T13:49:28.492+0000] {processor.py:914} INFO - Processing file /home/airflow/.local/lib/python3.12/site-packages/airflow/example_dags/example_short_circuit_operator.py for tasks to queue
[2025-04-18T13:49:28.526+0000] {logging_mixin.py:190} INFO - [2025-04-18T13:49:28.525+0000] {dagbag.py:588} INFO - Filling up the DagBag from /home/airflow/.local/lib/python3.12/site-packages/airflow/example_dags/example_short_circuit_operator.py
[2025-04-18T13:49:28.679+0000] {processor.py:925} INFO - DAG(s) 'example_short_circuit_operator' retrieved from /home/airflow/.local/lib/python3.12/site-packages/airflow/example_dags/example_short_circuit_operator.py
[2025-04-18T13:49:29.150+0000] {logging_mixin.py:190} INFO - [2025-04-18T13:49:29.148+0000] {dag.py:3239} INFO - Sync 1 DAGs
[2025-04-18T13:49:29.340+0000] {logging_mixin.py:190} INFO - [2025-04-18T13:49:29.335+0000] {dag.py:4180} INFO - Setting next_dagrun for example_short_circuit_operator to None, run_after=None
[2025-04-18T13:49:29.616+0000] {processor.py:208} INFO - Processing /home/airflow/.local/lib/python3.12/site-packages/airflow/example_dags/example_short_circuit_operator.py took 1.287 seconds
[2025-04-18T13:50:45.081+0000] {processor.py:186} INFO - Started process (PID=170) to work on /home/airflow/.local/lib/python3.12/site-packages/airflow/example_dags/example_short_circuit_operator.py
[2025-04-18T13:50:45.092+0000] {processor.py:914} INFO - Processing file /home/airflow/.local/lib/python3.12/site-packages/airflow/example_dags/example_short_circuit_operator.py for tasks to queue
[2025-04-18T13:50:45.162+0000] {logging_mixin.py:190} INFO - [2025-04-18T13:50:45.148+0000] {dagbag.py:588} INFO - Filling up the DagBag from /home/airflow/.local/lib/python3.12/site-packages/airflow/example_dags/example_short_circuit_operator.py
[2025-04-18T13:50:45.337+0000] {processor.py:925} INFO - DAG(s) 'example_short_circuit_operator' retrieved from /home/airflow/.local/lib/python3.12/site-packages/airflow/example_dags/example_short_circuit_operator.py
[2025-04-18T13:50:45.818+0000] {logging_mixin.py:190} INFO - [2025-04-18T13:50:45.785+0000] {dag.py:3239} INFO - Sync 1 DAGs
[2025-04-18T13:50:46.119+0000] {logging_mixin.py:190} INFO - [2025-04-18T13:50:46.115+0000] {dag.py:4180} INFO - Setting next_dagrun for example_short_circuit_operator to None, run_after=None
[2025-04-18T13:50:46.332+0000] {processor.py:208} INFO - Processing /home/airflow/.local/lib/python3.12/site-packages/airflow/example_dags/example_short_circuit_operator.py took 1.299 seconds
[2025-04-18T13:52:08.933+0000] {processor.py:186} INFO - Started process (PID=256) to work on /home/airflow/.local/lib/python3.12/site-packages/airflow/example_dags/example_short_circuit_operator.py
[2025-04-18T13:52:08.943+0000] {processor.py:914} INFO - Processing file /home/airflow/.local/lib/python3.12/site-packages/airflow/example_dags/example_short_circuit_operator.py for tasks to queue
[2025-04-18T13:52:08.961+0000] {logging_mixin.py:190} INFO - [2025-04-18T13:52:08.960+0000] {dagbag.py:588} INFO - Filling up the DagBag from /home/airflow/.local/lib/python3.12/site-packages/airflow/example_dags/example_short_circuit_operator.py
[2025-04-18T13:52:09.010+0000] {processor.py:925} INFO - DAG(s) 'example_short_circuit_operator' retrieved from /home/airflow/.local/lib/python3.12/site-packages/airflow/example_dags/example_short_circuit_operator.py
[2025-04-18T13:52:09.169+0000] {logging_mixin.py:190} INFO - [2025-04-18T13:52:09.168+0000] {dag.py:3239} INFO - Sync 1 DAGs
[2025-04-18T13:52:09.288+0000] {logging_mixin.py:190} INFO - [2025-04-18T13:52:09.288+0000] {dag.py:4180} INFO - Setting next_dagrun for example_short_circuit_operator to None, run_after=None
[2025-04-18T13:52:09.502+0000] {processor.py:208} INFO - Processing /home/airflow/.local/lib/python3.12/site-packages/airflow/example_dags/example_short_circuit_operator.py took 0.594 seconds
[2025-04-18T13:53:19.650+0000] {processor.py:186} INFO - Started process (PID=336) to work on /home/airflow/.local/lib/python3.12/site-packages/airflow/example_dags/example_short_circuit_operator.py
[2025-04-18T13:53:19.661+0000] {processor.py:914} INFO - Processing file /home/airflow/.local/lib/python3.12/site-packages/airflow/example_dags/example_short_circuit_operator.py for tasks to queue
[2025-04-18T13:53:19.694+0000] {logging_mixin.py:190} INFO - [2025-04-18T13:53:19.690+0000] {dagbag.py:588} INFO - Filling up the DagBag from /home/airflow/.local/lib/python3.12/site-packages/airflow/example_dags/example_short_circuit_operator.py
[2025-04-18T13:53:19.805+0000] {processor.py:925} INFO - DAG(s) 'example_short_circuit_operator' retrieved from /home/airflow/.local/lib/python3.12/site-packages/airflow/example_dags/example_short_circuit_operator.py
[2025-04-18T13:53:20.011+0000] {logging_mixin.py:190} INFO - [2025-04-18T13:53:20.010+0000] {dag.py:3239} INFO - Sync 1 DAGs
[2025-04-18T13:53:20.146+0000] {logging_mixin.py:190} INFO - [2025-04-18T13:53:20.145+0000] {dag.py:4180} INFO - Setting next_dagrun for example_short_circuit_operator to None, run_after=None
[2025-04-18T13:53:20.284+0000] {processor.py:208} INFO - Processing /home/airflow/.local/lib/python3.12/site-packages/airflow/example_dags/example_short_circuit_operator.py took 0.667 seconds
[2025-04-18T13:54:04.096+0000] {processor.py:186} INFO - Started process (PID=400) to work on /home/airflow/.local/lib/python3.12/site-packages/airflow/example_dags/example_short_circuit_operator.py
[2025-04-18T13:54:04.106+0000] {processor.py:914} INFO - Processing file /home/airflow/.local/lib/python3.12/site-packages/airflow/example_dags/example_short_circuit_operator.py for tasks to queue
[2025-04-18T13:54:04.129+0000] {logging_mixin.py:190} INFO - [2025-04-18T13:54:04.128+0000] {dagbag.py:588} INFO - Filling up the DagBag from /home/airflow/.local/lib/python3.12/site-packages/airflow/example_dags/example_short_circuit_operator.py
[2025-04-18T13:54:04.167+0000] {processor.py:925} INFO - DAG(s) 'example_short_circuit_operator' retrieved from /home/airflow/.local/lib/python3.12/site-packages/airflow/example_dags/example_short_circuit_operator.py
[2025-04-18T13:54:04.389+0000] {logging_mixin.py:190} INFO - [2025-04-18T13:54:04.388+0000] {dag.py:3239} INFO - Sync 1 DAGs
[2025-04-18T13:54:04.507+0000] {logging_mixin.py:190} INFO - [2025-04-18T13:54:04.506+0000] {dag.py:4180} INFO - Setting next_dagrun for example_short_circuit_operator to None, run_after=None
[2025-04-18T13:54:04.630+0000] {processor.py:208} INFO - Processing /home/airflow/.local/lib/python3.12/site-packages/airflow/example_dags/example_short_circuit_operator.py took 0.554 seconds
[2025-04-18T13:54:36.344+0000] {processor.py:186} INFO - Started process (PID=463) to work on /home/airflow/.local/lib/python3.12/site-packages/airflow/example_dags/example_short_circuit_operator.py
[2025-04-18T13:54:36.350+0000] {processor.py:914} INFO - Processing file /home/airflow/.local/lib/python3.12/site-packages/airflow/example_dags/example_short_circuit_operator.py for tasks to queue
[2025-04-18T13:54:36.398+0000] {logging_mixin.py:190} INFO - [2025-04-18T13:54:36.396+0000] {dagbag.py:588} INFO - Filling up the DagBag from /home/airflow/.local/lib/python3.12/site-packages/airflow/example_dags/example_short_circuit_operator.py
[2025-04-18T13:54:36.490+0000] {processor.py:925} INFO - DAG(s) 'example_short_circuit_operator' retrieved from /home/airflow/.local/lib/python3.12/site-packages/airflow/example_dags/example_short_circuit_operator.py
[2025-04-18T13:54:36.754+0000] {logging_mixin.py:190} INFO - [2025-04-18T13:54:36.748+0000] {dag.py:3239} INFO - Sync 1 DAGs
[2025-04-18T13:54:36.859+0000] {logging_mixin.py:190} INFO - [2025-04-18T13:54:36.858+0000] {dag.py:4180} INFO - Setting next_dagrun for example_short_circuit_operator to None, run_after=None
[2025-04-18T13:54:37.099+0000] {processor.py:208} INFO - Processing /home/airflow/.local/lib/python3.12/site-packages/airflow/example_dags/example_short_circuit_operator.py took 0.782 seconds
