[2025-04-18T13:27:25.816+0000] {processor.py:186} INFO - Started process (PID=128) to work on /home/airflow/.local/lib/python3.12/site-packages/airflow/example_dags/example_branch_python_dop_operator_3.py
[2025-04-18T13:27:25.821+0000] {processor.py:914} INFO - Processing file /home/airflow/.local/lib/python3.12/site-packages/airflow/example_dags/example_branch_python_dop_operator_3.py for tasks to queue
[2025-04-18T13:27:25.841+0000] {logging_mixin.py:190} INFO - [2025-04-18T13:27:25.838+0000] {dagbag.py:588} INFO - Filling up the DagBag from /home/airflow/.local/lib/python3.12/site-packages/airflow/example_dags/example_branch_python_dop_operator_3.py
[2025-04-18T13:27:25.924+0000] {processor.py:925} INFO - DAG(s) 'example_branch_dop_operator_v3' retrieved from /home/airflow/.local/lib/python3.12/site-packages/airflow/example_dags/example_branch_python_dop_operator_3.py
[2025-04-18T13:27:26.523+0000] {logging_mixin.py:190} INFO - [2025-04-18T13:27:26.520+0000] {dag.py:3239} INFO - Sync 1 DAGs
[2025-04-18T13:27:26.690+0000] {logging_mixin.py:190} INFO - [2025-04-18T13:27:26.687+0000] {dag.py:4180} INFO - Setting next_dagrun for example_branch_dop_operator_v3 to 2025-04-18 13:26:00+00:00, run_after=2025-04-18 13:27:00+00:00
[2025-04-18T13:27:26.822+0000] {processor.py:208} INFO - Processing /home/airflow/.local/lib/python3.12/site-packages/airflow/example_dags/example_branch_python_dop_operator_3.py took 1.077 seconds
[2025-04-18T13:30:27.943+0000] {processor.py:186} INFO - Started process (PID=120) to work on /home/airflow/.local/lib/python3.12/site-packages/airflow/example_dags/example_branch_python_dop_operator_3.py
[2025-04-18T13:30:27.948+0000] {processor.py:914} INFO - Processing file /home/airflow/.local/lib/python3.12/site-packages/airflow/example_dags/example_branch_python_dop_operator_3.py for tasks to queue
[2025-04-18T13:30:27.954+0000] {logging_mixin.py:190} INFO - [2025-04-18T13:30:27.954+0000] {dagbag.py:588} INFO - Filling up the DagBag from /home/airflow/.local/lib/python3.12/site-packages/airflow/example_dags/example_branch_python_dop_operator_3.py
[2025-04-18T13:30:27.989+0000] {processor.py:925} INFO - DAG(s) 'example_branch_dop_operator_v3' retrieved from /home/airflow/.local/lib/python3.12/site-packages/airflow/example_dags/example_branch_python_dop_operator_3.py
[2025-04-18T13:30:28.066+0000] {logging_mixin.py:190} INFO - [2025-04-18T13:30:28.066+0000] {dag.py:3239} INFO - Sync 1 DAGs
[2025-04-18T13:30:28.133+0000] {logging_mixin.py:190} INFO - [2025-04-18T13:30:28.132+0000] {dag.py:4180} INFO - Setting next_dagrun for example_branch_dop_operator_v3 to 2025-04-18 13:29:00+00:00, run_after=2025-04-18 13:30:00+00:00
[2025-04-18T13:30:28.203+0000] {processor.py:208} INFO - Processing /home/airflow/.local/lib/python3.12/site-packages/airflow/example_dags/example_branch_python_dop_operator_3.py took 0.270 seconds
[2025-04-18T13:30:58.418+0000] {processor.py:186} INFO - Started process (PID=184) to work on /home/airflow/.local/lib/python3.12/site-packages/airflow/example_dags/example_branch_python_dop_operator_3.py
[2025-04-18T13:30:58.419+0000] {processor.py:914} INFO - Processing file /home/airflow/.local/lib/python3.12/site-packages/airflow/example_dags/example_branch_python_dop_operator_3.py for tasks to queue
[2025-04-18T13:30:58.421+0000] {logging_mixin.py:190} INFO - [2025-04-18T13:30:58.421+0000] {dagbag.py:588} INFO - Filling up the DagBag from /home/airflow/.local/lib/python3.12/site-packages/airflow/example_dags/example_branch_python_dop_operator_3.py
[2025-04-18T13:30:58.430+0000] {processor.py:925} INFO - DAG(s) 'example_branch_dop_operator_v3' retrieved from /home/airflow/.local/lib/python3.12/site-packages/airflow/example_dags/example_branch_python_dop_operator_3.py
[2025-04-18T13:30:58.440+0000] {logging_mixin.py:190} INFO - [2025-04-18T13:30:58.440+0000] {dag.py:3239} INFO - Sync 1 DAGs
[2025-04-18T13:30:58.455+0000] {logging_mixin.py:190} INFO - [2025-04-18T13:30:58.455+0000] {dag.py:4180} INFO - Setting next_dagrun for example_branch_dop_operator_v3 to 2025-04-18 13:29:00+00:00, run_after=2025-04-18 13:30:00+00:00
[2025-04-18T13:30:58.463+0000] {processor.py:208} INFO - Processing /home/airflow/.local/lib/python3.12/site-packages/airflow/example_dags/example_branch_python_dop_operator_3.py took 0.049 seconds
[2025-04-18T13:31:28.508+0000] {processor.py:186} INFO - Started process (PID=247) to work on /home/airflow/.local/lib/python3.12/site-packages/airflow/example_dags/example_branch_python_dop_operator_3.py
[2025-04-18T13:31:28.512+0000] {processor.py:914} INFO - Processing file /home/airflow/.local/lib/python3.12/site-packages/airflow/example_dags/example_branch_python_dop_operator_3.py for tasks to queue
[2025-04-18T13:31:28.513+0000] {logging_mixin.py:190} INFO - [2025-04-18T13:31:28.513+0000] {dagbag.py:588} INFO - Filling up the DagBag from /home/airflow/.local/lib/python3.12/site-packages/airflow/example_dags/example_branch_python_dop_operator_3.py
[2025-04-18T13:31:28.520+0000] {processor.py:925} INFO - DAG(s) 'example_branch_dop_operator_v3' retrieved from /home/airflow/.local/lib/python3.12/site-packages/airflow/example_dags/example_branch_python_dop_operator_3.py
[2025-04-18T13:31:28.532+0000] {logging_mixin.py:190} INFO - [2025-04-18T13:31:28.531+0000] {dag.py:3239} INFO - Sync 1 DAGs
[2025-04-18T13:31:28.549+0000] {logging_mixin.py:190} INFO - [2025-04-18T13:31:28.549+0000] {dag.py:4180} INFO - Setting next_dagrun for example_branch_dop_operator_v3 to 2025-04-18 13:30:00+00:00, run_after=2025-04-18 13:31:00+00:00
[2025-04-18T13:31:28.556+0000] {processor.py:208} INFO - Processing /home/airflow/.local/lib/python3.12/site-packages/airflow/example_dags/example_branch_python_dop_operator_3.py took 0.051 seconds
[2025-04-18T13:31:58.944+0000] {processor.py:186} INFO - Started process (PID=311) to work on /home/airflow/.local/lib/python3.12/site-packages/airflow/example_dags/example_branch_python_dop_operator_3.py
[2025-04-18T13:31:58.946+0000] {processor.py:914} INFO - Processing file /home/airflow/.local/lib/python3.12/site-packages/airflow/example_dags/example_branch_python_dop_operator_3.py for tasks to queue
[2025-04-18T13:31:58.948+0000] {logging_mixin.py:190} INFO - [2025-04-18T13:31:58.948+0000] {dagbag.py:588} INFO - Filling up the DagBag from /home/airflow/.local/lib/python3.12/site-packages/airflow/example_dags/example_branch_python_dop_operator_3.py
[2025-04-18T13:31:58.962+0000] {processor.py:925} INFO - DAG(s) 'example_branch_dop_operator_v3' retrieved from /home/airflow/.local/lib/python3.12/site-packages/airflow/example_dags/example_branch_python_dop_operator_3.py
[2025-04-18T13:31:58.982+0000] {logging_mixin.py:190} INFO - [2025-04-18T13:31:58.982+0000] {dag.py:3239} INFO - Sync 1 DAGs
[2025-04-18T13:31:59.003+0000] {logging_mixin.py:190} INFO - [2025-04-18T13:31:59.003+0000] {dag.py:4180} INFO - Setting next_dagrun for example_branch_dop_operator_v3 to 2025-04-18 13:30:00+00:00, run_after=2025-04-18 13:31:00+00:00
[2025-04-18T13:31:59.012+0000] {processor.py:208} INFO - Processing /home/airflow/.local/lib/python3.12/site-packages/airflow/example_dags/example_branch_python_dop_operator_3.py took 0.073 seconds
[2025-04-18T13:35:11.865+0000] {processor.py:186} INFO - Started process (PID=110) to work on /home/airflow/.local/lib/python3.12/site-packages/airflow/example_dags/example_branch_python_dop_operator_3.py
[2025-04-18T13:35:11.867+0000] {processor.py:914} INFO - Processing file /home/airflow/.local/lib/python3.12/site-packages/airflow/example_dags/example_branch_python_dop_operator_3.py for tasks to queue
[2025-04-18T13:35:11.876+0000] {logging_mixin.py:190} INFO - [2025-04-18T13:35:11.870+0000] {dagbag.py:588} INFO - Filling up the DagBag from /home/airflow/.local/lib/python3.12/site-packages/airflow/example_dags/example_branch_python_dop_operator_3.py
[2025-04-18T13:35:11.919+0000] {processor.py:925} INFO - DAG(s) 'example_branch_dop_operator_v3' retrieved from /home/airflow/.local/lib/python3.12/site-packages/airflow/example_dags/example_branch_python_dop_operator_3.py
[2025-04-18T13:35:11.978+0000] {logging_mixin.py:190} INFO - [2025-04-18T13:35:11.975+0000] {dag.py:3239} INFO - Sync 1 DAGs
[2025-04-18T13:35:12.086+0000] {logging_mixin.py:190} INFO - [2025-04-18T13:35:12.086+0000] {dag.py:4180} INFO - Setting next_dagrun for example_branch_dop_operator_v3 to 2025-04-18 13:34:00+00:00, run_after=2025-04-18 13:35:00+00:00
[2025-04-18T13:35:12.112+0000] {processor.py:208} INFO - Processing /home/airflow/.local/lib/python3.12/site-packages/airflow/example_dags/example_branch_python_dop_operator_3.py took 0.261 seconds
[2025-04-18T13:35:43.434+0000] {processor.py:186} INFO - Started process (PID=174) to work on /home/airflow/.local/lib/python3.12/site-packages/airflow/example_dags/example_branch_python_dop_operator_3.py
[2025-04-18T13:35:43.435+0000] {processor.py:914} INFO - Processing file /home/airflow/.local/lib/python3.12/site-packages/airflow/example_dags/example_branch_python_dop_operator_3.py for tasks to queue
[2025-04-18T13:35:43.437+0000] {logging_mixin.py:190} INFO - [2025-04-18T13:35:43.437+0000] {dagbag.py:588} INFO - Filling up the DagBag from /home/airflow/.local/lib/python3.12/site-packages/airflow/example_dags/example_branch_python_dop_operator_3.py
[2025-04-18T13:35:43.461+0000] {processor.py:925} INFO - DAG(s) 'example_branch_dop_operator_v3' retrieved from /home/airflow/.local/lib/python3.12/site-packages/airflow/example_dags/example_branch_python_dop_operator_3.py
[2025-04-18T13:35:43.509+0000] {logging_mixin.py:190} INFO - [2025-04-18T13:35:43.508+0000] {dag.py:3239} INFO - Sync 1 DAGs
[2025-04-18T13:35:43.554+0000] {logging_mixin.py:190} INFO - [2025-04-18T13:35:43.554+0000] {dag.py:4180} INFO - Setting next_dagrun for example_branch_dop_operator_v3 to 2025-04-18 13:34:00+00:00, run_after=2025-04-18 13:35:00+00:00
[2025-04-18T13:35:43.582+0000] {processor.py:208} INFO - Processing /home/airflow/.local/lib/python3.12/site-packages/airflow/example_dags/example_branch_python_dop_operator_3.py took 0.159 seconds
[2025-04-18T13:36:14.445+0000] {processor.py:186} INFO - Started process (PID=238) to work on /home/airflow/.local/lib/python3.12/site-packages/airflow/example_dags/example_branch_python_dop_operator_3.py
[2025-04-18T13:36:14.448+0000] {processor.py:914} INFO - Processing file /home/airflow/.local/lib/python3.12/site-packages/airflow/example_dags/example_branch_python_dop_operator_3.py for tasks to queue
[2025-04-18T13:36:14.450+0000] {logging_mixin.py:190} INFO - [2025-04-18T13:36:14.450+0000] {dagbag.py:588} INFO - Filling up the DagBag from /home/airflow/.local/lib/python3.12/site-packages/airflow/example_dags/example_branch_python_dop_operator_3.py
[2025-04-18T13:36:14.465+0000] {processor.py:925} INFO - DAG(s) 'example_branch_dop_operator_v3' retrieved from /home/airflow/.local/lib/python3.12/site-packages/airflow/example_dags/example_branch_python_dop_operator_3.py
[2025-04-18T13:36:14.496+0000] {logging_mixin.py:190} INFO - [2025-04-18T13:36:14.496+0000] {dag.py:3239} INFO - Sync 1 DAGs
[2025-04-18T13:36:14.525+0000] {logging_mixin.py:190} INFO - [2025-04-18T13:36:14.525+0000] {dag.py:4180} INFO - Setting next_dagrun for example_branch_dop_operator_v3 to 2025-04-18 13:35:00+00:00, run_after=2025-04-18 13:36:00+00:00
[2025-04-18T13:36:14.543+0000] {processor.py:208} INFO - Processing /home/airflow/.local/lib/python3.12/site-packages/airflow/example_dags/example_branch_python_dop_operator_3.py took 0.109 seconds
[2025-04-18T13:36:44.720+0000] {processor.py:186} INFO - Started process (PID=301) to work on /home/airflow/.local/lib/python3.12/site-packages/airflow/example_dags/example_branch_python_dop_operator_3.py
[2025-04-18T13:36:44.721+0000] {processor.py:914} INFO - Processing file /home/airflow/.local/lib/python3.12/site-packages/airflow/example_dags/example_branch_python_dop_operator_3.py for tasks to queue
[2025-04-18T13:36:44.724+0000] {logging_mixin.py:190} INFO - [2025-04-18T13:36:44.723+0000] {dagbag.py:588} INFO - Filling up the DagBag from /home/airflow/.local/lib/python3.12/site-packages/airflow/example_dags/example_branch_python_dop_operator_3.py
[2025-04-18T13:36:44.743+0000] {processor.py:925} INFO - DAG(s) 'example_branch_dop_operator_v3' retrieved from /home/airflow/.local/lib/python3.12/site-packages/airflow/example_dags/example_branch_python_dop_operator_3.py
[2025-04-18T13:36:44.764+0000] {logging_mixin.py:190} INFO - [2025-04-18T13:36:44.763+0000] {dag.py:3239} INFO - Sync 1 DAGs
[2025-04-18T13:36:44.808+0000] {logging_mixin.py:190} INFO - [2025-04-18T13:36:44.808+0000] {dag.py:4180} INFO - Setting next_dagrun for example_branch_dop_operator_v3 to 2025-04-18 13:35:00+00:00, run_after=2025-04-18 13:36:00+00:00
[2025-04-18T13:36:44.834+0000] {processor.py:208} INFO - Processing /home/airflow/.local/lib/python3.12/site-packages/airflow/example_dags/example_branch_python_dop_operator_3.py took 0.121 seconds
[2025-04-18T13:37:15.326+0000] {processor.py:186} INFO - Started process (PID=364) to work on /home/airflow/.local/lib/python3.12/site-packages/airflow/example_dags/example_branch_python_dop_operator_3.py
[2025-04-18T13:37:15.327+0000] {processor.py:914} INFO - Processing file /home/airflow/.local/lib/python3.12/site-packages/airflow/example_dags/example_branch_python_dop_operator_3.py for tasks to queue
[2025-04-18T13:37:15.330+0000] {logging_mixin.py:190} INFO - [2025-04-18T13:37:15.330+0000] {dagbag.py:588} INFO - Filling up the DagBag from /home/airflow/.local/lib/python3.12/site-packages/airflow/example_dags/example_branch_python_dop_operator_3.py
[2025-04-18T13:37:15.353+0000] {processor.py:925} INFO - DAG(s) 'example_branch_dop_operator_v3' retrieved from /home/airflow/.local/lib/python3.12/site-packages/airflow/example_dags/example_branch_python_dop_operator_3.py
[2025-04-18T13:37:15.383+0000] {logging_mixin.py:190} INFO - [2025-04-18T13:37:15.382+0000] {dag.py:3239} INFO - Sync 1 DAGs
[2025-04-18T13:37:15.409+0000] {logging_mixin.py:190} INFO - [2025-04-18T13:37:15.408+0000] {dag.py:4180} INFO - Setting next_dagrun for example_branch_dop_operator_v3 to 2025-04-18 13:36:00+00:00, run_after=2025-04-18 13:37:00+00:00
[2025-04-18T13:37:15.423+0000] {processor.py:208} INFO - Processing /home/airflow/.local/lib/python3.12/site-packages/airflow/example_dags/example_branch_python_dop_operator_3.py took 0.106 seconds
[2025-04-18T13:37:46.032+0000] {processor.py:186} INFO - Started process (PID=428) to work on /home/airflow/.local/lib/python3.12/site-packages/airflow/example_dags/example_branch_python_dop_operator_3.py
[2025-04-18T13:37:46.036+0000] {processor.py:914} INFO - Processing file /home/airflow/.local/lib/python3.12/site-packages/airflow/example_dags/example_branch_python_dop_operator_3.py for tasks to queue
[2025-04-18T13:37:46.038+0000] {logging_mixin.py:190} INFO - [2025-04-18T13:37:46.038+0000] {dagbag.py:588} INFO - Filling up the DagBag from /home/airflow/.local/lib/python3.12/site-packages/airflow/example_dags/example_branch_python_dop_operator_3.py
[2025-04-18T13:37:46.057+0000] {processor.py:925} INFO - DAG(s) 'example_branch_dop_operator_v3' retrieved from /home/airflow/.local/lib/python3.12/site-packages/airflow/example_dags/example_branch_python_dop_operator_3.py
[2025-04-18T13:37:46.071+0000] {logging_mixin.py:190} INFO - [2025-04-18T13:37:46.071+0000] {dag.py:3239} INFO - Sync 1 DAGs
[2025-04-18T13:37:46.092+0000] {logging_mixin.py:190} INFO - [2025-04-18T13:37:46.092+0000] {dag.py:4180} INFO - Setting next_dagrun for example_branch_dop_operator_v3 to 2025-04-18 13:36:00+00:00, run_after=2025-04-18 13:37:00+00:00
[2025-04-18T13:37:46.107+0000] {processor.py:208} INFO - Processing /home/airflow/.local/lib/python3.12/site-packages/airflow/example_dags/example_branch_python_dop_operator_3.py took 0.082 seconds
[2025-04-18T13:38:16.206+0000] {processor.py:186} INFO - Started process (PID=492) to work on /home/airflow/.local/lib/python3.12/site-packages/airflow/example_dags/example_branch_python_dop_operator_3.py
[2025-04-18T13:38:16.212+0000] {processor.py:914} INFO - Processing file /home/airflow/.local/lib/python3.12/site-packages/airflow/example_dags/example_branch_python_dop_operator_3.py for tasks to queue
[2025-04-18T13:38:16.213+0000] {logging_mixin.py:190} INFO - [2025-04-18T13:38:16.213+0000] {dagbag.py:588} INFO - Filling up the DagBag from /home/airflow/.local/lib/python3.12/site-packages/airflow/example_dags/example_branch_python_dop_operator_3.py
[2025-04-18T13:38:16.226+0000] {processor.py:925} INFO - DAG(s) 'example_branch_dop_operator_v3' retrieved from /home/airflow/.local/lib/python3.12/site-packages/airflow/example_dags/example_branch_python_dop_operator_3.py
[2025-04-18T13:38:16.250+0000] {logging_mixin.py:190} INFO - [2025-04-18T13:38:16.249+0000] {dag.py:3239} INFO - Sync 1 DAGs
[2025-04-18T13:38:16.272+0000] {logging_mixin.py:190} INFO - [2025-04-18T13:38:16.272+0000] {dag.py:4180} INFO - Setting next_dagrun for example_branch_dop_operator_v3 to 2025-04-18 13:37:00+00:00, run_after=2025-04-18 13:38:00+00:00
[2025-04-18T13:38:16.281+0000] {processor.py:208} INFO - Processing /home/airflow/.local/lib/python3.12/site-packages/airflow/example_dags/example_branch_python_dop_operator_3.py took 0.081 seconds
[2025-04-18T13:38:46.324+0000] {processor.py:186} INFO - Started process (PID=556) to work on /home/airflow/.local/lib/python3.12/site-packages/airflow/example_dags/example_branch_python_dop_operator_3.py
[2025-04-18T13:38:46.329+0000] {processor.py:914} INFO - Processing file /home/airflow/.local/lib/python3.12/site-packages/airflow/example_dags/example_branch_python_dop_operator_3.py for tasks to queue
[2025-04-18T13:38:46.335+0000] {logging_mixin.py:190} INFO - [2025-04-18T13:38:46.335+0000] {dagbag.py:588} INFO - Filling up the DagBag from /home/airflow/.local/lib/python3.12/site-packages/airflow/example_dags/example_branch_python_dop_operator_3.py
[2025-04-18T13:38:46.346+0000] {processor.py:925} INFO - DAG(s) 'example_branch_dop_operator_v3' retrieved from /home/airflow/.local/lib/python3.12/site-packages/airflow/example_dags/example_branch_python_dop_operator_3.py
[2025-04-18T13:38:46.364+0000] {logging_mixin.py:190} INFO - [2025-04-18T13:38:46.364+0000] {dag.py:3239} INFO - Sync 1 DAGs
[2025-04-18T13:38:46.383+0000] {logging_mixin.py:190} INFO - [2025-04-18T13:38:46.383+0000] {dag.py:4180} INFO - Setting next_dagrun for example_branch_dop_operator_v3 to 2025-04-18 13:37:00+00:00, run_after=2025-04-18 13:38:00+00:00
[2025-04-18T13:38:46.394+0000] {processor.py:208} INFO - Processing /home/airflow/.local/lib/python3.12/site-packages/airflow/example_dags/example_branch_python_dop_operator_3.py took 0.074 seconds
[2025-04-18T13:40:18.705+0000] {processor.py:186} INFO - Started process (PID=642) to work on /home/airflow/.local/lib/python3.12/site-packages/airflow/example_dags/example_branch_python_dop_operator_3.py
[2025-04-18T13:40:18.708+0000] {processor.py:914} INFO - Processing file /home/airflow/.local/lib/python3.12/site-packages/airflow/example_dags/example_branch_python_dop_operator_3.py for tasks to queue
[2025-04-18T13:40:18.742+0000] {logging_mixin.py:190} INFO - [2025-04-18T13:40:18.740+0000] {dagbag.py:588} INFO - Filling up the DagBag from /home/airflow/.local/lib/python3.12/site-packages/airflow/example_dags/example_branch_python_dop_operator_3.py
[2025-04-18T13:40:18.890+0000] {processor.py:925} INFO - DAG(s) 'example_branch_dop_operator_v3' retrieved from /home/airflow/.local/lib/python3.12/site-packages/airflow/example_dags/example_branch_python_dop_operator_3.py
[2025-04-18T13:40:18.984+0000] {logging_mixin.py:190} INFO - [2025-04-18T13:40:18.983+0000] {dag.py:3239} INFO - Sync 1 DAGs
[2025-04-18T13:40:19.096+0000] {logging_mixin.py:190} INFO - [2025-04-18T13:40:19.096+0000] {dag.py:4180} INFO - Setting next_dagrun for example_branch_dop_operator_v3 to 2025-04-18 13:39:00+00:00, run_after=2025-04-18 13:40:00+00:00
[2025-04-18T13:40:19.231+0000] {processor.py:208} INFO - Processing /home/airflow/.local/lib/python3.12/site-packages/airflow/example_dags/example_branch_python_dop_operator_3.py took 0.542 seconds
[2025-04-18T13:44:15.366+0000] {processor.py:186} INFO - Started process (PID=126) to work on /home/airflow/.local/lib/python3.12/site-packages/airflow/example_dags/example_branch_python_dop_operator_3.py
[2025-04-18T13:44:15.380+0000] {processor.py:914} INFO - Processing file /home/airflow/.local/lib/python3.12/site-packages/airflow/example_dags/example_branch_python_dop_operator_3.py for tasks to queue
[2025-04-18T13:44:15.420+0000] {logging_mixin.py:190} INFO - [2025-04-18T13:44:15.418+0000] {dagbag.py:588} INFO - Filling up the DagBag from /home/airflow/.local/lib/python3.12/site-packages/airflow/example_dags/example_branch_python_dop_operator_3.py
[2025-04-18T13:44:15.838+0000] {processor.py:925} INFO - DAG(s) 'example_branch_dop_operator_v3' retrieved from /home/airflow/.local/lib/python3.12/site-packages/airflow/example_dags/example_branch_python_dop_operator_3.py
[2025-04-18T13:44:16.374+0000] {logging_mixin.py:190} INFO - [2025-04-18T13:44:16.346+0000] {dag.py:3239} INFO - Sync 1 DAGs
[2025-04-18T13:44:16.796+0000] {logging_mixin.py:190} INFO - [2025-04-18T13:44:16.794+0000] {dag.py:4180} INFO - Setting next_dagrun for example_branch_dop_operator_v3 to 2025-04-18 13:43:00+00:00, run_after=2025-04-18 13:44:00+00:00
[2025-04-18T13:44:17.020+0000] {processor.py:208} INFO - Processing /home/airflow/.local/lib/python3.12/site-packages/airflow/example_dags/example_branch_python_dop_operator_3.py took 1.739 seconds
[2025-04-18T13:45:14.458+0000] {processor.py:186} INFO - Started process (PID=207) to work on /home/airflow/.local/lib/python3.12/site-packages/airflow/example_dags/example_branch_python_dop_operator_3.py
[2025-04-18T13:45:14.474+0000] {processor.py:914} INFO - Processing file /home/airflow/.local/lib/python3.12/site-packages/airflow/example_dags/example_branch_python_dop_operator_3.py for tasks to queue
[2025-04-18T13:45:14.529+0000] {logging_mixin.py:190} INFO - [2025-04-18T13:45:14.523+0000] {dagbag.py:588} INFO - Filling up the DagBag from /home/airflow/.local/lib/python3.12/site-packages/airflow/example_dags/example_branch_python_dop_operator_3.py
[2025-04-18T13:45:14.849+0000] {processor.py:925} INFO - DAG(s) 'example_branch_dop_operator_v3' retrieved from /home/airflow/.local/lib/python3.12/site-packages/airflow/example_dags/example_branch_python_dop_operator_3.py
[2025-04-18T13:45:15.068+0000] {logging_mixin.py:190} INFO - [2025-04-18T13:45:15.067+0000] {dag.py:3239} INFO - Sync 1 DAGs
[2025-04-18T13:45:15.605+0000] {logging_mixin.py:190} INFO - [2025-04-18T13:45:15.604+0000] {dag.py:4180} INFO - Setting next_dagrun for example_branch_dop_operator_v3 to 2025-04-18 13:44:00+00:00, run_after=2025-04-18 13:45:00+00:00
[2025-04-18T13:45:15.832+0000] {processor.py:208} INFO - Processing /home/airflow/.local/lib/python3.12/site-packages/airflow/example_dags/example_branch_python_dop_operator_3.py took 1.466 seconds
[2025-04-18T13:50:10.421+0000] {processor.py:186} INFO - Started process (PID=123) to work on /home/airflow/.local/lib/python3.12/site-packages/airflow/example_dags/example_branch_python_dop_operator_3.py
[2025-04-18T13:50:10.429+0000] {processor.py:914} INFO - Processing file /home/airflow/.local/lib/python3.12/site-packages/airflow/example_dags/example_branch_python_dop_operator_3.py for tasks to queue
[2025-04-18T13:50:10.435+0000] {logging_mixin.py:190} INFO - [2025-04-18T13:50:10.435+0000] {dagbag.py:588} INFO - Filling up the DagBag from /home/airflow/.local/lib/python3.12/site-packages/airflow/example_dags/example_branch_python_dop_operator_3.py
[2025-04-18T13:50:10.495+0000] {processor.py:925} INFO - DAG(s) 'example_branch_dop_operator_v3' retrieved from /home/airflow/.local/lib/python3.12/site-packages/airflow/example_dags/example_branch_python_dop_operator_3.py
[2025-04-18T13:50:10.631+0000] {logging_mixin.py:190} INFO - [2025-04-18T13:50:10.629+0000] {dag.py:3239} INFO - Sync 1 DAGs
[2025-04-18T13:50:10.726+0000] {logging_mixin.py:190} INFO - [2025-04-18T13:50:10.726+0000] {dag.py:4180} INFO - Setting next_dagrun for example_branch_dop_operator_v3 to 2025-04-18 13:49:00+00:00, run_after=2025-04-18 13:50:00+00:00
[2025-04-18T13:50:10.772+0000] {processor.py:208} INFO - Processing /home/airflow/.local/lib/python3.12/site-packages/airflow/example_dags/example_branch_python_dop_operator_3.py took 0.403 seconds
[2025-04-18T13:51:26.113+0000] {processor.py:186} INFO - Started process (PID=215) to work on /home/airflow/.local/lib/python3.12/site-packages/airflow/example_dags/example_branch_python_dop_operator_3.py
[2025-04-18T13:51:26.134+0000] {processor.py:914} INFO - Processing file /home/airflow/.local/lib/python3.12/site-packages/airflow/example_dags/example_branch_python_dop_operator_3.py for tasks to queue
[2025-04-18T13:51:26.150+0000] {logging_mixin.py:190} INFO - [2025-04-18T13:51:26.149+0000] {dagbag.py:588} INFO - Filling up the DagBag from /home/airflow/.local/lib/python3.12/site-packages/airflow/example_dags/example_branch_python_dop_operator_3.py
[2025-04-18T13:51:26.288+0000] {processor.py:925} INFO - DAG(s) 'example_branch_dop_operator_v3' retrieved from /home/airflow/.local/lib/python3.12/site-packages/airflow/example_dags/example_branch_python_dop_operator_3.py
[2025-04-18T13:51:26.488+0000] {logging_mixin.py:190} INFO - [2025-04-18T13:51:26.484+0000] {dag.py:3239} INFO - Sync 1 DAGs
[2025-04-18T13:51:26.605+0000] {logging_mixin.py:190} INFO - [2025-04-18T13:51:26.605+0000] {dag.py:4180} INFO - Setting next_dagrun for example_branch_dop_operator_v3 to 2025-04-18 13:50:00+00:00, run_after=2025-04-18 13:51:00+00:00
[2025-04-18T13:51:26.821+0000] {processor.py:208} INFO - Processing /home/airflow/.local/lib/python3.12/site-packages/airflow/example_dags/example_branch_python_dop_operator_3.py took 0.752 seconds
[2025-04-18T13:52:32.771+0000] {processor.py:186} INFO - Started process (PID=290) to work on /home/airflow/.local/lib/python3.12/site-packages/airflow/example_dags/example_branch_python_dop_operator_3.py
[2025-04-18T13:52:32.780+0000] {processor.py:914} INFO - Processing file /home/airflow/.local/lib/python3.12/site-packages/airflow/example_dags/example_branch_python_dop_operator_3.py for tasks to queue
[2025-04-18T13:52:32.793+0000] {logging_mixin.py:190} INFO - [2025-04-18T13:52:32.793+0000] {dagbag.py:588} INFO - Filling up the DagBag from /home/airflow/.local/lib/python3.12/site-packages/airflow/example_dags/example_branch_python_dop_operator_3.py
[2025-04-18T13:52:32.969+0000] {processor.py:925} INFO - DAG(s) 'example_branch_dop_operator_v3' retrieved from /home/airflow/.local/lib/python3.12/site-packages/airflow/example_dags/example_branch_python_dop_operator_3.py
[2025-04-18T13:52:33.545+0000] {logging_mixin.py:190} INFO - [2025-04-18T13:52:33.542+0000] {dag.py:3239} INFO - Sync 1 DAGs
[2025-04-18T13:52:34.000+0000] {logging_mixin.py:190} INFO - [2025-04-18T13:52:33.999+0000] {dag.py:4180} INFO - Setting next_dagrun for example_branch_dop_operator_v3 to 2025-04-18 13:51:00+00:00, run_after=2025-04-18 13:52:00+00:00
[2025-04-18T13:52:34.298+0000] {processor.py:208} INFO - Processing /home/airflow/.local/lib/python3.12/site-packages/airflow/example_dags/example_branch_python_dop_operator_3.py took 1.542 seconds
[2025-04-18T13:53:47.610+0000] {processor.py:186} INFO - Started process (PID=377) to work on /home/airflow/.local/lib/python3.12/site-packages/airflow/example_dags/example_branch_python_dop_operator_3.py
[2025-04-18T13:53:47.613+0000] {processor.py:914} INFO - Processing file /home/airflow/.local/lib/python3.12/site-packages/airflow/example_dags/example_branch_python_dop_operator_3.py for tasks to queue
[2025-04-18T13:53:47.632+0000] {logging_mixin.py:190} INFO - [2025-04-18T13:53:47.626+0000] {dagbag.py:588} INFO - Filling up the DagBag from /home/airflow/.local/lib/python3.12/site-packages/airflow/example_dags/example_branch_python_dop_operator_3.py
[2025-04-18T13:53:47.679+0000] {processor.py:925} INFO - DAG(s) 'example_branch_dop_operator_v3' retrieved from /home/airflow/.local/lib/python3.12/site-packages/airflow/example_dags/example_branch_python_dop_operator_3.py
[2025-04-18T13:53:47.778+0000] {logging_mixin.py:190} INFO - [2025-04-18T13:53:47.777+0000] {dag.py:3239} INFO - Sync 1 DAGs
[2025-04-18T13:53:47.916+0000] {logging_mixin.py:190} INFO - [2025-04-18T13:53:47.915+0000] {dag.py:4180} INFO - Setting next_dagrun for example_branch_dop_operator_v3 to 2025-04-18 13:52:00+00:00, run_after=2025-04-18 13:53:00+00:00
[2025-04-18T13:53:48.051+0000] {processor.py:208} INFO - Processing /home/airflow/.local/lib/python3.12/site-packages/airflow/example_dags/example_branch_python_dop_operator_3.py took 0.452 seconds
[2025-04-18T13:54:20.736+0000] {processor.py:186} INFO - Started process (PID=440) to work on /home/airflow/.local/lib/python3.12/site-packages/airflow/example_dags/example_branch_python_dop_operator_3.py
[2025-04-18T13:54:20.745+0000] {processor.py:914} INFO - Processing file /home/airflow/.local/lib/python3.12/site-packages/airflow/example_dags/example_branch_python_dop_operator_3.py for tasks to queue
[2025-04-18T13:54:20.758+0000] {logging_mixin.py:190} INFO - [2025-04-18T13:54:20.757+0000] {dagbag.py:588} INFO - Filling up the DagBag from /home/airflow/.local/lib/python3.12/site-packages/airflow/example_dags/example_branch_python_dop_operator_3.py
[2025-04-18T13:54:20.786+0000] {processor.py:925} INFO - DAG(s) 'example_branch_dop_operator_v3' retrieved from /home/airflow/.local/lib/python3.12/site-packages/airflow/example_dags/example_branch_python_dop_operator_3.py
[2025-04-18T13:54:20.870+0000] {logging_mixin.py:190} INFO - [2025-04-18T13:54:20.870+0000] {dag.py:3239} INFO - Sync 1 DAGs
[2025-04-18T13:54:20.944+0000] {logging_mixin.py:190} INFO - [2025-04-18T13:54:20.944+0000] {dag.py:4180} INFO - Setting next_dagrun for example_branch_dop_operator_v3 to 2025-04-18 13:53:00+00:00, run_after=2025-04-18 13:54:00+00:00
[2025-04-18T13:54:21.014+0000] {processor.py:208} INFO - Processing /home/airflow/.local/lib/python3.12/site-packages/airflow/example_dags/example_branch_python_dop_operator_3.py took 0.305 seconds
[2025-04-18T13:54:52.365+0000] {processor.py:186} INFO - Started process (PID=504) to work on /home/airflow/.local/lib/python3.12/site-packages/airflow/example_dags/example_branch_python_dop_operator_3.py
[2025-04-18T13:54:52.368+0000] {processor.py:914} INFO - Processing file /home/airflow/.local/lib/python3.12/site-packages/airflow/example_dags/example_branch_python_dop_operator_3.py for tasks to queue
[2025-04-18T13:54:52.430+0000] {logging_mixin.py:190} INFO - [2025-04-18T13:54:52.399+0000] {dagbag.py:588} INFO - Filling up the DagBag from /home/airflow/.local/lib/python3.12/site-packages/airflow/example_dags/example_branch_python_dop_operator_3.py
[2025-04-18T13:54:52.570+0000] {processor.py:925} INFO - DAG(s) 'example_branch_dop_operator_v3' retrieved from /home/airflow/.local/lib/python3.12/site-packages/airflow/example_dags/example_branch_python_dop_operator_3.py
[2025-04-18T13:54:52.699+0000] {logging_mixin.py:190} INFO - [2025-04-18T13:54:52.698+0000] {dag.py:3239} INFO - Sync 1 DAGs
[2025-04-18T13:54:52.966+0000] {logging_mixin.py:190} INFO - [2025-04-18T13:54:52.963+0000] {dag.py:4180} INFO - Setting next_dagrun for example_branch_dop_operator_v3 to 2025-04-18 13:53:00+00:00, run_after=2025-04-18 13:54:00+00:00
[2025-04-18T13:54:53.123+0000] {processor.py:208} INFO - Processing /home/airflow/.local/lib/python3.12/site-packages/airflow/example_dags/example_branch_python_dop_operator_3.py took 0.787 seconds
