[2025-04-18T13:25:58.568+0000] {processor.py:186} INFO - Started process (PID=81) to work on /home/airflow/.local/lib/python3.12/site-packages/airflow/example_dags/example_complex.py
[2025-04-18T13:25:58.572+0000] {processor.py:914} INFO - Processing file /home/airflow/.local/lib/python3.12/site-packages/airflow/example_dags/example_complex.py for tasks to queue
[2025-04-18T13:25:58.577+0000] {logging_mixin.py:190} INFO - [2025-04-18T13:25:58.577+0000] {dagbag.py:588} INFO - Filling up the DagBag from /home/airflow/.local/lib/python3.12/site-packages/airflow/example_dags/example_complex.py
[2025-04-18T13:25:58.599+0000] {processor.py:925} INFO - DAG(s) 'example_complex' retrieved from /home/airflow/.local/lib/python3.12/site-packages/airflow/example_dags/example_complex.py
[2025-04-18T13:25:58.823+0000] {logging_mixin.py:190} INFO - [2025-04-18T13:25:58.823+0000] {dag.py:3239} INFO - Sync 1 DAGs
[2025-04-18T13:25:58.856+0000] {logging_mixin.py:190} INFO - [2025-04-18T13:25:58.854+0000] {dag.py:4180} INFO - Setting next_dagrun for example_complex to None, run_after=None
[2025-04-18T13:25:58.898+0000] {processor.py:208} INFO - Processing /home/airflow/.local/lib/python3.12/site-packages/airflow/example_dags/example_complex.py took 0.341 seconds
[2025-04-18T13:27:42.735+0000] {processor.py:186} INFO - Started process (PID=158) to work on /home/airflow/.local/lib/python3.12/site-packages/airflow/example_dags/example_complex.py
[2025-04-18T13:27:42.741+0000] {processor.py:914} INFO - Processing file /home/airflow/.local/lib/python3.12/site-packages/airflow/example_dags/example_complex.py for tasks to queue
[2025-04-18T13:27:42.782+0000] {logging_mixin.py:190} INFO - [2025-04-18T13:27:42.778+0000] {dagbag.py:588} INFO - Filling up the DagBag from /home/airflow/.local/lib/python3.12/site-packages/airflow/example_dags/example_complex.py
[2025-04-18T13:27:42.877+0000] {processor.py:925} INFO - DAG(s) 'example_complex' retrieved from /home/airflow/.local/lib/python3.12/site-packages/airflow/example_dags/example_complex.py
[2025-04-18T13:27:43.158+0000] {logging_mixin.py:190} INFO - [2025-04-18T13:27:43.147+0000] {dag.py:3239} INFO - Sync 1 DAGs
[2025-04-18T13:27:43.269+0000] {logging_mixin.py:190} INFO - [2025-04-18T13:27:43.264+0000] {dag.py:4180} INFO - Setting next_dagrun for example_complex to None, run_after=None
[2025-04-18T13:27:43.453+0000] {processor.py:208} INFO - Processing /home/airflow/.local/lib/python3.12/site-packages/airflow/example_dags/example_complex.py took 0.792 seconds
[2025-04-18T13:30:02.406+0000] {processor.py:186} INFO - Started process (PID=80) to work on /home/airflow/.local/lib/python3.12/site-packages/airflow/example_dags/example_complex.py
[2025-04-18T13:30:02.411+0000] {processor.py:914} INFO - Processing file /home/airflow/.local/lib/python3.12/site-packages/airflow/example_dags/example_complex.py for tasks to queue
[2025-04-18T13:30:02.417+0000] {logging_mixin.py:190} INFO - [2025-04-18T13:30:02.416+0000] {dagbag.py:588} INFO - Filling up the DagBag from /home/airflow/.local/lib/python3.12/site-packages/airflow/example_dags/example_complex.py
[2025-04-18T13:30:02.470+0000] {processor.py:925} INFO - DAG(s) 'example_complex' retrieved from /home/airflow/.local/lib/python3.12/site-packages/airflow/example_dags/example_complex.py
[2025-04-18T13:30:02.615+0000] {logging_mixin.py:190} INFO - [2025-04-18T13:30:02.613+0000] {dag.py:3239} INFO - Sync 1 DAGs
[2025-04-18T13:30:02.683+0000] {logging_mixin.py:190} INFO - [2025-04-18T13:30:02.683+0000] {dag.py:4180} INFO - Setting next_dagrun for example_complex to None, run_after=None
[2025-04-18T13:30:02.725+0000] {processor.py:208} INFO - Processing /home/airflow/.local/lib/python3.12/site-packages/airflow/example_dags/example_complex.py took 0.359 seconds
[2025-04-18T13:30:39.242+0000] {processor.py:186} INFO - Started process (PID=144) to work on /home/airflow/.local/lib/python3.12/site-packages/airflow/example_dags/example_complex.py
[2025-04-18T13:30:39.244+0000] {processor.py:914} INFO - Processing file /home/airflow/.local/lib/python3.12/site-packages/airflow/example_dags/example_complex.py for tasks to queue
[2025-04-18T13:30:39.252+0000] {logging_mixin.py:190} INFO - [2025-04-18T13:30:39.251+0000] {dagbag.py:588} INFO - Filling up the DagBag from /home/airflow/.local/lib/python3.12/site-packages/airflow/example_dags/example_complex.py
[2025-04-18T13:30:39.280+0000] {processor.py:925} INFO - DAG(s) 'example_complex' retrieved from /home/airflow/.local/lib/python3.12/site-packages/airflow/example_dags/example_complex.py
[2025-04-18T13:30:39.490+0000] {logging_mixin.py:190} INFO - [2025-04-18T13:30:39.489+0000] {dag.py:3239} INFO - Sync 1 DAGs
[2025-04-18T13:30:39.560+0000] {logging_mixin.py:190} INFO - [2025-04-18T13:30:39.559+0000] {dag.py:4180} INFO - Setting next_dagrun for example_complex to None, run_after=None
[2025-04-18T13:30:39.677+0000] {processor.py:208} INFO - Processing /home/airflow/.local/lib/python3.12/site-packages/airflow/example_dags/example_complex.py took 0.449 seconds
[2025-04-18T13:31:09.923+0000] {processor.py:186} INFO - Started process (PID=209) to work on /home/airflow/.local/lib/python3.12/site-packages/airflow/example_dags/example_complex.py
[2025-04-18T13:31:09.924+0000] {processor.py:914} INFO - Processing file /home/airflow/.local/lib/python3.12/site-packages/airflow/example_dags/example_complex.py for tasks to queue
[2025-04-18T13:31:09.925+0000] {logging_mixin.py:190} INFO - [2025-04-18T13:31:09.925+0000] {dagbag.py:588} INFO - Filling up the DagBag from /home/airflow/.local/lib/python3.12/site-packages/airflow/example_dags/example_complex.py
[2025-04-18T13:31:09.931+0000] {processor.py:925} INFO - DAG(s) 'example_complex' retrieved from /home/airflow/.local/lib/python3.12/site-packages/airflow/example_dags/example_complex.py
[2025-04-18T13:31:09.952+0000] {logging_mixin.py:190} INFO - [2025-04-18T13:31:09.952+0000] {dag.py:3239} INFO - Sync 1 DAGs
[2025-04-18T13:31:09.963+0000] {logging_mixin.py:190} INFO - [2025-04-18T13:31:09.963+0000] {dag.py:4180} INFO - Setting next_dagrun for example_complex to None, run_after=None
[2025-04-18T13:31:09.971+0000] {processor.py:208} INFO - Processing /home/airflow/.local/lib/python3.12/site-packages/airflow/example_dags/example_complex.py took 0.051 seconds
[2025-04-18T13:31:40.706+0000] {processor.py:186} INFO - Started process (PID=271) to work on /home/airflow/.local/lib/python3.12/site-packages/airflow/example_dags/example_complex.py
[2025-04-18T13:31:40.707+0000] {processor.py:914} INFO - Processing file /home/airflow/.local/lib/python3.12/site-packages/airflow/example_dags/example_complex.py for tasks to queue
[2025-04-18T13:31:40.709+0000] {logging_mixin.py:190} INFO - [2025-04-18T13:31:40.708+0000] {dagbag.py:588} INFO - Filling up the DagBag from /home/airflow/.local/lib/python3.12/site-packages/airflow/example_dags/example_complex.py
[2025-04-18T13:31:40.722+0000] {processor.py:925} INFO - DAG(s) 'example_complex' retrieved from /home/airflow/.local/lib/python3.12/site-packages/airflow/example_dags/example_complex.py
[2025-04-18T13:31:40.779+0000] {logging_mixin.py:190} INFO - [2025-04-18T13:31:40.779+0000] {dag.py:3239} INFO - Sync 1 DAGs
[2025-04-18T13:31:40.793+0000] {logging_mixin.py:190} INFO - [2025-04-18T13:31:40.793+0000] {dag.py:4180} INFO - Setting next_dagrun for example_complex to None, run_after=None
[2025-04-18T13:31:40.807+0000] {processor.py:208} INFO - Processing /home/airflow/.local/lib/python3.12/site-packages/airflow/example_dags/example_complex.py took 0.105 seconds
[2025-04-18T13:32:11.936+0000] {processor.py:186} INFO - Started process (PID=335) to work on /home/airflow/.local/lib/python3.12/site-packages/airflow/example_dags/example_complex.py
[2025-04-18T13:32:11.938+0000] {processor.py:914} INFO - Processing file /home/airflow/.local/lib/python3.12/site-packages/airflow/example_dags/example_complex.py for tasks to queue
[2025-04-18T13:32:11.940+0000] {logging_mixin.py:190} INFO - [2025-04-18T13:32:11.940+0000] {dagbag.py:588} INFO - Filling up the DagBag from /home/airflow/.local/lib/python3.12/site-packages/airflow/example_dags/example_complex.py
[2025-04-18T13:32:11.951+0000] {processor.py:925} INFO - DAG(s) 'example_complex' retrieved from /home/airflow/.local/lib/python3.12/site-packages/airflow/example_dags/example_complex.py
[2025-04-18T13:32:11.980+0000] {logging_mixin.py:190} INFO - [2025-04-18T13:32:11.980+0000] {dag.py:3239} INFO - Sync 1 DAGs
[2025-04-18T13:32:11.989+0000] {logging_mixin.py:190} INFO - [2025-04-18T13:32:11.989+0000] {dag.py:4180} INFO - Setting next_dagrun for example_complex to None, run_after=None
[2025-04-18T13:32:12.002+0000] {processor.py:208} INFO - Processing /home/airflow/.local/lib/python3.12/site-packages/airflow/example_dags/example_complex.py took 0.074 seconds
[2025-04-18T13:34:55.606+0000] {processor.py:186} INFO - Started process (PID=75) to work on /home/airflow/.local/lib/python3.12/site-packages/airflow/example_dags/example_complex.py
[2025-04-18T13:34:55.612+0000] {processor.py:914} INFO - Processing file /home/airflow/.local/lib/python3.12/site-packages/airflow/example_dags/example_complex.py for tasks to queue
[2025-04-18T13:34:55.619+0000] {logging_mixin.py:190} INFO - [2025-04-18T13:34:55.619+0000] {dagbag.py:588} INFO - Filling up the DagBag from /home/airflow/.local/lib/python3.12/site-packages/airflow/example_dags/example_complex.py
[2025-04-18T13:34:55.630+0000] {processor.py:925} INFO - DAG(s) 'example_complex' retrieved from /home/airflow/.local/lib/python3.12/site-packages/airflow/example_dags/example_complex.py
[2025-04-18T13:34:55.683+0000] {logging_mixin.py:190} INFO - [2025-04-18T13:34:55.682+0000] {dag.py:3239} INFO - Sync 1 DAGs
[2025-04-18T13:34:55.707+0000] {logging_mixin.py:190} INFO - [2025-04-18T13:34:55.706+0000] {dag.py:4180} INFO - Setting next_dagrun for example_complex to None, run_after=None
[2025-04-18T13:34:55.729+0000] {processor.py:208} INFO - Processing /home/airflow/.local/lib/python3.12/site-packages/airflow/example_dags/example_complex.py took 0.156 seconds
[2025-04-18T13:35:26.372+0000] {processor.py:186} INFO - Started process (PID=139) to work on /home/airflow/.local/lib/python3.12/site-packages/airflow/example_dags/example_complex.py
[2025-04-18T13:35:26.377+0000] {processor.py:914} INFO - Processing file /home/airflow/.local/lib/python3.12/site-packages/airflow/example_dags/example_complex.py for tasks to queue
[2025-04-18T13:35:26.386+0000] {logging_mixin.py:190} INFO - [2025-04-18T13:35:26.385+0000] {dagbag.py:588} INFO - Filling up the DagBag from /home/airflow/.local/lib/python3.12/site-packages/airflow/example_dags/example_complex.py
[2025-04-18T13:35:26.422+0000] {processor.py:925} INFO - DAG(s) 'example_complex' retrieved from /home/airflow/.local/lib/python3.12/site-packages/airflow/example_dags/example_complex.py
[2025-04-18T13:35:26.502+0000] {logging_mixin.py:190} INFO - [2025-04-18T13:35:26.501+0000] {dag.py:3239} INFO - Sync 1 DAGs
[2025-04-18T13:35:26.535+0000] {logging_mixin.py:190} INFO - [2025-04-18T13:35:26.534+0000] {dag.py:4180} INFO - Setting next_dagrun for example_complex to None, run_after=None
[2025-04-18T13:35:26.565+0000] {processor.py:208} INFO - Processing /home/airflow/.local/lib/python3.12/site-packages/airflow/example_dags/example_complex.py took 0.228 seconds
[2025-04-18T13:35:56.800+0000] {processor.py:186} INFO - Started process (PID=203) to work on /home/airflow/.local/lib/python3.12/site-packages/airflow/example_dags/example_complex.py
[2025-04-18T13:35:56.801+0000] {processor.py:914} INFO - Processing file /home/airflow/.local/lib/python3.12/site-packages/airflow/example_dags/example_complex.py for tasks to queue
[2025-04-18T13:35:56.802+0000] {logging_mixin.py:190} INFO - [2025-04-18T13:35:56.802+0000] {dagbag.py:588} INFO - Filling up the DagBag from /home/airflow/.local/lib/python3.12/site-packages/airflow/example_dags/example_complex.py
[2025-04-18T13:35:56.807+0000] {processor.py:925} INFO - DAG(s) 'example_complex' retrieved from /home/airflow/.local/lib/python3.12/site-packages/airflow/example_dags/example_complex.py
[2025-04-18T13:35:56.819+0000] {logging_mixin.py:190} INFO - [2025-04-18T13:35:56.819+0000] {dag.py:3239} INFO - Sync 1 DAGs
[2025-04-18T13:35:56.825+0000] {logging_mixin.py:190} INFO - [2025-04-18T13:35:56.825+0000] {dag.py:4180} INFO - Setting next_dagrun for example_complex to None, run_after=None
[2025-04-18T13:35:56.831+0000] {processor.py:208} INFO - Processing /home/airflow/.local/lib/python3.12/site-packages/airflow/example_dags/example_complex.py took 0.034 seconds
[2025-04-18T13:36:27.115+0000] {processor.py:186} INFO - Started process (PID=267) to work on /home/airflow/.local/lib/python3.12/site-packages/airflow/example_dags/example_complex.py
[2025-04-18T13:36:27.121+0000] {processor.py:914} INFO - Processing file /home/airflow/.local/lib/python3.12/site-packages/airflow/example_dags/example_complex.py for tasks to queue
[2025-04-18T13:36:27.123+0000] {logging_mixin.py:190} INFO - [2025-04-18T13:36:27.123+0000] {dagbag.py:588} INFO - Filling up the DagBag from /home/airflow/.local/lib/python3.12/site-packages/airflow/example_dags/example_complex.py
[2025-04-18T13:36:27.132+0000] {processor.py:925} INFO - DAG(s) 'example_complex' retrieved from /home/airflow/.local/lib/python3.12/site-packages/airflow/example_dags/example_complex.py
[2025-04-18T13:36:27.178+0000] {logging_mixin.py:190} INFO - [2025-04-18T13:36:27.178+0000] {dag.py:3239} INFO - Sync 1 DAGs
[2025-04-18T13:36:27.195+0000] {logging_mixin.py:190} INFO - [2025-04-18T13:36:27.194+0000] {dag.py:4180} INFO - Setting next_dagrun for example_complex to None, run_after=None
[2025-04-18T13:36:27.203+0000] {processor.py:208} INFO - Processing /home/airflow/.local/lib/python3.12/site-packages/airflow/example_dags/example_complex.py took 0.098 seconds
[2025-04-18T13:36:57.858+0000] {processor.py:186} INFO - Started process (PID=330) to work on /home/airflow/.local/lib/python3.12/site-packages/airflow/example_dags/example_complex.py
[2025-04-18T13:36:57.860+0000] {processor.py:914} INFO - Processing file /home/airflow/.local/lib/python3.12/site-packages/airflow/example_dags/example_complex.py for tasks to queue
[2025-04-18T13:36:57.864+0000] {logging_mixin.py:190} INFO - [2025-04-18T13:36:57.864+0000] {dagbag.py:588} INFO - Filling up the DagBag from /home/airflow/.local/lib/python3.12/site-packages/airflow/example_dags/example_complex.py
[2025-04-18T13:36:57.877+0000] {processor.py:925} INFO - DAG(s) 'example_complex' retrieved from /home/airflow/.local/lib/python3.12/site-packages/airflow/example_dags/example_complex.py
[2025-04-18T13:36:57.910+0000] {logging_mixin.py:190} INFO - [2025-04-18T13:36:57.910+0000] {dag.py:3239} INFO - Sync 1 DAGs
[2025-04-18T13:36:57.920+0000] {logging_mixin.py:190} INFO - [2025-04-18T13:36:57.920+0000] {dag.py:4180} INFO - Setting next_dagrun for example_complex to None, run_after=None
[2025-04-18T13:36:57.930+0000] {processor.py:208} INFO - Processing /home/airflow/.local/lib/python3.12/site-packages/airflow/example_dags/example_complex.py took 0.077 seconds
[2025-04-18T13:37:28.092+0000] {processor.py:186} INFO - Started process (PID=394) to work on /home/airflow/.local/lib/python3.12/site-packages/airflow/example_dags/example_complex.py
[2025-04-18T13:37:28.092+0000] {processor.py:914} INFO - Processing file /home/airflow/.local/lib/python3.12/site-packages/airflow/example_dags/example_complex.py for tasks to queue
[2025-04-18T13:37:28.094+0000] {logging_mixin.py:190} INFO - [2025-04-18T13:37:28.094+0000] {dagbag.py:588} INFO - Filling up the DagBag from /home/airflow/.local/lib/python3.12/site-packages/airflow/example_dags/example_complex.py
[2025-04-18T13:37:28.102+0000] {processor.py:925} INFO - DAG(s) 'example_complex' retrieved from /home/airflow/.local/lib/python3.12/site-packages/airflow/example_dags/example_complex.py
[2025-04-18T13:37:28.120+0000] {logging_mixin.py:190} INFO - [2025-04-18T13:37:28.120+0000] {dag.py:3239} INFO - Sync 1 DAGs
[2025-04-18T13:37:28.130+0000] {logging_mixin.py:190} INFO - [2025-04-18T13:37:28.130+0000] {dag.py:4180} INFO - Setting next_dagrun for example_complex to None, run_after=None
[2025-04-18T13:37:28.136+0000] {processor.py:208} INFO - Processing /home/airflow/.local/lib/python3.12/site-packages/airflow/example_dags/example_complex.py took 0.053 seconds
[2025-04-18T13:37:58.627+0000] {processor.py:186} INFO - Started process (PID=458) to work on /home/airflow/.local/lib/python3.12/site-packages/airflow/example_dags/example_complex.py
[2025-04-18T13:37:58.628+0000] {processor.py:914} INFO - Processing file /home/airflow/.local/lib/python3.12/site-packages/airflow/example_dags/example_complex.py for tasks to queue
[2025-04-18T13:37:58.629+0000] {logging_mixin.py:190} INFO - [2025-04-18T13:37:58.629+0000] {dagbag.py:588} INFO - Filling up the DagBag from /home/airflow/.local/lib/python3.12/site-packages/airflow/example_dags/example_complex.py
[2025-04-18T13:37:58.634+0000] {processor.py:925} INFO - DAG(s) 'example_complex' retrieved from /home/airflow/.local/lib/python3.12/site-packages/airflow/example_dags/example_complex.py
[2025-04-18T13:37:58.649+0000] {logging_mixin.py:190} INFO - [2025-04-18T13:37:58.649+0000] {dag.py:3239} INFO - Sync 1 DAGs
[2025-04-18T13:37:58.655+0000] {logging_mixin.py:190} INFO - [2025-04-18T13:37:58.655+0000] {dag.py:4180} INFO - Setting next_dagrun for example_complex to None, run_after=None
[2025-04-18T13:37:58.662+0000] {processor.py:208} INFO - Processing /home/airflow/.local/lib/python3.12/site-packages/airflow/example_dags/example_complex.py took 0.037 seconds
[2025-04-18T13:38:29.436+0000] {processor.py:186} INFO - Started process (PID=522) to work on /home/airflow/.local/lib/python3.12/site-packages/airflow/example_dags/example_complex.py
[2025-04-18T13:38:29.438+0000] {processor.py:914} INFO - Processing file /home/airflow/.local/lib/python3.12/site-packages/airflow/example_dags/example_complex.py for tasks to queue
[2025-04-18T13:38:29.441+0000] {logging_mixin.py:190} INFO - [2025-04-18T13:38:29.440+0000] {dagbag.py:588} INFO - Filling up the DagBag from /home/airflow/.local/lib/python3.12/site-packages/airflow/example_dags/example_complex.py
[2025-04-18T13:38:29.448+0000] {processor.py:925} INFO - DAG(s) 'example_complex' retrieved from /home/airflow/.local/lib/python3.12/site-packages/airflow/example_dags/example_complex.py
[2025-04-18T13:38:29.468+0000] {logging_mixin.py:190} INFO - [2025-04-18T13:38:29.468+0000] {dag.py:3239} INFO - Sync 1 DAGs
[2025-04-18T13:38:29.476+0000] {logging_mixin.py:190} INFO - [2025-04-18T13:38:29.476+0000] {dag.py:4180} INFO - Setting next_dagrun for example_complex to None, run_after=None
[2025-04-18T13:38:29.486+0000] {processor.py:208} INFO - Processing /home/airflow/.local/lib/python3.12/site-packages/airflow/example_dags/example_complex.py took 0.052 seconds
[2025-04-18T13:39:22.456+0000] {processor.py:186} INFO - Started process (PID=595) to work on /home/airflow/.local/lib/python3.12/site-packages/airflow/example_dags/example_complex.py
[2025-04-18T13:39:22.474+0000] {processor.py:914} INFO - Processing file /home/airflow/.local/lib/python3.12/site-packages/airflow/example_dags/example_complex.py for tasks to queue
[2025-04-18T13:39:22.508+0000] {logging_mixin.py:190} INFO - [2025-04-18T13:39:22.504+0000] {dagbag.py:588} INFO - Filling up the DagBag from /home/airflow/.local/lib/python3.12/site-packages/airflow/example_dags/example_complex.py
[2025-04-18T13:39:22.767+0000] {processor.py:925} INFO - DAG(s) 'example_complex' retrieved from /home/airflow/.local/lib/python3.12/site-packages/airflow/example_dags/example_complex.py
[2025-04-18T13:39:24.435+0000] {logging_mixin.py:190} INFO - [2025-04-18T13:39:24.428+0000] {dag.py:3239} INFO - Sync 1 DAGs
[2025-04-18T13:39:25.118+0000] {logging_mixin.py:190} INFO - [2025-04-18T13:39:25.086+0000] {dag.py:4180} INFO - Setting next_dagrun for example_complex to None, run_after=None
[2025-04-18T13:39:28.380+0000] {processor.py:208} INFO - Processing /home/airflow/.local/lib/python3.12/site-packages/airflow/example_dags/example_complex.py took 5.972 seconds
[2025-04-18T13:40:31.948+0000] {processor.py:186} INFO - Started process (PID=671) to work on /home/airflow/.local/lib/python3.12/site-packages/airflow/example_dags/example_complex.py
[2025-04-18T13:40:31.957+0000] {processor.py:914} INFO - Processing file /home/airflow/.local/lib/python3.12/site-packages/airflow/example_dags/example_complex.py for tasks to queue
[2025-04-18T13:40:31.995+0000] {logging_mixin.py:190} INFO - [2025-04-18T13:40:31.994+0000] {dagbag.py:588} INFO - Filling up the DagBag from /home/airflow/.local/lib/python3.12/site-packages/airflow/example_dags/example_complex.py
[2025-04-18T13:40:32.124+0000] {processor.py:925} INFO - DAG(s) 'example_complex' retrieved from /home/airflow/.local/lib/python3.12/site-packages/airflow/example_dags/example_complex.py
[2025-04-18T13:40:32.381+0000] {logging_mixin.py:190} INFO - [2025-04-18T13:40:32.378+0000] {dag.py:3239} INFO - Sync 1 DAGs
[2025-04-18T13:40:32.504+0000] {logging_mixin.py:190} INFO - [2025-04-18T13:40:32.503+0000] {dag.py:4180} INFO - Setting next_dagrun for example_complex to None, run_after=None
[2025-04-18T13:40:32.606+0000] {processor.py:208} INFO - Processing /home/airflow/.local/lib/python3.12/site-packages/airflow/example_dags/example_complex.py took 0.679 seconds
[2025-04-18T13:43:33.698+0000] {processor.py:186} INFO - Started process (PID=80) to work on /home/airflow/.local/lib/python3.12/site-packages/airflow/example_dags/example_complex.py
[2025-04-18T13:43:33.705+0000] {processor.py:914} INFO - Processing file /home/airflow/.local/lib/python3.12/site-packages/airflow/example_dags/example_complex.py for tasks to queue
[2025-04-18T13:43:33.717+0000] {logging_mixin.py:190} INFO - [2025-04-18T13:43:33.716+0000] {dagbag.py:588} INFO - Filling up the DagBag from /home/airflow/.local/lib/python3.12/site-packages/airflow/example_dags/example_complex.py
[2025-04-18T13:43:33.778+0000] {processor.py:925} INFO - DAG(s) 'example_complex' retrieved from /home/airflow/.local/lib/python3.12/site-packages/airflow/example_dags/example_complex.py
[2025-04-18T13:43:33.945+0000] {logging_mixin.py:190} INFO - [2025-04-18T13:43:33.945+0000] {dag.py:3239} INFO - Sync 1 DAGs
[2025-04-18T13:43:33.996+0000] {logging_mixin.py:190} INFO - [2025-04-18T13:43:33.995+0000] {dag.py:4180} INFO - Setting next_dagrun for example_complex to None, run_after=None
[2025-04-18T13:43:34.114+0000] {processor.py:208} INFO - Processing /home/airflow/.local/lib/python3.12/site-packages/airflow/example_dags/example_complex.py took 0.454 seconds
[2025-04-18T13:44:33.321+0000] {processor.py:186} INFO - Started process (PID=150) to work on /home/airflow/.local/lib/python3.12/site-packages/airflow/example_dags/example_complex.py
[2025-04-18T13:44:33.326+0000] {processor.py:914} INFO - Processing file /home/airflow/.local/lib/python3.12/site-packages/airflow/example_dags/example_complex.py for tasks to queue
[2025-04-18T13:44:33.344+0000] {logging_mixin.py:190} INFO - [2025-04-18T13:44:33.341+0000] {dagbag.py:588} INFO - Filling up the DagBag from /home/airflow/.local/lib/python3.12/site-packages/airflow/example_dags/example_complex.py
[2025-04-18T13:44:33.476+0000] {processor.py:925} INFO - DAG(s) 'example_complex' retrieved from /home/airflow/.local/lib/python3.12/site-packages/airflow/example_dags/example_complex.py
[2025-04-18T13:44:33.787+0000] {logging_mixin.py:190} INFO - [2025-04-18T13:44:33.787+0000] {dag.py:3239} INFO - Sync 1 DAGs
[2025-04-18T13:44:33.937+0000] {logging_mixin.py:190} INFO - [2025-04-18T13:44:33.935+0000] {dag.py:4180} INFO - Setting next_dagrun for example_complex to None, run_after=None
[2025-04-18T13:44:34.200+0000] {processor.py:208} INFO - Processing /home/airflow/.local/lib/python3.12/site-packages/airflow/example_dags/example_complex.py took 0.906 seconds
[2025-04-18T13:45:24.258+0000] {processor.py:186} INFO - Started process (PID=219) to work on /home/airflow/.local/lib/python3.12/site-packages/airflow/example_dags/example_complex.py
[2025-04-18T13:45:24.261+0000] {processor.py:914} INFO - Processing file /home/airflow/.local/lib/python3.12/site-packages/airflow/example_dags/example_complex.py for tasks to queue
[2025-04-18T13:45:24.275+0000] {logging_mixin.py:190} INFO - [2025-04-18T13:45:24.272+0000] {dagbag.py:588} INFO - Filling up the DagBag from /home/airflow/.local/lib/python3.12/site-packages/airflow/example_dags/example_complex.py
[2025-04-18T13:45:24.352+0000] {processor.py:925} INFO - DAG(s) 'example_complex' retrieved from /home/airflow/.local/lib/python3.12/site-packages/airflow/example_dags/example_complex.py
[2025-04-18T13:45:24.557+0000] {logging_mixin.py:190} INFO - [2025-04-18T13:45:24.555+0000] {dag.py:3239} INFO - Sync 1 DAGs
[2025-04-18T13:45:24.648+0000] {logging_mixin.py:190} INFO - [2025-04-18T13:45:24.648+0000] {dag.py:4180} INFO - Setting next_dagrun for example_complex to None, run_after=None
[2025-04-18T13:45:24.909+0000] {processor.py:208} INFO - Processing /home/airflow/.local/lib/python3.12/site-packages/airflow/example_dags/example_complex.py took 0.663 seconds
[2025-04-18T13:46:59.623+0000] {processor.py:186} INFO - Started process (PID=280) to work on /home/airflow/.local/lib/python3.12/site-packages/airflow/example_dags/example_complex.py
[2025-04-18T13:46:59.634+0000] {processor.py:914} INFO - Processing file /home/airflow/.local/lib/python3.12/site-packages/airflow/example_dags/example_complex.py for tasks to queue
[2025-04-18T13:46:59.654+0000] {logging_mixin.py:190} INFO - [2025-04-18T13:46:59.651+0000] {dagbag.py:588} INFO - Filling up the DagBag from /home/airflow/.local/lib/python3.12/site-packages/airflow/example_dags/example_complex.py
[2025-04-18T13:47:00.059+0000] {processor.py:925} INFO - DAG(s) 'example_complex' retrieved from /home/airflow/.local/lib/python3.12/site-packages/airflow/example_dags/example_complex.py
[2025-04-18T13:47:00.660+0000] {logging_mixin.py:190} INFO - [2025-04-18T13:47:00.644+0000] {dag.py:3239} INFO - Sync 1 DAGs
[2025-04-18T13:47:00.927+0000] {logging_mixin.py:190} INFO - [2025-04-18T13:47:00.922+0000] {dag.py:4180} INFO - Setting next_dagrun for example_complex to None, run_after=None
[2025-04-18T13:47:01.210+0000] {processor.py:208} INFO - Processing /home/airflow/.local/lib/python3.12/site-packages/airflow/example_dags/example_complex.py took 1.761 seconds
[2025-04-18T13:49:06.632+0000] {processor.py:186} INFO - Started process (PID=77) to work on /home/airflow/.local/lib/python3.12/site-packages/airflow/example_dags/example_complex.py
[2025-04-18T13:49:06.643+0000] {processor.py:914} INFO - Processing file /home/airflow/.local/lib/python3.12/site-packages/airflow/example_dags/example_complex.py for tasks to queue
[2025-04-18T13:49:06.665+0000] {logging_mixin.py:190} INFO - [2025-04-18T13:49:06.664+0000] {dagbag.py:588} INFO - Filling up the DagBag from /home/airflow/.local/lib/python3.12/site-packages/airflow/example_dags/example_complex.py
[2025-04-18T13:49:06.777+0000] {processor.py:925} INFO - DAG(s) 'example_complex' retrieved from /home/airflow/.local/lib/python3.12/site-packages/airflow/example_dags/example_complex.py
[2025-04-18T13:49:07.046+0000] {logging_mixin.py:190} INFO - [2025-04-18T13:49:07.045+0000] {dag.py:3239} INFO - Sync 1 DAGs
[2025-04-18T13:49:07.123+0000] {logging_mixin.py:190} INFO - [2025-04-18T13:49:07.123+0000] {dag.py:4180} INFO - Setting next_dagrun for example_complex to None, run_after=None
[2025-04-18T13:49:07.274+0000] {processor.py:208} INFO - Processing /home/airflow/.local/lib/python3.12/site-packages/airflow/example_dags/example_complex.py took 0.688 seconds
[2025-04-18T13:50:24.085+0000] {processor.py:186} INFO - Started process (PID=153) to work on /home/airflow/.local/lib/python3.12/site-packages/airflow/example_dags/example_complex.py
[2025-04-18T13:50:24.089+0000] {processor.py:914} INFO - Processing file /home/airflow/.local/lib/python3.12/site-packages/airflow/example_dags/example_complex.py for tasks to queue
[2025-04-18T13:50:24.114+0000] {logging_mixin.py:190} INFO - [2025-04-18T13:50:24.113+0000] {dagbag.py:588} INFO - Filling up the DagBag from /home/airflow/.local/lib/python3.12/site-packages/airflow/example_dags/example_complex.py
[2025-04-18T13:50:24.218+0000] {processor.py:925} INFO - DAG(s) 'example_complex' retrieved from /home/airflow/.local/lib/python3.12/site-packages/airflow/example_dags/example_complex.py
[2025-04-18T13:50:24.421+0000] {logging_mixin.py:190} INFO - [2025-04-18T13:50:24.415+0000] {dag.py:3239} INFO - Sync 1 DAGs
[2025-04-18T13:50:24.650+0000] {logging_mixin.py:190} INFO - [2025-04-18T13:50:24.645+0000] {dag.py:4180} INFO - Setting next_dagrun for example_complex to None, run_after=None
[2025-04-18T13:50:25.089+0000] {processor.py:208} INFO - Processing /home/airflow/.local/lib/python3.12/site-packages/airflow/example_dags/example_complex.py took 1.033 seconds
[2025-04-18T13:51:53.298+0000] {processor.py:186} INFO - Started process (PID=245) to work on /home/airflow/.local/lib/python3.12/site-packages/airflow/example_dags/example_complex.py
[2025-04-18T13:51:53.343+0000] {processor.py:914} INFO - Processing file /home/airflow/.local/lib/python3.12/site-packages/airflow/example_dags/example_complex.py for tasks to queue
[2025-04-18T13:51:53.412+0000] {logging_mixin.py:190} INFO - [2025-04-18T13:51:53.410+0000] {dagbag.py:588} INFO - Filling up the DagBag from /home/airflow/.local/lib/python3.12/site-packages/airflow/example_dags/example_complex.py
[2025-04-18T13:51:53.529+0000] {processor.py:925} INFO - DAG(s) 'example_complex' retrieved from /home/airflow/.local/lib/python3.12/site-packages/airflow/example_dags/example_complex.py
[2025-04-18T13:51:53.708+0000] {logging_mixin.py:190} INFO - [2025-04-18T13:51:53.707+0000] {dag.py:3239} INFO - Sync 1 DAGs
[2025-04-18T13:51:53.811+0000] {logging_mixin.py:190} INFO - [2025-04-18T13:51:53.810+0000] {dag.py:4180} INFO - Setting next_dagrun for example_complex to None, run_after=None
[2025-04-18T13:51:54.136+0000] {processor.py:208} INFO - Processing /home/airflow/.local/lib/python3.12/site-packages/airflow/example_dags/example_complex.py took 0.882 seconds
[2025-04-18T13:53:01.616+0000] {processor.py:186} INFO - Started process (PID=319) to work on /home/airflow/.local/lib/python3.12/site-packages/airflow/example_dags/example_complex.py
[2025-04-18T13:53:01.625+0000] {processor.py:914} INFO - Processing file /home/airflow/.local/lib/python3.12/site-packages/airflow/example_dags/example_complex.py for tasks to queue
[2025-04-18T13:53:01.646+0000] {logging_mixin.py:190} INFO - [2025-04-18T13:53:01.644+0000] {dagbag.py:588} INFO - Filling up the DagBag from /home/airflow/.local/lib/python3.12/site-packages/airflow/example_dags/example_complex.py
[2025-04-18T13:53:01.730+0000] {processor.py:925} INFO - DAG(s) 'example_complex' retrieved from /home/airflow/.local/lib/python3.12/site-packages/airflow/example_dags/example_complex.py
[2025-04-18T13:53:02.018+0000] {logging_mixin.py:190} INFO - [2025-04-18T13:53:02.016+0000] {dag.py:3239} INFO - Sync 1 DAGs
[2025-04-18T13:53:02.308+0000] {logging_mixin.py:190} INFO - [2025-04-18T13:53:02.287+0000] {dag.py:4180} INFO - Setting next_dagrun for example_complex to None, run_after=None
[2025-04-18T13:53:02.883+0000] {processor.py:208} INFO - Processing /home/airflow/.local/lib/python3.12/site-packages/airflow/example_dags/example_complex.py took 1.312 seconds
[2025-04-18T13:53:55.938+0000] {processor.py:186} INFO - Started process (PID=389) to work on /home/airflow/.local/lib/python3.12/site-packages/airflow/example_dags/example_complex.py
[2025-04-18T13:53:55.944+0000] {processor.py:914} INFO - Processing file /home/airflow/.local/lib/python3.12/site-packages/airflow/example_dags/example_complex.py for tasks to queue
[2025-04-18T13:53:55.967+0000] {logging_mixin.py:190} INFO - [2025-04-18T13:53:55.966+0000] {dagbag.py:588} INFO - Filling up the DagBag from /home/airflow/.local/lib/python3.12/site-packages/airflow/example_dags/example_complex.py
[2025-04-18T13:53:56.089+0000] {processor.py:925} INFO - DAG(s) 'example_complex' retrieved from /home/airflow/.local/lib/python3.12/site-packages/airflow/example_dags/example_complex.py
[2025-04-18T13:53:56.291+0000] {logging_mixin.py:190} INFO - [2025-04-18T13:53:56.291+0000] {dag.py:3239} INFO - Sync 1 DAGs
[2025-04-18T13:53:56.384+0000] {logging_mixin.py:190} INFO - [2025-04-18T13:53:56.383+0000] {dag.py:4180} INFO - Setting next_dagrun for example_complex to None, run_after=None
[2025-04-18T13:53:56.567+0000] {processor.py:208} INFO - Processing /home/airflow/.local/lib/python3.12/site-packages/airflow/example_dags/example_complex.py took 0.643 seconds
[2025-04-18T13:54:27.994+0000] {processor.py:186} INFO - Started process (PID=452) to work on /home/airflow/.local/lib/python3.12/site-packages/airflow/example_dags/example_complex.py
[2025-04-18T13:54:28.000+0000] {processor.py:914} INFO - Processing file /home/airflow/.local/lib/python3.12/site-packages/airflow/example_dags/example_complex.py for tasks to queue
[2025-04-18T13:54:28.030+0000] {logging_mixin.py:190} INFO - [2025-04-18T13:54:28.028+0000] {dagbag.py:588} INFO - Filling up the DagBag from /home/airflow/.local/lib/python3.12/site-packages/airflow/example_dags/example_complex.py
[2025-04-18T13:54:28.132+0000] {processor.py:925} INFO - DAG(s) 'example_complex' retrieved from /home/airflow/.local/lib/python3.12/site-packages/airflow/example_dags/example_complex.py
[2025-04-18T13:54:28.347+0000] {logging_mixin.py:190} INFO - [2025-04-18T13:54:28.345+0000] {dag.py:3239} INFO - Sync 1 DAGs
[2025-04-18T13:54:28.458+0000] {logging_mixin.py:190} INFO - [2025-04-18T13:54:28.454+0000] {dag.py:4180} INFO - Setting next_dagrun for example_complex to None, run_after=None
[2025-04-18T13:54:28.587+0000] {processor.py:208} INFO - Processing /home/airflow/.local/lib/python3.12/site-packages/airflow/example_dags/example_complex.py took 0.630 seconds
