[2025-04-18T13:27:13.956+0000] {processor.py:186} INFO - Started process (PID=120) to work on /home/airflow/.local/lib/python3.12/site-packages/airflow/example_dags/example_python_decorator.py
[2025-04-18T13:27:13.966+0000] {processor.py:914} INFO - Processing file /home/airflow/.local/lib/python3.12/site-packages/airflow/example_dags/example_python_decorator.py for tasks to queue
[2025-04-18T13:27:13.983+0000] {logging_mixin.py:190} INFO - [2025-04-18T13:27:13.981+0000] {dagbag.py:588} INFO - Filling up the DagBag from /home/airflow/.local/lib/python3.12/site-packages/airflow/example_dags/example_python_decorator.py
[2025-04-18T13:27:14.164+0000] {processor.py:925} INFO - DAG(s) 'example_python_decorator' retrieved from /home/airflow/.local/lib/python3.12/site-packages/airflow/example_dags/example_python_decorator.py
[2025-04-18T13:27:15.519+0000] {logging_mixin.py:190} INFO - [2025-04-18T13:27:15.514+0000] {dag.py:3239} INFO - Sync 1 DAGs
[2025-04-18T13:27:15.592+0000] {logging_mixin.py:190} INFO - [2025-04-18T13:27:15.590+0000] {dag.py:4180} INFO - Setting next_dagrun for example_python_decorator to None, run_after=None
[2025-04-18T13:27:15.733+0000] {processor.py:208} INFO - Processing /home/airflow/.local/lib/python3.12/site-packages/airflow/example_dags/example_python_decorator.py took 1.855 seconds
[2025-04-18T13:30:20.603+0000] {processor.py:186} INFO - Started process (PID=106) to work on /home/airflow/.local/lib/python3.12/site-packages/airflow/example_dags/example_python_decorator.py
[2025-04-18T13:30:20.612+0000] {processor.py:914} INFO - Processing file /home/airflow/.local/lib/python3.12/site-packages/airflow/example_dags/example_python_decorator.py for tasks to queue
[2025-04-18T13:30:20.655+0000] {logging_mixin.py:190} INFO - [2025-04-18T13:30:20.649+0000] {dagbag.py:588} INFO - Filling up the DagBag from /home/airflow/.local/lib/python3.12/site-packages/airflow/example_dags/example_python_decorator.py
[2025-04-18T13:30:20.884+0000] {processor.py:925} INFO - DAG(s) 'example_python_decorator' retrieved from /home/airflow/.local/lib/python3.12/site-packages/airflow/example_dags/example_python_decorator.py
[2025-04-18T13:30:22.836+0000] {logging_mixin.py:190} INFO - [2025-04-18T13:30:22.825+0000] {dag.py:3239} INFO - Sync 1 DAGs
[2025-04-18T13:30:23.042+0000] {logging_mixin.py:190} INFO - [2025-04-18T13:30:23.041+0000] {dag.py:4180} INFO - Setting next_dagrun for example_python_decorator to None, run_after=None
[2025-04-18T13:30:23.231+0000] {processor.py:208} INFO - Processing /home/airflow/.local/lib/python3.12/site-packages/airflow/example_dags/example_python_decorator.py took 2.727 seconds
[2025-04-18T13:30:53.598+0000] {processor.py:186} INFO - Started process (PID=169) to work on /home/airflow/.local/lib/python3.12/site-packages/airflow/example_dags/example_python_decorator.py
[2025-04-18T13:30:53.606+0000] {processor.py:914} INFO - Processing file /home/airflow/.local/lib/python3.12/site-packages/airflow/example_dags/example_python_decorator.py for tasks to queue
[2025-04-18T13:30:53.611+0000] {logging_mixin.py:190} INFO - [2025-04-18T13:30:53.611+0000] {dagbag.py:588} INFO - Filling up the DagBag from /home/airflow/.local/lib/python3.12/site-packages/airflow/example_dags/example_python_decorator.py
[2025-04-18T13:30:53.707+0000] {processor.py:925} INFO - DAG(s) 'example_python_decorator' retrieved from /home/airflow/.local/lib/python3.12/site-packages/airflow/example_dags/example_python_decorator.py
[2025-04-18T13:30:53.762+0000] {logging_mixin.py:190} INFO - [2025-04-18T13:30:53.761+0000] {dag.py:3239} INFO - Sync 1 DAGs
[2025-04-18T13:30:53.801+0000] {logging_mixin.py:190} INFO - [2025-04-18T13:30:53.800+0000] {dag.py:4180} INFO - Setting next_dagrun for example_python_decorator to None, run_after=None
[2025-04-18T13:30:53.822+0000] {processor.py:208} INFO - Processing /home/airflow/.local/lib/python3.12/site-packages/airflow/example_dags/example_python_decorator.py took 0.245 seconds
[2025-04-18T13:31:24.114+0000] {processor.py:186} INFO - Started process (PID=233) to work on /home/airflow/.local/lib/python3.12/site-packages/airflow/example_dags/example_python_decorator.py
[2025-04-18T13:31:24.116+0000] {processor.py:914} INFO - Processing file /home/airflow/.local/lib/python3.12/site-packages/airflow/example_dags/example_python_decorator.py for tasks to queue
[2025-04-18T13:31:24.118+0000] {logging_mixin.py:190} INFO - [2025-04-18T13:31:24.118+0000] {dagbag.py:588} INFO - Filling up the DagBag from /home/airflow/.local/lib/python3.12/site-packages/airflow/example_dags/example_python_decorator.py
[2025-04-18T13:31:24.156+0000] {processor.py:925} INFO - DAG(s) 'example_python_decorator' retrieved from /home/airflow/.local/lib/python3.12/site-packages/airflow/example_dags/example_python_decorator.py
[2025-04-18T13:31:24.196+0000] {logging_mixin.py:190} INFO - [2025-04-18T13:31:24.196+0000] {dag.py:3239} INFO - Sync 1 DAGs
[2025-04-18T13:31:24.247+0000] {logging_mixin.py:190} INFO - [2025-04-18T13:31:24.246+0000] {dag.py:4180} INFO - Setting next_dagrun for example_python_decorator to None, run_after=None
[2025-04-18T13:31:24.287+0000] {processor.py:208} INFO - Processing /home/airflow/.local/lib/python3.12/site-packages/airflow/example_dags/example_python_decorator.py took 0.182 seconds
[2025-04-18T13:31:55.154+0000] {processor.py:186} INFO - Started process (PID=297) to work on /home/airflow/.local/lib/python3.12/site-packages/airflow/example_dags/example_python_decorator.py
[2025-04-18T13:31:55.157+0000] {processor.py:914} INFO - Processing file /home/airflow/.local/lib/python3.12/site-packages/airflow/example_dags/example_python_decorator.py for tasks to queue
[2025-04-18T13:31:55.166+0000] {logging_mixin.py:190} INFO - [2025-04-18T13:31:55.165+0000] {dagbag.py:588} INFO - Filling up the DagBag from /home/airflow/.local/lib/python3.12/site-packages/airflow/example_dags/example_python_decorator.py
[2025-04-18T13:31:55.214+0000] {processor.py:925} INFO - DAG(s) 'example_python_decorator' retrieved from /home/airflow/.local/lib/python3.12/site-packages/airflow/example_dags/example_python_decorator.py
[2025-04-18T13:31:55.262+0000] {logging_mixin.py:190} INFO - [2025-04-18T13:31:55.261+0000] {dag.py:3239} INFO - Sync 1 DAGs
[2025-04-18T13:31:55.293+0000] {logging_mixin.py:190} INFO - [2025-04-18T13:31:55.293+0000] {dag.py:4180} INFO - Setting next_dagrun for example_python_decorator to None, run_after=None
[2025-04-18T13:31:55.322+0000] {processor.py:208} INFO - Processing /home/airflow/.local/lib/python3.12/site-packages/airflow/example_dags/example_python_decorator.py took 0.184 seconds
[2025-04-18T13:32:25.580+0000] {processor.py:186} INFO - Started process (PID=361) to work on /home/airflow/.local/lib/python3.12/site-packages/airflow/example_dags/example_python_decorator.py
[2025-04-18T13:32:25.581+0000] {processor.py:914} INFO - Processing file /home/airflow/.local/lib/python3.12/site-packages/airflow/example_dags/example_python_decorator.py for tasks to queue
[2025-04-18T13:32:25.587+0000] {logging_mixin.py:190} INFO - [2025-04-18T13:32:25.585+0000] {dagbag.py:588} INFO - Filling up the DagBag from /home/airflow/.local/lib/python3.12/site-packages/airflow/example_dags/example_python_decorator.py
[2025-04-18T13:32:25.604+0000] {processor.py:925} INFO - DAG(s) 'example_python_decorator' retrieved from /home/airflow/.local/lib/python3.12/site-packages/airflow/example_dags/example_python_decorator.py
[2025-04-18T13:32:25.625+0000] {logging_mixin.py:190} INFO - [2025-04-18T13:32:25.625+0000] {dag.py:3239} INFO - Sync 1 DAGs
[2025-04-18T13:32:25.636+0000] {logging_mixin.py:190} INFO - [2025-04-18T13:32:25.636+0000] {dag.py:4180} INFO - Setting next_dagrun for example_python_decorator to None, run_after=None
[2025-04-18T13:32:25.653+0000] {processor.py:208} INFO - Processing /home/airflow/.local/lib/python3.12/site-packages/airflow/example_dags/example_python_decorator.py took 0.087 seconds
[2025-04-18T13:35:06.266+0000] {processor.py:186} INFO - Started process (PID=102) to work on /home/airflow/.local/lib/python3.12/site-packages/airflow/example_dags/example_python_decorator.py
[2025-04-18T13:35:06.268+0000] {processor.py:914} INFO - Processing file /home/airflow/.local/lib/python3.12/site-packages/airflow/example_dags/example_python_decorator.py for tasks to queue
[2025-04-18T13:35:06.275+0000] {logging_mixin.py:190} INFO - [2025-04-18T13:35:06.275+0000] {dagbag.py:588} INFO - Filling up the DagBag from /home/airflow/.local/lib/python3.12/site-packages/airflow/example_dags/example_python_decorator.py
[2025-04-18T13:35:06.311+0000] {processor.py:925} INFO - DAG(s) 'example_python_decorator' retrieved from /home/airflow/.local/lib/python3.12/site-packages/airflow/example_dags/example_python_decorator.py
[2025-04-18T13:35:07.030+0000] {logging_mixin.py:190} INFO - [2025-04-18T13:35:07.019+0000] {dag.py:3239} INFO - Sync 1 DAGs
[2025-04-18T13:35:07.097+0000] {logging_mixin.py:190} INFO - [2025-04-18T13:35:07.095+0000] {dag.py:4180} INFO - Setting next_dagrun for example_python_decorator to None, run_after=None
[2025-04-18T13:35:07.239+0000] {processor.py:208} INFO - Processing /home/airflow/.local/lib/python3.12/site-packages/airflow/example_dags/example_python_decorator.py took 0.981 seconds
[2025-04-18T13:35:37.595+0000] {processor.py:186} INFO - Started process (PID=165) to work on /home/airflow/.local/lib/python3.12/site-packages/airflow/example_dags/example_python_decorator.py
[2025-04-18T13:35:37.601+0000] {processor.py:914} INFO - Processing file /home/airflow/.local/lib/python3.12/site-packages/airflow/example_dags/example_python_decorator.py for tasks to queue
[2025-04-18T13:35:37.608+0000] {logging_mixin.py:190} INFO - [2025-04-18T13:35:37.607+0000] {dagbag.py:588} INFO - Filling up the DagBag from /home/airflow/.local/lib/python3.12/site-packages/airflow/example_dags/example_python_decorator.py
[2025-04-18T13:35:37.666+0000] {processor.py:925} INFO - DAG(s) 'example_python_decorator' retrieved from /home/airflow/.local/lib/python3.12/site-packages/airflow/example_dags/example_python_decorator.py
[2025-04-18T13:35:37.807+0000] {logging_mixin.py:190} INFO - [2025-04-18T13:35:37.806+0000] {dag.py:3239} INFO - Sync 1 DAGs
[2025-04-18T13:35:37.864+0000] {logging_mixin.py:190} INFO - [2025-04-18T13:35:37.863+0000] {dag.py:4180} INFO - Setting next_dagrun for example_python_decorator to None, run_after=None
[2025-04-18T13:35:37.909+0000] {processor.py:208} INFO - Processing /home/airflow/.local/lib/python3.12/site-packages/airflow/example_dags/example_python_decorator.py took 0.336 seconds
[2025-04-18T13:36:08.883+0000] {processor.py:186} INFO - Started process (PID=229) to work on /home/airflow/.local/lib/python3.12/site-packages/airflow/example_dags/example_python_decorator.py
[2025-04-18T13:36:08.885+0000] {processor.py:914} INFO - Processing file /home/airflow/.local/lib/python3.12/site-packages/airflow/example_dags/example_python_decorator.py for tasks to queue
[2025-04-18T13:36:08.888+0000] {logging_mixin.py:190} INFO - [2025-04-18T13:36:08.888+0000] {dagbag.py:588} INFO - Filling up the DagBag from /home/airflow/.local/lib/python3.12/site-packages/airflow/example_dags/example_python_decorator.py
[2025-04-18T13:36:08.915+0000] {processor.py:925} INFO - DAG(s) 'example_python_decorator' retrieved from /home/airflow/.local/lib/python3.12/site-packages/airflow/example_dags/example_python_decorator.py
[2025-04-18T13:36:08.940+0000] {logging_mixin.py:190} INFO - [2025-04-18T13:36:08.940+0000] {dag.py:3239} INFO - Sync 1 DAGs
[2025-04-18T13:36:08.952+0000] {logging_mixin.py:190} INFO - [2025-04-18T13:36:08.952+0000] {dag.py:4180} INFO - Setting next_dagrun for example_python_decorator to None, run_after=None
[2025-04-18T13:36:08.964+0000] {processor.py:208} INFO - Processing /home/airflow/.local/lib/python3.12/site-packages/airflow/example_dags/example_python_decorator.py took 0.093 seconds
[2025-04-18T13:36:39.271+0000] {processor.py:186} INFO - Started process (PID=293) to work on /home/airflow/.local/lib/python3.12/site-packages/airflow/example_dags/example_python_decorator.py
[2025-04-18T13:36:39.274+0000] {processor.py:914} INFO - Processing file /home/airflow/.local/lib/python3.12/site-packages/airflow/example_dags/example_python_decorator.py for tasks to queue
[2025-04-18T13:36:39.279+0000] {logging_mixin.py:190} INFO - [2025-04-18T13:36:39.278+0000] {dagbag.py:588} INFO - Filling up the DagBag from /home/airflow/.local/lib/python3.12/site-packages/airflow/example_dags/example_python_decorator.py
[2025-04-18T13:36:39.304+0000] {processor.py:925} INFO - DAG(s) 'example_python_decorator' retrieved from /home/airflow/.local/lib/python3.12/site-packages/airflow/example_dags/example_python_decorator.py
[2025-04-18T13:36:39.326+0000] {logging_mixin.py:190} INFO - [2025-04-18T13:36:39.325+0000] {dag.py:3239} INFO - Sync 1 DAGs
[2025-04-18T13:36:39.346+0000] {logging_mixin.py:190} INFO - [2025-04-18T13:36:39.346+0000] {dag.py:4180} INFO - Setting next_dagrun for example_python_decorator to None, run_after=None
[2025-04-18T13:36:39.357+0000] {processor.py:208} INFO - Processing /home/airflow/.local/lib/python3.12/site-packages/airflow/example_dags/example_python_decorator.py took 0.100 seconds
[2025-04-18T13:37:09.925+0000] {processor.py:186} INFO - Started process (PID=356) to work on /home/airflow/.local/lib/python3.12/site-packages/airflow/example_dags/example_python_decorator.py
[2025-04-18T13:37:09.926+0000] {processor.py:914} INFO - Processing file /home/airflow/.local/lib/python3.12/site-packages/airflow/example_dags/example_python_decorator.py for tasks to queue
[2025-04-18T13:37:09.927+0000] {logging_mixin.py:190} INFO - [2025-04-18T13:37:09.927+0000] {dagbag.py:588} INFO - Filling up the DagBag from /home/airflow/.local/lib/python3.12/site-packages/airflow/example_dags/example_python_decorator.py
[2025-04-18T13:37:09.945+0000] {processor.py:925} INFO - DAG(s) 'example_python_decorator' retrieved from /home/airflow/.local/lib/python3.12/site-packages/airflow/example_dags/example_python_decorator.py
[2025-04-18T13:37:09.961+0000] {logging_mixin.py:190} INFO - [2025-04-18T13:37:09.961+0000] {dag.py:3239} INFO - Sync 1 DAGs
[2025-04-18T13:37:09.967+0000] {logging_mixin.py:190} INFO - [2025-04-18T13:37:09.967+0000] {dag.py:4180} INFO - Setting next_dagrun for example_python_decorator to None, run_after=None
[2025-04-18T13:37:09.975+0000] {processor.py:208} INFO - Processing /home/airflow/.local/lib/python3.12/site-packages/airflow/example_dags/example_python_decorator.py took 0.054 seconds
[2025-04-18T13:37:40.004+0000] {processor.py:186} INFO - Started process (PID=420) to work on /home/airflow/.local/lib/python3.12/site-packages/airflow/example_dags/example_python_decorator.py
[2025-04-18T13:37:40.006+0000] {processor.py:914} INFO - Processing file /home/airflow/.local/lib/python3.12/site-packages/airflow/example_dags/example_python_decorator.py for tasks to queue
[2025-04-18T13:37:40.011+0000] {logging_mixin.py:190} INFO - [2025-04-18T13:37:40.010+0000] {dagbag.py:588} INFO - Filling up the DagBag from /home/airflow/.local/lib/python3.12/site-packages/airflow/example_dags/example_python_decorator.py
[2025-04-18T13:37:40.026+0000] {processor.py:925} INFO - DAG(s) 'example_python_decorator' retrieved from /home/airflow/.local/lib/python3.12/site-packages/airflow/example_dags/example_python_decorator.py
[2025-04-18T13:37:40.055+0000] {logging_mixin.py:190} INFO - [2025-04-18T13:37:40.055+0000] {dag.py:3239} INFO - Sync 1 DAGs
[2025-04-18T13:37:40.067+0000] {logging_mixin.py:190} INFO - [2025-04-18T13:37:40.067+0000] {dag.py:4180} INFO - Setting next_dagrun for example_python_decorator to None, run_after=None
[2025-04-18T13:37:40.080+0000] {processor.py:208} INFO - Processing /home/airflow/.local/lib/python3.12/site-packages/airflow/example_dags/example_python_decorator.py took 0.084 seconds
[2025-04-18T13:38:10.670+0000] {processor.py:186} INFO - Started process (PID=484) to work on /home/airflow/.local/lib/python3.12/site-packages/airflow/example_dags/example_python_decorator.py
[2025-04-18T13:38:10.671+0000] {processor.py:914} INFO - Processing file /home/airflow/.local/lib/python3.12/site-packages/airflow/example_dags/example_python_decorator.py for tasks to queue
[2025-04-18T13:38:10.676+0000] {logging_mixin.py:190} INFO - [2025-04-18T13:38:10.675+0000] {dagbag.py:588} INFO - Filling up the DagBag from /home/airflow/.local/lib/python3.12/site-packages/airflow/example_dags/example_python_decorator.py
[2025-04-18T13:38:10.704+0000] {processor.py:925} INFO - DAG(s) 'example_python_decorator' retrieved from /home/airflow/.local/lib/python3.12/site-packages/airflow/example_dags/example_python_decorator.py
[2025-04-18T13:38:10.728+0000] {logging_mixin.py:190} INFO - [2025-04-18T13:38:10.728+0000] {dag.py:3239} INFO - Sync 1 DAGs
[2025-04-18T13:38:10.745+0000] {logging_mixin.py:190} INFO - [2025-04-18T13:38:10.745+0000] {dag.py:4180} INFO - Setting next_dagrun for example_python_decorator to None, run_after=None
[2025-04-18T13:38:10.766+0000] {processor.py:208} INFO - Processing /home/airflow/.local/lib/python3.12/site-packages/airflow/example_dags/example_python_decorator.py took 0.100 seconds
[2025-04-18T13:38:41.390+0000] {processor.py:186} INFO - Started process (PID=548) to work on /home/airflow/.local/lib/python3.12/site-packages/airflow/example_dags/example_python_decorator.py
[2025-04-18T13:38:41.394+0000] {processor.py:914} INFO - Processing file /home/airflow/.local/lib/python3.12/site-packages/airflow/example_dags/example_python_decorator.py for tasks to queue
[2025-04-18T13:38:41.402+0000] {logging_mixin.py:190} INFO - [2025-04-18T13:38:41.402+0000] {dagbag.py:588} INFO - Filling up the DagBag from /home/airflow/.local/lib/python3.12/site-packages/airflow/example_dags/example_python_decorator.py
[2025-04-18T13:38:41.430+0000] {processor.py:925} INFO - DAG(s) 'example_python_decorator' retrieved from /home/airflow/.local/lib/python3.12/site-packages/airflow/example_dags/example_python_decorator.py
[2025-04-18T13:38:41.473+0000] {logging_mixin.py:190} INFO - [2025-04-18T13:38:41.473+0000] {dag.py:3239} INFO - Sync 1 DAGs
[2025-04-18T13:38:41.495+0000] {logging_mixin.py:190} INFO - [2025-04-18T13:38:41.495+0000] {dag.py:4180} INFO - Setting next_dagrun for example_python_decorator to None, run_after=None
[2025-04-18T13:38:41.516+0000] {processor.py:208} INFO - Processing /home/airflow/.local/lib/python3.12/site-packages/airflow/example_dags/example_python_decorator.py took 0.135 seconds
[2025-04-18T13:40:12.381+0000] {processor.py:186} INFO - Started process (PID=634) to work on /home/airflow/.local/lib/python3.12/site-packages/airflow/example_dags/example_python_decorator.py
[2025-04-18T13:40:12.389+0000] {processor.py:914} INFO - Processing file /home/airflow/.local/lib/python3.12/site-packages/airflow/example_dags/example_python_decorator.py for tasks to queue
[2025-04-18T13:40:12.398+0000] {logging_mixin.py:190} INFO - [2025-04-18T13:40:12.397+0000] {dagbag.py:588} INFO - Filling up the DagBag from /home/airflow/.local/lib/python3.12/site-packages/airflow/example_dags/example_python_decorator.py
[2025-04-18T13:40:12.455+0000] {processor.py:925} INFO - DAG(s) 'example_python_decorator' retrieved from /home/airflow/.local/lib/python3.12/site-packages/airflow/example_dags/example_python_decorator.py
[2025-04-18T13:40:12.538+0000] {logging_mixin.py:190} INFO - [2025-04-18T13:40:12.537+0000] {dag.py:3239} INFO - Sync 1 DAGs
[2025-04-18T13:40:12.598+0000] {logging_mixin.py:190} INFO - [2025-04-18T13:40:12.598+0000] {dag.py:4180} INFO - Setting next_dagrun for example_python_decorator to None, run_after=None
[2025-04-18T13:40:12.753+0000] {processor.py:208} INFO - Processing /home/airflow/.local/lib/python3.12/site-packages/airflow/example_dags/example_python_decorator.py took 0.389 seconds
[2025-04-18T13:44:06.120+0000] {processor.py:186} INFO - Started process (PID=112) to work on /home/airflow/.local/lib/python3.12/site-packages/airflow/example_dags/example_python_decorator.py
[2025-04-18T13:44:06.128+0000] {processor.py:914} INFO - Processing file /home/airflow/.local/lib/python3.12/site-packages/airflow/example_dags/example_python_decorator.py for tasks to queue
[2025-04-18T13:44:06.148+0000] {logging_mixin.py:190} INFO - [2025-04-18T13:44:06.144+0000] {dagbag.py:588} INFO - Filling up the DagBag from /home/airflow/.local/lib/python3.12/site-packages/airflow/example_dags/example_python_decorator.py
[2025-04-18T13:44:06.331+0000] {processor.py:925} INFO - DAG(s) 'example_python_decorator' retrieved from /home/airflow/.local/lib/python3.12/site-packages/airflow/example_dags/example_python_decorator.py
[2025-04-18T13:44:08.000+0000] {logging_mixin.py:190} INFO - [2025-04-18T13:44:07.990+0000] {dag.py:3239} INFO - Sync 1 DAGs
[2025-04-18T13:44:08.301+0000] {logging_mixin.py:190} INFO - [2025-04-18T13:44:08.283+0000] {dag.py:4180} INFO - Setting next_dagrun for example_python_decorator to None, run_after=None
[2025-04-18T13:44:08.591+0000] {processor.py:208} INFO - Processing /home/airflow/.local/lib/python3.12/site-packages/airflow/example_dags/example_python_decorator.py took 2.524 seconds
[2025-04-18T13:45:03.238+0000] {processor.py:186} INFO - Started process (PID=188) to work on /home/airflow/.local/lib/python3.12/site-packages/airflow/example_dags/example_python_decorator.py
[2025-04-18T13:45:03.249+0000] {processor.py:914} INFO - Processing file /home/airflow/.local/lib/python3.12/site-packages/airflow/example_dags/example_python_decorator.py for tasks to queue
[2025-04-18T13:45:03.301+0000] {logging_mixin.py:190} INFO - [2025-04-18T13:45:03.296+0000] {dagbag.py:588} INFO - Filling up the DagBag from /home/airflow/.local/lib/python3.12/site-packages/airflow/example_dags/example_python_decorator.py
[2025-04-18T13:45:04.295+0000] {processor.py:925} INFO - DAG(s) 'example_python_decorator' retrieved from /home/airflow/.local/lib/python3.12/site-packages/airflow/example_dags/example_python_decorator.py
[2025-04-18T13:45:05.090+0000] {logging_mixin.py:190} INFO - [2025-04-18T13:45:05.081+0000] {dag.py:3239} INFO - Sync 1 DAGs
[2025-04-18T13:45:05.634+0000] {logging_mixin.py:190} INFO - [2025-04-18T13:45:05.626+0000] {dag.py:4180} INFO - Setting next_dagrun for example_python_decorator to None, run_after=None
[2025-04-18T13:45:05.907+0000] {processor.py:208} INFO - Processing /home/airflow/.local/lib/python3.12/site-packages/airflow/example_dags/example_python_decorator.py took 2.691 seconds
[2025-04-18T13:46:40.120+0000] {processor.py:186} INFO - Started process (PID=267) to work on /home/airflow/.local/lib/python3.12/site-packages/airflow/example_dags/example_python_decorator.py
[2025-04-18T13:46:40.126+0000] {processor.py:914} INFO - Processing file /home/airflow/.local/lib/python3.12/site-packages/airflow/example_dags/example_python_decorator.py for tasks to queue
[2025-04-18T13:46:40.135+0000] {logging_mixin.py:190} INFO - [2025-04-18T13:46:40.131+0000] {dagbag.py:588} INFO - Filling up the DagBag from /home/airflow/.local/lib/python3.12/site-packages/airflow/example_dags/example_python_decorator.py
[2025-04-18T13:46:40.457+0000] {processor.py:925} INFO - DAG(s) 'example_python_decorator' retrieved from /home/airflow/.local/lib/python3.12/site-packages/airflow/example_dags/example_python_decorator.py
[2025-04-18T13:46:41.273+0000] {logging_mixin.py:190} INFO - [2025-04-18T13:46:41.258+0000] {dag.py:3239} INFO - Sync 1 DAGs
[2025-04-18T13:46:41.387+0000] {logging_mixin.py:190} INFO - [2025-04-18T13:46:41.386+0000] {dag.py:4180} INFO - Setting next_dagrun for example_python_decorator to None, run_after=None
[2025-04-18T13:46:41.620+0000] {processor.py:208} INFO - Processing /home/airflow/.local/lib/python3.12/site-packages/airflow/example_dags/example_python_decorator.py took 1.523 seconds
[2025-04-18T13:49:57.610+0000] {processor.py:186} INFO - Started process (PID=115) to work on /home/airflow/.local/lib/python3.12/site-packages/airflow/example_dags/example_python_decorator.py
[2025-04-18T13:49:57.624+0000] {processor.py:914} INFO - Processing file /home/airflow/.local/lib/python3.12/site-packages/airflow/example_dags/example_python_decorator.py for tasks to queue
[2025-04-18T13:49:57.694+0000] {logging_mixin.py:190} INFO - [2025-04-18T13:49:57.690+0000] {dagbag.py:588} INFO - Filling up the DagBag from /home/airflow/.local/lib/python3.12/site-packages/airflow/example_dags/example_python_decorator.py
[2025-04-18T13:49:57.882+0000] {processor.py:925} INFO - DAG(s) 'example_python_decorator' retrieved from /home/airflow/.local/lib/python3.12/site-packages/airflow/example_dags/example_python_decorator.py
[2025-04-18T13:49:59.447+0000] {logging_mixin.py:190} INFO - [2025-04-18T13:49:59.403+0000] {dag.py:3239} INFO - Sync 1 DAGs
[2025-04-18T13:49:59.581+0000] {logging_mixin.py:190} INFO - [2025-04-18T13:49:59.580+0000] {dag.py:4180} INFO - Setting next_dagrun for example_python_decorator to None, run_after=None
[2025-04-18T13:49:59.876+0000] {processor.py:208} INFO - Processing /home/airflow/.local/lib/python3.12/site-packages/airflow/example_dags/example_python_decorator.py took 2.313 seconds
[2025-04-18T13:51:13.433+0000] {processor.py:186} INFO - Started process (PID=207) to work on /home/airflow/.local/lib/python3.12/site-packages/airflow/example_dags/example_python_decorator.py
[2025-04-18T13:51:13.467+0000] {processor.py:914} INFO - Processing file /home/airflow/.local/lib/python3.12/site-packages/airflow/example_dags/example_python_decorator.py for tasks to queue
[2025-04-18T13:51:13.656+0000] {logging_mixin.py:190} INFO - [2025-04-18T13:51:13.628+0000] {dagbag.py:588} INFO - Filling up the DagBag from /home/airflow/.local/lib/python3.12/site-packages/airflow/example_dags/example_python_decorator.py
[2025-04-18T13:51:14.132+0000] {processor.py:925} INFO - DAG(s) 'example_python_decorator' retrieved from /home/airflow/.local/lib/python3.12/site-packages/airflow/example_dags/example_python_decorator.py
[2025-04-18T13:51:14.522+0000] {logging_mixin.py:190} INFO - [2025-04-18T13:51:14.515+0000] {dag.py:3239} INFO - Sync 1 DAGs
[2025-04-18T13:51:14.881+0000] {logging_mixin.py:190} INFO - [2025-04-18T13:51:14.879+0000] {dag.py:4180} INFO - Setting next_dagrun for example_python_decorator to None, run_after=None
[2025-04-18T13:51:15.300+0000] {processor.py:208} INFO - Processing /home/airflow/.local/lib/python3.12/site-packages/airflow/example_dags/example_python_decorator.py took 2.138 seconds
[2025-04-18T13:52:20.235+0000] {processor.py:186} INFO - Started process (PID=276) to work on /home/airflow/.local/lib/python3.12/site-packages/airflow/example_dags/example_python_decorator.py
[2025-04-18T13:52:20.243+0000] {processor.py:914} INFO - Processing file /home/airflow/.local/lib/python3.12/site-packages/airflow/example_dags/example_python_decorator.py for tasks to queue
[2025-04-18T13:52:20.261+0000] {logging_mixin.py:190} INFO - [2025-04-18T13:52:20.260+0000] {dagbag.py:588} INFO - Filling up the DagBag from /home/airflow/.local/lib/python3.12/site-packages/airflow/example_dags/example_python_decorator.py
[2025-04-18T13:52:20.334+0000] {processor.py:925} INFO - DAG(s) 'example_python_decorator' retrieved from /home/airflow/.local/lib/python3.12/site-packages/airflow/example_dags/example_python_decorator.py
[2025-04-18T13:52:20.466+0000] {logging_mixin.py:190} INFO - [2025-04-18T13:52:20.465+0000] {dag.py:3239} INFO - Sync 1 DAGs
[2025-04-18T13:52:20.535+0000] {logging_mixin.py:190} INFO - [2025-04-18T13:52:20.533+0000] {dag.py:4180} INFO - Setting next_dagrun for example_python_decorator to None, run_after=None
[2025-04-18T13:52:20.633+0000] {processor.py:208} INFO - Processing /home/airflow/.local/lib/python3.12/site-packages/airflow/example_dags/example_python_decorator.py took 0.427 seconds
[2025-04-18T13:53:31.587+0000] {processor.py:186} INFO - Started process (PID=350) to work on /home/airflow/.local/lib/python3.12/site-packages/airflow/example_dags/example_python_decorator.py
[2025-04-18T13:53:31.595+0000] {processor.py:914} INFO - Processing file /home/airflow/.local/lib/python3.12/site-packages/airflow/example_dags/example_python_decorator.py for tasks to queue
[2025-04-18T13:53:31.607+0000] {logging_mixin.py:190} INFO - [2025-04-18T13:53:31.606+0000] {dagbag.py:588} INFO - Filling up the DagBag from /home/airflow/.local/lib/python3.12/site-packages/airflow/example_dags/example_python_decorator.py
[2025-04-18T13:53:31.772+0000] {processor.py:925} INFO - DAG(s) 'example_python_decorator' retrieved from /home/airflow/.local/lib/python3.12/site-packages/airflow/example_dags/example_python_decorator.py
[2025-04-18T13:53:31.904+0000] {logging_mixin.py:190} INFO - [2025-04-18T13:53:31.903+0000] {dag.py:3239} INFO - Sync 1 DAGs
[2025-04-18T13:53:32.026+0000] {logging_mixin.py:190} INFO - [2025-04-18T13:53:32.025+0000] {dag.py:4180} INFO - Setting next_dagrun for example_python_decorator to None, run_after=None
[2025-04-18T13:53:32.181+0000] {processor.py:208} INFO - Processing /home/airflow/.local/lib/python3.12/site-packages/airflow/example_dags/example_python_decorator.py took 0.626 seconds
[2025-04-18T13:54:14.052+0000] {processor.py:186} INFO - Started process (PID=420) to work on /home/airflow/.local/lib/python3.12/site-packages/airflow/example_dags/example_python_decorator.py
[2025-04-18T13:54:14.058+0000] {processor.py:914} INFO - Processing file /home/airflow/.local/lib/python3.12/site-packages/airflow/example_dags/example_python_decorator.py for tasks to queue
[2025-04-18T13:54:14.079+0000] {logging_mixin.py:190} INFO - [2025-04-18T13:54:14.078+0000] {dagbag.py:588} INFO - Filling up the DagBag from /home/airflow/.local/lib/python3.12/site-packages/airflow/example_dags/example_python_decorator.py
[2025-04-18T13:54:14.164+0000] {processor.py:925} INFO - DAG(s) 'example_python_decorator' retrieved from /home/airflow/.local/lib/python3.12/site-packages/airflow/example_dags/example_python_decorator.py
[2025-04-18T13:54:14.288+0000] {logging_mixin.py:190} INFO - [2025-04-18T13:54:14.286+0000] {dag.py:3239} INFO - Sync 1 DAGs
[2025-04-18T13:54:14.371+0000] {logging_mixin.py:190} INFO - [2025-04-18T13:54:14.371+0000] {dag.py:4180} INFO - Setting next_dagrun for example_python_decorator to None, run_after=None
[2025-04-18T13:54:14.512+0000] {processor.py:208} INFO - Processing /home/airflow/.local/lib/python3.12/site-packages/airflow/example_dags/example_python_decorator.py took 0.494 seconds
[2025-04-18T13:54:47.675+0000] {processor.py:186} INFO - Started process (PID=493) to work on /home/airflow/.local/lib/python3.12/site-packages/airflow/example_dags/example_python_decorator.py
[2025-04-18T13:54:47.678+0000] {processor.py:914} INFO - Processing file /home/airflow/.local/lib/python3.12/site-packages/airflow/example_dags/example_python_decorator.py for tasks to queue
[2025-04-18T13:54:47.688+0000] {logging_mixin.py:190} INFO - [2025-04-18T13:54:47.687+0000] {dagbag.py:588} INFO - Filling up the DagBag from /home/airflow/.local/lib/python3.12/site-packages/airflow/example_dags/example_python_decorator.py
[2025-04-18T13:54:47.738+0000] {processor.py:925} INFO - DAG(s) 'example_python_decorator' retrieved from /home/airflow/.local/lib/python3.12/site-packages/airflow/example_dags/example_python_decorator.py
[2025-04-18T13:54:47.916+0000] {logging_mixin.py:190} INFO - [2025-04-18T13:54:47.879+0000] {dag.py:3239} INFO - Sync 1 DAGs
[2025-04-18T13:54:48.067+0000] {logging_mixin.py:190} INFO - [2025-04-18T13:54:48.066+0000] {dag.py:4180} INFO - Setting next_dagrun for example_python_decorator to None, run_after=None
[2025-04-18T13:54:48.210+0000] {processor.py:208} INFO - Processing /home/airflow/.local/lib/python3.12/site-packages/airflow/example_dags/example_python_decorator.py took 0.594 seconds
