[2025-04-18T13:26:13.369+0000] {processor.py:186} INFO - Started process (PID=88) to work on /home/airflow/.local/lib/python3.12/site-packages/airflow/example_dags/example_latest_only_with_trigger.py
[2025-04-18T13:26:13.373+0000] {processor.py:914} INFO - Processing file /home/airflow/.local/lib/python3.12/site-packages/airflow/example_dags/example_latest_only_with_trigger.py for tasks to queue
[2025-04-18T13:26:13.411+0000] {logging_mixin.py:190} INFO - [2025-04-18T13:26:13.400+0000] {dagbag.py:588} INFO - Filling up the DagBag from /home/airflow/.local/lib/python3.12/site-packages/airflow/example_dags/example_latest_only_with_trigger.py
[2025-04-18T13:26:13.516+0000] {processor.py:925} INFO - DAG(s) 'latest_only_with_trigger' retrieved from /home/airflow/.local/lib/python3.12/site-packages/airflow/example_dags/example_latest_only_with_trigger.py
[2025-04-18T13:26:14.029+0000] {logging_mixin.py:190} INFO - [2025-04-18T13:26:14.028+0000] {dag.py:3239} INFO - Sync 1 DAGs
[2025-04-18T13:26:14.126+0000] {logging_mixin.py:190} INFO - [2025-04-18T13:26:14.125+0000] {dag.py:4180} INFO - Setting next_dagrun for latest_only_with_trigger to 2025-04-18 08:00:00+00:00, run_after=2025-04-18 12:00:00+00:00
[2025-04-18T13:26:14.218+0000] {processor.py:208} INFO - Processing /home/airflow/.local/lib/python3.12/site-packages/airflow/example_dags/example_latest_only_with_trigger.py took 0.896 seconds
[2025-04-18T13:28:21.114+0000] {processor.py:186} INFO - Started process (PID=172) to work on /home/airflow/.local/lib/python3.12/site-packages/airflow/example_dags/example_latest_only_with_trigger.py
[2025-04-18T13:28:21.235+0000] {processor.py:914} INFO - Processing file /home/airflow/.local/lib/python3.12/site-packages/airflow/example_dags/example_latest_only_with_trigger.py for tasks to queue
[2025-04-18T13:28:22.156+0000] {logging_mixin.py:190} INFO - [2025-04-18T13:28:22.132+0000] {dagbag.py:588} INFO - Filling up the DagBag from /home/airflow/.local/lib/python3.12/site-packages/airflow/example_dags/example_latest_only_with_trigger.py
[2025-04-18T13:28:23.583+0000] {processor.py:925} INFO - DAG(s) 'latest_only_with_trigger' retrieved from /home/airflow/.local/lib/python3.12/site-packages/airflow/example_dags/example_latest_only_with_trigger.py
[2025-04-18T13:28:30.526+0000] {logging_mixin.py:190} INFO - [2025-04-18T13:28:30.121+0000] {dag.py:3239} INFO - Sync 1 DAGs
[2025-04-18T13:28:38.802+0000] {logging_mixin.py:190} INFO - [2025-04-18T13:28:38.753+0000] {dag.py:4180} INFO - Setting next_dagrun for latest_only_with_trigger to 2025-04-18 08:00:00+00:00, run_after=2025-04-18 12:00:00+00:00
[2025-04-18T13:28:40.162+0000] {processor.py:208} INFO - Processing /home/airflow/.local/lib/python3.12/site-packages/airflow/example_dags/example_latest_only_with_trigger.py took 20.090 seconds
[2025-04-18T13:30:09.440+0000] {processor.py:186} INFO - Started process (PID=87) to work on /home/airflow/.local/lib/python3.12/site-packages/airflow/example_dags/example_latest_only_with_trigger.py
[2025-04-18T13:30:09.453+0000] {processor.py:914} INFO - Processing file /home/airflow/.local/lib/python3.12/site-packages/airflow/example_dags/example_latest_only_with_trigger.py for tasks to queue
[2025-04-18T13:30:09.477+0000] {logging_mixin.py:190} INFO - [2025-04-18T13:30:09.471+0000] {dagbag.py:588} INFO - Filling up the DagBag from /home/airflow/.local/lib/python3.12/site-packages/airflow/example_dags/example_latest_only_with_trigger.py
[2025-04-18T13:30:09.546+0000] {processor.py:925} INFO - DAG(s) 'latest_only_with_trigger' retrieved from /home/airflow/.local/lib/python3.12/site-packages/airflow/example_dags/example_latest_only_with_trigger.py
[2025-04-18T13:30:09.823+0000] {logging_mixin.py:190} INFO - [2025-04-18T13:30:09.821+0000] {dag.py:3239} INFO - Sync 1 DAGs
[2025-04-18T13:30:09.946+0000] {logging_mixin.py:190} INFO - [2025-04-18T13:30:09.944+0000] {dag.py:4180} INFO - Setting next_dagrun for latest_only_with_trigger to 2025-04-18 08:00:00+00:00, run_after=2025-04-18 12:00:00+00:00
[2025-04-18T13:30:10.015+0000] {processor.py:208} INFO - Processing /home/airflow/.local/lib/python3.12/site-packages/airflow/example_dags/example_latest_only_with_trigger.py took 0.619 seconds
[2025-04-18T13:30:45.667+0000] {processor.py:186} INFO - Started process (PID=151) to work on /home/airflow/.local/lib/python3.12/site-packages/airflow/example_dags/example_latest_only_with_trigger.py
[2025-04-18T13:30:45.671+0000] {processor.py:914} INFO - Processing file /home/airflow/.local/lib/python3.12/site-packages/airflow/example_dags/example_latest_only_with_trigger.py for tasks to queue
[2025-04-18T13:30:45.685+0000] {logging_mixin.py:190} INFO - [2025-04-18T13:30:45.684+0000] {dagbag.py:588} INFO - Filling up the DagBag from /home/airflow/.local/lib/python3.12/site-packages/airflow/example_dags/example_latest_only_with_trigger.py
[2025-04-18T13:30:45.729+0000] {processor.py:925} INFO - DAG(s) 'latest_only_with_trigger' retrieved from /home/airflow/.local/lib/python3.12/site-packages/airflow/example_dags/example_latest_only_with_trigger.py
[2025-04-18T13:30:45.775+0000] {logging_mixin.py:190} INFO - [2025-04-18T13:30:45.775+0000] {dag.py:3239} INFO - Sync 1 DAGs
[2025-04-18T13:30:45.848+0000] {logging_mixin.py:190} INFO - [2025-04-18T13:30:45.848+0000] {dag.py:4180} INFO - Setting next_dagrun for latest_only_with_trigger to 2025-04-18 08:00:00+00:00, run_after=2025-04-18 12:00:00+00:00
[2025-04-18T13:30:45.885+0000] {processor.py:208} INFO - Processing /home/airflow/.local/lib/python3.12/site-packages/airflow/example_dags/example_latest_only_with_trigger.py took 0.250 seconds
[2025-04-18T13:31:17.234+0000] {processor.py:186} INFO - Started process (PID=215) to work on /home/airflow/.local/lib/python3.12/site-packages/airflow/example_dags/example_latest_only_with_trigger.py
[2025-04-18T13:31:17.239+0000] {processor.py:914} INFO - Processing file /home/airflow/.local/lib/python3.12/site-packages/airflow/example_dags/example_latest_only_with_trigger.py for tasks to queue
[2025-04-18T13:31:17.243+0000] {logging_mixin.py:190} INFO - [2025-04-18T13:31:17.242+0000] {dagbag.py:588} INFO - Filling up the DagBag from /home/airflow/.local/lib/python3.12/site-packages/airflow/example_dags/example_latest_only_with_trigger.py
[2025-04-18T13:31:17.261+0000] {processor.py:925} INFO - DAG(s) 'latest_only_with_trigger' retrieved from /home/airflow/.local/lib/python3.12/site-packages/airflow/example_dags/example_latest_only_with_trigger.py
[2025-04-18T13:31:17.286+0000] {logging_mixin.py:190} INFO - [2025-04-18T13:31:17.286+0000] {dag.py:3239} INFO - Sync 1 DAGs
[2025-04-18T13:31:17.310+0000] {logging_mixin.py:190} INFO - [2025-04-18T13:31:17.310+0000] {dag.py:4180} INFO - Setting next_dagrun for latest_only_with_trigger to 2025-04-18 08:00:00+00:00, run_after=2025-04-18 12:00:00+00:00
[2025-04-18T13:31:17.330+0000] {processor.py:208} INFO - Processing /home/airflow/.local/lib/python3.12/site-packages/airflow/example_dags/example_latest_only_with_trigger.py took 0.103 seconds
[2025-04-18T13:31:48.192+0000] {processor.py:186} INFO - Started process (PID=279) to work on /home/airflow/.local/lib/python3.12/site-packages/airflow/example_dags/example_latest_only_with_trigger.py
[2025-04-18T13:31:48.193+0000] {processor.py:914} INFO - Processing file /home/airflow/.local/lib/python3.12/site-packages/airflow/example_dags/example_latest_only_with_trigger.py for tasks to queue
[2025-04-18T13:31:48.194+0000] {logging_mixin.py:190} INFO - [2025-04-18T13:31:48.194+0000] {dagbag.py:588} INFO - Filling up the DagBag from /home/airflow/.local/lib/python3.12/site-packages/airflow/example_dags/example_latest_only_with_trigger.py
[2025-04-18T13:31:48.198+0000] {processor.py:925} INFO - DAG(s) 'latest_only_with_trigger' retrieved from /home/airflow/.local/lib/python3.12/site-packages/airflow/example_dags/example_latest_only_with_trigger.py
[2025-04-18T13:31:48.215+0000] {logging_mixin.py:190} INFO - [2025-04-18T13:31:48.215+0000] {dag.py:3239} INFO - Sync 1 DAGs
[2025-04-18T13:31:48.230+0000] {logging_mixin.py:190} INFO - [2025-04-18T13:31:48.230+0000] {dag.py:4180} INFO - Setting next_dagrun for latest_only_with_trigger to 2025-04-18 08:00:00+00:00, run_after=2025-04-18 12:00:00+00:00
[2025-04-18T13:31:48.240+0000] {processor.py:208} INFO - Processing /home/airflow/.local/lib/python3.12/site-packages/airflow/example_dags/example_latest_only_with_trigger.py took 0.051 seconds
[2025-04-18T13:32:18.843+0000] {processor.py:186} INFO - Started process (PID=343) to work on /home/airflow/.local/lib/python3.12/site-packages/airflow/example_dags/example_latest_only_with_trigger.py
[2025-04-18T13:32:18.844+0000] {processor.py:914} INFO - Processing file /home/airflow/.local/lib/python3.12/site-packages/airflow/example_dags/example_latest_only_with_trigger.py for tasks to queue
[2025-04-18T13:32:18.845+0000] {logging_mixin.py:190} INFO - [2025-04-18T13:32:18.845+0000] {dagbag.py:588} INFO - Filling up the DagBag from /home/airflow/.local/lib/python3.12/site-packages/airflow/example_dags/example_latest_only_with_trigger.py
[2025-04-18T13:32:18.850+0000] {processor.py:925} INFO - DAG(s) 'latest_only_with_trigger' retrieved from /home/airflow/.local/lib/python3.12/site-packages/airflow/example_dags/example_latest_only_with_trigger.py
[2025-04-18T13:32:18.863+0000] {logging_mixin.py:190} INFO - [2025-04-18T13:32:18.862+0000] {dag.py:3239} INFO - Sync 1 DAGs
[2025-04-18T13:32:18.877+0000] {logging_mixin.py:190} INFO - [2025-04-18T13:32:18.877+0000] {dag.py:4180} INFO - Setting next_dagrun for latest_only_with_trigger to 2025-04-18 08:00:00+00:00, run_after=2025-04-18 12:00:00+00:00
[2025-04-18T13:32:18.891+0000] {processor.py:208} INFO - Processing /home/airflow/.local/lib/python3.12/site-packages/airflow/example_dags/example_latest_only_with_trigger.py took 0.053 seconds
[2025-04-18T13:34:59.397+0000] {processor.py:186} INFO - Started process (PID=82) to work on /home/airflow/.local/lib/python3.12/site-packages/airflow/example_dags/example_latest_only_with_trigger.py
[2025-04-18T13:34:59.399+0000] {processor.py:914} INFO - Processing file /home/airflow/.local/lib/python3.12/site-packages/airflow/example_dags/example_latest_only_with_trigger.py for tasks to queue
[2025-04-18T13:34:59.407+0000] {logging_mixin.py:190} INFO - [2025-04-18T13:34:59.406+0000] {dagbag.py:588} INFO - Filling up the DagBag from /home/airflow/.local/lib/python3.12/site-packages/airflow/example_dags/example_latest_only_with_trigger.py
[2025-04-18T13:34:59.432+0000] {processor.py:925} INFO - DAG(s) 'latest_only_with_trigger' retrieved from /home/airflow/.local/lib/python3.12/site-packages/airflow/example_dags/example_latest_only_with_trigger.py
[2025-04-18T13:34:59.502+0000] {logging_mixin.py:190} INFO - [2025-04-18T13:34:59.501+0000] {dag.py:3239} INFO - Sync 1 DAGs
[2025-04-18T13:34:59.593+0000] {logging_mixin.py:190} INFO - [2025-04-18T13:34:59.592+0000] {dag.py:4180} INFO - Setting next_dagrun for latest_only_with_trigger to 2025-04-18 08:00:00+00:00, run_after=2025-04-18 12:00:00+00:00
[2025-04-18T13:34:59.677+0000] {processor.py:208} INFO - Processing /home/airflow/.local/lib/python3.12/site-packages/airflow/example_dags/example_latest_only_with_trigger.py took 0.307 seconds
[2025-04-18T13:35:30.050+0000] {processor.py:186} INFO - Started process (PID=145) to work on /home/airflow/.local/lib/python3.12/site-packages/airflow/example_dags/example_latest_only_with_trigger.py
[2025-04-18T13:35:30.053+0000] {processor.py:914} INFO - Processing file /home/airflow/.local/lib/python3.12/site-packages/airflow/example_dags/example_latest_only_with_trigger.py for tasks to queue
[2025-04-18T13:35:30.055+0000] {logging_mixin.py:190} INFO - [2025-04-18T13:35:30.054+0000] {dagbag.py:588} INFO - Filling up the DagBag from /home/airflow/.local/lib/python3.12/site-packages/airflow/example_dags/example_latest_only_with_trigger.py
[2025-04-18T13:35:30.077+0000] {processor.py:925} INFO - DAG(s) 'latest_only_with_trigger' retrieved from /home/airflow/.local/lib/python3.12/site-packages/airflow/example_dags/example_latest_only_with_trigger.py
[2025-04-18T13:35:30.109+0000] {logging_mixin.py:190} INFO - [2025-04-18T13:35:30.109+0000] {dag.py:3239} INFO - Sync 1 DAGs
[2025-04-18T13:35:30.147+0000] {logging_mixin.py:190} INFO - [2025-04-18T13:35:30.147+0000] {dag.py:4180} INFO - Setting next_dagrun for latest_only_with_trigger to 2025-04-18 08:00:00+00:00, run_after=2025-04-18 12:00:00+00:00
[2025-04-18T13:35:30.164+0000] {processor.py:208} INFO - Processing /home/airflow/.local/lib/python3.12/site-packages/airflow/example_dags/example_latest_only_with_trigger.py took 0.124 seconds
[2025-04-18T13:36:01.135+0000] {processor.py:186} INFO - Started process (PID=209) to work on /home/airflow/.local/lib/python3.12/site-packages/airflow/example_dags/example_latest_only_with_trigger.py
[2025-04-18T13:36:01.137+0000] {processor.py:914} INFO - Processing file /home/airflow/.local/lib/python3.12/site-packages/airflow/example_dags/example_latest_only_with_trigger.py for tasks to queue
[2025-04-18T13:36:01.144+0000] {logging_mixin.py:190} INFO - [2025-04-18T13:36:01.142+0000] {dagbag.py:588} INFO - Filling up the DagBag from /home/airflow/.local/lib/python3.12/site-packages/airflow/example_dags/example_latest_only_with_trigger.py
[2025-04-18T13:36:01.164+0000] {processor.py:925} INFO - DAG(s) 'latest_only_with_trigger' retrieved from /home/airflow/.local/lib/python3.12/site-packages/airflow/example_dags/example_latest_only_with_trigger.py
[2025-04-18T13:36:01.195+0000] {logging_mixin.py:190} INFO - [2025-04-18T13:36:01.195+0000] {dag.py:3239} INFO - Sync 1 DAGs
[2025-04-18T13:36:01.223+0000] {logging_mixin.py:190} INFO - [2025-04-18T13:36:01.223+0000] {dag.py:4180} INFO - Setting next_dagrun for latest_only_with_trigger to 2025-04-18 08:00:00+00:00, run_after=2025-04-18 12:00:00+00:00
[2025-04-18T13:36:01.252+0000] {processor.py:208} INFO - Processing /home/airflow/.local/lib/python3.12/site-packages/airflow/example_dags/example_latest_only_with_trigger.py took 0.123 seconds
[2025-04-18T13:36:31.449+0000] {processor.py:186} INFO - Started process (PID=272) to work on /home/airflow/.local/lib/python3.12/site-packages/airflow/example_dags/example_latest_only_with_trigger.py
[2025-04-18T13:36:31.451+0000] {processor.py:914} INFO - Processing file /home/airflow/.local/lib/python3.12/site-packages/airflow/example_dags/example_latest_only_with_trigger.py for tasks to queue
[2025-04-18T13:36:31.461+0000] {logging_mixin.py:190} INFO - [2025-04-18T13:36:31.461+0000] {dagbag.py:588} INFO - Filling up the DagBag from /home/airflow/.local/lib/python3.12/site-packages/airflow/example_dags/example_latest_only_with_trigger.py
[2025-04-18T13:36:31.480+0000] {processor.py:925} INFO - DAG(s) 'latest_only_with_trigger' retrieved from /home/airflow/.local/lib/python3.12/site-packages/airflow/example_dags/example_latest_only_with_trigger.py
[2025-04-18T13:36:31.524+0000] {logging_mixin.py:190} INFO - [2025-04-18T13:36:31.524+0000] {dag.py:3239} INFO - Sync 1 DAGs
[2025-04-18T13:36:31.558+0000] {logging_mixin.py:190} INFO - [2025-04-18T13:36:31.558+0000] {dag.py:4180} INFO - Setting next_dagrun for latest_only_with_trigger to 2025-04-18 08:00:00+00:00, run_after=2025-04-18 12:00:00+00:00
[2025-04-18T13:36:31.576+0000] {processor.py:208} INFO - Processing /home/airflow/.local/lib/python3.12/site-packages/airflow/example_dags/example_latest_only_with_trigger.py took 0.141 seconds
[2025-04-18T13:37:02.233+0000] {processor.py:186} INFO - Started process (PID=335) to work on /home/airflow/.local/lib/python3.12/site-packages/airflow/example_dags/example_latest_only_with_trigger.py
[2025-04-18T13:37:02.235+0000] {processor.py:914} INFO - Processing file /home/airflow/.local/lib/python3.12/site-packages/airflow/example_dags/example_latest_only_with_trigger.py for tasks to queue
[2025-04-18T13:37:02.242+0000] {logging_mixin.py:190} INFO - [2025-04-18T13:37:02.241+0000] {dagbag.py:588} INFO - Filling up the DagBag from /home/airflow/.local/lib/python3.12/site-packages/airflow/example_dags/example_latest_only_with_trigger.py
[2025-04-18T13:37:02.272+0000] {processor.py:925} INFO - DAG(s) 'latest_only_with_trigger' retrieved from /home/airflow/.local/lib/python3.12/site-packages/airflow/example_dags/example_latest_only_with_trigger.py
[2025-04-18T13:37:02.312+0000] {logging_mixin.py:190} INFO - [2025-04-18T13:37:02.312+0000] {dag.py:3239} INFO - Sync 1 DAGs
[2025-04-18T13:37:02.354+0000] {logging_mixin.py:190} INFO - [2025-04-18T13:37:02.354+0000] {dag.py:4180} INFO - Setting next_dagrun for latest_only_with_trigger to 2025-04-18 08:00:00+00:00, run_after=2025-04-18 12:00:00+00:00
[2025-04-18T13:37:02.374+0000] {processor.py:208} INFO - Processing /home/airflow/.local/lib/python3.12/site-packages/airflow/example_dags/example_latest_only_with_trigger.py took 0.161 seconds
[2025-04-18T13:37:32.414+0000] {processor.py:186} INFO - Started process (PID=399) to work on /home/airflow/.local/lib/python3.12/site-packages/airflow/example_dags/example_latest_only_with_trigger.py
[2025-04-18T13:37:32.417+0000] {processor.py:914} INFO - Processing file /home/airflow/.local/lib/python3.12/site-packages/airflow/example_dags/example_latest_only_with_trigger.py for tasks to queue
[2025-04-18T13:37:32.420+0000] {logging_mixin.py:190} INFO - [2025-04-18T13:37:32.420+0000] {dagbag.py:588} INFO - Filling up the DagBag from /home/airflow/.local/lib/python3.12/site-packages/airflow/example_dags/example_latest_only_with_trigger.py
[2025-04-18T13:37:32.427+0000] {processor.py:925} INFO - DAG(s) 'latest_only_with_trigger' retrieved from /home/airflow/.local/lib/python3.12/site-packages/airflow/example_dags/example_latest_only_with_trigger.py
[2025-04-18T13:37:32.455+0000] {logging_mixin.py:190} INFO - [2025-04-18T13:37:32.455+0000] {dag.py:3239} INFO - Sync 1 DAGs
[2025-04-18T13:37:32.477+0000] {logging_mixin.py:190} INFO - [2025-04-18T13:37:32.477+0000] {dag.py:4180} INFO - Setting next_dagrun for latest_only_with_trigger to 2025-04-18 08:00:00+00:00, run_after=2025-04-18 12:00:00+00:00
[2025-04-18T13:37:32.493+0000] {processor.py:208} INFO - Processing /home/airflow/.local/lib/python3.12/site-packages/airflow/example_dags/example_latest_only_with_trigger.py took 0.089 seconds
[2025-04-18T13:38:02.964+0000] {processor.py:186} INFO - Started process (PID=463) to work on /home/airflow/.local/lib/python3.12/site-packages/airflow/example_dags/example_latest_only_with_trigger.py
[2025-04-18T13:38:02.967+0000] {processor.py:914} INFO - Processing file /home/airflow/.local/lib/python3.12/site-packages/airflow/example_dags/example_latest_only_with_trigger.py for tasks to queue
[2025-04-18T13:38:02.972+0000] {logging_mixin.py:190} INFO - [2025-04-18T13:38:02.971+0000] {dagbag.py:588} INFO - Filling up the DagBag from /home/airflow/.local/lib/python3.12/site-packages/airflow/example_dags/example_latest_only_with_trigger.py
[2025-04-18T13:38:02.991+0000] {processor.py:925} INFO - DAG(s) 'latest_only_with_trigger' retrieved from /home/airflow/.local/lib/python3.12/site-packages/airflow/example_dags/example_latest_only_with_trigger.py
[2025-04-18T13:38:03.014+0000] {logging_mixin.py:190} INFO - [2025-04-18T13:38:03.014+0000] {dag.py:3239} INFO - Sync 1 DAGs
[2025-04-18T13:38:03.044+0000] {logging_mixin.py:190} INFO - [2025-04-18T13:38:03.044+0000] {dag.py:4180} INFO - Setting next_dagrun for latest_only_with_trigger to 2025-04-18 08:00:00+00:00, run_after=2025-04-18 12:00:00+00:00
[2025-04-18T13:38:03.060+0000] {processor.py:208} INFO - Processing /home/airflow/.local/lib/python3.12/site-packages/airflow/example_dags/example_latest_only_with_trigger.py took 0.113 seconds
[2025-04-18T13:38:33.701+0000] {processor.py:186} INFO - Started process (PID=527) to work on /home/airflow/.local/lib/python3.12/site-packages/airflow/example_dags/example_latest_only_with_trigger.py
[2025-04-18T13:38:33.702+0000] {processor.py:914} INFO - Processing file /home/airflow/.local/lib/python3.12/site-packages/airflow/example_dags/example_latest_only_with_trigger.py for tasks to queue
[2025-04-18T13:38:33.704+0000] {logging_mixin.py:190} INFO - [2025-04-18T13:38:33.703+0000] {dagbag.py:588} INFO - Filling up the DagBag from /home/airflow/.local/lib/python3.12/site-packages/airflow/example_dags/example_latest_only_with_trigger.py
[2025-04-18T13:38:33.710+0000] {processor.py:925} INFO - DAG(s) 'latest_only_with_trigger' retrieved from /home/airflow/.local/lib/python3.12/site-packages/airflow/example_dags/example_latest_only_with_trigger.py
[2025-04-18T13:38:33.738+0000] {logging_mixin.py:190} INFO - [2025-04-18T13:38:33.738+0000] {dag.py:3239} INFO - Sync 1 DAGs
[2025-04-18T13:38:33.769+0000] {logging_mixin.py:190} INFO - [2025-04-18T13:38:33.769+0000] {dag.py:4180} INFO - Setting next_dagrun for latest_only_with_trigger to 2025-04-18 08:00:00+00:00, run_after=2025-04-18 12:00:00+00:00
[2025-04-18T13:38:33.795+0000] {processor.py:208} INFO - Processing /home/airflow/.local/lib/python3.12/site-packages/airflow/example_dags/example_latest_only_with_trigger.py took 0.102 seconds
[2025-04-18T13:39:45.651+0000] {processor.py:186} INFO - Started process (PID=609) to work on /home/airflow/.local/lib/python3.12/site-packages/airflow/example_dags/example_latest_only_with_trigger.py
[2025-04-18T13:39:45.670+0000] {processor.py:914} INFO - Processing file /home/airflow/.local/lib/python3.12/site-packages/airflow/example_dags/example_latest_only_with_trigger.py for tasks to queue
[2025-04-18T13:39:45.772+0000] {logging_mixin.py:190} INFO - [2025-04-18T13:39:45.762+0000] {dagbag.py:588} INFO - Filling up the DagBag from /home/airflow/.local/lib/python3.12/site-packages/airflow/example_dags/example_latest_only_with_trigger.py
[2025-04-18T13:39:46.045+0000] {processor.py:925} INFO - DAG(s) 'latest_only_with_trigger' retrieved from /home/airflow/.local/lib/python3.12/site-packages/airflow/example_dags/example_latest_only_with_trigger.py
[2025-04-18T13:39:46.562+0000] {logging_mixin.py:190} INFO - [2025-04-18T13:39:46.555+0000] {dag.py:3239} INFO - Sync 1 DAGs
[2025-04-18T13:39:47.003+0000] {logging_mixin.py:190} INFO - [2025-04-18T13:39:46.999+0000] {dag.py:4180} INFO - Setting next_dagrun for latest_only_with_trigger to 2025-04-18 08:00:00+00:00, run_after=2025-04-18 12:00:00+00:00
[2025-04-18T13:39:47.221+0000] {processor.py:208} INFO - Processing /home/airflow/.local/lib/python3.12/site-packages/airflow/example_dags/example_latest_only_with_trigger.py took 1.611 seconds
[2025-04-18T13:40:37.717+0000] {processor.py:186} INFO - Started process (PID=678) to work on /home/airflow/.local/lib/python3.12/site-packages/airflow/example_dags/example_latest_only_with_trigger.py
[2025-04-18T13:40:37.729+0000] {processor.py:914} INFO - Processing file /home/airflow/.local/lib/python3.12/site-packages/airflow/example_dags/example_latest_only_with_trigger.py for tasks to queue
[2025-04-18T13:40:37.748+0000] {logging_mixin.py:190} INFO - [2025-04-18T13:40:37.744+0000] {dagbag.py:588} INFO - Filling up the DagBag from /home/airflow/.local/lib/python3.12/site-packages/airflow/example_dags/example_latest_only_with_trigger.py
[2025-04-18T13:40:37.871+0000] {processor.py:925} INFO - DAG(s) 'latest_only_with_trigger' retrieved from /home/airflow/.local/lib/python3.12/site-packages/airflow/example_dags/example_latest_only_with_trigger.py
[2025-04-18T13:40:38.148+0000] {logging_mixin.py:190} INFO - [2025-04-18T13:40:38.146+0000] {dag.py:3239} INFO - Sync 1 DAGs
[2025-04-18T13:40:38.282+0000] {logging_mixin.py:190} INFO - [2025-04-18T13:40:38.281+0000] {dag.py:4180} INFO - Setting next_dagrun for latest_only_with_trigger to 2025-04-18 08:00:00+00:00, run_after=2025-04-18 12:00:00+00:00
[2025-04-18T13:40:38.493+0000] {processor.py:208} INFO - Processing /home/airflow/.local/lib/python3.12/site-packages/airflow/example_dags/example_latest_only_with_trigger.py took 0.808 seconds
[2025-04-18T13:43:44.755+0000] {processor.py:186} INFO - Started process (PID=93) to work on /home/airflow/.local/lib/python3.12/site-packages/airflow/example_dags/example_latest_only_with_trigger.py
[2025-04-18T13:43:44.769+0000] {processor.py:914} INFO - Processing file /home/airflow/.local/lib/python3.12/site-packages/airflow/example_dags/example_latest_only_with_trigger.py for tasks to queue
[2025-04-18T13:43:44.796+0000] {logging_mixin.py:190} INFO - [2025-04-18T13:43:44.790+0000] {dagbag.py:588} INFO - Filling up the DagBag from /home/airflow/.local/lib/python3.12/site-packages/airflow/example_dags/example_latest_only_with_trigger.py
[2025-04-18T13:43:44.885+0000] {processor.py:925} INFO - DAG(s) 'latest_only_with_trigger' retrieved from /home/airflow/.local/lib/python3.12/site-packages/airflow/example_dags/example_latest_only_with_trigger.py
[2025-04-18T13:43:45.142+0000] {logging_mixin.py:190} INFO - [2025-04-18T13:43:45.141+0000] {dag.py:3239} INFO - Sync 1 DAGs
[2025-04-18T13:43:45.347+0000] {logging_mixin.py:190} INFO - [2025-04-18T13:43:45.343+0000] {dag.py:4180} INFO - Setting next_dagrun for latest_only_with_trigger to 2025-04-18 08:00:00+00:00, run_after=2025-04-18 12:00:00+00:00
[2025-04-18T13:43:45.479+0000] {processor.py:208} INFO - Processing /home/airflow/.local/lib/python3.12/site-packages/airflow/example_dags/example_latest_only_with_trigger.py took 0.752 seconds
[2025-04-18T13:44:41.465+0000] {processor.py:186} INFO - Started process (PID=158) to work on /home/airflow/.local/lib/python3.12/site-packages/airflow/example_dags/example_latest_only_with_trigger.py
[2025-04-18T13:44:41.473+0000] {processor.py:914} INFO - Processing file /home/airflow/.local/lib/python3.12/site-packages/airflow/example_dags/example_latest_only_with_trigger.py for tasks to queue
[2025-04-18T13:44:41.502+0000] {logging_mixin.py:190} INFO - [2025-04-18T13:44:41.501+0000] {dagbag.py:588} INFO - Filling up the DagBag from /home/airflow/.local/lib/python3.12/site-packages/airflow/example_dags/example_latest_only_with_trigger.py
[2025-04-18T13:44:41.559+0000] {processor.py:925} INFO - DAG(s) 'latest_only_with_trigger' retrieved from /home/airflow/.local/lib/python3.12/site-packages/airflow/example_dags/example_latest_only_with_trigger.py
[2025-04-18T13:44:41.663+0000] {logging_mixin.py:190} INFO - [2025-04-18T13:44:41.663+0000] {dag.py:3239} INFO - Sync 1 DAGs
[2025-04-18T13:44:42.775+0000] {logging_mixin.py:190} INFO - [2025-04-18T13:44:42.772+0000] {dag.py:4180} INFO - Setting next_dagrun for latest_only_with_trigger to 2025-04-18 08:00:00+00:00, run_after=2025-04-18 12:00:00+00:00
[2025-04-18T13:44:42.916+0000] {processor.py:208} INFO - Processing /home/airflow/.local/lib/python3.12/site-packages/airflow/example_dags/example_latest_only_with_trigger.py took 1.510 seconds
[2025-04-18T13:45:29.239+0000] {processor.py:186} INFO - Started process (PID=225) to work on /home/airflow/.local/lib/python3.12/site-packages/airflow/example_dags/example_latest_only_with_trigger.py
[2025-04-18T13:45:29.242+0000] {processor.py:914} INFO - Processing file /home/airflow/.local/lib/python3.12/site-packages/airflow/example_dags/example_latest_only_with_trigger.py for tasks to queue
[2025-04-18T13:45:29.250+0000] {logging_mixin.py:190} INFO - [2025-04-18T13:45:29.249+0000] {dagbag.py:588} INFO - Filling up the DagBag from /home/airflow/.local/lib/python3.12/site-packages/airflow/example_dags/example_latest_only_with_trigger.py
[2025-04-18T13:45:29.275+0000] {processor.py:925} INFO - DAG(s) 'latest_only_with_trigger' retrieved from /home/airflow/.local/lib/python3.12/site-packages/airflow/example_dags/example_latest_only_with_trigger.py
[2025-04-18T13:45:29.312+0000] {logging_mixin.py:190} INFO - [2025-04-18T13:45:29.312+0000] {dag.py:3239} INFO - Sync 1 DAGs
[2025-04-18T13:45:29.391+0000] {logging_mixin.py:190} INFO - [2025-04-18T13:45:29.388+0000] {dag.py:4180} INFO - Setting next_dagrun for latest_only_with_trigger to 2025-04-18 08:00:00+00:00, run_after=2025-04-18 12:00:00+00:00
[2025-04-18T13:45:29.439+0000] {processor.py:208} INFO - Processing /home/airflow/.local/lib/python3.12/site-packages/airflow/example_dags/example_latest_only_with_trigger.py took 0.213 seconds
[2025-04-18T13:47:31.986+0000] {processor.py:186} INFO - Started process (PID=293) to work on /home/airflow/.local/lib/python3.12/site-packages/airflow/example_dags/example_latest_only_with_trigger.py
[2025-04-18T13:47:31.999+0000] {processor.py:914} INFO - Processing file /home/airflow/.local/lib/python3.12/site-packages/airflow/example_dags/example_latest_only_with_trigger.py for tasks to queue
[2025-04-18T13:47:32.057+0000] {logging_mixin.py:190} INFO - [2025-04-18T13:47:32.046+0000] {dagbag.py:588} INFO - Filling up the DagBag from /home/airflow/.local/lib/python3.12/site-packages/airflow/example_dags/example_latest_only_with_trigger.py
[2025-04-18T13:47:32.253+0000] {processor.py:925} INFO - DAG(s) 'latest_only_with_trigger' retrieved from /home/airflow/.local/lib/python3.12/site-packages/airflow/example_dags/example_latest_only_with_trigger.py
[2025-04-18T13:47:32.426+0000] {logging_mixin.py:190} INFO - [2025-04-18T13:47:32.421+0000] {dag.py:3239} INFO - Sync 1 DAGs
[2025-04-18T13:47:32.656+0000] {logging_mixin.py:190} INFO - [2025-04-18T13:47:32.648+0000] {dag.py:4180} INFO - Setting next_dagrun for latest_only_with_trigger to 2025-04-18 08:00:00+00:00, run_after=2025-04-18 12:00:00+00:00
[2025-04-18T13:47:32.982+0000] {processor.py:208} INFO - Processing /home/airflow/.local/lib/python3.12/site-packages/airflow/example_dags/example_latest_only_with_trigger.py took 1.056 seconds
[2025-04-18T13:49:20.925+0000] {processor.py:186} INFO - Started process (PID=90) to work on /home/airflow/.local/lib/python3.12/site-packages/airflow/example_dags/example_latest_only_with_trigger.py
[2025-04-18T13:49:20.933+0000] {processor.py:914} INFO - Processing file /home/airflow/.local/lib/python3.12/site-packages/airflow/example_dags/example_latest_only_with_trigger.py for tasks to queue
[2025-04-18T13:49:21.003+0000] {logging_mixin.py:190} INFO - [2025-04-18T13:49:20.993+0000] {dagbag.py:588} INFO - Filling up the DagBag from /home/airflow/.local/lib/python3.12/site-packages/airflow/example_dags/example_latest_only_with_trigger.py
[2025-04-18T13:49:21.188+0000] {processor.py:925} INFO - DAG(s) 'latest_only_with_trigger' retrieved from /home/airflow/.local/lib/python3.12/site-packages/airflow/example_dags/example_latest_only_with_trigger.py
[2025-04-18T13:49:21.710+0000] {logging_mixin.py:190} INFO - [2025-04-18T13:49:21.694+0000] {dag.py:3239} INFO - Sync 1 DAGs
[2025-04-18T13:49:22.098+0000] {logging_mixin.py:190} INFO - [2025-04-18T13:49:22.097+0000] {dag.py:4180} INFO - Setting next_dagrun for latest_only_with_trigger to 2025-04-18 08:00:00+00:00, run_after=2025-04-18 12:00:00+00:00
[2025-04-18T13:49:22.271+0000] {processor.py:208} INFO - Processing /home/airflow/.local/lib/python3.12/site-packages/airflow/example_dags/example_latest_only_with_trigger.py took 1.387 seconds
[2025-04-18T13:50:36.582+0000] {processor.py:186} INFO - Started process (PID=160) to work on /home/airflow/.local/lib/python3.12/site-packages/airflow/example_dags/example_latest_only_with_trigger.py
[2025-04-18T13:50:36.591+0000] {processor.py:914} INFO - Processing file /home/airflow/.local/lib/python3.12/site-packages/airflow/example_dags/example_latest_only_with_trigger.py for tasks to queue
[2025-04-18T13:50:36.611+0000] {logging_mixin.py:190} INFO - [2025-04-18T13:50:36.609+0000] {dagbag.py:588} INFO - Filling up the DagBag from /home/airflow/.local/lib/python3.12/site-packages/airflow/example_dags/example_latest_only_with_trigger.py
[2025-04-18T13:50:36.899+0000] {processor.py:925} INFO - DAG(s) 'latest_only_with_trigger' retrieved from /home/airflow/.local/lib/python3.12/site-packages/airflow/example_dags/example_latest_only_with_trigger.py
[2025-04-18T13:50:37.139+0000] {logging_mixin.py:190} INFO - [2025-04-18T13:50:37.129+0000] {dag.py:3239} INFO - Sync 1 DAGs
[2025-04-18T13:50:37.364+0000] {logging_mixin.py:190} INFO - [2025-04-18T13:50:37.363+0000] {dag.py:4180} INFO - Setting next_dagrun for latest_only_with_trigger to 2025-04-18 08:00:00+00:00, run_after=2025-04-18 12:00:00+00:00
[2025-04-18T13:50:37.445+0000] {processor.py:208} INFO - Processing /home/airflow/.local/lib/python3.12/site-packages/airflow/example_dags/example_latest_only_with_trigger.py took 0.901 seconds
[2025-04-18T13:52:06.472+0000] {processor.py:186} INFO - Started process (PID=252) to work on /home/airflow/.local/lib/python3.12/site-packages/airflow/example_dags/example_latest_only_with_trigger.py
[2025-04-18T13:52:06.495+0000] {processor.py:914} INFO - Processing file /home/airflow/.local/lib/python3.12/site-packages/airflow/example_dags/example_latest_only_with_trigger.py for tasks to queue
[2025-04-18T13:52:06.555+0000] {logging_mixin.py:190} INFO - [2025-04-18T13:52:06.542+0000] {dagbag.py:588} INFO - Filling up the DagBag from /home/airflow/.local/lib/python3.12/site-packages/airflow/example_dags/example_latest_only_with_trigger.py
[2025-04-18T13:52:06.797+0000] {processor.py:925} INFO - DAG(s) 'latest_only_with_trigger' retrieved from /home/airflow/.local/lib/python3.12/site-packages/airflow/example_dags/example_latest_only_with_trigger.py
[2025-04-18T13:52:07.116+0000] {logging_mixin.py:190} INFO - [2025-04-18T13:52:07.092+0000] {dag.py:3239} INFO - Sync 1 DAGs
[2025-04-18T13:52:07.451+0000] {logging_mixin.py:190} INFO - [2025-04-18T13:52:07.443+0000] {dag.py:4180} INFO - Setting next_dagrun for latest_only_with_trigger to 2025-04-18 08:00:00+00:00, run_after=2025-04-18 12:00:00+00:00
[2025-04-18T13:52:07.616+0000] {processor.py:208} INFO - Processing /home/airflow/.local/lib/python3.12/site-packages/airflow/example_dags/example_latest_only_with_trigger.py took 1.215 seconds
[2025-04-18T13:53:17.768+0000] {processor.py:186} INFO - Started process (PID=332) to work on /home/airflow/.local/lib/python3.12/site-packages/airflow/example_dags/example_latest_only_with_trigger.py
[2025-04-18T13:53:17.785+0000] {processor.py:914} INFO - Processing file /home/airflow/.local/lib/python3.12/site-packages/airflow/example_dags/example_latest_only_with_trigger.py for tasks to queue
[2025-04-18T13:53:17.815+0000] {logging_mixin.py:190} INFO - [2025-04-18T13:53:17.811+0000] {dagbag.py:588} INFO - Filling up the DagBag from /home/airflow/.local/lib/python3.12/site-packages/airflow/example_dags/example_latest_only_with_trigger.py
[2025-04-18T13:53:18.044+0000] {processor.py:925} INFO - DAG(s) 'latest_only_with_trigger' retrieved from /home/airflow/.local/lib/python3.12/site-packages/airflow/example_dags/example_latest_only_with_trigger.py
[2025-04-18T13:53:18.416+0000] {logging_mixin.py:190} INFO - [2025-04-18T13:53:18.408+0000] {dag.py:3239} INFO - Sync 1 DAGs
[2025-04-18T13:53:18.566+0000] {logging_mixin.py:190} INFO - [2025-04-18T13:53:18.565+0000] {dag.py:4180} INFO - Setting next_dagrun for latest_only_with_trigger to 2025-04-18 08:00:00+00:00, run_after=2025-04-18 12:00:00+00:00
[2025-04-18T13:53:18.679+0000] {processor.py:208} INFO - Processing /home/airflow/.local/lib/python3.12/site-packages/airflow/example_dags/example_latest_only_with_trigger.py took 0.956 seconds
[2025-04-18T13:54:00.143+0000] {processor.py:186} INFO - Started process (PID=396) to work on /home/airflow/.local/lib/python3.12/site-packages/airflow/example_dags/example_latest_only_with_trigger.py
[2025-04-18T13:54:00.148+0000] {processor.py:914} INFO - Processing file /home/airflow/.local/lib/python3.12/site-packages/airflow/example_dags/example_latest_only_with_trigger.py for tasks to queue
[2025-04-18T13:54:00.185+0000] {logging_mixin.py:190} INFO - [2025-04-18T13:54:00.182+0000] {dagbag.py:588} INFO - Filling up the DagBag from /home/airflow/.local/lib/python3.12/site-packages/airflow/example_dags/example_latest_only_with_trigger.py
[2025-04-18T13:54:00.252+0000] {processor.py:925} INFO - DAG(s) 'latest_only_with_trigger' retrieved from /home/airflow/.local/lib/python3.12/site-packages/airflow/example_dags/example_latest_only_with_trigger.py
[2025-04-18T13:54:00.417+0000] {logging_mixin.py:190} INFO - [2025-04-18T13:54:00.416+0000] {dag.py:3239} INFO - Sync 1 DAGs
[2025-04-18T13:54:00.604+0000] {logging_mixin.py:190} INFO - [2025-04-18T13:54:00.603+0000] {dag.py:4180} INFO - Setting next_dagrun for latest_only_with_trigger to 2025-04-18 08:00:00+00:00, run_after=2025-04-18 12:00:00+00:00
[2025-04-18T13:54:00.748+0000] {processor.py:208} INFO - Processing /home/airflow/.local/lib/python3.12/site-packages/airflow/example_dags/example_latest_only_with_trigger.py took 0.640 seconds
[2025-04-18T13:54:31.479+0000] {processor.py:186} INFO - Started process (PID=458) to work on /home/airflow/.local/lib/python3.12/site-packages/airflow/example_dags/example_latest_only_with_trigger.py
[2025-04-18T13:54:31.490+0000] {processor.py:914} INFO - Processing file /home/airflow/.local/lib/python3.12/site-packages/airflow/example_dags/example_latest_only_with_trigger.py for tasks to queue
[2025-04-18T13:54:31.546+0000] {logging_mixin.py:190} INFO - [2025-04-18T13:54:31.537+0000] {dagbag.py:588} INFO - Filling up the DagBag from /home/airflow/.local/lib/python3.12/site-packages/airflow/example_dags/example_latest_only_with_trigger.py
[2025-04-18T13:54:31.664+0000] {processor.py:925} INFO - DAG(s) 'latest_only_with_trigger' retrieved from /home/airflow/.local/lib/python3.12/site-packages/airflow/example_dags/example_latest_only_with_trigger.py
[2025-04-18T13:54:31.933+0000] {logging_mixin.py:190} INFO - [2025-04-18T13:54:31.931+0000] {dag.py:3239} INFO - Sync 1 DAGs
[2025-04-18T13:54:32.059+0000] {logging_mixin.py:190} INFO - [2025-04-18T13:54:32.058+0000] {dag.py:4180} INFO - Setting next_dagrun for latest_only_with_trigger to 2025-04-18 08:00:00+00:00, run_after=2025-04-18 12:00:00+00:00
[2025-04-18T13:54:32.211+0000] {processor.py:208} INFO - Processing /home/airflow/.local/lib/python3.12/site-packages/airflow/example_dags/example_latest_only_with_trigger.py took 0.860 seconds
