[2025-04-18T13:26:57.313+0000] {processor.py:186} INFO - Started process (PID=106) to work on /home/airflow/.local/lib/python3.12/site-packages/airflow/example_dags/example_setup_teardown.py
[2025-04-18T13:26:57.322+0000] {processor.py:914} INFO - Processing file /home/airflow/.local/lib/python3.12/site-packages/airflow/example_dags/example_setup_teardown.py for tasks to queue
[2025-04-18T13:26:57.353+0000] {logging_mixin.py:190} INFO - [2025-04-18T13:26:57.350+0000] {dagbag.py:588} INFO - Filling up the DagBag from /home/airflow/.local/lib/python3.12/site-packages/airflow/example_dags/example_setup_teardown.py
[2025-04-18T13:26:57.496+0000] {processor.py:925} INFO - DAG(s) 'example_setup_teardown' retrieved from /home/airflow/.local/lib/python3.12/site-packages/airflow/example_dags/example_setup_teardown.py
[2025-04-18T13:26:59.454+0000] {logging_mixin.py:190} INFO - [2025-04-18T13:26:59.421+0000] {dag.py:3239} INFO - Sync 1 DAGs
[2025-04-18T13:26:59.618+0000] {logging_mixin.py:190} INFO - [2025-04-18T13:26:59.617+0000] {dag.py:4180} INFO - Setting next_dagrun for example_setup_teardown to None, run_after=None
[2025-04-18T13:26:59.926+0000] {processor.py:208} INFO - Processing /home/airflow/.local/lib/python3.12/site-packages/airflow/example_dags/example_setup_teardown.py took 2.672 seconds
[2025-04-18T13:30:14.851+0000] {processor.py:186} INFO - Started process (PID=99) to work on /home/airflow/.local/lib/python3.12/site-packages/airflow/example_dags/example_setup_teardown.py
[2025-04-18T13:30:14.854+0000] {processor.py:914} INFO - Processing file /home/airflow/.local/lib/python3.12/site-packages/airflow/example_dags/example_setup_teardown.py for tasks to queue
[2025-04-18T13:30:14.858+0000] {logging_mixin.py:190} INFO - [2025-04-18T13:30:14.857+0000] {dagbag.py:588} INFO - Filling up the DagBag from /home/airflow/.local/lib/python3.12/site-packages/airflow/example_dags/example_setup_teardown.py
[2025-04-18T13:30:14.869+0000] {processor.py:925} INFO - DAG(s) 'example_setup_teardown' retrieved from /home/airflow/.local/lib/python3.12/site-packages/airflow/example_dags/example_setup_teardown.py
[2025-04-18T13:30:14.909+0000] {logging_mixin.py:190} INFO - [2025-04-18T13:30:14.909+0000] {dag.py:3239} INFO - Sync 1 DAGs
[2025-04-18T13:30:14.932+0000] {logging_mixin.py:190} INFO - [2025-04-18T13:30:14.932+0000] {dag.py:4180} INFO - Setting next_dagrun for example_setup_teardown to None, run_after=None
[2025-04-18T13:30:14.978+0000] {processor.py:208} INFO - Processing /home/airflow/.local/lib/python3.12/site-packages/airflow/example_dags/example_setup_teardown.py took 0.163 seconds
[2025-04-18T13:30:47.702+0000] {processor.py:186} INFO - Started process (PID=162) to work on /home/airflow/.local/lib/python3.12/site-packages/airflow/example_dags/example_setup_teardown.py
[2025-04-18T13:30:47.706+0000] {processor.py:914} INFO - Processing file /home/airflow/.local/lib/python3.12/site-packages/airflow/example_dags/example_setup_teardown.py for tasks to queue
[2025-04-18T13:30:47.711+0000] {logging_mixin.py:190} INFO - [2025-04-18T13:30:47.710+0000] {dagbag.py:588} INFO - Filling up the DagBag from /home/airflow/.local/lib/python3.12/site-packages/airflow/example_dags/example_setup_teardown.py
[2025-04-18T13:30:47.733+0000] {processor.py:925} INFO - DAG(s) 'example_setup_teardown' retrieved from /home/airflow/.local/lib/python3.12/site-packages/airflow/example_dags/example_setup_teardown.py
[2025-04-18T13:30:47.776+0000] {logging_mixin.py:190} INFO - [2025-04-18T13:30:47.775+0000] {dag.py:3239} INFO - Sync 1 DAGs
[2025-04-18T13:30:47.813+0000] {logging_mixin.py:190} INFO - [2025-04-18T13:30:47.812+0000] {dag.py:4180} INFO - Setting next_dagrun for example_setup_teardown to None, run_after=None
[2025-04-18T13:30:47.853+0000] {processor.py:208} INFO - Processing /home/airflow/.local/lib/python3.12/site-packages/airflow/example_dags/example_setup_teardown.py took 0.163 seconds
[2025-04-18T13:31:18.814+0000] {processor.py:186} INFO - Started process (PID=226) to work on /home/airflow/.local/lib/python3.12/site-packages/airflow/example_dags/example_setup_teardown.py
[2025-04-18T13:31:18.816+0000] {processor.py:914} INFO - Processing file /home/airflow/.local/lib/python3.12/site-packages/airflow/example_dags/example_setup_teardown.py for tasks to queue
[2025-04-18T13:31:18.818+0000] {logging_mixin.py:190} INFO - [2025-04-18T13:31:18.817+0000] {dagbag.py:588} INFO - Filling up the DagBag from /home/airflow/.local/lib/python3.12/site-packages/airflow/example_dags/example_setup_teardown.py
[2025-04-18T13:31:18.830+0000] {processor.py:925} INFO - DAG(s) 'example_setup_teardown' retrieved from /home/airflow/.local/lib/python3.12/site-packages/airflow/example_dags/example_setup_teardown.py
[2025-04-18T13:31:18.866+0000] {logging_mixin.py:190} INFO - [2025-04-18T13:31:18.865+0000] {dag.py:3239} INFO - Sync 1 DAGs
[2025-04-18T13:31:18.890+0000] {logging_mixin.py:190} INFO - [2025-04-18T13:31:18.890+0000] {dag.py:4180} INFO - Setting next_dagrun for example_setup_teardown to None, run_after=None
[2025-04-18T13:31:18.909+0000] {processor.py:208} INFO - Processing /home/airflow/.local/lib/python3.12/site-packages/airflow/example_dags/example_setup_teardown.py took 0.100 seconds
[2025-04-18T13:31:49.628+0000] {processor.py:186} INFO - Started process (PID=290) to work on /home/airflow/.local/lib/python3.12/site-packages/airflow/example_dags/example_setup_teardown.py
[2025-04-18T13:31:49.635+0000] {processor.py:914} INFO - Processing file /home/airflow/.local/lib/python3.12/site-packages/airflow/example_dags/example_setup_teardown.py for tasks to queue
[2025-04-18T13:31:49.637+0000] {logging_mixin.py:190} INFO - [2025-04-18T13:31:49.637+0000] {dagbag.py:588} INFO - Filling up the DagBag from /home/airflow/.local/lib/python3.12/site-packages/airflow/example_dags/example_setup_teardown.py
[2025-04-18T13:31:49.643+0000] {processor.py:925} INFO - DAG(s) 'example_setup_teardown' retrieved from /home/airflow/.local/lib/python3.12/site-packages/airflow/example_dags/example_setup_teardown.py
[2025-04-18T13:31:49.683+0000] {logging_mixin.py:190} INFO - [2025-04-18T13:31:49.683+0000] {dag.py:3239} INFO - Sync 1 DAGs
[2025-04-18T13:31:49.726+0000] {logging_mixin.py:190} INFO - [2025-04-18T13:31:49.726+0000] {dag.py:4180} INFO - Setting next_dagrun for example_setup_teardown to None, run_after=None
[2025-04-18T13:31:49.747+0000] {processor.py:208} INFO - Processing /home/airflow/.local/lib/python3.12/site-packages/airflow/example_dags/example_setup_teardown.py took 0.126 seconds
[2025-04-18T13:32:20.233+0000] {processor.py:186} INFO - Started process (PID=354) to work on /home/airflow/.local/lib/python3.12/site-packages/airflow/example_dags/example_setup_teardown.py
[2025-04-18T13:32:20.235+0000] {processor.py:914} INFO - Processing file /home/airflow/.local/lib/python3.12/site-packages/airflow/example_dags/example_setup_teardown.py for tasks to queue
[2025-04-18T13:32:20.237+0000] {logging_mixin.py:190} INFO - [2025-04-18T13:32:20.237+0000] {dagbag.py:588} INFO - Filling up the DagBag from /home/airflow/.local/lib/python3.12/site-packages/airflow/example_dags/example_setup_teardown.py
[2025-04-18T13:32:20.246+0000] {processor.py:925} INFO - DAG(s) 'example_setup_teardown' retrieved from /home/airflow/.local/lib/python3.12/site-packages/airflow/example_dags/example_setup_teardown.py
[2025-04-18T13:32:20.269+0000] {logging_mixin.py:190} INFO - [2025-04-18T13:32:20.269+0000] {dag.py:3239} INFO - Sync 1 DAGs
[2025-04-18T13:32:20.282+0000] {logging_mixin.py:190} INFO - [2025-04-18T13:32:20.282+0000] {dag.py:4180} INFO - Setting next_dagrun for example_setup_teardown to None, run_after=None
[2025-04-18T13:32:20.297+0000] {processor.py:208} INFO - Processing /home/airflow/.local/lib/python3.12/site-packages/airflow/example_dags/example_setup_teardown.py took 0.070 seconds
[2025-04-18T13:35:04.330+0000] {processor.py:186} INFO - Started process (PID=95) to work on /home/airflow/.local/lib/python3.12/site-packages/airflow/example_dags/example_setup_teardown.py
[2025-04-18T13:35:04.332+0000] {processor.py:914} INFO - Processing file /home/airflow/.local/lib/python3.12/site-packages/airflow/example_dags/example_setup_teardown.py for tasks to queue
[2025-04-18T13:35:04.338+0000] {logging_mixin.py:190} INFO - [2025-04-18T13:35:04.338+0000] {dagbag.py:588} INFO - Filling up the DagBag from /home/airflow/.local/lib/python3.12/site-packages/airflow/example_dags/example_setup_teardown.py
[2025-04-18T13:35:04.360+0000] {processor.py:925} INFO - DAG(s) 'example_setup_teardown' retrieved from /home/airflow/.local/lib/python3.12/site-packages/airflow/example_dags/example_setup_teardown.py
[2025-04-18T13:35:04.422+0000] {logging_mixin.py:190} INFO - [2025-04-18T13:35:04.422+0000] {dag.py:3239} INFO - Sync 1 DAGs
[2025-04-18T13:35:04.441+0000] {logging_mixin.py:190} INFO - [2025-04-18T13:35:04.441+0000] {dag.py:4180} INFO - Setting next_dagrun for example_setup_teardown to None, run_after=None
[2025-04-18T13:35:04.485+0000] {processor.py:208} INFO - Processing /home/airflow/.local/lib/python3.12/site-packages/airflow/example_dags/example_setup_teardown.py took 0.164 seconds
[2025-04-18T13:35:34.795+0000] {processor.py:186} INFO - Started process (PID=159) to work on /home/airflow/.local/lib/python3.12/site-packages/airflow/example_dags/example_setup_teardown.py
[2025-04-18T13:35:34.798+0000] {processor.py:914} INFO - Processing file /home/airflow/.local/lib/python3.12/site-packages/airflow/example_dags/example_setup_teardown.py for tasks to queue
[2025-04-18T13:35:34.801+0000] {logging_mixin.py:190} INFO - [2025-04-18T13:35:34.800+0000] {dagbag.py:588} INFO - Filling up the DagBag from /home/airflow/.local/lib/python3.12/site-packages/airflow/example_dags/example_setup_teardown.py
[2025-04-18T13:35:34.810+0000] {processor.py:925} INFO - DAG(s) 'example_setup_teardown' retrieved from /home/airflow/.local/lib/python3.12/site-packages/airflow/example_dags/example_setup_teardown.py
[2025-04-18T13:35:34.851+0000] {logging_mixin.py:190} INFO - [2025-04-18T13:35:34.850+0000] {dag.py:3239} INFO - Sync 1 DAGs
[2025-04-18T13:35:34.872+0000] {logging_mixin.py:190} INFO - [2025-04-18T13:35:34.872+0000] {dag.py:4180} INFO - Setting next_dagrun for example_setup_teardown to None, run_after=None
[2025-04-18T13:35:34.900+0000] {processor.py:208} INFO - Processing /home/airflow/.local/lib/python3.12/site-packages/airflow/example_dags/example_setup_teardown.py took 0.113 seconds
[2025-04-18T13:36:04.938+0000] {processor.py:186} INFO - Started process (PID=222) to work on /home/airflow/.local/lib/python3.12/site-packages/airflow/example_dags/example_setup_teardown.py
[2025-04-18T13:36:04.938+0000] {processor.py:914} INFO - Processing file /home/airflow/.local/lib/python3.12/site-packages/airflow/example_dags/example_setup_teardown.py for tasks to queue
[2025-04-18T13:36:04.939+0000] {logging_mixin.py:190} INFO - [2025-04-18T13:36:04.939+0000] {dagbag.py:588} INFO - Filling up the DagBag from /home/airflow/.local/lib/python3.12/site-packages/airflow/example_dags/example_setup_teardown.py
[2025-04-18T13:36:04.945+0000] {processor.py:925} INFO - DAG(s) 'example_setup_teardown' retrieved from /home/airflow/.local/lib/python3.12/site-packages/airflow/example_dags/example_setup_teardown.py
[2025-04-18T13:36:04.954+0000] {logging_mixin.py:190} INFO - [2025-04-18T13:36:04.954+0000] {dag.py:3239} INFO - Sync 1 DAGs
[2025-04-18T13:36:04.959+0000] {logging_mixin.py:190} INFO - [2025-04-18T13:36:04.959+0000] {dag.py:4180} INFO - Setting next_dagrun for example_setup_teardown to None, run_after=None
[2025-04-18T13:36:04.966+0000] {processor.py:208} INFO - Processing /home/airflow/.local/lib/python3.12/site-packages/airflow/example_dags/example_setup_teardown.py took 0.031 seconds
[2025-04-18T13:36:35.480+0000] {processor.py:186} INFO - Started process (PID=286) to work on /home/airflow/.local/lib/python3.12/site-packages/airflow/example_dags/example_setup_teardown.py
[2025-04-18T13:36:35.480+0000] {processor.py:914} INFO - Processing file /home/airflow/.local/lib/python3.12/site-packages/airflow/example_dags/example_setup_teardown.py for tasks to queue
[2025-04-18T13:36:35.481+0000] {logging_mixin.py:190} INFO - [2025-04-18T13:36:35.481+0000] {dagbag.py:588} INFO - Filling up the DagBag from /home/airflow/.local/lib/python3.12/site-packages/airflow/example_dags/example_setup_teardown.py
[2025-04-18T13:36:35.486+0000] {processor.py:925} INFO - DAG(s) 'example_setup_teardown' retrieved from /home/airflow/.local/lib/python3.12/site-packages/airflow/example_dags/example_setup_teardown.py
[2025-04-18T13:36:35.495+0000] {logging_mixin.py:190} INFO - [2025-04-18T13:36:35.495+0000] {dag.py:3239} INFO - Sync 1 DAGs
[2025-04-18T13:36:35.502+0000] {logging_mixin.py:190} INFO - [2025-04-18T13:36:35.502+0000] {dag.py:4180} INFO - Setting next_dagrun for example_setup_teardown to None, run_after=None
[2025-04-18T13:36:35.509+0000] {processor.py:208} INFO - Processing /home/airflow/.local/lib/python3.12/site-packages/airflow/example_dags/example_setup_teardown.py took 0.032 seconds
[2025-04-18T13:37:05.830+0000] {processor.py:186} INFO - Started process (PID=349) to work on /home/airflow/.local/lib/python3.12/site-packages/airflow/example_dags/example_setup_teardown.py
[2025-04-18T13:37:05.832+0000] {processor.py:914} INFO - Processing file /home/airflow/.local/lib/python3.12/site-packages/airflow/example_dags/example_setup_teardown.py for tasks to queue
[2025-04-18T13:37:05.834+0000] {logging_mixin.py:190} INFO - [2025-04-18T13:37:05.833+0000] {dagbag.py:588} INFO - Filling up the DagBag from /home/airflow/.local/lib/python3.12/site-packages/airflow/example_dags/example_setup_teardown.py
[2025-04-18T13:37:05.840+0000] {processor.py:925} INFO - DAG(s) 'example_setup_teardown' retrieved from /home/airflow/.local/lib/python3.12/site-packages/airflow/example_dags/example_setup_teardown.py
[2025-04-18T13:37:05.856+0000] {logging_mixin.py:190} INFO - [2025-04-18T13:37:05.855+0000] {dag.py:3239} INFO - Sync 1 DAGs
[2025-04-18T13:37:05.865+0000] {logging_mixin.py:190} INFO - [2025-04-18T13:37:05.865+0000] {dag.py:4180} INFO - Setting next_dagrun for example_setup_teardown to None, run_after=None
[2025-04-18T13:37:05.878+0000] {processor.py:208} INFO - Processing /home/airflow/.local/lib/python3.12/site-packages/airflow/example_dags/example_setup_teardown.py took 0.064 seconds
[2025-04-18T13:37:36.622+0000] {processor.py:186} INFO - Started process (PID=413) to work on /home/airflow/.local/lib/python3.12/site-packages/airflow/example_dags/example_setup_teardown.py
[2025-04-18T13:37:36.623+0000] {processor.py:914} INFO - Processing file /home/airflow/.local/lib/python3.12/site-packages/airflow/example_dags/example_setup_teardown.py for tasks to queue
[2025-04-18T13:37:36.624+0000] {logging_mixin.py:190} INFO - [2025-04-18T13:37:36.624+0000] {dagbag.py:588} INFO - Filling up the DagBag from /home/airflow/.local/lib/python3.12/site-packages/airflow/example_dags/example_setup_teardown.py
[2025-04-18T13:37:36.630+0000] {processor.py:925} INFO - DAG(s) 'example_setup_teardown' retrieved from /home/airflow/.local/lib/python3.12/site-packages/airflow/example_dags/example_setup_teardown.py
[2025-04-18T13:37:36.644+0000] {logging_mixin.py:190} INFO - [2025-04-18T13:37:36.644+0000] {dag.py:3239} INFO - Sync 1 DAGs
[2025-04-18T13:37:36.651+0000] {logging_mixin.py:190} INFO - [2025-04-18T13:37:36.651+0000] {dag.py:4180} INFO - Setting next_dagrun for example_setup_teardown to None, run_after=None
[2025-04-18T13:37:36.660+0000] {processor.py:208} INFO - Processing /home/airflow/.local/lib/python3.12/site-packages/airflow/example_dags/example_setup_teardown.py took 0.042 seconds
[2025-04-18T13:38:07.179+0000] {processor.py:186} INFO - Started process (PID=477) to work on /home/airflow/.local/lib/python3.12/site-packages/airflow/example_dags/example_setup_teardown.py
[2025-04-18T13:38:07.180+0000] {processor.py:914} INFO - Processing file /home/airflow/.local/lib/python3.12/site-packages/airflow/example_dags/example_setup_teardown.py for tasks to queue
[2025-04-18T13:38:07.181+0000] {logging_mixin.py:190} INFO - [2025-04-18T13:38:07.181+0000] {dagbag.py:588} INFO - Filling up the DagBag from /home/airflow/.local/lib/python3.12/site-packages/airflow/example_dags/example_setup_teardown.py
[2025-04-18T13:38:07.197+0000] {processor.py:925} INFO - DAG(s) 'example_setup_teardown' retrieved from /home/airflow/.local/lib/python3.12/site-packages/airflow/example_dags/example_setup_teardown.py
[2025-04-18T13:38:07.233+0000] {logging_mixin.py:190} INFO - [2025-04-18T13:38:07.232+0000] {dag.py:3239} INFO - Sync 1 DAGs
[2025-04-18T13:38:07.278+0000] {logging_mixin.py:190} INFO - [2025-04-18T13:38:07.277+0000] {dag.py:4180} INFO - Setting next_dagrun for example_setup_teardown to None, run_after=None
[2025-04-18T13:38:07.296+0000] {processor.py:208} INFO - Processing /home/airflow/.local/lib/python3.12/site-packages/airflow/example_dags/example_setup_teardown.py took 0.126 seconds
[2025-04-18T13:38:38.009+0000] {processor.py:186} INFO - Started process (PID=541) to work on /home/airflow/.local/lib/python3.12/site-packages/airflow/example_dags/example_setup_teardown.py
[2025-04-18T13:38:38.009+0000] {processor.py:914} INFO - Processing file /home/airflow/.local/lib/python3.12/site-packages/airflow/example_dags/example_setup_teardown.py for tasks to queue
[2025-04-18T13:38:38.011+0000] {logging_mixin.py:190} INFO - [2025-04-18T13:38:38.011+0000] {dagbag.py:588} INFO - Filling up the DagBag from /home/airflow/.local/lib/python3.12/site-packages/airflow/example_dags/example_setup_teardown.py
[2025-04-18T13:38:38.016+0000] {processor.py:925} INFO - DAG(s) 'example_setup_teardown' retrieved from /home/airflow/.local/lib/python3.12/site-packages/airflow/example_dags/example_setup_teardown.py
[2025-04-18T13:38:38.033+0000] {logging_mixin.py:190} INFO - [2025-04-18T13:38:38.032+0000] {dag.py:3239} INFO - Sync 1 DAGs
[2025-04-18T13:38:38.044+0000] {logging_mixin.py:190} INFO - [2025-04-18T13:38:38.044+0000] {dag.py:4180} INFO - Setting next_dagrun for example_setup_teardown to None, run_after=None
[2025-04-18T13:38:38.061+0000] {processor.py:208} INFO - Processing /home/airflow/.local/lib/python3.12/site-packages/airflow/example_dags/example_setup_teardown.py took 0.056 seconds
[2025-04-18T13:40:08.569+0000] {processor.py:186} INFO - Started process (PID=627) to work on /home/airflow/.local/lib/python3.12/site-packages/airflow/example_dags/example_setup_teardown.py
[2025-04-18T13:40:08.583+0000] {processor.py:914} INFO - Processing file /home/airflow/.local/lib/python3.12/site-packages/airflow/example_dags/example_setup_teardown.py for tasks to queue
[2025-04-18T13:40:08.627+0000] {logging_mixin.py:190} INFO - [2025-04-18T13:40:08.616+0000] {dagbag.py:588} INFO - Filling up the DagBag from /home/airflow/.local/lib/python3.12/site-packages/airflow/example_dags/example_setup_teardown.py
[2025-04-18T13:40:08.742+0000] {processor.py:925} INFO - DAG(s) 'example_setup_teardown' retrieved from /home/airflow/.local/lib/python3.12/site-packages/airflow/example_dags/example_setup_teardown.py
[2025-04-18T13:40:09.229+0000] {logging_mixin.py:190} INFO - [2025-04-18T13:40:09.226+0000] {dag.py:3239} INFO - Sync 1 DAGs
[2025-04-18T13:40:09.546+0000] {logging_mixin.py:190} INFO - [2025-04-18T13:40:09.542+0000] {dag.py:4180} INFO - Setting next_dagrun for example_setup_teardown to None, run_after=None
[2025-04-18T13:40:09.711+0000] {processor.py:208} INFO - Processing /home/airflow/.local/lib/python3.12/site-packages/airflow/example_dags/example_setup_teardown.py took 1.200 seconds
[2025-04-18T13:43:59.225+0000] {processor.py:186} INFO - Started process (PID=105) to work on /home/airflow/.local/lib/python3.12/site-packages/airflow/example_dags/example_setup_teardown.py
[2025-04-18T13:43:59.232+0000] {processor.py:914} INFO - Processing file /home/airflow/.local/lib/python3.12/site-packages/airflow/example_dags/example_setup_teardown.py for tasks to queue
[2025-04-18T13:43:59.244+0000] {logging_mixin.py:190} INFO - [2025-04-18T13:43:59.244+0000] {dagbag.py:588} INFO - Filling up the DagBag from /home/airflow/.local/lib/python3.12/site-packages/airflow/example_dags/example_setup_teardown.py
[2025-04-18T13:43:59.285+0000] {processor.py:925} INFO - DAG(s) 'example_setup_teardown' retrieved from /home/airflow/.local/lib/python3.12/site-packages/airflow/example_dags/example_setup_teardown.py
[2025-04-18T13:43:59.508+0000] {logging_mixin.py:190} INFO - [2025-04-18T13:43:59.507+0000] {dag.py:3239} INFO - Sync 1 DAGs
[2025-04-18T13:43:59.652+0000] {logging_mixin.py:190} INFO - [2025-04-18T13:43:59.646+0000] {dag.py:4180} INFO - Setting next_dagrun for example_setup_teardown to None, run_after=None
[2025-04-18T13:43:59.888+0000] {processor.py:208} INFO - Processing /home/airflow/.local/lib/python3.12/site-packages/airflow/example_dags/example_setup_teardown.py took 0.699 seconds
[2025-04-18T13:44:54.447+0000] {processor.py:186} INFO - Started process (PID=181) to work on /home/airflow/.local/lib/python3.12/site-packages/airflow/example_dags/example_setup_teardown.py
[2025-04-18T13:44:54.526+0000] {processor.py:914} INFO - Processing file /home/airflow/.local/lib/python3.12/site-packages/airflow/example_dags/example_setup_teardown.py for tasks to queue
[2025-04-18T13:44:54.579+0000] {logging_mixin.py:190} INFO - [2025-04-18T13:44:54.577+0000] {dagbag.py:588} INFO - Filling up the DagBag from /home/airflow/.local/lib/python3.12/site-packages/airflow/example_dags/example_setup_teardown.py
[2025-04-18T13:44:54.721+0000] {processor.py:925} INFO - DAG(s) 'example_setup_teardown' retrieved from /home/airflow/.local/lib/python3.12/site-packages/airflow/example_dags/example_setup_teardown.py
[2025-04-18T13:44:55.305+0000] {logging_mixin.py:190} INFO - [2025-04-18T13:44:55.295+0000] {dag.py:3239} INFO - Sync 1 DAGs
[2025-04-18T13:44:55.685+0000] {logging_mixin.py:190} INFO - [2025-04-18T13:44:55.672+0000] {dag.py:4180} INFO - Setting next_dagrun for example_setup_teardown to None, run_after=None
[2025-04-18T13:44:56.011+0000] {processor.py:208} INFO - Processing /home/airflow/.local/lib/python3.12/site-packages/airflow/example_dags/example_setup_teardown.py took 1.713 seconds
[2025-04-18T13:45:59.519+0000] {processor.py:186} INFO - Started process (PID=256) to work on /home/airflow/.local/lib/python3.12/site-packages/airflow/example_dags/example_setup_teardown.py
[2025-04-18T13:45:59.562+0000] {processor.py:914} INFO - Processing file /home/airflow/.local/lib/python3.12/site-packages/airflow/example_dags/example_setup_teardown.py for tasks to queue
[2025-04-18T13:45:59.742+0000] {logging_mixin.py:190} INFO - [2025-04-18T13:45:59.681+0000] {dagbag.py:588} INFO - Filling up the DagBag from /home/airflow/.local/lib/python3.12/site-packages/airflow/example_dags/example_setup_teardown.py
[2025-04-18T13:46:00.889+0000] {processor.py:925} INFO - DAG(s) 'example_setup_teardown' retrieved from /home/airflow/.local/lib/python3.12/site-packages/airflow/example_dags/example_setup_teardown.py
[2025-04-18T13:46:26.037+0000] {logging_mixin.py:190} INFO - [2025-04-18T13:46:25.962+0000] {dag.py:3239} INFO - Sync 1 DAGs
[2025-04-18T13:46:33.371+0000] {logging_mixin.py:190} INFO - [2025-04-18T13:46:33.347+0000] {dag.py:4180} INFO - Setting next_dagrun for example_setup_teardown to None, run_after=None
[2025-04-18T13:46:34.648+0000] {processor.py:208} INFO - Processing /home/airflow/.local/lib/python3.12/site-packages/airflow/example_dags/example_setup_teardown.py took 36.113 seconds
[2025-04-18T13:49:45.634+0000] {processor.py:186} INFO - Started process (PID=108) to work on /home/airflow/.local/lib/python3.12/site-packages/airflow/example_dags/example_setup_teardown.py
[2025-04-18T13:49:45.648+0000] {processor.py:914} INFO - Processing file /home/airflow/.local/lib/python3.12/site-packages/airflow/example_dags/example_setup_teardown.py for tasks to queue
[2025-04-18T13:49:45.685+0000] {logging_mixin.py:190} INFO - [2025-04-18T13:49:45.684+0000] {dagbag.py:588} INFO - Filling up the DagBag from /home/airflow/.local/lib/python3.12/site-packages/airflow/example_dags/example_setup_teardown.py
[2025-04-18T13:49:45.881+0000] {processor.py:925} INFO - DAG(s) 'example_setup_teardown' retrieved from /home/airflow/.local/lib/python3.12/site-packages/airflow/example_dags/example_setup_teardown.py
[2025-04-18T13:49:46.421+0000] {logging_mixin.py:190} INFO - [2025-04-18T13:49:46.416+0000] {dag.py:3239} INFO - Sync 1 DAGs
[2025-04-18T13:49:46.783+0000] {logging_mixin.py:190} INFO - [2025-04-18T13:49:46.777+0000] {dag.py:4180} INFO - Setting next_dagrun for example_setup_teardown to None, run_after=None
[2025-04-18T13:49:47.097+0000] {processor.py:208} INFO - Processing /home/airflow/.local/lib/python3.12/site-packages/airflow/example_dags/example_setup_teardown.py took 1.532 seconds
[2025-04-18T13:50:52.832+0000] {processor.py:186} INFO - Started process (PID=177) to work on /home/airflow/.local/lib/python3.12/site-packages/airflow/example_dags/example_setup_teardown.py
[2025-04-18T13:50:52.837+0000] {processor.py:914} INFO - Processing file /home/airflow/.local/lib/python3.12/site-packages/airflow/example_dags/example_setup_teardown.py for tasks to queue
[2025-04-18T13:50:52.861+0000] {logging_mixin.py:190} INFO - [2025-04-18T13:50:52.856+0000] {dagbag.py:588} INFO - Filling up the DagBag from /home/airflow/.local/lib/python3.12/site-packages/airflow/example_dags/example_setup_teardown.py
[2025-04-18T13:50:52.935+0000] {processor.py:925} INFO - DAG(s) 'example_setup_teardown' retrieved from /home/airflow/.local/lib/python3.12/site-packages/airflow/example_dags/example_setup_teardown.py
[2025-04-18T13:50:53.075+0000] {logging_mixin.py:190} INFO - [2025-04-18T13:50:53.073+0000] {dag.py:3239} INFO - Sync 1 DAGs
[2025-04-18T13:50:53.145+0000] {logging_mixin.py:190} INFO - [2025-04-18T13:50:53.144+0000] {dag.py:4180} INFO - Setting next_dagrun for example_setup_teardown to None, run_after=None
[2025-04-18T13:50:53.561+0000] {processor.py:208} INFO - Processing /home/airflow/.local/lib/python3.12/site-packages/airflow/example_dags/example_setup_teardown.py took 0.749 seconds
[2025-04-18T13:52:17.721+0000] {processor.py:186} INFO - Started process (PID=270) to work on /home/airflow/.local/lib/python3.12/site-packages/airflow/example_dags/example_setup_teardown.py
[2025-04-18T13:52:17.730+0000] {processor.py:914} INFO - Processing file /home/airflow/.local/lib/python3.12/site-packages/airflow/example_dags/example_setup_teardown.py for tasks to queue
[2025-04-18T13:52:17.743+0000] {logging_mixin.py:190} INFO - [2025-04-18T13:52:17.743+0000] {dagbag.py:588} INFO - Filling up the DagBag from /home/airflow/.local/lib/python3.12/site-packages/airflow/example_dags/example_setup_teardown.py
[2025-04-18T13:52:17.881+0000] {processor.py:925} INFO - DAG(s) 'example_setup_teardown' retrieved from /home/airflow/.local/lib/python3.12/site-packages/airflow/example_dags/example_setup_teardown.py
[2025-04-18T13:52:18.017+0000] {logging_mixin.py:190} INFO - [2025-04-18T13:52:18.013+0000] {dag.py:3239} INFO - Sync 1 DAGs
[2025-04-18T13:52:18.089+0000] {logging_mixin.py:190} INFO - [2025-04-18T13:52:18.089+0000] {dag.py:4180} INFO - Setting next_dagrun for example_setup_teardown to None, run_after=None
[2025-04-18T13:52:18.242+0000] {processor.py:208} INFO - Processing /home/airflow/.local/lib/python3.12/site-packages/airflow/example_dags/example_setup_teardown.py took 0.532 seconds
[2025-04-18T13:53:26.916+0000] {processor.py:186} INFO - Started process (PID=344) to work on /home/airflow/.local/lib/python3.12/site-packages/airflow/example_dags/example_setup_teardown.py
[2025-04-18T13:53:26.924+0000] {processor.py:914} INFO - Processing file /home/airflow/.local/lib/python3.12/site-packages/airflow/example_dags/example_setup_teardown.py for tasks to queue
[2025-04-18T13:53:26.953+0000] {logging_mixin.py:190} INFO - [2025-04-18T13:53:26.951+0000] {dagbag.py:588} INFO - Filling up the DagBag from /home/airflow/.local/lib/python3.12/site-packages/airflow/example_dags/example_setup_teardown.py
[2025-04-18T13:53:27.024+0000] {processor.py:925} INFO - DAG(s) 'example_setup_teardown' retrieved from /home/airflow/.local/lib/python3.12/site-packages/airflow/example_dags/example_setup_teardown.py
[2025-04-18T13:53:27.715+0000] {logging_mixin.py:190} INFO - [2025-04-18T13:53:27.705+0000] {dag.py:3239} INFO - Sync 1 DAGs
[2025-04-18T13:53:27.898+0000] {logging_mixin.py:190} INFO - [2025-04-18T13:53:27.892+0000] {dag.py:4180} INFO - Setting next_dagrun for example_setup_teardown to None, run_after=None
[2025-04-18T13:53:28.064+0000] {processor.py:208} INFO - Processing /home/airflow/.local/lib/python3.12/site-packages/airflow/example_dags/example_setup_teardown.py took 1.176 seconds
[2025-04-18T13:54:09.970+0000] {processor.py:186} INFO - Started process (PID=414) to work on /home/airflow/.local/lib/python3.12/site-packages/airflow/example_dags/example_setup_teardown.py
[2025-04-18T13:54:09.974+0000] {processor.py:914} INFO - Processing file /home/airflow/.local/lib/python3.12/site-packages/airflow/example_dags/example_setup_teardown.py for tasks to queue
[2025-04-18T13:54:09.992+0000] {logging_mixin.py:190} INFO - [2025-04-18T13:54:09.991+0000] {dagbag.py:588} INFO - Filling up the DagBag from /home/airflow/.local/lib/python3.12/site-packages/airflow/example_dags/example_setup_teardown.py
[2025-04-18T13:54:10.057+0000] {processor.py:925} INFO - DAG(s) 'example_setup_teardown' retrieved from /home/airflow/.local/lib/python3.12/site-packages/airflow/example_dags/example_setup_teardown.py
[2025-04-18T13:54:10.346+0000] {logging_mixin.py:190} INFO - [2025-04-18T13:54:10.344+0000] {dag.py:3239} INFO - Sync 1 DAGs
[2025-04-18T13:54:10.493+0000] {logging_mixin.py:190} INFO - [2025-04-18T13:54:10.492+0000] {dag.py:4180} INFO - Setting next_dagrun for example_setup_teardown to None, run_after=None
[2025-04-18T13:54:10.608+0000] {processor.py:208} INFO - Processing /home/airflow/.local/lib/python3.12/site-packages/airflow/example_dags/example_setup_teardown.py took 0.675 seconds
[2025-04-18T13:54:42.891+0000] {processor.py:186} INFO - Started process (PID=476) to work on /home/airflow/.local/lib/python3.12/site-packages/airflow/example_dags/example_setup_teardown.py
[2025-04-18T13:54:42.895+0000] {processor.py:914} INFO - Processing file /home/airflow/.local/lib/python3.12/site-packages/airflow/example_dags/example_setup_teardown.py for tasks to queue
[2025-04-18T13:54:42.933+0000] {logging_mixin.py:190} INFO - [2025-04-18T13:54:42.930+0000] {dagbag.py:588} INFO - Filling up the DagBag from /home/airflow/.local/lib/python3.12/site-packages/airflow/example_dags/example_setup_teardown.py
[2025-04-18T13:54:42.989+0000] {processor.py:925} INFO - DAG(s) 'example_setup_teardown' retrieved from /home/airflow/.local/lib/python3.12/site-packages/airflow/example_dags/example_setup_teardown.py
[2025-04-18T13:54:43.138+0000] {logging_mixin.py:190} INFO - [2025-04-18T13:54:43.137+0000] {dag.py:3239} INFO - Sync 1 DAGs
[2025-04-18T13:54:43.190+0000] {logging_mixin.py:190} INFO - [2025-04-18T13:54:43.189+0000] {dag.py:4180} INFO - Setting next_dagrun for example_setup_teardown to None, run_after=None
[2025-04-18T13:54:43.348+0000] {processor.py:208} INFO - Processing /home/airflow/.local/lib/python3.12/site-packages/airflow/example_dags/example_setup_teardown.py took 0.486 seconds
