[2025-04-18T13:27:30.263+0000] {processor.py:186} INFO - Started process (PID=140) to work on /home/airflow/.local/lib/python3.12/site-packages/airflow/example_dags/example_branch_datetime_operator.py
[2025-04-18T13:27:30.272+0000] {processor.py:914} INFO - Processing file /home/airflow/.local/lib/python3.12/site-packages/airflow/example_dags/example_branch_datetime_operator.py for tasks to queue
[2025-04-18T13:27:30.287+0000] {logging_mixin.py:190} INFO - [2025-04-18T13:27:30.285+0000] {dagbag.py:588} INFO - Filling up the DagBag from /home/airflow/.local/lib/python3.12/site-packages/airflow/example_dags/example_branch_datetime_operator.py
[2025-04-18T13:27:30.411+0000] {processor.py:925} INFO - DAG(s) 'example_branch_datetime_operator_3', 'example_branch_datetime_operator_2', 'example_branch_datetime_operator' retrieved from /home/airflow/.local/lib/python3.12/site-packages/airflow/example_dags/example_branch_datetime_operator.py
[2025-04-18T13:27:31.460+0000] {logging_mixin.py:190} INFO - [2025-04-18T13:27:31.453+0000] {dag.py:3239} INFO - Sync 3 DAGs
[2025-04-18T13:27:31.646+0000] {logging_mixin.py:190} INFO - [2025-04-18T13:27:31.643+0000] {dag.py:4180} INFO - Setting next_dagrun for example_branch_datetime_operator to 2025-04-17 00:00:00+00:00, run_after=2025-04-18 00:00:00+00:00
[2025-04-18T13:27:31.662+0000] {logging_mixin.py:190} INFO - [2025-04-18T13:27:31.661+0000] {dag.py:4180} INFO - Setting next_dagrun for example_branch_datetime_operator_2 to 2025-04-17 00:00:00+00:00, run_after=2025-04-18 00:00:00+00:00
[2025-04-18T13:27:31.670+0000] {logging_mixin.py:190} INFO - [2025-04-18T13:27:31.670+0000] {dag.py:4180} INFO - Setting next_dagrun for example_branch_datetime_operator_3 to 2025-04-17 00:00:00+00:00, run_after=2025-04-18 00:00:00+00:00
[2025-04-18T13:27:31.768+0000] {processor.py:208} INFO - Processing /home/airflow/.local/lib/python3.12/site-packages/airflow/example_dags/example_branch_datetime_operator.py took 1.551 seconds
[2025-04-18T13:30:32.723+0000] {processor.py:186} INFO - Started process (PID=126) to work on /home/airflow/.local/lib/python3.12/site-packages/airflow/example_dags/example_branch_datetime_operator.py
[2025-04-18T13:30:32.732+0000] {processor.py:914} INFO - Processing file /home/airflow/.local/lib/python3.12/site-packages/airflow/example_dags/example_branch_datetime_operator.py for tasks to queue
[2025-04-18T13:30:32.740+0000] {logging_mixin.py:190} INFO - [2025-04-18T13:30:32.739+0000] {dagbag.py:588} INFO - Filling up the DagBag from /home/airflow/.local/lib/python3.12/site-packages/airflow/example_dags/example_branch_datetime_operator.py
[2025-04-18T13:30:32.802+0000] {processor.py:925} INFO - DAG(s) 'example_branch_datetime_operator', 'example_branch_datetime_operator_3', 'example_branch_datetime_operator_2' retrieved from /home/airflow/.local/lib/python3.12/site-packages/airflow/example_dags/example_branch_datetime_operator.py
[2025-04-18T13:30:32.948+0000] {logging_mixin.py:190} INFO - [2025-04-18T13:30:32.947+0000] {dag.py:3239} INFO - Sync 3 DAGs
[2025-04-18T13:30:33.039+0000] {logging_mixin.py:190} INFO - [2025-04-18T13:30:33.039+0000] {dag.py:4180} INFO - Setting next_dagrun for example_branch_datetime_operator to 2025-04-17 00:00:00+00:00, run_after=2025-04-18 00:00:00+00:00
[2025-04-18T13:30:33.055+0000] {logging_mixin.py:190} INFO - [2025-04-18T13:30:33.054+0000] {dag.py:4180} INFO - Setting next_dagrun for example_branch_datetime_operator_2 to 2025-04-17 00:00:00+00:00, run_after=2025-04-18 00:00:00+00:00
[2025-04-18T13:30:33.064+0000] {logging_mixin.py:190} INFO - [2025-04-18T13:30:33.063+0000] {dag.py:4180} INFO - Setting next_dagrun for example_branch_datetime_operator_3 to 2025-04-17 00:00:00+00:00, run_after=2025-04-18 00:00:00+00:00
[2025-04-18T13:30:33.143+0000] {processor.py:208} INFO - Processing /home/airflow/.local/lib/python3.12/site-packages/airflow/example_dags/example_branch_datetime_operator.py took 0.458 seconds
[2025-04-18T13:31:03.255+0000] {processor.py:186} INFO - Started process (PID=189) to work on /home/airflow/.local/lib/python3.12/site-packages/airflow/example_dags/example_branch_datetime_operator.py
[2025-04-18T13:31:03.258+0000] {processor.py:914} INFO - Processing file /home/airflow/.local/lib/python3.12/site-packages/airflow/example_dags/example_branch_datetime_operator.py for tasks to queue
[2025-04-18T13:31:03.263+0000] {logging_mixin.py:190} INFO - [2025-04-18T13:31:03.263+0000] {dagbag.py:588} INFO - Filling up the DagBag from /home/airflow/.local/lib/python3.12/site-packages/airflow/example_dags/example_branch_datetime_operator.py
[2025-04-18T13:31:03.278+0000] {processor.py:925} INFO - DAG(s) 'example_branch_datetime_operator_2', 'example_branch_datetime_operator_3', 'example_branch_datetime_operator' retrieved from /home/airflow/.local/lib/python3.12/site-packages/airflow/example_dags/example_branch_datetime_operator.py
[2025-04-18T13:31:03.309+0000] {logging_mixin.py:190} INFO - [2025-04-18T13:31:03.309+0000] {dag.py:3239} INFO - Sync 3 DAGs
[2025-04-18T13:31:03.331+0000] {logging_mixin.py:190} INFO - [2025-04-18T13:31:03.331+0000] {dag.py:4180} INFO - Setting next_dagrun for example_branch_datetime_operator to 2025-04-17 00:00:00+00:00, run_after=2025-04-18 00:00:00+00:00
[2025-04-18T13:31:03.332+0000] {logging_mixin.py:190} INFO - [2025-04-18T13:31:03.332+0000] {dag.py:4180} INFO - Setting next_dagrun for example_branch_datetime_operator_2 to 2025-04-17 00:00:00+00:00, run_after=2025-04-18 00:00:00+00:00
[2025-04-18T13:31:03.333+0000] {logging_mixin.py:190} INFO - [2025-04-18T13:31:03.333+0000] {dag.py:4180} INFO - Setting next_dagrun for example_branch_datetime_operator_3 to 2025-04-17 00:00:00+00:00, run_after=2025-04-18 00:00:00+00:00
[2025-04-18T13:31:03.339+0000] {processor.py:208} INFO - Processing /home/airflow/.local/lib/python3.12/site-packages/airflow/example_dags/example_branch_datetime_operator.py took 0.106 seconds
[2025-04-18T13:31:33.717+0000] {processor.py:186} INFO - Started process (PID=253) to work on /home/airflow/.local/lib/python3.12/site-packages/airflow/example_dags/example_branch_datetime_operator.py
[2025-04-18T13:31:33.719+0000] {processor.py:914} INFO - Processing file /home/airflow/.local/lib/python3.12/site-packages/airflow/example_dags/example_branch_datetime_operator.py for tasks to queue
[2025-04-18T13:31:33.725+0000] {logging_mixin.py:190} INFO - [2025-04-18T13:31:33.725+0000] {dagbag.py:588} INFO - Filling up the DagBag from /home/airflow/.local/lib/python3.12/site-packages/airflow/example_dags/example_branch_datetime_operator.py
[2025-04-18T13:31:33.747+0000] {processor.py:925} INFO - DAG(s) 'example_branch_datetime_operator_3', 'example_branch_datetime_operator_2', 'example_branch_datetime_operator' retrieved from /home/airflow/.local/lib/python3.12/site-packages/airflow/example_dags/example_branch_datetime_operator.py
[2025-04-18T13:31:33.774+0000] {logging_mixin.py:190} INFO - [2025-04-18T13:31:33.774+0000] {dag.py:3239} INFO - Sync 3 DAGs
[2025-04-18T13:31:33.797+0000] {logging_mixin.py:190} INFO - [2025-04-18T13:31:33.797+0000] {dag.py:4180} INFO - Setting next_dagrun for example_branch_datetime_operator to 2025-04-17 00:00:00+00:00, run_after=2025-04-18 00:00:00+00:00
[2025-04-18T13:31:33.801+0000] {logging_mixin.py:190} INFO - [2025-04-18T13:31:33.801+0000] {dag.py:4180} INFO - Setting next_dagrun for example_branch_datetime_operator_2 to 2025-04-17 00:00:00+00:00, run_after=2025-04-18 00:00:00+00:00
[2025-04-18T13:31:33.802+0000] {logging_mixin.py:190} INFO - [2025-04-18T13:31:33.802+0000] {dag.py:4180} INFO - Setting next_dagrun for example_branch_datetime_operator_3 to 2025-04-17 00:00:00+00:00, run_after=2025-04-18 00:00:00+00:00
[2025-04-18T13:31:33.811+0000] {processor.py:208} INFO - Processing /home/airflow/.local/lib/python3.12/site-packages/airflow/example_dags/example_branch_datetime_operator.py took 0.104 seconds
[2025-04-18T13:32:03.965+0000] {processor.py:186} INFO - Started process (PID=317) to work on /home/airflow/.local/lib/python3.12/site-packages/airflow/example_dags/example_branch_datetime_operator.py
[2025-04-18T13:32:03.967+0000] {processor.py:914} INFO - Processing file /home/airflow/.local/lib/python3.12/site-packages/airflow/example_dags/example_branch_datetime_operator.py for tasks to queue
[2025-04-18T13:32:03.971+0000] {logging_mixin.py:190} INFO - [2025-04-18T13:32:03.971+0000] {dagbag.py:588} INFO - Filling up the DagBag from /home/airflow/.local/lib/python3.12/site-packages/airflow/example_dags/example_branch_datetime_operator.py
[2025-04-18T13:32:03.996+0000] {processor.py:925} INFO - DAG(s) 'example_branch_datetime_operator_2', 'example_branch_datetime_operator_3', 'example_branch_datetime_operator' retrieved from /home/airflow/.local/lib/python3.12/site-packages/airflow/example_dags/example_branch_datetime_operator.py
[2025-04-18T13:32:04.035+0000] {logging_mixin.py:190} INFO - [2025-04-18T13:32:04.035+0000] {dag.py:3239} INFO - Sync 3 DAGs
[2025-04-18T13:32:04.057+0000] {logging_mixin.py:190} INFO - [2025-04-18T13:32:04.057+0000] {dag.py:4180} INFO - Setting next_dagrun for example_branch_datetime_operator to 2025-04-17 00:00:00+00:00, run_after=2025-04-18 00:00:00+00:00
[2025-04-18T13:32:04.060+0000] {logging_mixin.py:190} INFO - [2025-04-18T13:32:04.060+0000] {dag.py:4180} INFO - Setting next_dagrun for example_branch_datetime_operator_2 to 2025-04-17 00:00:00+00:00, run_after=2025-04-18 00:00:00+00:00
[2025-04-18T13:32:04.062+0000] {logging_mixin.py:190} INFO - [2025-04-18T13:32:04.062+0000] {dag.py:4180} INFO - Setting next_dagrun for example_branch_datetime_operator_3 to 2025-04-17 00:00:00+00:00, run_after=2025-04-18 00:00:00+00:00
[2025-04-18T13:32:04.075+0000] {processor.py:208} INFO - Processing /home/airflow/.local/lib/python3.12/site-packages/airflow/example_dags/example_branch_datetime_operator.py took 0.122 seconds
[2025-04-18T13:35:14.723+0000] {processor.py:186} INFO - Started process (PID=116) to work on /home/airflow/.local/lib/python3.12/site-packages/airflow/example_dags/example_branch_datetime_operator.py
[2025-04-18T13:35:14.725+0000] {processor.py:914} INFO - Processing file /home/airflow/.local/lib/python3.12/site-packages/airflow/example_dags/example_branch_datetime_operator.py for tasks to queue
[2025-04-18T13:35:14.735+0000] {logging_mixin.py:190} INFO - [2025-04-18T13:35:14.734+0000] {dagbag.py:588} INFO - Filling up the DagBag from /home/airflow/.local/lib/python3.12/site-packages/airflow/example_dags/example_branch_datetime_operator.py
[2025-04-18T13:35:14.779+0000] {processor.py:925} INFO - DAG(s) 'example_branch_datetime_operator_3', 'example_branch_datetime_operator_2', 'example_branch_datetime_operator' retrieved from /home/airflow/.local/lib/python3.12/site-packages/airflow/example_dags/example_branch_datetime_operator.py
[2025-04-18T13:35:14.879+0000] {logging_mixin.py:190} INFO - [2025-04-18T13:35:14.879+0000] {dag.py:3239} INFO - Sync 3 DAGs
[2025-04-18T13:35:15.039+0000] {logging_mixin.py:190} INFO - [2025-04-18T13:35:15.030+0000] {dag.py:4180} INFO - Setting next_dagrun for example_branch_datetime_operator to 2025-04-17 00:00:00+00:00, run_after=2025-04-18 00:00:00+00:00
[2025-04-18T13:35:15.098+0000] {logging_mixin.py:190} INFO - [2025-04-18T13:35:15.097+0000] {dag.py:4180} INFO - Setting next_dagrun for example_branch_datetime_operator_2 to 2025-04-17 00:00:00+00:00, run_after=2025-04-18 00:00:00+00:00
[2025-04-18T13:35:15.120+0000] {logging_mixin.py:190} INFO - [2025-04-18T13:35:15.120+0000] {dag.py:4180} INFO - Setting next_dagrun for example_branch_datetime_operator_3 to 2025-04-17 00:00:00+00:00, run_after=2025-04-18 00:00:00+00:00
[2025-04-18T13:35:15.205+0000] {processor.py:208} INFO - Processing /home/airflow/.local/lib/python3.12/site-packages/airflow/example_dags/example_branch_datetime_operator.py took 0.506 seconds
[2025-04-18T13:35:45.956+0000] {processor.py:186} INFO - Started process (PID=179) to work on /home/airflow/.local/lib/python3.12/site-packages/airflow/example_dags/example_branch_datetime_operator.py
[2025-04-18T13:35:45.958+0000] {processor.py:914} INFO - Processing file /home/airflow/.local/lib/python3.12/site-packages/airflow/example_dags/example_branch_datetime_operator.py for tasks to queue
[2025-04-18T13:35:45.961+0000] {logging_mixin.py:190} INFO - [2025-04-18T13:35:45.961+0000] {dagbag.py:588} INFO - Filling up the DagBag from /home/airflow/.local/lib/python3.12/site-packages/airflow/example_dags/example_branch_datetime_operator.py
[2025-04-18T13:35:45.971+0000] {processor.py:925} INFO - DAG(s) 'example_branch_datetime_operator_2', 'example_branch_datetime_operator', 'example_branch_datetime_operator_3' retrieved from /home/airflow/.local/lib/python3.12/site-packages/airflow/example_dags/example_branch_datetime_operator.py
[2025-04-18T13:35:45.999+0000] {logging_mixin.py:190} INFO - [2025-04-18T13:35:45.999+0000] {dag.py:3239} INFO - Sync 3 DAGs
[2025-04-18T13:35:46.014+0000] {logging_mixin.py:190} INFO - [2025-04-18T13:35:46.014+0000] {dag.py:4180} INFO - Setting next_dagrun for example_branch_datetime_operator to 2025-04-17 00:00:00+00:00, run_after=2025-04-18 00:00:00+00:00
[2025-04-18T13:35:46.018+0000] {logging_mixin.py:190} INFO - [2025-04-18T13:35:46.017+0000] {dag.py:4180} INFO - Setting next_dagrun for example_branch_datetime_operator_2 to 2025-04-17 00:00:00+00:00, run_after=2025-04-18 00:00:00+00:00
[2025-04-18T13:35:46.018+0000] {logging_mixin.py:190} INFO - [2025-04-18T13:35:46.018+0000] {dag.py:4180} INFO - Setting next_dagrun for example_branch_datetime_operator_3 to 2025-04-17 00:00:00+00:00, run_after=2025-04-18 00:00:00+00:00
[2025-04-18T13:35:46.029+0000] {processor.py:208} INFO - Processing /home/airflow/.local/lib/python3.12/site-packages/airflow/example_dags/example_branch_datetime_operator.py took 0.087 seconds
[2025-04-18T13:36:16.206+0000] {processor.py:186} INFO - Started process (PID=243) to work on /home/airflow/.local/lib/python3.12/site-packages/airflow/example_dags/example_branch_datetime_operator.py
[2025-04-18T13:36:16.208+0000] {processor.py:914} INFO - Processing file /home/airflow/.local/lib/python3.12/site-packages/airflow/example_dags/example_branch_datetime_operator.py for tasks to queue
[2025-04-18T13:36:16.214+0000] {logging_mixin.py:190} INFO - [2025-04-18T13:36:16.214+0000] {dagbag.py:588} INFO - Filling up the DagBag from /home/airflow/.local/lib/python3.12/site-packages/airflow/example_dags/example_branch_datetime_operator.py
[2025-04-18T13:36:16.237+0000] {processor.py:925} INFO - DAG(s) 'example_branch_datetime_operator', 'example_branch_datetime_operator_2', 'example_branch_datetime_operator_3' retrieved from /home/airflow/.local/lib/python3.12/site-packages/airflow/example_dags/example_branch_datetime_operator.py
[2025-04-18T13:36:16.271+0000] {logging_mixin.py:190} INFO - [2025-04-18T13:36:16.271+0000] {dag.py:3239} INFO - Sync 3 DAGs
[2025-04-18T13:36:16.299+0000] {logging_mixin.py:190} INFO - [2025-04-18T13:36:16.299+0000] {dag.py:4180} INFO - Setting next_dagrun for example_branch_datetime_operator to 2025-04-17 00:00:00+00:00, run_after=2025-04-18 00:00:00+00:00
[2025-04-18T13:36:16.305+0000] {logging_mixin.py:190} INFO - [2025-04-18T13:36:16.305+0000] {dag.py:4180} INFO - Setting next_dagrun for example_branch_datetime_operator_2 to 2025-04-17 00:00:00+00:00, run_after=2025-04-18 00:00:00+00:00
[2025-04-18T13:36:16.306+0000] {logging_mixin.py:190} INFO - [2025-04-18T13:36:16.306+0000] {dag.py:4180} INFO - Setting next_dagrun for example_branch_datetime_operator_3 to 2025-04-17 00:00:00+00:00, run_after=2025-04-18 00:00:00+00:00
[2025-04-18T13:36:16.313+0000] {processor.py:208} INFO - Processing /home/airflow/.local/lib/python3.12/site-packages/airflow/example_dags/example_branch_datetime_operator.py took 0.116 seconds
[2025-04-18T13:36:47.158+0000] {processor.py:186} INFO - Started process (PID=307) to work on /home/airflow/.local/lib/python3.12/site-packages/airflow/example_dags/example_branch_datetime_operator.py
[2025-04-18T13:36:47.163+0000] {processor.py:914} INFO - Processing file /home/airflow/.local/lib/python3.12/site-packages/airflow/example_dags/example_branch_datetime_operator.py for tasks to queue
[2025-04-18T13:36:47.168+0000] {logging_mixin.py:190} INFO - [2025-04-18T13:36:47.167+0000] {dagbag.py:588} INFO - Filling up the DagBag from /home/airflow/.local/lib/python3.12/site-packages/airflow/example_dags/example_branch_datetime_operator.py
[2025-04-18T13:36:47.197+0000] {processor.py:925} INFO - DAG(s) 'example_branch_datetime_operator_3', 'example_branch_datetime_operator', 'example_branch_datetime_operator_2' retrieved from /home/airflow/.local/lib/python3.12/site-packages/airflow/example_dags/example_branch_datetime_operator.py
[2025-04-18T13:36:47.245+0000] {logging_mixin.py:190} INFO - [2025-04-18T13:36:47.245+0000] {dag.py:3239} INFO - Sync 3 DAGs
[2025-04-18T13:36:47.279+0000] {logging_mixin.py:190} INFO - [2025-04-18T13:36:47.279+0000] {dag.py:4180} INFO - Setting next_dagrun for example_branch_datetime_operator to 2025-04-17 00:00:00+00:00, run_after=2025-04-18 00:00:00+00:00
[2025-04-18T13:36:47.282+0000] {logging_mixin.py:190} INFO - [2025-04-18T13:36:47.282+0000] {dag.py:4180} INFO - Setting next_dagrun for example_branch_datetime_operator_2 to 2025-04-17 00:00:00+00:00, run_after=2025-04-18 00:00:00+00:00
[2025-04-18T13:36:47.285+0000] {logging_mixin.py:190} INFO - [2025-04-18T13:36:47.284+0000] {dag.py:4180} INFO - Setting next_dagrun for example_branch_datetime_operator_3 to 2025-04-17 00:00:00+00:00, run_after=2025-04-18 00:00:00+00:00
[2025-04-18T13:36:47.297+0000] {processor.py:208} INFO - Processing /home/airflow/.local/lib/python3.12/site-packages/airflow/example_dags/example_branch_datetime_operator.py took 0.165 seconds
[2025-04-18T13:37:17.605+0000] {processor.py:186} INFO - Started process (PID=370) to work on /home/airflow/.local/lib/python3.12/site-packages/airflow/example_dags/example_branch_datetime_operator.py
[2025-04-18T13:37:17.608+0000] {processor.py:914} INFO - Processing file /home/airflow/.local/lib/python3.12/site-packages/airflow/example_dags/example_branch_datetime_operator.py for tasks to queue
[2025-04-18T13:37:17.614+0000] {logging_mixin.py:190} INFO - [2025-04-18T13:37:17.614+0000] {dagbag.py:588} INFO - Filling up the DagBag from /home/airflow/.local/lib/python3.12/site-packages/airflow/example_dags/example_branch_datetime_operator.py
[2025-04-18T13:37:17.627+0000] {processor.py:925} INFO - DAG(s) 'example_branch_datetime_operator_2', 'example_branch_datetime_operator', 'example_branch_datetime_operator_3' retrieved from /home/airflow/.local/lib/python3.12/site-packages/airflow/example_dags/example_branch_datetime_operator.py
[2025-04-18T13:37:17.650+0000] {logging_mixin.py:190} INFO - [2025-04-18T13:37:17.650+0000] {dag.py:3239} INFO - Sync 3 DAGs
[2025-04-18T13:37:17.672+0000] {logging_mixin.py:190} INFO - [2025-04-18T13:37:17.672+0000] {dag.py:4180} INFO - Setting next_dagrun for example_branch_datetime_operator to 2025-04-17 00:00:00+00:00, run_after=2025-04-18 00:00:00+00:00
[2025-04-18T13:37:17.677+0000] {logging_mixin.py:190} INFO - [2025-04-18T13:37:17.677+0000] {dag.py:4180} INFO - Setting next_dagrun for example_branch_datetime_operator_2 to 2025-04-17 00:00:00+00:00, run_after=2025-04-18 00:00:00+00:00
[2025-04-18T13:37:17.680+0000] {logging_mixin.py:190} INFO - [2025-04-18T13:37:17.680+0000] {dag.py:4180} INFO - Setting next_dagrun for example_branch_datetime_operator_3 to 2025-04-17 00:00:00+00:00, run_after=2025-04-18 00:00:00+00:00
[2025-04-18T13:37:17.756+0000] {processor.py:208} INFO - Processing /home/airflow/.local/lib/python3.12/site-packages/airflow/example_dags/example_branch_datetime_operator.py took 0.158 seconds
[2025-04-18T13:37:48.344+0000] {processor.py:186} INFO - Started process (PID=434) to work on /home/airflow/.local/lib/python3.12/site-packages/airflow/example_dags/example_branch_datetime_operator.py
[2025-04-18T13:37:48.349+0000] {processor.py:914} INFO - Processing file /home/airflow/.local/lib/python3.12/site-packages/airflow/example_dags/example_branch_datetime_operator.py for tasks to queue
[2025-04-18T13:37:48.352+0000] {logging_mixin.py:190} INFO - [2025-04-18T13:37:48.352+0000] {dagbag.py:588} INFO - Filling up the DagBag from /home/airflow/.local/lib/python3.12/site-packages/airflow/example_dags/example_branch_datetime_operator.py
[2025-04-18T13:37:48.367+0000] {processor.py:925} INFO - DAG(s) 'example_branch_datetime_operator_2', 'example_branch_datetime_operator', 'example_branch_datetime_operator_3' retrieved from /home/airflow/.local/lib/python3.12/site-packages/airflow/example_dags/example_branch_datetime_operator.py
[2025-04-18T13:37:48.397+0000] {logging_mixin.py:190} INFO - [2025-04-18T13:37:48.397+0000] {dag.py:3239} INFO - Sync 3 DAGs
[2025-04-18T13:37:48.421+0000] {logging_mixin.py:190} INFO - [2025-04-18T13:37:48.421+0000] {dag.py:4180} INFO - Setting next_dagrun for example_branch_datetime_operator to 2025-04-17 00:00:00+00:00, run_after=2025-04-18 00:00:00+00:00
[2025-04-18T13:37:48.424+0000] {logging_mixin.py:190} INFO - [2025-04-18T13:37:48.424+0000] {dag.py:4180} INFO - Setting next_dagrun for example_branch_datetime_operator_2 to 2025-04-17 00:00:00+00:00, run_after=2025-04-18 00:00:00+00:00
[2025-04-18T13:37:48.425+0000] {logging_mixin.py:190} INFO - [2025-04-18T13:37:48.425+0000] {dag.py:4180} INFO - Setting next_dagrun for example_branch_datetime_operator_3 to 2025-04-17 00:00:00+00:00, run_after=2025-04-18 00:00:00+00:00
[2025-04-18T13:37:48.434+0000] {processor.py:208} INFO - Processing /home/airflow/.local/lib/python3.12/site-packages/airflow/example_dags/example_branch_datetime_operator.py took 0.100 seconds
[2025-04-18T13:38:18.517+0000] {processor.py:186} INFO - Started process (PID=497) to work on /home/airflow/.local/lib/python3.12/site-packages/airflow/example_dags/example_branch_datetime_operator.py
[2025-04-18T13:38:18.522+0000] {processor.py:914} INFO - Processing file /home/airflow/.local/lib/python3.12/site-packages/airflow/example_dags/example_branch_datetime_operator.py for tasks to queue
[2025-04-18T13:38:18.524+0000] {logging_mixin.py:190} INFO - [2025-04-18T13:38:18.523+0000] {dagbag.py:588} INFO - Filling up the DagBag from /home/airflow/.local/lib/python3.12/site-packages/airflow/example_dags/example_branch_datetime_operator.py
[2025-04-18T13:38:18.538+0000] {processor.py:925} INFO - DAG(s) 'example_branch_datetime_operator_2', 'example_branch_datetime_operator', 'example_branch_datetime_operator_3' retrieved from /home/airflow/.local/lib/python3.12/site-packages/airflow/example_dags/example_branch_datetime_operator.py
[2025-04-18T13:38:18.555+0000] {logging_mixin.py:190} INFO - [2025-04-18T13:38:18.555+0000] {dag.py:3239} INFO - Sync 3 DAGs
[2025-04-18T13:38:18.574+0000] {logging_mixin.py:190} INFO - [2025-04-18T13:38:18.574+0000] {dag.py:4180} INFO - Setting next_dagrun for example_branch_datetime_operator to 2025-04-17 00:00:00+00:00, run_after=2025-04-18 00:00:00+00:00
[2025-04-18T13:38:18.577+0000] {logging_mixin.py:190} INFO - [2025-04-18T13:38:18.577+0000] {dag.py:4180} INFO - Setting next_dagrun for example_branch_datetime_operator_2 to 2025-04-17 00:00:00+00:00, run_after=2025-04-18 00:00:00+00:00
[2025-04-18T13:38:18.580+0000] {logging_mixin.py:190} INFO - [2025-04-18T13:38:18.580+0000] {dag.py:4180} INFO - Setting next_dagrun for example_branch_datetime_operator_3 to 2025-04-17 00:00:00+00:00, run_after=2025-04-18 00:00:00+00:00
[2025-04-18T13:38:18.587+0000] {processor.py:208} INFO - Processing /home/airflow/.local/lib/python3.12/site-packages/airflow/example_dags/example_branch_datetime_operator.py took 0.079 seconds
[2025-04-18T13:38:48.706+0000] {processor.py:186} INFO - Started process (PID=561) to work on /home/airflow/.local/lib/python3.12/site-packages/airflow/example_dags/example_branch_datetime_operator.py
[2025-04-18T13:38:48.708+0000] {processor.py:914} INFO - Processing file /home/airflow/.local/lib/python3.12/site-packages/airflow/example_dags/example_branch_datetime_operator.py for tasks to queue
[2025-04-18T13:38:48.712+0000] {logging_mixin.py:190} INFO - [2025-04-18T13:38:48.711+0000] {dagbag.py:588} INFO - Filling up the DagBag from /home/airflow/.local/lib/python3.12/site-packages/airflow/example_dags/example_branch_datetime_operator.py
[2025-04-18T13:38:48.730+0000] {processor.py:925} INFO - DAG(s) 'example_branch_datetime_operator_2', 'example_branch_datetime_operator_3', 'example_branch_datetime_operator' retrieved from /home/airflow/.local/lib/python3.12/site-packages/airflow/example_dags/example_branch_datetime_operator.py
[2025-04-18T13:38:48.759+0000] {logging_mixin.py:190} INFO - [2025-04-18T13:38:48.759+0000] {dag.py:3239} INFO - Sync 3 DAGs
[2025-04-18T13:38:48.784+0000] {logging_mixin.py:190} INFO - [2025-04-18T13:38:48.784+0000] {dag.py:4180} INFO - Setting next_dagrun for example_branch_datetime_operator to 2025-04-17 00:00:00+00:00, run_after=2025-04-18 00:00:00+00:00
[2025-04-18T13:38:48.789+0000] {logging_mixin.py:190} INFO - [2025-04-18T13:38:48.789+0000] {dag.py:4180} INFO - Setting next_dagrun for example_branch_datetime_operator_2 to 2025-04-17 00:00:00+00:00, run_after=2025-04-18 00:00:00+00:00
[2025-04-18T13:38:48.791+0000] {logging_mixin.py:190} INFO - [2025-04-18T13:38:48.790+0000] {dag.py:4180} INFO - Setting next_dagrun for example_branch_datetime_operator_3 to 2025-04-17 00:00:00+00:00, run_after=2025-04-18 00:00:00+00:00
[2025-04-18T13:38:48.808+0000] {processor.py:208} INFO - Processing /home/airflow/.local/lib/python3.12/site-packages/airflow/example_dags/example_branch_datetime_operator.py took 0.113 seconds
[2025-04-18T13:40:21.842+0000] {processor.py:186} INFO - Started process (PID=647) to work on /home/airflow/.local/lib/python3.12/site-packages/airflow/example_dags/example_branch_datetime_operator.py
[2025-04-18T13:40:21.873+0000] {processor.py:914} INFO - Processing file /home/airflow/.local/lib/python3.12/site-packages/airflow/example_dags/example_branch_datetime_operator.py for tasks to queue
[2025-04-18T13:40:21.910+0000] {logging_mixin.py:190} INFO - [2025-04-18T13:40:21.904+0000] {dagbag.py:588} INFO - Filling up the DagBag from /home/airflow/.local/lib/python3.12/site-packages/airflow/example_dags/example_branch_datetime_operator.py
[2025-04-18T13:40:22.179+0000] {processor.py:925} INFO - DAG(s) 'example_branch_datetime_operator_2', 'example_branch_datetime_operator', 'example_branch_datetime_operator_3' retrieved from /home/airflow/.local/lib/python3.12/site-packages/airflow/example_dags/example_branch_datetime_operator.py
[2025-04-18T13:40:22.601+0000] {logging_mixin.py:190} INFO - [2025-04-18T13:40:22.600+0000] {dag.py:3239} INFO - Sync 3 DAGs
[2025-04-18T13:40:22.966+0000] {logging_mixin.py:190} INFO - [2025-04-18T13:40:22.964+0000] {dag.py:4180} INFO - Setting next_dagrun for example_branch_datetime_operator to 2025-04-17 00:00:00+00:00, run_after=2025-04-18 00:00:00+00:00
[2025-04-18T13:40:22.992+0000] {logging_mixin.py:190} INFO - [2025-04-18T13:40:22.992+0000] {dag.py:4180} INFO - Setting next_dagrun for example_branch_datetime_operator_2 to 2025-04-17 00:00:00+00:00, run_after=2025-04-18 00:00:00+00:00
[2025-04-18T13:40:23.012+0000] {logging_mixin.py:190} INFO - [2025-04-18T13:40:23.011+0000] {dag.py:4180} INFO - Setting next_dagrun for example_branch_datetime_operator_3 to 2025-04-17 00:00:00+00:00, run_after=2025-04-18 00:00:00+00:00
[2025-04-18T13:40:23.300+0000] {processor.py:208} INFO - Processing /home/airflow/.local/lib/python3.12/site-packages/airflow/example_dags/example_branch_datetime_operator.py took 1.527 seconds
[2025-04-18T13:44:25.989+0000] {processor.py:186} INFO - Started process (PID=132) to work on /home/airflow/.local/lib/python3.12/site-packages/airflow/example_dags/example_branch_datetime_operator.py
[2025-04-18T13:44:25.997+0000] {processor.py:914} INFO - Processing file /home/airflow/.local/lib/python3.12/site-packages/airflow/example_dags/example_branch_datetime_operator.py for tasks to queue
[2025-04-18T13:44:26.010+0000] {logging_mixin.py:190} INFO - [2025-04-18T13:44:26.009+0000] {dagbag.py:588} INFO - Filling up the DagBag from /home/airflow/.local/lib/python3.12/site-packages/airflow/example_dags/example_branch_datetime_operator.py
[2025-04-18T13:44:26.095+0000] {processor.py:925} INFO - DAG(s) 'example_branch_datetime_operator_2', 'example_branch_datetime_operator_3', 'example_branch_datetime_operator' retrieved from /home/airflow/.local/lib/python3.12/site-packages/airflow/example_dags/example_branch_datetime_operator.py
[2025-04-18T13:44:26.316+0000] {logging_mixin.py:190} INFO - [2025-04-18T13:44:26.315+0000] {dag.py:3239} INFO - Sync 3 DAGs
[2025-04-18T13:44:26.484+0000] {logging_mixin.py:190} INFO - [2025-04-18T13:44:26.483+0000] {dag.py:4180} INFO - Setting next_dagrun for example_branch_datetime_operator to 2025-04-17 00:00:00+00:00, run_after=2025-04-18 00:00:00+00:00
[2025-04-18T13:44:26.513+0000] {logging_mixin.py:190} INFO - [2025-04-18T13:44:26.512+0000] {dag.py:4180} INFO - Setting next_dagrun for example_branch_datetime_operator_2 to 2025-04-17 00:00:00+00:00, run_after=2025-04-18 00:00:00+00:00
[2025-04-18T13:44:26.531+0000] {logging_mixin.py:190} INFO - [2025-04-18T13:44:26.531+0000] {dag.py:4180} INFO - Setting next_dagrun for example_branch_datetime_operator_3 to 2025-04-17 00:00:00+00:00, run_after=2025-04-18 00:00:00+00:00
[2025-04-18T13:44:26.613+0000] {processor.py:208} INFO - Processing /home/airflow/.local/lib/python3.12/site-packages/airflow/example_dags/example_branch_datetime_operator.py took 0.644 seconds
[2025-04-18T13:45:36.462+0000] {processor.py:186} INFO - Started process (PID=232) to work on /home/airflow/.local/lib/python3.12/site-packages/airflow/example_dags/example_branch_datetime_operator.py
[2025-04-18T13:45:36.476+0000] {processor.py:914} INFO - Processing file /home/airflow/.local/lib/python3.12/site-packages/airflow/example_dags/example_branch_datetime_operator.py for tasks to queue
[2025-04-18T13:45:36.491+0000] {logging_mixin.py:190} INFO - [2025-04-18T13:45:36.489+0000] {dagbag.py:588} INFO - Filling up the DagBag from /home/airflow/.local/lib/python3.12/site-packages/airflow/example_dags/example_branch_datetime_operator.py
[2025-04-18T13:45:36.553+0000] {processor.py:925} INFO - DAG(s) 'example_branch_datetime_operator_2', 'example_branch_datetime_operator_3', 'example_branch_datetime_operator' retrieved from /home/airflow/.local/lib/python3.12/site-packages/airflow/example_dags/example_branch_datetime_operator.py
[2025-04-18T13:45:36.661+0000] {logging_mixin.py:190} INFO - [2025-04-18T13:45:36.660+0000] {dag.py:3239} INFO - Sync 3 DAGs
[2025-04-18T13:45:36.830+0000] {logging_mixin.py:190} INFO - [2025-04-18T13:45:36.829+0000] {dag.py:4180} INFO - Setting next_dagrun for example_branch_datetime_operator to 2025-04-17 00:00:00+00:00, run_after=2025-04-18 00:00:00+00:00
[2025-04-18T13:45:36.893+0000] {logging_mixin.py:190} INFO - [2025-04-18T13:45:36.892+0000] {dag.py:4180} INFO - Setting next_dagrun for example_branch_datetime_operator_2 to 2025-04-17 00:00:00+00:00, run_after=2025-04-18 00:00:00+00:00
[2025-04-18T13:45:36.918+0000] {logging_mixin.py:190} INFO - [2025-04-18T13:45:36.917+0000] {dag.py:4180} INFO - Setting next_dagrun for example_branch_datetime_operator_3 to 2025-04-17 00:00:00+00:00, run_after=2025-04-18 00:00:00+00:00
[2025-04-18T13:45:37.045+0000] {processor.py:208} INFO - Processing /home/airflow/.local/lib/python3.12/site-packages/airflow/example_dags/example_branch_datetime_operator.py took 0.606 seconds
[2025-04-18T13:50:16.366+0000] {processor.py:186} INFO - Started process (PID=135) to work on /home/airflow/.local/lib/python3.12/site-packages/airflow/example_dags/example_branch_datetime_operator.py
[2025-04-18T13:50:16.371+0000] {processor.py:914} INFO - Processing file /home/airflow/.local/lib/python3.12/site-packages/airflow/example_dags/example_branch_datetime_operator.py for tasks to queue
[2025-04-18T13:50:16.394+0000] {logging_mixin.py:190} INFO - [2025-04-18T13:50:16.391+0000] {dagbag.py:588} INFO - Filling up the DagBag from /home/airflow/.local/lib/python3.12/site-packages/airflow/example_dags/example_branch_datetime_operator.py
[2025-04-18T13:50:16.514+0000] {processor.py:925} INFO - DAG(s) 'example_branch_datetime_operator_3', 'example_branch_datetime_operator_2', 'example_branch_datetime_operator' retrieved from /home/airflow/.local/lib/python3.12/site-packages/airflow/example_dags/example_branch_datetime_operator.py
[2025-04-18T13:50:16.819+0000] {logging_mixin.py:190} INFO - [2025-04-18T13:50:16.818+0000] {dag.py:3239} INFO - Sync 3 DAGs
[2025-04-18T13:50:17.002+0000] {logging_mixin.py:190} INFO - [2025-04-18T13:50:17.001+0000] {dag.py:4180} INFO - Setting next_dagrun for example_branch_datetime_operator to 2025-04-17 00:00:00+00:00, run_after=2025-04-18 00:00:00+00:00
[2025-04-18T13:50:17.020+0000] {logging_mixin.py:190} INFO - [2025-04-18T13:50:17.020+0000] {dag.py:4180} INFO - Setting next_dagrun for example_branch_datetime_operator_2 to 2025-04-17 00:00:00+00:00, run_after=2025-04-18 00:00:00+00:00
[2025-04-18T13:50:17.095+0000] {logging_mixin.py:190} INFO - [2025-04-18T13:50:17.094+0000] {dag.py:4180} INFO - Setting next_dagrun for example_branch_datetime_operator_3 to 2025-04-17 00:00:00+00:00, run_after=2025-04-18 00:00:00+00:00
[2025-04-18T13:50:17.256+0000] {processor.py:208} INFO - Processing /home/airflow/.local/lib/python3.12/site-packages/airflow/example_dags/example_branch_datetime_operator.py took 0.905 seconds
[2025-04-18T13:51:44.183+0000] {processor.py:186} INFO - Started process (PID=227) to work on /home/airflow/.local/lib/python3.12/site-packages/airflow/example_dags/example_branch_datetime_operator.py
[2025-04-18T13:51:44.203+0000] {processor.py:914} INFO - Processing file /home/airflow/.local/lib/python3.12/site-packages/airflow/example_dags/example_branch_datetime_operator.py for tasks to queue
[2025-04-18T13:51:44.228+0000] {logging_mixin.py:190} INFO - [2025-04-18T13:51:44.221+0000] {dagbag.py:588} INFO - Filling up the DagBag from /home/airflow/.local/lib/python3.12/site-packages/airflow/example_dags/example_branch_datetime_operator.py
[2025-04-18T13:51:44.375+0000] {processor.py:925} INFO - DAG(s) 'example_branch_datetime_operator_2', 'example_branch_datetime_operator', 'example_branch_datetime_operator_3' retrieved from /home/airflow/.local/lib/python3.12/site-packages/airflow/example_dags/example_branch_datetime_operator.py
[2025-04-18T13:51:44.579+0000] {logging_mixin.py:190} INFO - [2025-04-18T13:51:44.578+0000] {dag.py:3239} INFO - Sync 3 DAGs
[2025-04-18T13:51:44.763+0000] {logging_mixin.py:190} INFO - [2025-04-18T13:51:44.751+0000] {dag.py:4180} INFO - Setting next_dagrun for example_branch_datetime_operator to 2025-04-17 00:00:00+00:00, run_after=2025-04-18 00:00:00+00:00
[2025-04-18T13:51:44.790+0000] {logging_mixin.py:190} INFO - [2025-04-18T13:51:44.789+0000] {dag.py:4180} INFO - Setting next_dagrun for example_branch_datetime_operator_2 to 2025-04-17 00:00:00+00:00, run_after=2025-04-18 00:00:00+00:00
[2025-04-18T13:51:44.824+0000] {logging_mixin.py:190} INFO - [2025-04-18T13:51:44.823+0000] {dag.py:4180} INFO - Setting next_dagrun for example_branch_datetime_operator_3 to 2025-04-17 00:00:00+00:00, run_after=2025-04-18 00:00:00+00:00
[2025-04-18T13:51:44.923+0000] {processor.py:208} INFO - Processing /home/airflow/.local/lib/python3.12/site-packages/airflow/example_dags/example_branch_datetime_operator.py took 0.840 seconds
[2025-04-18T13:52:52.263+0000] {processor.py:186} INFO - Started process (PID=301) to work on /home/airflow/.local/lib/python3.12/site-packages/airflow/example_dags/example_branch_datetime_operator.py
[2025-04-18T13:52:52.279+0000] {processor.py:914} INFO - Processing file /home/airflow/.local/lib/python3.12/site-packages/airflow/example_dags/example_branch_datetime_operator.py for tasks to queue
[2025-04-18T13:52:52.313+0000] {logging_mixin.py:190} INFO - [2025-04-18T13:52:52.310+0000] {dagbag.py:588} INFO - Filling up the DagBag from /home/airflow/.local/lib/python3.12/site-packages/airflow/example_dags/example_branch_datetime_operator.py
[2025-04-18T13:52:52.563+0000] {processor.py:925} INFO - DAG(s) 'example_branch_datetime_operator_2', 'example_branch_datetime_operator_3', 'example_branch_datetime_operator' retrieved from /home/airflow/.local/lib/python3.12/site-packages/airflow/example_dags/example_branch_datetime_operator.py
[2025-04-18T13:52:52.796+0000] {logging_mixin.py:190} INFO - [2025-04-18T13:52:52.793+0000] {dag.py:3239} INFO - Sync 3 DAGs
[2025-04-18T13:52:53.096+0000] {logging_mixin.py:190} INFO - [2025-04-18T13:52:53.080+0000] {dag.py:4180} INFO - Setting next_dagrun for example_branch_datetime_operator to 2025-04-17 00:00:00+00:00, run_after=2025-04-18 00:00:00+00:00
[2025-04-18T13:52:53.158+0000] {logging_mixin.py:190} INFO - [2025-04-18T13:52:53.157+0000] {dag.py:4180} INFO - Setting next_dagrun for example_branch_datetime_operator_2 to 2025-04-17 00:00:00+00:00, run_after=2025-04-18 00:00:00+00:00
[2025-04-18T13:52:53.176+0000] {logging_mixin.py:190} INFO - [2025-04-18T13:52:53.176+0000] {dag.py:4180} INFO - Setting next_dagrun for example_branch_datetime_operator_3 to 2025-04-17 00:00:00+00:00, run_after=2025-04-18 00:00:00+00:00
[2025-04-18T13:52:53.360+0000] {processor.py:208} INFO - Processing /home/airflow/.local/lib/python3.12/site-packages/airflow/example_dags/example_branch_datetime_operator.py took 1.217 seconds
[2025-04-18T13:53:54.332+0000] {processor.py:186} INFO - Started process (PID=383) to work on /home/airflow/.local/lib/python3.12/site-packages/airflow/example_dags/example_branch_datetime_operator.py
[2025-04-18T13:53:54.354+0000] {processor.py:914} INFO - Processing file /home/airflow/.local/lib/python3.12/site-packages/airflow/example_dags/example_branch_datetime_operator.py for tasks to queue
[2025-04-18T13:53:54.394+0000] {logging_mixin.py:190} INFO - [2025-04-18T13:53:54.393+0000] {dagbag.py:588} INFO - Filling up the DagBag from /home/airflow/.local/lib/python3.12/site-packages/airflow/example_dags/example_branch_datetime_operator.py
[2025-04-18T13:53:54.520+0000] {processor.py:925} INFO - DAG(s) 'example_branch_datetime_operator_3', 'example_branch_datetime_operator_2', 'example_branch_datetime_operator' retrieved from /home/airflow/.local/lib/python3.12/site-packages/airflow/example_dags/example_branch_datetime_operator.py
[2025-04-18T13:53:54.866+0000] {logging_mixin.py:190} INFO - [2025-04-18T13:53:54.860+0000] {dag.py:3239} INFO - Sync 3 DAGs
[2025-04-18T13:53:55.070+0000] {logging_mixin.py:190} INFO - [2025-04-18T13:53:55.069+0000] {dag.py:4180} INFO - Setting next_dagrun for example_branch_datetime_operator to 2025-04-17 00:00:00+00:00, run_after=2025-04-18 00:00:00+00:00
[2025-04-18T13:53:55.090+0000] {logging_mixin.py:190} INFO - [2025-04-18T13:53:55.090+0000] {dag.py:4180} INFO - Setting next_dagrun for example_branch_datetime_operator_2 to 2025-04-17 00:00:00+00:00, run_after=2025-04-18 00:00:00+00:00
[2025-04-18T13:53:55.101+0000] {logging_mixin.py:190} INFO - [2025-04-18T13:53:55.100+0000] {dag.py:4180} INFO - Setting next_dagrun for example_branch_datetime_operator_3 to 2025-04-17 00:00:00+00:00, run_after=2025-04-18 00:00:00+00:00
[2025-04-18T13:53:55.158+0000] {processor.py:208} INFO - Processing /home/airflow/.local/lib/python3.12/site-packages/airflow/example_dags/example_branch_datetime_operator.py took 0.852 seconds
[2025-04-18T13:54:25.490+0000] {processor.py:186} INFO - Started process (PID=446) to work on /home/airflow/.local/lib/python3.12/site-packages/airflow/example_dags/example_branch_datetime_operator.py
[2025-04-18T13:54:25.494+0000] {processor.py:914} INFO - Processing file /home/airflow/.local/lib/python3.12/site-packages/airflow/example_dags/example_branch_datetime_operator.py for tasks to queue
[2025-04-18T13:54:25.503+0000] {logging_mixin.py:190} INFO - [2025-04-18T13:54:25.502+0000] {dagbag.py:588} INFO - Filling up the DagBag from /home/airflow/.local/lib/python3.12/site-packages/airflow/example_dags/example_branch_datetime_operator.py
[2025-04-18T13:54:25.550+0000] {processor.py:925} INFO - DAG(s) 'example_branch_datetime_operator_2', 'example_branch_datetime_operator', 'example_branch_datetime_operator_3' retrieved from /home/airflow/.local/lib/python3.12/site-packages/airflow/example_dags/example_branch_datetime_operator.py
[2025-04-18T13:54:25.733+0000] {logging_mixin.py:190} INFO - [2025-04-18T13:54:25.729+0000] {dag.py:3239} INFO - Sync 3 DAGs
[2025-04-18T13:54:25.904+0000] {logging_mixin.py:190} INFO - [2025-04-18T13:54:25.901+0000] {dag.py:4180} INFO - Setting next_dagrun for example_branch_datetime_operator to 2025-04-17 00:00:00+00:00, run_after=2025-04-18 00:00:00+00:00
[2025-04-18T13:54:25.943+0000] {logging_mixin.py:190} INFO - [2025-04-18T13:54:25.942+0000] {dag.py:4180} INFO - Setting next_dagrun for example_branch_datetime_operator_2 to 2025-04-17 00:00:00+00:00, run_after=2025-04-18 00:00:00+00:00
[2025-04-18T13:54:25.955+0000] {logging_mixin.py:190} INFO - [2025-04-18T13:54:25.955+0000] {dag.py:4180} INFO - Setting next_dagrun for example_branch_datetime_operator_3 to 2025-04-17 00:00:00+00:00, run_after=2025-04-18 00:00:00+00:00
[2025-04-18T13:54:26.029+0000] {processor.py:208} INFO - Processing /home/airflow/.local/lib/python3.12/site-packages/airflow/example_dags/example_branch_datetime_operator.py took 0.548 seconds
