[2025-04-18T13:25:57.002+0000] {processor.py:186} INFO - Started process (PID=75) to work on /home/airflow/.local/lib/python3.12/site-packages/airflow/example_dags/example_bash_operator.py
[2025-04-18T13:25:57.003+0000] {processor.py:914} INFO - Processing file /home/airflow/.local/lib/python3.12/site-packages/airflow/example_dags/example_bash_operator.py for tasks to queue
[2025-04-18T13:25:57.008+0000] {logging_mixin.py:190} INFO - [2025-04-18T13:25:57.007+0000] {dagbag.py:588} INFO - Filling up the DagBag from /home/airflow/.local/lib/python3.12/site-packages/airflow/example_dags/example_bash_operator.py
[2025-04-18T13:25:57.024+0000] {processor.py:925} INFO - DAG(s) 'example_bash_operator' retrieved from /home/airflow/.local/lib/python3.12/site-packages/airflow/example_dags/example_bash_operator.py
[2025-04-18T13:25:57.275+0000] {logging_mixin.py:190} INFO - [2025-04-18T13:25:57.275+0000] {dag.py:3239} INFO - Sync 1 DAGs
[2025-04-18T13:25:57.346+0000] {logging_mixin.py:190} INFO - [2025-04-18T13:25:57.345+0000] {dag.py:4180} INFO - Setting next_dagrun for example_bash_operator to 2025-04-17 00:00:00+00:00, run_after=2025-04-18 00:00:00+00:00
[2025-04-18T13:25:57.407+0000] {processor.py:208} INFO - Processing /home/airflow/.local/lib/python3.12/site-packages/airflow/example_dags/example_bash_operator.py took 0.410 seconds
[2025-04-18T13:27:39.374+0000] {processor.py:186} INFO - Started process (PID=152) to work on /home/airflow/.local/lib/python3.12/site-packages/airflow/example_dags/example_bash_operator.py
[2025-04-18T13:27:39.383+0000] {processor.py:914} INFO - Processing file /home/airflow/.local/lib/python3.12/site-packages/airflow/example_dags/example_bash_operator.py for tasks to queue
[2025-04-18T13:27:39.418+0000] {logging_mixin.py:190} INFO - [2025-04-18T13:27:39.416+0000] {dagbag.py:588} INFO - Filling up the DagBag from /home/airflow/.local/lib/python3.12/site-packages/airflow/example_dags/example_bash_operator.py
[2025-04-18T13:27:39.545+0000] {processor.py:925} INFO - DAG(s) 'example_bash_operator' retrieved from /home/airflow/.local/lib/python3.12/site-packages/airflow/example_dags/example_bash_operator.py
[2025-04-18T13:27:39.854+0000] {logging_mixin.py:190} INFO - [2025-04-18T13:27:39.840+0000] {dag.py:3239} INFO - Sync 1 DAGs
[2025-04-18T13:27:40.020+0000] {logging_mixin.py:190} INFO - [2025-04-18T13:27:40.019+0000] {dag.py:4180} INFO - Setting next_dagrun for example_bash_operator to 2025-04-17 00:00:00+00:00, run_after=2025-04-18 00:00:00+00:00
[2025-04-18T13:27:40.166+0000] {processor.py:208} INFO - Processing /home/airflow/.local/lib/python3.12/site-packages/airflow/example_dags/example_bash_operator.py took 0.848 seconds
[2025-04-18T13:30:01.390+0000] {processor.py:186} INFO - Started process (PID=74) to work on /home/airflow/.local/lib/python3.12/site-packages/airflow/example_dags/example_bash_operator.py
[2025-04-18T13:30:01.398+0000] {processor.py:914} INFO - Processing file /home/airflow/.local/lib/python3.12/site-packages/airflow/example_dags/example_bash_operator.py for tasks to queue
[2025-04-18T13:30:01.403+0000] {logging_mixin.py:190} INFO - [2025-04-18T13:30:01.402+0000] {dagbag.py:588} INFO - Filling up the DagBag from /home/airflow/.local/lib/python3.12/site-packages/airflow/example_dags/example_bash_operator.py
[2025-04-18T13:30:01.446+0000] {processor.py:925} INFO - DAG(s) 'example_bash_operator' retrieved from /home/airflow/.local/lib/python3.12/site-packages/airflow/example_dags/example_bash_operator.py
[2025-04-18T13:30:01.527+0000] {logging_mixin.py:190} INFO - [2025-04-18T13:30:01.527+0000] {dag.py:3239} INFO - Sync 1 DAGs
[2025-04-18T13:30:01.575+0000] {logging_mixin.py:190} INFO - [2025-04-18T13:30:01.574+0000] {dag.py:4180} INFO - Setting next_dagrun for example_bash_operator to 2025-04-17 00:00:00+00:00, run_after=2025-04-18 00:00:00+00:00
[2025-04-18T13:30:01.621+0000] {processor.py:208} INFO - Processing /home/airflow/.local/lib/python3.12/site-packages/airflow/example_dags/example_bash_operator.py took 0.259 seconds
[2025-04-18T13:30:38.328+0000] {processor.py:186} INFO - Started process (PID=138) to work on /home/airflow/.local/lib/python3.12/site-packages/airflow/example_dags/example_bash_operator.py
[2025-04-18T13:30:38.333+0000] {processor.py:914} INFO - Processing file /home/airflow/.local/lib/python3.12/site-packages/airflow/example_dags/example_bash_operator.py for tasks to queue
[2025-04-18T13:30:38.339+0000] {logging_mixin.py:190} INFO - [2025-04-18T13:30:38.338+0000] {dagbag.py:588} INFO - Filling up the DagBag from /home/airflow/.local/lib/python3.12/site-packages/airflow/example_dags/example_bash_operator.py
[2025-04-18T13:30:38.367+0000] {processor.py:925} INFO - DAG(s) 'example_bash_operator' retrieved from /home/airflow/.local/lib/python3.12/site-packages/airflow/example_dags/example_bash_operator.py
[2025-04-18T13:30:38.413+0000] {logging_mixin.py:190} INFO - [2025-04-18T13:30:38.412+0000] {dag.py:3239} INFO - Sync 1 DAGs
[2025-04-18T13:30:38.484+0000] {logging_mixin.py:190} INFO - [2025-04-18T13:30:38.484+0000] {dag.py:4180} INFO - Setting next_dagrun for example_bash_operator to 2025-04-17 00:00:00+00:00, run_after=2025-04-18 00:00:00+00:00
[2025-04-18T13:30:38.514+0000] {processor.py:208} INFO - Processing /home/airflow/.local/lib/python3.12/site-packages/airflow/example_dags/example_bash_operator.py took 0.204 seconds
[2025-04-18T13:31:08.925+0000] {processor.py:186} INFO - Started process (PID=201) to work on /home/airflow/.local/lib/python3.12/site-packages/airflow/example_dags/example_bash_operator.py
[2025-04-18T13:31:08.926+0000] {processor.py:914} INFO - Processing file /home/airflow/.local/lib/python3.12/site-packages/airflow/example_dags/example_bash_operator.py for tasks to queue
[2025-04-18T13:31:08.927+0000] {logging_mixin.py:190} INFO - [2025-04-18T13:31:08.927+0000] {dagbag.py:588} INFO - Filling up the DagBag from /home/airflow/.local/lib/python3.12/site-packages/airflow/example_dags/example_bash_operator.py
[2025-04-18T13:31:08.933+0000] {processor.py:925} INFO - DAG(s) 'example_bash_operator' retrieved from /home/airflow/.local/lib/python3.12/site-packages/airflow/example_dags/example_bash_operator.py
[2025-04-18T13:31:08.945+0000] {logging_mixin.py:190} INFO - [2025-04-18T13:31:08.945+0000] {dag.py:3239} INFO - Sync 1 DAGs
[2025-04-18T13:31:08.954+0000] {logging_mixin.py:190} INFO - [2025-04-18T13:31:08.954+0000] {dag.py:4180} INFO - Setting next_dagrun for example_bash_operator to 2025-04-17 00:00:00+00:00, run_after=2025-04-18 00:00:00+00:00
[2025-04-18T13:31:08.961+0000] {processor.py:208} INFO - Processing /home/airflow/.local/lib/python3.12/site-packages/airflow/example_dags/example_bash_operator.py took 0.039 seconds
[2025-04-18T13:31:39.326+0000] {processor.py:186} INFO - Started process (PID=265) to work on /home/airflow/.local/lib/python3.12/site-packages/airflow/example_dags/example_bash_operator.py
[2025-04-18T13:31:39.328+0000] {processor.py:914} INFO - Processing file /home/airflow/.local/lib/python3.12/site-packages/airflow/example_dags/example_bash_operator.py for tasks to queue
[2025-04-18T13:31:39.330+0000] {logging_mixin.py:190} INFO - [2025-04-18T13:31:39.330+0000] {dagbag.py:588} INFO - Filling up the DagBag from /home/airflow/.local/lib/python3.12/site-packages/airflow/example_dags/example_bash_operator.py
[2025-04-18T13:31:39.342+0000] {processor.py:925} INFO - DAG(s) 'example_bash_operator' retrieved from /home/airflow/.local/lib/python3.12/site-packages/airflow/example_dags/example_bash_operator.py
[2025-04-18T13:31:39.366+0000] {logging_mixin.py:190} INFO - [2025-04-18T13:31:39.366+0000] {dag.py:3239} INFO - Sync 1 DAGs
[2025-04-18T13:31:39.380+0000] {logging_mixin.py:190} INFO - [2025-04-18T13:31:39.380+0000] {dag.py:4180} INFO - Setting next_dagrun for example_bash_operator to 2025-04-17 00:00:00+00:00, run_after=2025-04-18 00:00:00+00:00
[2025-04-18T13:31:39.398+0000] {processor.py:208} INFO - Processing /home/airflow/.local/lib/python3.12/site-packages/airflow/example_dags/example_bash_operator.py took 0.076 seconds
[2025-04-18T13:32:09.590+0000] {processor.py:186} INFO - Started process (PID=329) to work on /home/airflow/.local/lib/python3.12/site-packages/airflow/example_dags/example_bash_operator.py
[2025-04-18T13:32:09.590+0000] {processor.py:914} INFO - Processing file /home/airflow/.local/lib/python3.12/site-packages/airflow/example_dags/example_bash_operator.py for tasks to queue
[2025-04-18T13:32:09.591+0000] {logging_mixin.py:190} INFO - [2025-04-18T13:32:09.591+0000] {dagbag.py:588} INFO - Filling up the DagBag from /home/airflow/.local/lib/python3.12/site-packages/airflow/example_dags/example_bash_operator.py
[2025-04-18T13:32:09.598+0000] {processor.py:925} INFO - DAG(s) 'example_bash_operator' retrieved from /home/airflow/.local/lib/python3.12/site-packages/airflow/example_dags/example_bash_operator.py
[2025-04-18T13:32:09.609+0000] {logging_mixin.py:190} INFO - [2025-04-18T13:32:09.609+0000] {dag.py:3239} INFO - Sync 1 DAGs
[2025-04-18T13:32:09.621+0000] {logging_mixin.py:190} INFO - [2025-04-18T13:32:09.621+0000] {dag.py:4180} INFO - Setting next_dagrun for example_bash_operator to 2025-04-17 00:00:00+00:00, run_after=2025-04-18 00:00:00+00:00
[2025-04-18T13:32:09.629+0000] {processor.py:208} INFO - Processing /home/airflow/.local/lib/python3.12/site-packages/airflow/example_dags/example_bash_operator.py took 0.041 seconds
[2025-04-18T13:34:54.748+0000] {processor.py:186} INFO - Started process (PID=69) to work on /home/airflow/.local/lib/python3.12/site-packages/airflow/example_dags/example_bash_operator.py
[2025-04-18T13:34:54.750+0000] {processor.py:914} INFO - Processing file /home/airflow/.local/lib/python3.12/site-packages/airflow/example_dags/example_bash_operator.py for tasks to queue
[2025-04-18T13:34:54.752+0000] {logging_mixin.py:190} INFO - [2025-04-18T13:34:54.752+0000] {dagbag.py:588} INFO - Filling up the DagBag from /home/airflow/.local/lib/python3.12/site-packages/airflow/example_dags/example_bash_operator.py
[2025-04-18T13:34:54.769+0000] {processor.py:925} INFO - DAG(s) 'example_bash_operator' retrieved from /home/airflow/.local/lib/python3.12/site-packages/airflow/example_dags/example_bash_operator.py
[2025-04-18T13:34:54.845+0000] {logging_mixin.py:190} INFO - [2025-04-18T13:34:54.845+0000] {dag.py:3239} INFO - Sync 1 DAGs
[2025-04-18T13:34:54.891+0000] {logging_mixin.py:190} INFO - [2025-04-18T13:34:54.891+0000] {dag.py:4180} INFO - Setting next_dagrun for example_bash_operator to 2025-04-17 00:00:00+00:00, run_after=2025-04-18 00:00:00+00:00
[2025-04-18T13:34:54.928+0000] {processor.py:208} INFO - Processing /home/airflow/.local/lib/python3.12/site-packages/airflow/example_dags/example_bash_operator.py took 0.190 seconds
[2025-04-18T13:35:25.292+0000] {processor.py:186} INFO - Started process (PID=133) to work on /home/airflow/.local/lib/python3.12/site-packages/airflow/example_dags/example_bash_operator.py
[2025-04-18T13:35:25.294+0000] {processor.py:914} INFO - Processing file /home/airflow/.local/lib/python3.12/site-packages/airflow/example_dags/example_bash_operator.py for tasks to queue
[2025-04-18T13:35:25.296+0000] {logging_mixin.py:190} INFO - [2025-04-18T13:35:25.296+0000] {dagbag.py:588} INFO - Filling up the DagBag from /home/airflow/.local/lib/python3.12/site-packages/airflow/example_dags/example_bash_operator.py
[2025-04-18T13:35:25.318+0000] {processor.py:925} INFO - DAG(s) 'example_bash_operator' retrieved from /home/airflow/.local/lib/python3.12/site-packages/airflow/example_dags/example_bash_operator.py
[2025-04-18T13:35:25.335+0000] {logging_mixin.py:190} INFO - [2025-04-18T13:35:25.335+0000] {dag.py:3239} INFO - Sync 1 DAGs
[2025-04-18T13:35:25.350+0000] {logging_mixin.py:190} INFO - [2025-04-18T13:35:25.350+0000] {dag.py:4180} INFO - Setting next_dagrun for example_bash_operator to 2025-04-17 00:00:00+00:00, run_after=2025-04-18 00:00:00+00:00
[2025-04-18T13:35:25.374+0000] {processor.py:208} INFO - Processing /home/airflow/.local/lib/python3.12/site-packages/airflow/example_dags/example_bash_operator.py took 0.090 seconds
[2025-04-18T13:35:55.519+0000] {processor.py:186} INFO - Started process (PID=197) to work on /home/airflow/.local/lib/python3.12/site-packages/airflow/example_dags/example_bash_operator.py
[2025-04-18T13:35:55.520+0000] {processor.py:914} INFO - Processing file /home/airflow/.local/lib/python3.12/site-packages/airflow/example_dags/example_bash_operator.py for tasks to queue
[2025-04-18T13:35:55.522+0000] {logging_mixin.py:190} INFO - [2025-04-18T13:35:55.522+0000] {dagbag.py:588} INFO - Filling up the DagBag from /home/airflow/.local/lib/python3.12/site-packages/airflow/example_dags/example_bash_operator.py
[2025-04-18T13:35:55.528+0000] {processor.py:925} INFO - DAG(s) 'example_bash_operator' retrieved from /home/airflow/.local/lib/python3.12/site-packages/airflow/example_dags/example_bash_operator.py
[2025-04-18T13:35:55.541+0000] {logging_mixin.py:190} INFO - [2025-04-18T13:35:55.541+0000] {dag.py:3239} INFO - Sync 1 DAGs
[2025-04-18T13:35:55.563+0000] {logging_mixin.py:190} INFO - [2025-04-18T13:35:55.562+0000] {dag.py:4180} INFO - Setting next_dagrun for example_bash_operator to 2025-04-17 00:00:00+00:00, run_after=2025-04-18 00:00:00+00:00
[2025-04-18T13:35:55.578+0000] {processor.py:208} INFO - Processing /home/airflow/.local/lib/python3.12/site-packages/airflow/example_dags/example_bash_operator.py took 0.061 seconds
[2025-04-18T13:36:25.787+0000] {processor.py:186} INFO - Started process (PID=261) to work on /home/airflow/.local/lib/python3.12/site-packages/airflow/example_dags/example_bash_operator.py
[2025-04-18T13:36:25.787+0000] {processor.py:914} INFO - Processing file /home/airflow/.local/lib/python3.12/site-packages/airflow/example_dags/example_bash_operator.py for tasks to queue
[2025-04-18T13:36:25.788+0000] {logging_mixin.py:190} INFO - [2025-04-18T13:36:25.788+0000] {dagbag.py:588} INFO - Filling up the DagBag from /home/airflow/.local/lib/python3.12/site-packages/airflow/example_dags/example_bash_operator.py
[2025-04-18T13:36:25.795+0000] {processor.py:925} INFO - DAG(s) 'example_bash_operator' retrieved from /home/airflow/.local/lib/python3.12/site-packages/airflow/example_dags/example_bash_operator.py
[2025-04-18T13:36:25.805+0000] {logging_mixin.py:190} INFO - [2025-04-18T13:36:25.805+0000] {dag.py:3239} INFO - Sync 1 DAGs
[2025-04-18T13:36:25.816+0000] {logging_mixin.py:190} INFO - [2025-04-18T13:36:25.816+0000] {dag.py:4180} INFO - Setting next_dagrun for example_bash_operator to 2025-04-17 00:00:00+00:00, run_after=2025-04-18 00:00:00+00:00
[2025-04-18T13:36:25.823+0000] {processor.py:208} INFO - Processing /home/airflow/.local/lib/python3.12/site-packages/airflow/example_dags/example_bash_operator.py took 0.039 seconds
[2025-04-18T13:36:56.577+0000] {processor.py:186} INFO - Started process (PID=324) to work on /home/airflow/.local/lib/python3.12/site-packages/airflow/example_dags/example_bash_operator.py
[2025-04-18T13:36:56.578+0000] {processor.py:914} INFO - Processing file /home/airflow/.local/lib/python3.12/site-packages/airflow/example_dags/example_bash_operator.py for tasks to queue
[2025-04-18T13:36:56.581+0000] {logging_mixin.py:190} INFO - [2025-04-18T13:36:56.581+0000] {dagbag.py:588} INFO - Filling up the DagBag from /home/airflow/.local/lib/python3.12/site-packages/airflow/example_dags/example_bash_operator.py
[2025-04-18T13:36:56.588+0000] {processor.py:925} INFO - DAG(s) 'example_bash_operator' retrieved from /home/airflow/.local/lib/python3.12/site-packages/airflow/example_dags/example_bash_operator.py
[2025-04-18T13:36:56.606+0000] {logging_mixin.py:190} INFO - [2025-04-18T13:36:56.606+0000] {dag.py:3239} INFO - Sync 1 DAGs
[2025-04-18T13:36:56.616+0000] {logging_mixin.py:190} INFO - [2025-04-18T13:36:56.616+0000] {dag.py:4180} INFO - Setting next_dagrun for example_bash_operator to 2025-04-17 00:00:00+00:00, run_after=2025-04-18 00:00:00+00:00
[2025-04-18T13:36:56.623+0000] {processor.py:208} INFO - Processing /home/airflow/.local/lib/python3.12/site-packages/airflow/example_dags/example_bash_operator.py took 0.049 seconds
[2025-04-18T13:37:26.809+0000] {processor.py:186} INFO - Started process (PID=388) to work on /home/airflow/.local/lib/python3.12/site-packages/airflow/example_dags/example_bash_operator.py
[2025-04-18T13:37:26.810+0000] {processor.py:914} INFO - Processing file /home/airflow/.local/lib/python3.12/site-packages/airflow/example_dags/example_bash_operator.py for tasks to queue
[2025-04-18T13:37:26.811+0000] {logging_mixin.py:190} INFO - [2025-04-18T13:37:26.811+0000] {dagbag.py:588} INFO - Filling up the DagBag from /home/airflow/.local/lib/python3.12/site-packages/airflow/example_dags/example_bash_operator.py
[2025-04-18T13:37:26.818+0000] {processor.py:925} INFO - DAG(s) 'example_bash_operator' retrieved from /home/airflow/.local/lib/python3.12/site-packages/airflow/example_dags/example_bash_operator.py
[2025-04-18T13:37:26.830+0000] {logging_mixin.py:190} INFO - [2025-04-18T13:37:26.830+0000] {dag.py:3239} INFO - Sync 1 DAGs
[2025-04-18T13:37:26.839+0000] {logging_mixin.py:190} INFO - [2025-04-18T13:37:26.839+0000] {dag.py:4180} INFO - Setting next_dagrun for example_bash_operator to 2025-04-17 00:00:00+00:00, run_after=2025-04-18 00:00:00+00:00
[2025-04-18T13:37:26.845+0000] {processor.py:208} INFO - Processing /home/airflow/.local/lib/python3.12/site-packages/airflow/example_dags/example_bash_operator.py took 0.039 seconds
[2025-04-18T13:37:57.403+0000] {processor.py:186} INFO - Started process (PID=452) to work on /home/airflow/.local/lib/python3.12/site-packages/airflow/example_dags/example_bash_operator.py
[2025-04-18T13:37:57.404+0000] {processor.py:914} INFO - Processing file /home/airflow/.local/lib/python3.12/site-packages/airflow/example_dags/example_bash_operator.py for tasks to queue
[2025-04-18T13:37:57.405+0000] {logging_mixin.py:190} INFO - [2025-04-18T13:37:57.405+0000] {dagbag.py:588} INFO - Filling up the DagBag from /home/airflow/.local/lib/python3.12/site-packages/airflow/example_dags/example_bash_operator.py
[2025-04-18T13:37:57.411+0000] {processor.py:925} INFO - DAG(s) 'example_bash_operator' retrieved from /home/airflow/.local/lib/python3.12/site-packages/airflow/example_dags/example_bash_operator.py
[2025-04-18T13:37:57.422+0000] {logging_mixin.py:190} INFO - [2025-04-18T13:37:57.421+0000] {dag.py:3239} INFO - Sync 1 DAGs
[2025-04-18T13:37:57.430+0000] {logging_mixin.py:190} INFO - [2025-04-18T13:37:57.430+0000] {dag.py:4180} INFO - Setting next_dagrun for example_bash_operator to 2025-04-17 00:00:00+00:00, run_after=2025-04-18 00:00:00+00:00
[2025-04-18T13:37:57.437+0000] {processor.py:208} INFO - Processing /home/airflow/.local/lib/python3.12/site-packages/airflow/example_dags/example_bash_operator.py took 0.036 seconds
[2025-04-18T13:38:28.205+0000] {processor.py:186} INFO - Started process (PID=516) to work on /home/airflow/.local/lib/python3.12/site-packages/airflow/example_dags/example_bash_operator.py
[2025-04-18T13:38:28.206+0000] {processor.py:914} INFO - Processing file /home/airflow/.local/lib/python3.12/site-packages/airflow/example_dags/example_bash_operator.py for tasks to queue
[2025-04-18T13:38:28.208+0000] {logging_mixin.py:190} INFO - [2025-04-18T13:38:28.207+0000] {dagbag.py:588} INFO - Filling up the DagBag from /home/airflow/.local/lib/python3.12/site-packages/airflow/example_dags/example_bash_operator.py
[2025-04-18T13:38:28.218+0000] {processor.py:925} INFO - DAG(s) 'example_bash_operator' retrieved from /home/airflow/.local/lib/python3.12/site-packages/airflow/example_dags/example_bash_operator.py
[2025-04-18T13:38:28.234+0000] {logging_mixin.py:190} INFO - [2025-04-18T13:38:28.234+0000] {dag.py:3239} INFO - Sync 1 DAGs
[2025-04-18T13:38:28.247+0000] {logging_mixin.py:190} INFO - [2025-04-18T13:38:28.247+0000] {dag.py:4180} INFO - Setting next_dagrun for example_bash_operator to 2025-04-17 00:00:00+00:00, run_after=2025-04-18 00:00:00+00:00
[2025-04-18T13:38:28.262+0000] {processor.py:208} INFO - Processing /home/airflow/.local/lib/python3.12/site-packages/airflow/example_dags/example_bash_operator.py took 0.061 seconds
[2025-04-18T13:39:01.421+0000] {processor.py:186} INFO - Started process (PID=589) to work on /home/airflow/.local/lib/python3.12/site-packages/airflow/example_dags/example_bash_operator.py
[2025-04-18T13:39:01.423+0000] {processor.py:914} INFO - Processing file /home/airflow/.local/lib/python3.12/site-packages/airflow/example_dags/example_bash_operator.py for tasks to queue
[2025-04-18T13:39:01.431+0000] {logging_mixin.py:190} INFO - [2025-04-18T13:39:01.430+0000] {dagbag.py:588} INFO - Filling up the DagBag from /home/airflow/.local/lib/python3.12/site-packages/airflow/example_dags/example_bash_operator.py
[2025-04-18T13:39:01.530+0000] {processor.py:925} INFO - DAG(s) 'example_bash_operator' retrieved from /home/airflow/.local/lib/python3.12/site-packages/airflow/example_dags/example_bash_operator.py
[2025-04-18T13:39:01.653+0000] {logging_mixin.py:190} INFO - [2025-04-18T13:39:01.653+0000] {dag.py:3239} INFO - Sync 1 DAGs
[2025-04-18T13:39:01.730+0000] {logging_mixin.py:190} INFO - [2025-04-18T13:39:01.728+0000] {dag.py:4180} INFO - Setting next_dagrun for example_bash_operator to 2025-04-17 00:00:00+00:00, run_after=2025-04-18 00:00:00+00:00
[2025-04-18T13:39:01.867+0000] {processor.py:208} INFO - Processing /home/airflow/.local/lib/python3.12/site-packages/airflow/example_dags/example_bash_operator.py took 0.462 seconds
[2025-04-18T13:40:28.742+0000] {processor.py:186} INFO - Started process (PID=659) to work on /home/airflow/.local/lib/python3.12/site-packages/airflow/example_dags/example_bash_operator.py
[2025-04-18T13:40:28.748+0000] {processor.py:914} INFO - Processing file /home/airflow/.local/lib/python3.12/site-packages/airflow/example_dags/example_bash_operator.py for tasks to queue
[2025-04-18T13:40:28.769+0000] {logging_mixin.py:190} INFO - [2025-04-18T13:40:28.767+0000] {dagbag.py:588} INFO - Filling up the DagBag from /home/airflow/.local/lib/python3.12/site-packages/airflow/example_dags/example_bash_operator.py
[2025-04-18T13:40:28.939+0000] {processor.py:925} INFO - DAG(s) 'example_bash_operator' retrieved from /home/airflow/.local/lib/python3.12/site-packages/airflow/example_dags/example_bash_operator.py
[2025-04-18T13:40:29.190+0000] {logging_mixin.py:190} INFO - [2025-04-18T13:40:29.186+0000] {dag.py:3239} INFO - Sync 1 DAGs
[2025-04-18T13:40:29.400+0000] {logging_mixin.py:190} INFO - [2025-04-18T13:40:29.397+0000] {dag.py:4180} INFO - Setting next_dagrun for example_bash_operator to 2025-04-17 00:00:00+00:00, run_after=2025-04-18 00:00:00+00:00
[2025-04-18T13:40:29.611+0000] {processor.py:208} INFO - Processing /home/airflow/.local/lib/python3.12/site-packages/airflow/example_dags/example_bash_operator.py took 0.890 seconds
[2025-04-18T13:43:31.571+0000] {processor.py:186} INFO - Started process (PID=74) to work on /home/airflow/.local/lib/python3.12/site-packages/airflow/example_dags/example_bash_operator.py
[2025-04-18T13:43:31.584+0000] {processor.py:914} INFO - Processing file /home/airflow/.local/lib/python3.12/site-packages/airflow/example_dags/example_bash_operator.py for tasks to queue
[2025-04-18T13:43:31.592+0000] {logging_mixin.py:190} INFO - [2025-04-18T13:43:31.592+0000] {dagbag.py:588} INFO - Filling up the DagBag from /home/airflow/.local/lib/python3.12/site-packages/airflow/example_dags/example_bash_operator.py
[2025-04-18T13:43:31.624+0000] {processor.py:925} INFO - DAG(s) 'example_bash_operator' retrieved from /home/airflow/.local/lib/python3.12/site-packages/airflow/example_dags/example_bash_operator.py
[2025-04-18T13:43:31.744+0000] {logging_mixin.py:190} INFO - [2025-04-18T13:43:31.743+0000] {dag.py:3239} INFO - Sync 1 DAGs
[2025-04-18T13:43:31.823+0000] {logging_mixin.py:190} INFO - [2025-04-18T13:43:31.823+0000] {dag.py:4180} INFO - Setting next_dagrun for example_bash_operator to 2025-04-17 00:00:00+00:00, run_after=2025-04-18 00:00:00+00:00
[2025-04-18T13:43:32.062+0000] {processor.py:208} INFO - Processing /home/airflow/.local/lib/python3.12/site-packages/airflow/example_dags/example_bash_operator.py took 0.510 seconds
[2025-04-18T13:44:29.151+0000] {processor.py:186} INFO - Started process (PID=144) to work on /home/airflow/.local/lib/python3.12/site-packages/airflow/example_dags/example_bash_operator.py
[2025-04-18T13:44:29.154+0000] {processor.py:914} INFO - Processing file /home/airflow/.local/lib/python3.12/site-packages/airflow/example_dags/example_bash_operator.py for tasks to queue
[2025-04-18T13:44:29.162+0000] {logging_mixin.py:190} INFO - [2025-04-18T13:44:29.161+0000] {dagbag.py:588} INFO - Filling up the DagBag from /home/airflow/.local/lib/python3.12/site-packages/airflow/example_dags/example_bash_operator.py
[2025-04-18T13:44:29.258+0000] {processor.py:925} INFO - DAG(s) 'example_bash_operator' retrieved from /home/airflow/.local/lib/python3.12/site-packages/airflow/example_dags/example_bash_operator.py
[2025-04-18T13:44:29.562+0000] {logging_mixin.py:190} INFO - [2025-04-18T13:44:29.549+0000] {dag.py:3239} INFO - Sync 1 DAGs
[2025-04-18T13:44:29.844+0000] {logging_mixin.py:190} INFO - [2025-04-18T13:44:29.844+0000] {dag.py:4180} INFO - Setting next_dagrun for example_bash_operator to 2025-04-17 00:00:00+00:00, run_after=2025-04-18 00:00:00+00:00
[2025-04-18T13:44:30.036+0000] {processor.py:208} INFO - Processing /home/airflow/.local/lib/python3.12/site-packages/airflow/example_dags/example_bash_operator.py took 0.898 seconds
[2025-04-18T13:45:19.044+0000] {processor.py:186} INFO - Started process (PID=213) to work on /home/airflow/.local/lib/python3.12/site-packages/airflow/example_dags/example_bash_operator.py
[2025-04-18T13:45:19.083+0000] {processor.py:914} INFO - Processing file /home/airflow/.local/lib/python3.12/site-packages/airflow/example_dags/example_bash_operator.py for tasks to queue
[2025-04-18T13:45:19.098+0000] {logging_mixin.py:190} INFO - [2025-04-18T13:45:19.097+0000] {dagbag.py:588} INFO - Filling up the DagBag from /home/airflow/.local/lib/python3.12/site-packages/airflow/example_dags/example_bash_operator.py
[2025-04-18T13:45:19.237+0000] {processor.py:925} INFO - DAG(s) 'example_bash_operator' retrieved from /home/airflow/.local/lib/python3.12/site-packages/airflow/example_dags/example_bash_operator.py
[2025-04-18T13:45:19.680+0000] {logging_mixin.py:190} INFO - [2025-04-18T13:45:19.676+0000] {dag.py:3239} INFO - Sync 1 DAGs
[2025-04-18T13:45:20.046+0000] {logging_mixin.py:190} INFO - [2025-04-18T13:45:20.042+0000] {dag.py:4180} INFO - Setting next_dagrun for example_bash_operator to 2025-04-17 00:00:00+00:00, run_after=2025-04-18 00:00:00+00:00
[2025-04-18T13:45:20.284+0000] {processor.py:208} INFO - Processing /home/airflow/.local/lib/python3.12/site-packages/airflow/example_dags/example_bash_operator.py took 1.267 seconds
[2025-04-18T13:46:53.937+0000] {processor.py:186} INFO - Started process (PID=274) to work on /home/airflow/.local/lib/python3.12/site-packages/airflow/example_dags/example_bash_operator.py
[2025-04-18T13:46:53.944+0000] {processor.py:914} INFO - Processing file /home/airflow/.local/lib/python3.12/site-packages/airflow/example_dags/example_bash_operator.py for tasks to queue
[2025-04-18T13:46:53.963+0000] {logging_mixin.py:190} INFO - [2025-04-18T13:46:53.961+0000] {dagbag.py:588} INFO - Filling up the DagBag from /home/airflow/.local/lib/python3.12/site-packages/airflow/example_dags/example_bash_operator.py
[2025-04-18T13:46:54.076+0000] {processor.py:925} INFO - DAG(s) 'example_bash_operator' retrieved from /home/airflow/.local/lib/python3.12/site-packages/airflow/example_dags/example_bash_operator.py
[2025-04-18T13:46:54.234+0000] {logging_mixin.py:190} INFO - [2025-04-18T13:46:54.233+0000] {dag.py:3239} INFO - Sync 1 DAGs
[2025-04-18T13:46:54.429+0000] {logging_mixin.py:190} INFO - [2025-04-18T13:46:54.428+0000] {dag.py:4180} INFO - Setting next_dagrun for example_bash_operator to 2025-04-17 00:00:00+00:00, run_after=2025-04-18 00:00:00+00:00
[2025-04-18T13:46:54.509+0000] {processor.py:208} INFO - Processing /home/airflow/.local/lib/python3.12/site-packages/airflow/example_dags/example_bash_operator.py took 0.636 seconds
[2025-04-18T13:49:04.322+0000] {processor.py:186} INFO - Started process (PID=71) to work on /home/airflow/.local/lib/python3.12/site-packages/airflow/example_dags/example_bash_operator.py
[2025-04-18T13:49:04.326+0000] {processor.py:914} INFO - Processing file /home/airflow/.local/lib/python3.12/site-packages/airflow/example_dags/example_bash_operator.py for tasks to queue
[2025-04-18T13:49:04.339+0000] {logging_mixin.py:190} INFO - [2025-04-18T13:49:04.336+0000] {dagbag.py:588} INFO - Filling up the DagBag from /home/airflow/.local/lib/python3.12/site-packages/airflow/example_dags/example_bash_operator.py
[2025-04-18T13:49:04.398+0000] {processor.py:925} INFO - DAG(s) 'example_bash_operator' retrieved from /home/airflow/.local/lib/python3.12/site-packages/airflow/example_dags/example_bash_operator.py
[2025-04-18T13:49:04.529+0000] {logging_mixin.py:190} INFO - [2025-04-18T13:49:04.529+0000] {dag.py:3239} INFO - Sync 1 DAGs
[2025-04-18T13:49:04.667+0000] {logging_mixin.py:190} INFO - [2025-04-18T13:49:04.665+0000] {dag.py:4180} INFO - Setting next_dagrun for example_bash_operator to 2025-04-17 00:00:00+00:00, run_after=2025-04-18 00:00:00+00:00
[2025-04-18T13:49:04.744+0000] {processor.py:208} INFO - Processing /home/airflow/.local/lib/python3.12/site-packages/airflow/example_dags/example_bash_operator.py took 0.451 seconds
[2025-04-18T13:50:20.989+0000] {processor.py:186} INFO - Started process (PID=147) to work on /home/airflow/.local/lib/python3.12/site-packages/airflow/example_dags/example_bash_operator.py
[2025-04-18T13:50:20.992+0000] {processor.py:914} INFO - Processing file /home/airflow/.local/lib/python3.12/site-packages/airflow/example_dags/example_bash_operator.py for tasks to queue
[2025-04-18T13:50:21.015+0000] {logging_mixin.py:190} INFO - [2025-04-18T13:50:21.012+0000] {dagbag.py:588} INFO - Filling up the DagBag from /home/airflow/.local/lib/python3.12/site-packages/airflow/example_dags/example_bash_operator.py
[2025-04-18T13:50:21.180+0000] {processor.py:925} INFO - DAG(s) 'example_bash_operator' retrieved from /home/airflow/.local/lib/python3.12/site-packages/airflow/example_dags/example_bash_operator.py
[2025-04-18T13:50:21.467+0000] {logging_mixin.py:190} INFO - [2025-04-18T13:50:21.465+0000] {dag.py:3239} INFO - Sync 1 DAGs
[2025-04-18T13:50:21.691+0000] {logging_mixin.py:190} INFO - [2025-04-18T13:50:21.690+0000] {dag.py:4180} INFO - Setting next_dagrun for example_bash_operator to 2025-04-17 00:00:00+00:00, run_after=2025-04-18 00:00:00+00:00
[2025-04-18T13:50:21.812+0000] {processor.py:208} INFO - Processing /home/airflow/.local/lib/python3.12/site-packages/airflow/example_dags/example_bash_operator.py took 0.872 seconds
[2025-04-18T13:50:57.334+0000] {processor.py:186} INFO - Started process (PID=184) to work on /home/airflow/.local/lib/python3.12/site-packages/airflow/example_dags/example_bash_operator.py
[2025-04-18T13:50:57.337+0000] {processor.py:914} INFO - Processing file /home/airflow/.local/lib/python3.12/site-packages/airflow/example_dags/example_bash_operator.py for tasks to queue
[2025-04-18T13:50:57.361+0000] {logging_mixin.py:190} INFO - [2025-04-18T13:50:57.359+0000] {dagbag.py:588} INFO - Filling up the DagBag from /home/airflow/.local/lib/python3.12/site-packages/airflow/example_dags/example_bash_operator.py
[2025-04-18T13:50:57.411+0000] {processor.py:925} INFO - DAG(s) 'example_bash_operator' retrieved from /home/airflow/.local/lib/python3.12/site-packages/airflow/example_dags/example_bash_operator.py
[2025-04-18T13:50:57.747+0000] {logging_mixin.py:190} INFO - [2025-04-18T13:50:57.741+0000] {dag.py:3239} INFO - Sync 1 DAGs
[2025-04-18T13:50:58.138+0000] {logging_mixin.py:190} INFO - [2025-04-18T13:50:58.135+0000] {dag.py:4180} INFO - Setting next_dagrun for example_bash_operator to 2025-04-17 00:00:00+00:00, run_after=2025-04-18 00:00:00+00:00
[2025-04-18T13:50:58.321+0000] {processor.py:208} INFO - Processing /home/airflow/.local/lib/python3.12/site-packages/airflow/example_dags/example_bash_operator.py took 1.016 seconds
[2025-04-18T13:51:50.262+0000] {processor.py:186} INFO - Started process (PID=239) to work on /home/airflow/.local/lib/python3.12/site-packages/airflow/example_dags/example_bash_operator.py
[2025-04-18T13:51:50.280+0000] {processor.py:914} INFO - Processing file /home/airflow/.local/lib/python3.12/site-packages/airflow/example_dags/example_bash_operator.py for tasks to queue
[2025-04-18T13:51:50.361+0000] {logging_mixin.py:190} INFO - [2025-04-18T13:51:50.360+0000] {dagbag.py:588} INFO - Filling up the DagBag from /home/airflow/.local/lib/python3.12/site-packages/airflow/example_dags/example_bash_operator.py
[2025-04-18T13:51:50.697+0000] {processor.py:925} INFO - DAG(s) 'example_bash_operator' retrieved from /home/airflow/.local/lib/python3.12/site-packages/airflow/example_dags/example_bash_operator.py
[2025-04-18T13:51:50.909+0000] {logging_mixin.py:190} INFO - [2025-04-18T13:51:50.904+0000] {dag.py:3239} INFO - Sync 1 DAGs
[2025-04-18T13:51:51.116+0000] {logging_mixin.py:190} INFO - [2025-04-18T13:51:51.116+0000] {dag.py:4180} INFO - Setting next_dagrun for example_bash_operator to 2025-04-17 00:00:00+00:00, run_after=2025-04-18 00:00:00+00:00
[2025-04-18T13:51:51.293+0000] {processor.py:208} INFO - Processing /home/airflow/.local/lib/python3.12/site-packages/airflow/example_dags/example_bash_operator.py took 1.090 seconds
[2025-04-18T13:52:58.621+0000] {processor.py:186} INFO - Started process (PID=313) to work on /home/airflow/.local/lib/python3.12/site-packages/airflow/example_dags/example_bash_operator.py
[2025-04-18T13:52:58.626+0000] {processor.py:914} INFO - Processing file /home/airflow/.local/lib/python3.12/site-packages/airflow/example_dags/example_bash_operator.py for tasks to queue
[2025-04-18T13:52:58.649+0000] {logging_mixin.py:190} INFO - [2025-04-18T13:52:58.639+0000] {dagbag.py:588} INFO - Filling up the DagBag from /home/airflow/.local/lib/python3.12/site-packages/airflow/example_dags/example_bash_operator.py
[2025-04-18T13:52:58.741+0000] {processor.py:925} INFO - DAG(s) 'example_bash_operator' retrieved from /home/airflow/.local/lib/python3.12/site-packages/airflow/example_dags/example_bash_operator.py
[2025-04-18T13:52:58.929+0000] {logging_mixin.py:190} INFO - [2025-04-18T13:52:58.929+0000] {dag.py:3239} INFO - Sync 1 DAGs
[2025-04-18T13:52:59.082+0000] {logging_mixin.py:190} INFO - [2025-04-18T13:52:59.082+0000] {dag.py:4180} INFO - Setting next_dagrun for example_bash_operator to 2025-04-17 00:00:00+00:00, run_after=2025-04-18 00:00:00+00:00
[2025-04-18T13:52:59.192+0000] {processor.py:208} INFO - Processing /home/airflow/.local/lib/python3.12/site-packages/airflow/example_dags/example_bash_operator.py took 0.602 seconds
[2025-04-18T13:53:35.497+0000] {processor.py:186} INFO - Started process (PID=357) to work on /home/airflow/.local/lib/python3.12/site-packages/airflow/example_dags/example_bash_operator.py
[2025-04-18T13:53:35.504+0000] {processor.py:914} INFO - Processing file /home/airflow/.local/lib/python3.12/site-packages/airflow/example_dags/example_bash_operator.py for tasks to queue
[2025-04-18T13:53:35.605+0000] {logging_mixin.py:190} INFO - [2025-04-18T13:53:35.604+0000] {dagbag.py:588} INFO - Filling up the DagBag from /home/airflow/.local/lib/python3.12/site-packages/airflow/example_dags/example_bash_operator.py
[2025-04-18T13:53:35.793+0000] {processor.py:925} INFO - DAG(s) 'example_bash_operator' retrieved from /home/airflow/.local/lib/python3.12/site-packages/airflow/example_dags/example_bash_operator.py
[2025-04-18T13:53:36.128+0000] {logging_mixin.py:190} INFO - [2025-04-18T13:53:36.118+0000] {dag.py:3239} INFO - Sync 1 DAGs
[2025-04-18T13:53:36.516+0000] {logging_mixin.py:190} INFO - [2025-04-18T13:53:36.514+0000] {dag.py:4180} INFO - Setting next_dagrun for example_bash_operator to 2025-04-17 00:00:00+00:00, run_after=2025-04-18 00:00:00+00:00
[2025-04-18T13:53:36.749+0000] {processor.py:208} INFO - Processing /home/airflow/.local/lib/python3.12/site-packages/airflow/example_dags/example_bash_operator.py took 1.306 seconds
[2025-04-18T13:54:14.630+0000] {processor.py:186} INFO - Started process (PID=421) to work on /home/airflow/.local/lib/python3.12/site-packages/airflow/example_dags/example_bash_operator.py
[2025-04-18T13:54:14.634+0000] {processor.py:914} INFO - Processing file /home/airflow/.local/lib/python3.12/site-packages/airflow/example_dags/example_bash_operator.py for tasks to queue
[2025-04-18T13:54:14.673+0000] {logging_mixin.py:190} INFO - [2025-04-18T13:54:14.651+0000] {dagbag.py:588} INFO - Filling up the DagBag from /home/airflow/.local/lib/python3.12/site-packages/airflow/example_dags/example_bash_operator.py
[2025-04-18T13:54:14.741+0000] {processor.py:925} INFO - DAG(s) 'example_bash_operator' retrieved from /home/airflow/.local/lib/python3.12/site-packages/airflow/example_dags/example_bash_operator.py
[2025-04-18T13:54:15.010+0000] {logging_mixin.py:190} INFO - [2025-04-18T13:54:15.008+0000] {dag.py:3239} INFO - Sync 1 DAGs
[2025-04-18T13:54:15.179+0000] {logging_mixin.py:190} INFO - [2025-04-18T13:54:15.179+0000] {dag.py:4180} INFO - Setting next_dagrun for example_bash_operator to 2025-04-17 00:00:00+00:00, run_after=2025-04-18 00:00:00+00:00
[2025-04-18T13:54:15.287+0000] {processor.py:208} INFO - Processing /home/airflow/.local/lib/python3.12/site-packages/airflow/example_dags/example_bash_operator.py took 0.677 seconds
[2025-04-18T13:54:46.440+0000] {processor.py:186} INFO - Started process (PID=483) to work on /home/airflow/.local/lib/python3.12/site-packages/airflow/example_dags/example_bash_operator.py
[2025-04-18T13:54:46.443+0000] {processor.py:914} INFO - Processing file /home/airflow/.local/lib/python3.12/site-packages/airflow/example_dags/example_bash_operator.py for tasks to queue
[2025-04-18T13:54:46.492+0000] {logging_mixin.py:190} INFO - [2025-04-18T13:54:46.481+0000] {dagbag.py:588} INFO - Filling up the DagBag from /home/airflow/.local/lib/python3.12/site-packages/airflow/example_dags/example_bash_operator.py
[2025-04-18T13:54:46.580+0000] {processor.py:925} INFO - DAG(s) 'example_bash_operator' retrieved from /home/airflow/.local/lib/python3.12/site-packages/airflow/example_dags/example_bash_operator.py
[2025-04-18T13:54:46.695+0000] {logging_mixin.py:190} INFO - [2025-04-18T13:54:46.695+0000] {dag.py:3239} INFO - Sync 1 DAGs
[2025-04-18T13:54:46.778+0000] {logging_mixin.py:190} INFO - [2025-04-18T13:54:46.777+0000] {dag.py:4180} INFO - Setting next_dagrun for example_bash_operator to 2025-04-17 00:00:00+00:00, run_after=2025-04-18 00:00:00+00:00
[2025-04-18T13:54:46.849+0000] {processor.py:208} INFO - Processing /home/airflow/.local/lib/python3.12/site-packages/airflow/example_dags/example_bash_operator.py took 0.440 seconds
