[2025-04-18T13:25:59.328+0000] {processor.py:186} INFO - Started process (PID=84) to work on /home/airflow/.local/lib/python3.12/site-packages/airflow/example_dags/example_subdag_operator.py
[2025-04-18T13:25:59.329+0000] {processor.py:914} INFO - Processing file /home/airflow/.local/lib/python3.12/site-packages/airflow/example_dags/example_subdag_operator.py for tasks to queue
[2025-04-18T13:25:59.333+0000] {logging_mixin.py:190} INFO - [2025-04-18T13:25:59.332+0000] {dagbag.py:588} INFO - Filling up the DagBag from /home/airflow/.local/lib/python3.12/site-packages/airflow/example_dags/example_subdag_operator.py
[2025-04-18T13:25:59.372+0000] {processor.py:925} INFO - DAG(s) 'example_subdag_operator.section-1', 'example_subdag_operator.section-2', 'example_subdag_operator' retrieved from /home/airflow/.local/lib/python3.12/site-packages/airflow/example_dags/example_subdag_operator.py
[2025-04-18T13:25:59.505+0000] {logging_mixin.py:190} INFO - [2025-04-18T13:25:59.505+0000] {dag.py:3239} INFO - Sync 3 DAGs
[2025-04-18T13:25:59.540+0000] {logging_mixin.py:190} INFO - [2025-04-18T13:25:59.540+0000] {dag.py:4180} INFO - Setting next_dagrun for example_subdag_operator to 2022-01-01 00:00:00+00:00, run_after=2022-01-01 00:00:00+00:00
[2025-04-18T13:25:59.545+0000] {logging_mixin.py:190} INFO - [2025-04-18T13:25:59.545+0000] {dag.py:4180} INFO - Setting next_dagrun for example_subdag_operator.section-1 to None, run_after=None
[2025-04-18T13:25:59.548+0000] {logging_mixin.py:190} INFO - [2025-04-18T13:25:59.548+0000] {dag.py:4180} INFO - Setting next_dagrun for example_subdag_operator.section-2 to None, run_after=None
[2025-04-18T13:25:59.563+0000] {logging_mixin.py:190} INFO - [2025-04-18T13:25:59.563+0000] {dag.py:3239} INFO - Sync 2 DAGs
[2025-04-18T13:25:59.572+0000] {logging_mixin.py:190} INFO - [2025-04-18T13:25:59.572+0000] {dag.py:4180} INFO - Setting next_dagrun for example_subdag_operator.section-1 to None, run_after=None
[2025-04-18T13:25:59.572+0000] {logging_mixin.py:190} INFO - [2025-04-18T13:25:59.572+0000] {dag.py:4180} INFO - Setting next_dagrun for example_subdag_operator.section-2 to None, run_after=None
[2025-04-18T13:25:59.591+0000] {processor.py:208} INFO - Processing /home/airflow/.local/lib/python3.12/site-packages/airflow/example_dags/example_subdag_operator.py took 0.275 seconds
[2025-04-18T13:27:45.378+0000] {processor.py:186} INFO - Started process (PID=161) to work on /home/airflow/.local/lib/python3.12/site-packages/airflow/example_dags/example_subdag_operator.py
[2025-04-18T13:27:45.388+0000] {processor.py:914} INFO - Processing file /home/airflow/.local/lib/python3.12/site-packages/airflow/example_dags/example_subdag_operator.py for tasks to queue
[2025-04-18T13:27:45.436+0000] {logging_mixin.py:190} INFO - [2025-04-18T13:27:45.428+0000] {dagbag.py:588} INFO - Filling up the DagBag from /home/airflow/.local/lib/python3.12/site-packages/airflow/example_dags/example_subdag_operator.py
[2025-04-18T13:27:45.804+0000] {processor.py:925} INFO - DAG(s) 'example_subdag_operator.section-1', 'example_subdag_operator.section-2', 'example_subdag_operator' retrieved from /home/airflow/.local/lib/python3.12/site-packages/airflow/example_dags/example_subdag_operator.py
[2025-04-18T13:27:46.001+0000] {logging_mixin.py:190} INFO - [2025-04-18T13:27:45.995+0000] {dag.py:3239} INFO - Sync 3 DAGs
[2025-04-18T13:27:46.267+0000] {logging_mixin.py:190} INFO - [2025-04-18T13:27:46.255+0000] {dag.py:4180} INFO - Setting next_dagrun for example_subdag_operator to 2022-01-01 00:00:00+00:00, run_after=2022-01-01 00:00:00+00:00
[2025-04-18T13:27:46.304+0000] {logging_mixin.py:190} INFO - [2025-04-18T13:27:46.303+0000] {dag.py:4180} INFO - Setting next_dagrun for example_subdag_operator.section-1 to None, run_after=None
[2025-04-18T13:27:46.308+0000] {logging_mixin.py:190} INFO - [2025-04-18T13:27:46.307+0000] {dag.py:4180} INFO - Setting next_dagrun for example_subdag_operator.section-2 to None, run_after=None
[2025-04-18T13:27:46.391+0000] {logging_mixin.py:190} INFO - [2025-04-18T13:27:46.389+0000] {dag.py:3239} INFO - Sync 2 DAGs
[2025-04-18T13:27:46.436+0000] {logging_mixin.py:190} INFO - [2025-04-18T13:27:46.434+0000] {dag.py:4180} INFO - Setting next_dagrun for example_subdag_operator.section-1 to None, run_after=None
[2025-04-18T13:27:46.443+0000] {logging_mixin.py:190} INFO - [2025-04-18T13:27:46.443+0000] {dag.py:4180} INFO - Setting next_dagrun for example_subdag_operator.section-2 to None, run_after=None
[2025-04-18T13:27:46.535+0000] {processor.py:208} INFO - Processing /home/airflow/.local/lib/python3.12/site-packages/airflow/example_dags/example_subdag_operator.py took 1.285 seconds
[2025-04-18T13:30:03.231+0000] {processor.py:186} INFO - Started process (PID=83) to work on /home/airflow/.local/lib/python3.12/site-packages/airflow/example_dags/example_subdag_operator.py
[2025-04-18T13:30:03.233+0000] {processor.py:914} INFO - Processing file /home/airflow/.local/lib/python3.12/site-packages/airflow/example_dags/example_subdag_operator.py for tasks to queue
[2025-04-18T13:30:03.239+0000] {logging_mixin.py:190} INFO - [2025-04-18T13:30:03.238+0000] {dagbag.py:588} INFO - Filling up the DagBag from /home/airflow/.local/lib/python3.12/site-packages/airflow/example_dags/example_subdag_operator.py
[2025-04-18T13:30:03.562+0000] {processor.py:925} INFO - DAG(s) 'example_subdag_operator.section-1', 'example_subdag_operator.section-2', 'example_subdag_operator' retrieved from /home/airflow/.local/lib/python3.12/site-packages/airflow/example_dags/example_subdag_operator.py
[2025-04-18T13:30:03.692+0000] {logging_mixin.py:190} INFO - [2025-04-18T13:30:03.691+0000] {dag.py:3239} INFO - Sync 3 DAGs
[2025-04-18T13:30:03.841+0000] {logging_mixin.py:190} INFO - [2025-04-18T13:30:03.839+0000] {dag.py:4180} INFO - Setting next_dagrun for example_subdag_operator to 2022-01-01 00:00:00+00:00, run_after=2022-01-01 00:00:00+00:00
[2025-04-18T13:30:03.847+0000] {logging_mixin.py:190} INFO - [2025-04-18T13:30:03.847+0000] {dag.py:4180} INFO - Setting next_dagrun for example_subdag_operator.section-1 to None, run_after=None
[2025-04-18T13:30:03.848+0000] {logging_mixin.py:190} INFO - [2025-04-18T13:30:03.848+0000] {dag.py:4180} INFO - Setting next_dagrun for example_subdag_operator.section-2 to None, run_after=None
[2025-04-18T13:30:03.864+0000] {logging_mixin.py:190} INFO - [2025-04-18T13:30:03.864+0000] {dag.py:3239} INFO - Sync 2 DAGs
[2025-04-18T13:30:03.886+0000] {logging_mixin.py:190} INFO - [2025-04-18T13:30:03.886+0000] {dag.py:4180} INFO - Setting next_dagrun for example_subdag_operator.section-1 to None, run_after=None
[2025-04-18T13:30:03.888+0000] {logging_mixin.py:190} INFO - [2025-04-18T13:30:03.887+0000] {dag.py:4180} INFO - Setting next_dagrun for example_subdag_operator.section-2 to None, run_after=None
[2025-04-18T13:30:03.963+0000] {processor.py:208} INFO - Processing /home/airflow/.local/lib/python3.12/site-packages/airflow/example_dags/example_subdag_operator.py took 0.751 seconds
[2025-04-18T13:30:39.931+0000] {processor.py:186} INFO - Started process (PID=146) to work on /home/airflow/.local/lib/python3.12/site-packages/airflow/example_dags/example_subdag_operator.py
[2025-04-18T13:30:39.938+0000] {processor.py:914} INFO - Processing file /home/airflow/.local/lib/python3.12/site-packages/airflow/example_dags/example_subdag_operator.py for tasks to queue
[2025-04-18T13:30:39.962+0000] {logging_mixin.py:190} INFO - [2025-04-18T13:30:39.956+0000] {dagbag.py:588} INFO - Filling up the DagBag from /home/airflow/.local/lib/python3.12/site-packages/airflow/example_dags/example_subdag_operator.py
[2025-04-18T13:30:40.181+0000] {processor.py:925} INFO - DAG(s) 'example_subdag_operator.section-1', 'example_subdag_operator.section-2', 'example_subdag_operator' retrieved from /home/airflow/.local/lib/python3.12/site-packages/airflow/example_dags/example_subdag_operator.py
[2025-04-18T13:30:40.272+0000] {logging_mixin.py:190} INFO - [2025-04-18T13:30:40.271+0000] {dag.py:3239} INFO - Sync 3 DAGs
[2025-04-18T13:30:40.554+0000] {logging_mixin.py:190} INFO - [2025-04-18T13:30:40.535+0000] {dag.py:4180} INFO - Setting next_dagrun for example_subdag_operator to 2022-01-01 00:00:00+00:00, run_after=2022-01-01 00:00:00+00:00
[2025-04-18T13:30:40.581+0000] {logging_mixin.py:190} INFO - [2025-04-18T13:30:40.576+0000] {dag.py:4180} INFO - Setting next_dagrun for example_subdag_operator.section-1 to None, run_after=None
[2025-04-18T13:30:40.593+0000] {logging_mixin.py:190} INFO - [2025-04-18T13:30:40.592+0000] {dag.py:4180} INFO - Setting next_dagrun for example_subdag_operator.section-2 to None, run_after=None
[2025-04-18T13:30:40.652+0000] {logging_mixin.py:190} INFO - [2025-04-18T13:30:40.651+0000] {dag.py:3239} INFO - Sync 2 DAGs
[2025-04-18T13:30:40.700+0000] {logging_mixin.py:190} INFO - [2025-04-18T13:30:40.699+0000] {dag.py:4180} INFO - Setting next_dagrun for example_subdag_operator.section-1 to None, run_after=None
[2025-04-18T13:30:40.704+0000] {logging_mixin.py:190} INFO - [2025-04-18T13:30:40.703+0000] {dag.py:4180} INFO - Setting next_dagrun for example_subdag_operator.section-2 to None, run_after=None
[2025-04-18T13:30:40.837+0000] {processor.py:208} INFO - Processing /home/airflow/.local/lib/python3.12/site-packages/airflow/example_dags/example_subdag_operator.py took 0.949 seconds
[2025-04-18T13:31:11.024+0000] {processor.py:186} INFO - Started process (PID=210) to work on /home/airflow/.local/lib/python3.12/site-packages/airflow/example_dags/example_subdag_operator.py
[2025-04-18T13:31:11.026+0000] {processor.py:914} INFO - Processing file /home/airflow/.local/lib/python3.12/site-packages/airflow/example_dags/example_subdag_operator.py for tasks to queue
[2025-04-18T13:31:11.030+0000] {logging_mixin.py:190} INFO - [2025-04-18T13:31:11.029+0000] {dagbag.py:588} INFO - Filling up the DagBag from /home/airflow/.local/lib/python3.12/site-packages/airflow/example_dags/example_subdag_operator.py
[2025-04-18T13:31:11.065+0000] {processor.py:925} INFO - DAG(s) 'example_subdag_operator.section-1', 'example_subdag_operator.section-2', 'example_subdag_operator' retrieved from /home/airflow/.local/lib/python3.12/site-packages/airflow/example_dags/example_subdag_operator.py
[2025-04-18T13:31:11.075+0000] {logging_mixin.py:190} INFO - [2025-04-18T13:31:11.075+0000] {dag.py:3239} INFO - Sync 3 DAGs
[2025-04-18T13:31:11.091+0000] {logging_mixin.py:190} INFO - [2025-04-18T13:31:11.091+0000] {dag.py:4180} INFO - Setting next_dagrun for example_subdag_operator to 2022-01-01 00:00:00+00:00, run_after=2022-01-01 00:00:00+00:00
[2025-04-18T13:31:11.093+0000] {logging_mixin.py:190} INFO - [2025-04-18T13:31:11.093+0000] {dag.py:4180} INFO - Setting next_dagrun for example_subdag_operator.section-1 to None, run_after=None
[2025-04-18T13:31:11.093+0000] {logging_mixin.py:190} INFO - [2025-04-18T13:31:11.093+0000] {dag.py:4180} INFO - Setting next_dagrun for example_subdag_operator.section-2 to None, run_after=None
[2025-04-18T13:31:11.097+0000] {logging_mixin.py:190} INFO - [2025-04-18T13:31:11.097+0000] {dag.py:3239} INFO - Sync 2 DAGs
[2025-04-18T13:31:11.099+0000] {logging_mixin.py:190} INFO - [2025-04-18T13:31:11.099+0000] {dag.py:4180} INFO - Setting next_dagrun for example_subdag_operator.section-1 to None, run_after=None
[2025-04-18T13:31:11.099+0000] {logging_mixin.py:190} INFO - [2025-04-18T13:31:11.099+0000] {dag.py:4180} INFO - Setting next_dagrun for example_subdag_operator.section-2 to None, run_after=None
[2025-04-18T13:31:11.104+0000] {processor.py:208} INFO - Processing /home/airflow/.local/lib/python3.12/site-packages/airflow/example_dags/example_subdag_operator.py took 0.089 seconds
[2025-04-18T13:31:41.388+0000] {processor.py:186} INFO - Started process (PID=274) to work on /home/airflow/.local/lib/python3.12/site-packages/airflow/example_dags/example_subdag_operator.py
[2025-04-18T13:31:41.389+0000] {processor.py:914} INFO - Processing file /home/airflow/.local/lib/python3.12/site-packages/airflow/example_dags/example_subdag_operator.py for tasks to queue
[2025-04-18T13:31:41.390+0000] {logging_mixin.py:190} INFO - [2025-04-18T13:31:41.390+0000] {dagbag.py:588} INFO - Filling up the DagBag from /home/airflow/.local/lib/python3.12/site-packages/airflow/example_dags/example_subdag_operator.py
[2025-04-18T13:31:41.405+0000] {processor.py:925} INFO - DAG(s) 'example_subdag_operator.section-1', 'example_subdag_operator.section-2', 'example_subdag_operator' retrieved from /home/airflow/.local/lib/python3.12/site-packages/airflow/example_dags/example_subdag_operator.py
[2025-04-18T13:31:41.412+0000] {logging_mixin.py:190} INFO - [2025-04-18T13:31:41.412+0000] {dag.py:3239} INFO - Sync 3 DAGs
[2025-04-18T13:31:41.423+0000] {logging_mixin.py:190} INFO - [2025-04-18T13:31:41.423+0000] {dag.py:4180} INFO - Setting next_dagrun for example_subdag_operator to 2022-01-01 00:00:00+00:00, run_after=2022-01-01 00:00:00+00:00
[2025-04-18T13:31:41.424+0000] {logging_mixin.py:190} INFO - [2025-04-18T13:31:41.424+0000] {dag.py:4180} INFO - Setting next_dagrun for example_subdag_operator.section-1 to None, run_after=None
[2025-04-18T13:31:41.425+0000] {logging_mixin.py:190} INFO - [2025-04-18T13:31:41.425+0000] {dag.py:4180} INFO - Setting next_dagrun for example_subdag_operator.section-2 to None, run_after=None
[2025-04-18T13:31:41.428+0000] {logging_mixin.py:190} INFO - [2025-04-18T13:31:41.428+0000] {dag.py:3239} INFO - Sync 2 DAGs
[2025-04-18T13:31:41.430+0000] {logging_mixin.py:190} INFO - [2025-04-18T13:31:41.430+0000] {dag.py:4180} INFO - Setting next_dagrun for example_subdag_operator.section-1 to None, run_after=None
[2025-04-18T13:31:41.430+0000] {logging_mixin.py:190} INFO - [2025-04-18T13:31:41.430+0000] {dag.py:4180} INFO - Setting next_dagrun for example_subdag_operator.section-2 to None, run_after=None
[2025-04-18T13:31:41.435+0000] {processor.py:208} INFO - Processing /home/airflow/.local/lib/python3.12/site-packages/airflow/example_dags/example_subdag_operator.py took 0.050 seconds
[2025-04-18T13:32:12.025+0000] {processor.py:186} INFO - Started process (PID=337) to work on /home/airflow/.local/lib/python3.12/site-packages/airflow/example_dags/example_subdag_operator.py
[2025-04-18T13:32:12.027+0000] {processor.py:914} INFO - Processing file /home/airflow/.local/lib/python3.12/site-packages/airflow/example_dags/example_subdag_operator.py for tasks to queue
[2025-04-18T13:32:12.029+0000] {logging_mixin.py:190} INFO - [2025-04-18T13:32:12.029+0000] {dagbag.py:588} INFO - Filling up the DagBag from /home/airflow/.local/lib/python3.12/site-packages/airflow/example_dags/example_subdag_operator.py
[2025-04-18T13:32:12.056+0000] {processor.py:925} INFO - DAG(s) 'example_subdag_operator.section-1', 'example_subdag_operator.section-2', 'example_subdag_operator' retrieved from /home/airflow/.local/lib/python3.12/site-packages/airflow/example_dags/example_subdag_operator.py
[2025-04-18T13:32:12.083+0000] {logging_mixin.py:190} INFO - [2025-04-18T13:32:12.083+0000] {dag.py:3239} INFO - Sync 3 DAGs
[2025-04-18T13:32:12.214+0000] {logging_mixin.py:190} INFO - [2025-04-18T13:32:12.213+0000] {dag.py:4180} INFO - Setting next_dagrun for example_subdag_operator to 2022-01-01 00:00:00+00:00, run_after=2022-01-01 00:00:00+00:00
[2025-04-18T13:32:12.217+0000] {logging_mixin.py:190} INFO - [2025-04-18T13:32:12.217+0000] {dag.py:4180} INFO - Setting next_dagrun for example_subdag_operator.section-1 to None, run_after=None
[2025-04-18T13:32:12.218+0000] {logging_mixin.py:190} INFO - [2025-04-18T13:32:12.218+0000] {dag.py:4180} INFO - Setting next_dagrun for example_subdag_operator.section-2 to None, run_after=None
[2025-04-18T13:32:12.230+0000] {logging_mixin.py:190} INFO - [2025-04-18T13:32:12.229+0000] {dag.py:3239} INFO - Sync 2 DAGs
[2025-04-18T13:32:12.236+0000] {logging_mixin.py:190} INFO - [2025-04-18T13:32:12.235+0000] {dag.py:4180} INFO - Setting next_dagrun for example_subdag_operator.section-1 to None, run_after=None
[2025-04-18T13:32:12.236+0000] {logging_mixin.py:190} INFO - [2025-04-18T13:32:12.236+0000] {dag.py:4180} INFO - Setting next_dagrun for example_subdag_operator.section-2 to None, run_after=None
[2025-04-18T13:32:12.260+0000] {processor.py:208} INFO - Processing /home/airflow/.local/lib/python3.12/site-packages/airflow/example_dags/example_subdag_operator.py took 0.238 seconds
[2025-04-18T13:34:56.946+0000] {processor.py:186} INFO - Started process (PID=78) to work on /home/airflow/.local/lib/python3.12/site-packages/airflow/example_dags/example_subdag_operator.py
[2025-04-18T13:34:56.955+0000] {processor.py:914} INFO - Processing file /home/airflow/.local/lib/python3.12/site-packages/airflow/example_dags/example_subdag_operator.py for tasks to queue
[2025-04-18T13:34:56.975+0000] {logging_mixin.py:190} INFO - [2025-04-18T13:34:56.974+0000] {dagbag.py:588} INFO - Filling up the DagBag from /home/airflow/.local/lib/python3.12/site-packages/airflow/example_dags/example_subdag_operator.py
[2025-04-18T13:34:57.097+0000] {processor.py:925} INFO - DAG(s) 'example_subdag_operator.section-1', 'example_subdag_operator.section-2', 'example_subdag_operator' retrieved from /home/airflow/.local/lib/python3.12/site-packages/airflow/example_dags/example_subdag_operator.py
[2025-04-18T13:34:57.150+0000] {logging_mixin.py:190} INFO - [2025-04-18T13:34:57.150+0000] {dag.py:3239} INFO - Sync 3 DAGs
[2025-04-18T13:34:57.215+0000] {logging_mixin.py:190} INFO - [2025-04-18T13:34:57.215+0000] {dag.py:4180} INFO - Setting next_dagrun for example_subdag_operator to 2022-01-01 00:00:00+00:00, run_after=2022-01-01 00:00:00+00:00
[2025-04-18T13:34:57.224+0000] {logging_mixin.py:190} INFO - [2025-04-18T13:34:57.223+0000] {dag.py:4180} INFO - Setting next_dagrun for example_subdag_operator.section-1 to None, run_after=None
[2025-04-18T13:34:57.226+0000] {logging_mixin.py:190} INFO - [2025-04-18T13:34:57.226+0000] {dag.py:4180} INFO - Setting next_dagrun for example_subdag_operator.section-2 to None, run_after=None
[2025-04-18T13:34:57.240+0000] {logging_mixin.py:190} INFO - [2025-04-18T13:34:57.239+0000] {dag.py:3239} INFO - Sync 2 DAGs
[2025-04-18T13:34:57.256+0000] {logging_mixin.py:190} INFO - [2025-04-18T13:34:57.256+0000] {dag.py:4180} INFO - Setting next_dagrun for example_subdag_operator.section-1 to None, run_after=None
[2025-04-18T13:34:57.257+0000] {logging_mixin.py:190} INFO - [2025-04-18T13:34:57.257+0000] {dag.py:4180} INFO - Setting next_dagrun for example_subdag_operator.section-2 to None, run_after=None
[2025-04-18T13:34:57.293+0000] {processor.py:208} INFO - Processing /home/airflow/.local/lib/python3.12/site-packages/airflow/example_dags/example_subdag_operator.py took 0.372 seconds
[2025-04-18T13:35:27.449+0000] {processor.py:186} INFO - Started process (PID=141) to work on /home/airflow/.local/lib/python3.12/site-packages/airflow/example_dags/example_subdag_operator.py
[2025-04-18T13:35:27.452+0000] {processor.py:914} INFO - Processing file /home/airflow/.local/lib/python3.12/site-packages/airflow/example_dags/example_subdag_operator.py for tasks to queue
[2025-04-18T13:35:27.469+0000] {logging_mixin.py:190} INFO - [2025-04-18T13:35:27.467+0000] {dagbag.py:588} INFO - Filling up the DagBag from /home/airflow/.local/lib/python3.12/site-packages/airflow/example_dags/example_subdag_operator.py
[2025-04-18T13:35:27.614+0000] {processor.py:925} INFO - DAG(s) 'example_subdag_operator.section-1', 'example_subdag_operator.section-2', 'example_subdag_operator' retrieved from /home/airflow/.local/lib/python3.12/site-packages/airflow/example_dags/example_subdag_operator.py
[2025-04-18T13:35:27.664+0000] {logging_mixin.py:190} INFO - [2025-04-18T13:35:27.664+0000] {dag.py:3239} INFO - Sync 3 DAGs
[2025-04-18T13:35:27.738+0000] {logging_mixin.py:190} INFO - [2025-04-18T13:35:27.738+0000] {dag.py:4180} INFO - Setting next_dagrun for example_subdag_operator to 2022-01-01 00:00:00+00:00, run_after=2022-01-01 00:00:00+00:00
[2025-04-18T13:35:27.749+0000] {logging_mixin.py:190} INFO - [2025-04-18T13:35:27.749+0000] {dag.py:4180} INFO - Setting next_dagrun for example_subdag_operator.section-1 to None, run_after=None
[2025-04-18T13:35:27.753+0000] {logging_mixin.py:190} INFO - [2025-04-18T13:35:27.752+0000] {dag.py:4180} INFO - Setting next_dagrun for example_subdag_operator.section-2 to None, run_after=None
[2025-04-18T13:35:27.767+0000] {logging_mixin.py:190} INFO - [2025-04-18T13:35:27.767+0000] {dag.py:3239} INFO - Sync 2 DAGs
[2025-04-18T13:35:27.776+0000] {logging_mixin.py:190} INFO - [2025-04-18T13:35:27.776+0000] {dag.py:4180} INFO - Setting next_dagrun for example_subdag_operator.section-1 to None, run_after=None
[2025-04-18T13:35:27.777+0000] {logging_mixin.py:190} INFO - [2025-04-18T13:35:27.777+0000] {dag.py:4180} INFO - Setting next_dagrun for example_subdag_operator.section-2 to None, run_after=None
[2025-04-18T13:35:27.796+0000] {processor.py:208} INFO - Processing /home/airflow/.local/lib/python3.12/site-packages/airflow/example_dags/example_subdag_operator.py took 0.377 seconds
[2025-04-18T13:35:57.875+0000] {processor.py:186} INFO - Started process (PID=205) to work on /home/airflow/.local/lib/python3.12/site-packages/airflow/example_dags/example_subdag_operator.py
[2025-04-18T13:35:57.879+0000] {processor.py:914} INFO - Processing file /home/airflow/.local/lib/python3.12/site-packages/airflow/example_dags/example_subdag_operator.py for tasks to queue
[2025-04-18T13:35:57.881+0000] {logging_mixin.py:190} INFO - [2025-04-18T13:35:57.881+0000] {dagbag.py:588} INFO - Filling up the DagBag from /home/airflow/.local/lib/python3.12/site-packages/airflow/example_dags/example_subdag_operator.py
[2025-04-18T13:35:57.932+0000] {processor.py:925} INFO - DAG(s) 'example_subdag_operator.section-1', 'example_subdag_operator.section-2', 'example_subdag_operator' retrieved from /home/airflow/.local/lib/python3.12/site-packages/airflow/example_dags/example_subdag_operator.py
[2025-04-18T13:35:57.951+0000] {logging_mixin.py:190} INFO - [2025-04-18T13:35:57.951+0000] {dag.py:3239} INFO - Sync 3 DAGs
[2025-04-18T13:35:57.973+0000] {logging_mixin.py:190} INFO - [2025-04-18T13:35:57.973+0000] {dag.py:4180} INFO - Setting next_dagrun for example_subdag_operator to 2022-01-01 00:00:00+00:00, run_after=2022-01-01 00:00:00+00:00
[2025-04-18T13:35:57.976+0000] {logging_mixin.py:190} INFO - [2025-04-18T13:35:57.976+0000] {dag.py:4180} INFO - Setting next_dagrun for example_subdag_operator.section-1 to None, run_after=None
[2025-04-18T13:35:57.979+0000] {logging_mixin.py:190} INFO - [2025-04-18T13:35:57.978+0000] {dag.py:4180} INFO - Setting next_dagrun for example_subdag_operator.section-2 to None, run_after=None
[2025-04-18T13:35:57.983+0000] {logging_mixin.py:190} INFO - [2025-04-18T13:35:57.983+0000] {dag.py:3239} INFO - Sync 2 DAGs
[2025-04-18T13:35:57.986+0000] {logging_mixin.py:190} INFO - [2025-04-18T13:35:57.986+0000] {dag.py:4180} INFO - Setting next_dagrun for example_subdag_operator.section-1 to None, run_after=None
[2025-04-18T13:35:57.986+0000] {logging_mixin.py:190} INFO - [2025-04-18T13:35:57.986+0000] {dag.py:4180} INFO - Setting next_dagrun for example_subdag_operator.section-2 to None, run_after=None
[2025-04-18T13:35:57.995+0000] {processor.py:208} INFO - Processing /home/airflow/.local/lib/python3.12/site-packages/airflow/example_dags/example_subdag_operator.py took 0.130 seconds
[2025-04-18T13:36:28.243+0000] {processor.py:186} INFO - Started process (PID=269) to work on /home/airflow/.local/lib/python3.12/site-packages/airflow/example_dags/example_subdag_operator.py
[2025-04-18T13:36:28.244+0000] {processor.py:914} INFO - Processing file /home/airflow/.local/lib/python3.12/site-packages/airflow/example_dags/example_subdag_operator.py for tasks to queue
[2025-04-18T13:36:28.246+0000] {logging_mixin.py:190} INFO - [2025-04-18T13:36:28.246+0000] {dagbag.py:588} INFO - Filling up the DagBag from /home/airflow/.local/lib/python3.12/site-packages/airflow/example_dags/example_subdag_operator.py
[2025-04-18T13:36:28.286+0000] {processor.py:925} INFO - DAG(s) 'example_subdag_operator.section-1', 'example_subdag_operator.section-2', 'example_subdag_operator' retrieved from /home/airflow/.local/lib/python3.12/site-packages/airflow/example_dags/example_subdag_operator.py
[2025-04-18T13:36:28.303+0000] {logging_mixin.py:190} INFO - [2025-04-18T13:36:28.302+0000] {dag.py:3239} INFO - Sync 3 DAGs
[2025-04-18T13:36:28.325+0000] {logging_mixin.py:190} INFO - [2025-04-18T13:36:28.325+0000] {dag.py:4180} INFO - Setting next_dagrun for example_subdag_operator to 2022-01-01 00:00:00+00:00, run_after=2022-01-01 00:00:00+00:00
[2025-04-18T13:36:28.327+0000] {logging_mixin.py:190} INFO - [2025-04-18T13:36:28.327+0000] {dag.py:4180} INFO - Setting next_dagrun for example_subdag_operator.section-1 to None, run_after=None
[2025-04-18T13:36:28.328+0000] {logging_mixin.py:190} INFO - [2025-04-18T13:36:28.328+0000] {dag.py:4180} INFO - Setting next_dagrun for example_subdag_operator.section-2 to None, run_after=None
[2025-04-18T13:36:28.332+0000] {logging_mixin.py:190} INFO - [2025-04-18T13:36:28.332+0000] {dag.py:3239} INFO - Sync 2 DAGs
[2025-04-18T13:36:28.336+0000] {logging_mixin.py:190} INFO - [2025-04-18T13:36:28.336+0000] {dag.py:4180} INFO - Setting next_dagrun for example_subdag_operator.section-1 to None, run_after=None
[2025-04-18T13:36:28.336+0000] {logging_mixin.py:190} INFO - [2025-04-18T13:36:28.336+0000] {dag.py:4180} INFO - Setting next_dagrun for example_subdag_operator.section-2 to None, run_after=None
[2025-04-18T13:36:28.344+0000] {processor.py:208} INFO - Processing /home/airflow/.local/lib/python3.12/site-packages/airflow/example_dags/example_subdag_operator.py took 0.108 seconds
[2025-04-18T13:36:58.991+0000] {processor.py:186} INFO - Started process (PID=332) to work on /home/airflow/.local/lib/python3.12/site-packages/airflow/example_dags/example_subdag_operator.py
[2025-04-18T13:36:58.993+0000] {processor.py:914} INFO - Processing file /home/airflow/.local/lib/python3.12/site-packages/airflow/example_dags/example_subdag_operator.py for tasks to queue
[2025-04-18T13:36:58.998+0000] {logging_mixin.py:190} INFO - [2025-04-18T13:36:58.997+0000] {dagbag.py:588} INFO - Filling up the DagBag from /home/airflow/.local/lib/python3.12/site-packages/airflow/example_dags/example_subdag_operator.py
[2025-04-18T13:36:59.033+0000] {processor.py:925} INFO - DAG(s) 'example_subdag_operator.section-1', 'example_subdag_operator.section-2', 'example_subdag_operator' retrieved from /home/airflow/.local/lib/python3.12/site-packages/airflow/example_dags/example_subdag_operator.py
[2025-04-18T13:36:59.042+0000] {logging_mixin.py:190} INFO - [2025-04-18T13:36:59.042+0000] {dag.py:3239} INFO - Sync 3 DAGs
[2025-04-18T13:36:59.062+0000] {logging_mixin.py:190} INFO - [2025-04-18T13:36:59.062+0000] {dag.py:4180} INFO - Setting next_dagrun for example_subdag_operator to 2022-01-01 00:00:00+00:00, run_after=2022-01-01 00:00:00+00:00
[2025-04-18T13:36:59.064+0000] {logging_mixin.py:190} INFO - [2025-04-18T13:36:59.064+0000] {dag.py:4180} INFO - Setting next_dagrun for example_subdag_operator.section-1 to None, run_after=None
[2025-04-18T13:36:59.069+0000] {logging_mixin.py:190} INFO - [2025-04-18T13:36:59.069+0000] {dag.py:4180} INFO - Setting next_dagrun for example_subdag_operator.section-2 to None, run_after=None
[2025-04-18T13:36:59.073+0000] {logging_mixin.py:190} INFO - [2025-04-18T13:36:59.073+0000] {dag.py:3239} INFO - Sync 2 DAGs
[2025-04-18T13:36:59.076+0000] {logging_mixin.py:190} INFO - [2025-04-18T13:36:59.076+0000] {dag.py:4180} INFO - Setting next_dagrun for example_subdag_operator.section-1 to None, run_after=None
[2025-04-18T13:36:59.076+0000] {logging_mixin.py:190} INFO - [2025-04-18T13:36:59.076+0000] {dag.py:4180} INFO - Setting next_dagrun for example_subdag_operator.section-2 to None, run_after=None
[2025-04-18T13:36:59.086+0000] {processor.py:208} INFO - Processing /home/airflow/.local/lib/python3.12/site-packages/airflow/example_dags/example_subdag_operator.py took 0.106 seconds
[2025-04-18T13:37:29.205+0000] {processor.py:186} INFO - Started process (PID=396) to work on /home/airflow/.local/lib/python3.12/site-packages/airflow/example_dags/example_subdag_operator.py
[2025-04-18T13:37:29.212+0000] {processor.py:914} INFO - Processing file /home/airflow/.local/lib/python3.12/site-packages/airflow/example_dags/example_subdag_operator.py for tasks to queue
[2025-04-18T13:37:29.217+0000] {logging_mixin.py:190} INFO - [2025-04-18T13:37:29.216+0000] {dagbag.py:588} INFO - Filling up the DagBag from /home/airflow/.local/lib/python3.12/site-packages/airflow/example_dags/example_subdag_operator.py
[2025-04-18T13:37:29.249+0000] {processor.py:925} INFO - DAG(s) 'example_subdag_operator.section-1', 'example_subdag_operator.section-2', 'example_subdag_operator' retrieved from /home/airflow/.local/lib/python3.12/site-packages/airflow/example_dags/example_subdag_operator.py
[2025-04-18T13:37:29.258+0000] {logging_mixin.py:190} INFO - [2025-04-18T13:37:29.258+0000] {dag.py:3239} INFO - Sync 3 DAGs
[2025-04-18T13:37:29.271+0000] {logging_mixin.py:190} INFO - [2025-04-18T13:37:29.271+0000] {dag.py:4180} INFO - Setting next_dagrun for example_subdag_operator to 2022-01-01 00:00:00+00:00, run_after=2022-01-01 00:00:00+00:00
[2025-04-18T13:37:29.275+0000] {logging_mixin.py:190} INFO - [2025-04-18T13:37:29.275+0000] {dag.py:4180} INFO - Setting next_dagrun for example_subdag_operator.section-1 to None, run_after=None
[2025-04-18T13:37:29.277+0000] {logging_mixin.py:190} INFO - [2025-04-18T13:37:29.277+0000] {dag.py:4180} INFO - Setting next_dagrun for example_subdag_operator.section-2 to None, run_after=None
[2025-04-18T13:37:29.285+0000] {logging_mixin.py:190} INFO - [2025-04-18T13:37:29.285+0000] {dag.py:3239} INFO - Sync 2 DAGs
[2025-04-18T13:37:29.291+0000] {logging_mixin.py:190} INFO - [2025-04-18T13:37:29.290+0000] {dag.py:4180} INFO - Setting next_dagrun for example_subdag_operator.section-1 to None, run_after=None
[2025-04-18T13:37:29.291+0000] {logging_mixin.py:190} INFO - [2025-04-18T13:37:29.291+0000] {dag.py:4180} INFO - Setting next_dagrun for example_subdag_operator.section-2 to None, run_after=None
[2025-04-18T13:37:29.299+0000] {processor.py:208} INFO - Processing /home/airflow/.local/lib/python3.12/site-packages/airflow/example_dags/example_subdag_operator.py took 0.112 seconds
[2025-04-18T13:37:59.681+0000] {processor.py:186} INFO - Started process (PID=460) to work on /home/airflow/.local/lib/python3.12/site-packages/airflow/example_dags/example_subdag_operator.py
[2025-04-18T13:37:59.682+0000] {processor.py:914} INFO - Processing file /home/airflow/.local/lib/python3.12/site-packages/airflow/example_dags/example_subdag_operator.py for tasks to queue
[2025-04-18T13:37:59.685+0000] {logging_mixin.py:190} INFO - [2025-04-18T13:37:59.684+0000] {dagbag.py:588} INFO - Filling up the DagBag from /home/airflow/.local/lib/python3.12/site-packages/airflow/example_dags/example_subdag_operator.py
[2025-04-18T13:37:59.726+0000] {processor.py:925} INFO - DAG(s) 'example_subdag_operator.section-1', 'example_subdag_operator.section-2', 'example_subdag_operator' retrieved from /home/airflow/.local/lib/python3.12/site-packages/airflow/example_dags/example_subdag_operator.py
[2025-04-18T13:37:59.764+0000] {logging_mixin.py:190} INFO - [2025-04-18T13:37:59.764+0000] {dag.py:3239} INFO - Sync 3 DAGs
[2025-04-18T13:37:59.785+0000] {logging_mixin.py:190} INFO - [2025-04-18T13:37:59.785+0000] {dag.py:4180} INFO - Setting next_dagrun for example_subdag_operator to 2022-01-01 00:00:00+00:00, run_after=2022-01-01 00:00:00+00:00
[2025-04-18T13:37:59.789+0000] {logging_mixin.py:190} INFO - [2025-04-18T13:37:59.789+0000] {dag.py:4180} INFO - Setting next_dagrun for example_subdag_operator.section-1 to None, run_after=None
[2025-04-18T13:37:59.789+0000] {logging_mixin.py:190} INFO - [2025-04-18T13:37:59.789+0000] {dag.py:4180} INFO - Setting next_dagrun for example_subdag_operator.section-2 to None, run_after=None
[2025-04-18T13:37:59.794+0000] {logging_mixin.py:190} INFO - [2025-04-18T13:37:59.794+0000] {dag.py:3239} INFO - Sync 2 DAGs
[2025-04-18T13:37:59.798+0000] {logging_mixin.py:190} INFO - [2025-04-18T13:37:59.798+0000] {dag.py:4180} INFO - Setting next_dagrun for example_subdag_operator.section-1 to None, run_after=None
[2025-04-18T13:37:59.798+0000] {logging_mixin.py:190} INFO - [2025-04-18T13:37:59.798+0000] {dag.py:4180} INFO - Setting next_dagrun for example_subdag_operator.section-2 to None, run_after=None
[2025-04-18T13:37:59.805+0000] {processor.py:208} INFO - Processing /home/airflow/.local/lib/python3.12/site-packages/airflow/example_dags/example_subdag_operator.py took 0.133 seconds
[2025-04-18T13:38:30.535+0000] {processor.py:186} INFO - Started process (PID=524) to work on /home/airflow/.local/lib/python3.12/site-packages/airflow/example_dags/example_subdag_operator.py
[2025-04-18T13:38:30.536+0000] {processor.py:914} INFO - Processing file /home/airflow/.local/lib/python3.12/site-packages/airflow/example_dags/example_subdag_operator.py for tasks to queue
[2025-04-18T13:38:30.540+0000] {logging_mixin.py:190} INFO - [2025-04-18T13:38:30.539+0000] {dagbag.py:588} INFO - Filling up the DagBag from /home/airflow/.local/lib/python3.12/site-packages/airflow/example_dags/example_subdag_operator.py
[2025-04-18T13:38:30.561+0000] {processor.py:925} INFO - DAG(s) 'example_subdag_operator.section-1', 'example_subdag_operator.section-2', 'example_subdag_operator' retrieved from /home/airflow/.local/lib/python3.12/site-packages/airflow/example_dags/example_subdag_operator.py
[2025-04-18T13:38:30.572+0000] {logging_mixin.py:190} INFO - [2025-04-18T13:38:30.572+0000] {dag.py:3239} INFO - Sync 3 DAGs
[2025-04-18T13:38:30.585+0000] {logging_mixin.py:190} INFO - [2025-04-18T13:38:30.585+0000] {dag.py:4180} INFO - Setting next_dagrun for example_subdag_operator to 2022-01-01 00:00:00+00:00, run_after=2022-01-01 00:00:00+00:00
[2025-04-18T13:38:30.587+0000] {logging_mixin.py:190} INFO - [2025-04-18T13:38:30.586+0000] {dag.py:4180} INFO - Setting next_dagrun for example_subdag_operator.section-1 to None, run_after=None
[2025-04-18T13:38:30.588+0000] {logging_mixin.py:190} INFO - [2025-04-18T13:38:30.588+0000] {dag.py:4180} INFO - Setting next_dagrun for example_subdag_operator.section-2 to None, run_after=None
[2025-04-18T13:38:30.592+0000] {logging_mixin.py:190} INFO - [2025-04-18T13:38:30.592+0000] {dag.py:3239} INFO - Sync 2 DAGs
[2025-04-18T13:38:30.595+0000] {logging_mixin.py:190} INFO - [2025-04-18T13:38:30.595+0000] {dag.py:4180} INFO - Setting next_dagrun for example_subdag_operator.section-1 to None, run_after=None
[2025-04-18T13:38:30.595+0000] {logging_mixin.py:190} INFO - [2025-04-18T13:38:30.595+0000] {dag.py:4180} INFO - Setting next_dagrun for example_subdag_operator.section-2 to None, run_after=None
[2025-04-18T13:38:30.600+0000] {processor.py:208} INFO - Processing /home/airflow/.local/lib/python3.12/site-packages/airflow/example_dags/example_subdag_operator.py took 0.071 seconds
[2025-04-18T13:39:30.036+0000] {processor.py:186} INFO - Started process (PID=605) to work on /home/airflow/.local/lib/python3.12/site-packages/airflow/example_dags/example_subdag_operator.py
[2025-04-18T13:39:30.124+0000] {processor.py:914} INFO - Processing file /home/airflow/.local/lib/python3.12/site-packages/airflow/example_dags/example_subdag_operator.py for tasks to queue
[2025-04-18T13:39:30.164+0000] {logging_mixin.py:190} INFO - [2025-04-18T13:39:30.158+0000] {dagbag.py:588} INFO - Filling up the DagBag from /home/airflow/.local/lib/python3.12/site-packages/airflow/example_dags/example_subdag_operator.py
[2025-04-18T13:39:30.616+0000] {processor.py:925} INFO - DAG(s) 'example_subdag_operator.section-1', 'example_subdag_operator.section-2', 'example_subdag_operator' retrieved from /home/airflow/.local/lib/python3.12/site-packages/airflow/example_dags/example_subdag_operator.py
[2025-04-18T13:39:30.760+0000] {logging_mixin.py:190} INFO - [2025-04-18T13:39:30.754+0000] {dag.py:3239} INFO - Sync 3 DAGs
[2025-04-18T13:39:31.161+0000] {logging_mixin.py:190} INFO - [2025-04-18T13:39:31.148+0000] {dag.py:4180} INFO - Setting next_dagrun for example_subdag_operator to 2022-01-01 00:00:00+00:00, run_after=2022-01-01 00:00:00+00:00
[2025-04-18T13:39:31.203+0000] {logging_mixin.py:190} INFO - [2025-04-18T13:39:31.199+0000] {dag.py:4180} INFO - Setting next_dagrun for example_subdag_operator.section-1 to None, run_after=None
[2025-04-18T13:39:31.214+0000] {logging_mixin.py:190} INFO - [2025-04-18T13:39:31.213+0000] {dag.py:4180} INFO - Setting next_dagrun for example_subdag_operator.section-2 to None, run_after=None
[2025-04-18T13:39:31.328+0000] {logging_mixin.py:190} INFO - [2025-04-18T13:39:31.326+0000] {dag.py:3239} INFO - Sync 2 DAGs
[2025-04-18T13:39:31.522+0000] {logging_mixin.py:190} INFO - [2025-04-18T13:39:31.485+0000] {dag.py:4180} INFO - Setting next_dagrun for example_subdag_operator.section-1 to None, run_after=None
[2025-04-18T13:39:31.590+0000] {logging_mixin.py:190} INFO - [2025-04-18T13:39:31.587+0000] {dag.py:4180} INFO - Setting next_dagrun for example_subdag_operator.section-2 to None, run_after=None
[2025-04-18T13:39:32.122+0000] {processor.py:208} INFO - Processing /home/airflow/.local/lib/python3.12/site-packages/airflow/example_dags/example_subdag_operator.py took 2.138 seconds
[2025-04-18T13:40:33.491+0000] {processor.py:186} INFO - Started process (PID=674) to work on /home/airflow/.local/lib/python3.12/site-packages/airflow/example_dags/example_subdag_operator.py
[2025-04-18T13:40:33.507+0000] {processor.py:914} INFO - Processing file /home/airflow/.local/lib/python3.12/site-packages/airflow/example_dags/example_subdag_operator.py for tasks to queue
[2025-04-18T13:40:33.516+0000] {logging_mixin.py:190} INFO - [2025-04-18T13:40:33.514+0000] {dagbag.py:588} INFO - Filling up the DagBag from /home/airflow/.local/lib/python3.12/site-packages/airflow/example_dags/example_subdag_operator.py
[2025-04-18T13:40:33.718+0000] {processor.py:925} INFO - DAG(s) 'example_subdag_operator.section-1', 'example_subdag_operator.section-2', 'example_subdag_operator' retrieved from /home/airflow/.local/lib/python3.12/site-packages/airflow/example_dags/example_subdag_operator.py
[2025-04-18T13:40:33.850+0000] {logging_mixin.py:190} INFO - [2025-04-18T13:40:33.846+0000] {dag.py:3239} INFO - Sync 3 DAGs
[2025-04-18T13:40:33.976+0000] {logging_mixin.py:190} INFO - [2025-04-18T13:40:33.970+0000] {dag.py:4180} INFO - Setting next_dagrun for example_subdag_operator to 2022-01-01 00:00:00+00:00, run_after=2022-01-01 00:00:00+00:00
[2025-04-18T13:40:34.017+0000] {logging_mixin.py:190} INFO - [2025-04-18T13:40:34.006+0000] {dag.py:4180} INFO - Setting next_dagrun for example_subdag_operator.section-1 to None, run_after=None
[2025-04-18T13:40:34.071+0000] {logging_mixin.py:190} INFO - [2025-04-18T13:40:34.063+0000] {dag.py:4180} INFO - Setting next_dagrun for example_subdag_operator.section-2 to None, run_after=None
[2025-04-18T13:40:34.143+0000] {logging_mixin.py:190} INFO - [2025-04-18T13:40:34.143+0000] {dag.py:3239} INFO - Sync 2 DAGs
[2025-04-18T13:40:34.208+0000] {logging_mixin.py:190} INFO - [2025-04-18T13:40:34.207+0000] {dag.py:4180} INFO - Setting next_dagrun for example_subdag_operator.section-1 to None, run_after=None
[2025-04-18T13:40:34.213+0000] {logging_mixin.py:190} INFO - [2025-04-18T13:40:34.212+0000] {dag.py:4180} INFO - Setting next_dagrun for example_subdag_operator.section-2 to None, run_after=None
[2025-04-18T13:40:34.318+0000] {processor.py:208} INFO - Processing /home/airflow/.local/lib/python3.12/site-packages/airflow/example_dags/example_subdag_operator.py took 0.844 seconds
[2025-04-18T13:43:35.735+0000] {processor.py:186} INFO - Started process (PID=83) to work on /home/airflow/.local/lib/python3.12/site-packages/airflow/example_dags/example_subdag_operator.py
[2025-04-18T13:43:35.738+0000] {processor.py:914} INFO - Processing file /home/airflow/.local/lib/python3.12/site-packages/airflow/example_dags/example_subdag_operator.py for tasks to queue
[2025-04-18T13:43:35.748+0000] {logging_mixin.py:190} INFO - [2025-04-18T13:43:35.748+0000] {dagbag.py:588} INFO - Filling up the DagBag from /home/airflow/.local/lib/python3.12/site-packages/airflow/example_dags/example_subdag_operator.py
[2025-04-18T13:43:35.936+0000] {processor.py:925} INFO - DAG(s) 'example_subdag_operator.section-1', 'example_subdag_operator.section-2', 'example_subdag_operator' retrieved from /home/airflow/.local/lib/python3.12/site-packages/airflow/example_dags/example_subdag_operator.py
[2025-04-18T13:43:36.052+0000] {logging_mixin.py:190} INFO - [2025-04-18T13:43:36.051+0000] {dag.py:3239} INFO - Sync 3 DAGs
[2025-04-18T13:43:36.261+0000] {logging_mixin.py:190} INFO - [2025-04-18T13:43:36.255+0000] {dag.py:4180} INFO - Setting next_dagrun for example_subdag_operator to 2022-01-01 00:00:00+00:00, run_after=2022-01-01 00:00:00+00:00
[2025-04-18T13:43:36.291+0000] {logging_mixin.py:190} INFO - [2025-04-18T13:43:36.291+0000] {dag.py:4180} INFO - Setting next_dagrun for example_subdag_operator.section-1 to None, run_after=None
[2025-04-18T13:43:36.297+0000] {logging_mixin.py:190} INFO - [2025-04-18T13:43:36.294+0000] {dag.py:4180} INFO - Setting next_dagrun for example_subdag_operator.section-2 to None, run_after=None
[2025-04-18T13:43:36.346+0000] {logging_mixin.py:190} INFO - [2025-04-18T13:43:36.345+0000] {dag.py:3239} INFO - Sync 2 DAGs
[2025-04-18T13:43:36.375+0000] {logging_mixin.py:190} INFO - [2025-04-18T13:43:36.374+0000] {dag.py:4180} INFO - Setting next_dagrun for example_subdag_operator.section-1 to None, run_after=None
[2025-04-18T13:43:36.376+0000] {logging_mixin.py:190} INFO - [2025-04-18T13:43:36.376+0000] {dag.py:4180} INFO - Setting next_dagrun for example_subdag_operator.section-2 to None, run_after=None
[2025-04-18T13:43:36.413+0000] {processor.py:208} INFO - Processing /home/airflow/.local/lib/python3.12/site-packages/airflow/example_dags/example_subdag_operator.py took 0.691 seconds
[2025-04-18T13:44:38.101+0000] {processor.py:186} INFO - Started process (PID=154) to work on /home/airflow/.local/lib/python3.12/site-packages/airflow/example_dags/example_subdag_operator.py
[2025-04-18T13:44:38.106+0000] {processor.py:914} INFO - Processing file /home/airflow/.local/lib/python3.12/site-packages/airflow/example_dags/example_subdag_operator.py for tasks to queue
[2025-04-18T13:44:38.132+0000] {logging_mixin.py:190} INFO - [2025-04-18T13:44:38.130+0000] {dagbag.py:588} INFO - Filling up the DagBag from /home/airflow/.local/lib/python3.12/site-packages/airflow/example_dags/example_subdag_operator.py
[2025-04-18T13:44:38.475+0000] {processor.py:925} INFO - DAG(s) 'example_subdag_operator.section-1', 'example_subdag_operator.section-2', 'example_subdag_operator' retrieved from /home/airflow/.local/lib/python3.12/site-packages/airflow/example_dags/example_subdag_operator.py
[2025-04-18T13:44:38.615+0000] {logging_mixin.py:190} INFO - [2025-04-18T13:44:38.611+0000] {dag.py:3239} INFO - Sync 3 DAGs
[2025-04-18T13:44:38.781+0000] {logging_mixin.py:190} INFO - [2025-04-18T13:44:38.773+0000] {dag.py:4180} INFO - Setting next_dagrun for example_subdag_operator to 2022-01-01 00:00:00+00:00, run_after=2022-01-01 00:00:00+00:00
[2025-04-18T13:44:38.812+0000] {logging_mixin.py:190} INFO - [2025-04-18T13:44:38.811+0000] {dag.py:4180} INFO - Setting next_dagrun for example_subdag_operator.section-1 to None, run_after=None
[2025-04-18T13:44:38.822+0000] {logging_mixin.py:190} INFO - [2025-04-18T13:44:38.820+0000] {dag.py:4180} INFO - Setting next_dagrun for example_subdag_operator.section-2 to None, run_after=None
[2025-04-18T13:44:38.902+0000] {logging_mixin.py:190} INFO - [2025-04-18T13:44:38.901+0000] {dag.py:3239} INFO - Sync 2 DAGs
[2025-04-18T13:44:38.954+0000] {logging_mixin.py:190} INFO - [2025-04-18T13:44:38.953+0000] {dag.py:4180} INFO - Setting next_dagrun for example_subdag_operator.section-1 to None, run_after=None
[2025-04-18T13:44:38.955+0000] {logging_mixin.py:190} INFO - [2025-04-18T13:44:38.955+0000] {dag.py:4180} INFO - Setting next_dagrun for example_subdag_operator.section-2 to None, run_after=None
[2025-04-18T13:44:39.018+0000] {processor.py:208} INFO - Processing /home/airflow/.local/lib/python3.12/site-packages/airflow/example_dags/example_subdag_operator.py took 0.936 seconds
[2025-04-18T13:45:26.129+0000] {processor.py:186} INFO - Started process (PID=222) to work on /home/airflow/.local/lib/python3.12/site-packages/airflow/example_dags/example_subdag_operator.py
[2025-04-18T13:45:26.132+0000] {processor.py:914} INFO - Processing file /home/airflow/.local/lib/python3.12/site-packages/airflow/example_dags/example_subdag_operator.py for tasks to queue
[2025-04-18T13:45:26.189+0000] {logging_mixin.py:190} INFO - [2025-04-18T13:45:26.188+0000] {dagbag.py:588} INFO - Filling up the DagBag from /home/airflow/.local/lib/python3.12/site-packages/airflow/example_dags/example_subdag_operator.py
[2025-04-18T13:45:26.609+0000] {processor.py:925} INFO - DAG(s) 'example_subdag_operator.section-1', 'example_subdag_operator.section-2', 'example_subdag_operator' retrieved from /home/airflow/.local/lib/python3.12/site-packages/airflow/example_dags/example_subdag_operator.py
[2025-04-18T13:45:26.693+0000] {logging_mixin.py:190} INFO - [2025-04-18T13:45:26.690+0000] {dag.py:3239} INFO - Sync 3 DAGs
[2025-04-18T13:45:26.903+0000] {logging_mixin.py:190} INFO - [2025-04-18T13:45:26.902+0000] {dag.py:4180} INFO - Setting next_dagrun for example_subdag_operator to 2022-01-01 00:00:00+00:00, run_after=2022-01-01 00:00:00+00:00
[2025-04-18T13:45:26.919+0000] {logging_mixin.py:190} INFO - [2025-04-18T13:45:26.918+0000] {dag.py:4180} INFO - Setting next_dagrun for example_subdag_operator.section-1 to None, run_after=None
[2025-04-18T13:45:26.946+0000] {logging_mixin.py:190} INFO - [2025-04-18T13:45:26.946+0000] {dag.py:4180} INFO - Setting next_dagrun for example_subdag_operator.section-2 to None, run_after=None
[2025-04-18T13:45:26.999+0000] {logging_mixin.py:190} INFO - [2025-04-18T13:45:26.998+0000] {dag.py:3239} INFO - Sync 2 DAGs
[2025-04-18T13:45:27.053+0000] {logging_mixin.py:190} INFO - [2025-04-18T13:45:27.053+0000] {dag.py:4180} INFO - Setting next_dagrun for example_subdag_operator.section-1 to None, run_after=None
[2025-04-18T13:45:27.057+0000] {logging_mixin.py:190} INFO - [2025-04-18T13:45:27.057+0000] {dag.py:4180} INFO - Setting next_dagrun for example_subdag_operator.section-2 to None, run_after=None
[2025-04-18T13:45:27.192+0000] {processor.py:208} INFO - Processing /home/airflow/.local/lib/python3.12/site-packages/airflow/example_dags/example_subdag_operator.py took 1.087 seconds
[2025-04-18T13:47:05.813+0000] {processor.py:186} INFO - Started process (PID=283) to work on /home/airflow/.local/lib/python3.12/site-packages/airflow/example_dags/example_subdag_operator.py
[2025-04-18T13:47:05.879+0000] {processor.py:914} INFO - Processing file /home/airflow/.local/lib/python3.12/site-packages/airflow/example_dags/example_subdag_operator.py for tasks to queue
[2025-04-18T13:47:05.920+0000] {logging_mixin.py:190} INFO - [2025-04-18T13:47:05.908+0000] {dagbag.py:588} INFO - Filling up the DagBag from /home/airflow/.local/lib/python3.12/site-packages/airflow/example_dags/example_subdag_operator.py
[2025-04-18T13:47:06.811+0000] {processor.py:925} INFO - DAG(s) 'example_subdag_operator.section-1', 'example_subdag_operator.section-2', 'example_subdag_operator' retrieved from /home/airflow/.local/lib/python3.12/site-packages/airflow/example_dags/example_subdag_operator.py
[2025-04-18T13:47:06.968+0000] {logging_mixin.py:190} INFO - [2025-04-18T13:47:06.966+0000] {dag.py:3239} INFO - Sync 3 DAGs
[2025-04-18T13:47:07.430+0000] {logging_mixin.py:190} INFO - [2025-04-18T13:47:07.424+0000] {dag.py:4180} INFO - Setting next_dagrun for example_subdag_operator to 2022-01-01 00:00:00+00:00, run_after=2022-01-01 00:00:00+00:00
[2025-04-18T13:47:07.453+0000] {logging_mixin.py:190} INFO - [2025-04-18T13:47:07.453+0000] {dag.py:4180} INFO - Setting next_dagrun for example_subdag_operator.section-1 to None, run_after=None
[2025-04-18T13:47:07.460+0000] {logging_mixin.py:190} INFO - [2025-04-18T13:47:07.460+0000] {dag.py:4180} INFO - Setting next_dagrun for example_subdag_operator.section-2 to None, run_after=None
[2025-04-18T13:47:07.573+0000] {logging_mixin.py:190} INFO - [2025-04-18T13:47:07.572+0000] {dag.py:3239} INFO - Sync 2 DAGs
[2025-04-18T13:47:07.602+0000] {logging_mixin.py:190} INFO - [2025-04-18T13:47:07.601+0000] {dag.py:4180} INFO - Setting next_dagrun for example_subdag_operator.section-1 to None, run_after=None
[2025-04-18T13:47:07.604+0000] {logging_mixin.py:190} INFO - [2025-04-18T13:47:07.603+0000] {dag.py:4180} INFO - Setting next_dagrun for example_subdag_operator.section-2 to None, run_after=None
[2025-04-18T13:47:07.741+0000] {processor.py:208} INFO - Processing /home/airflow/.local/lib/python3.12/site-packages/airflow/example_dags/example_subdag_operator.py took 2.213 seconds
[2025-04-18T13:49:08.252+0000] {processor.py:186} INFO - Started process (PID=80) to work on /home/airflow/.local/lib/python3.12/site-packages/airflow/example_dags/example_subdag_operator.py
[2025-04-18T13:49:08.260+0000] {processor.py:914} INFO - Processing file /home/airflow/.local/lib/python3.12/site-packages/airflow/example_dags/example_subdag_operator.py for tasks to queue
[2025-04-18T13:49:08.315+0000] {logging_mixin.py:190} INFO - [2025-04-18T13:49:08.313+0000] {dagbag.py:588} INFO - Filling up the DagBag from /home/airflow/.local/lib/python3.12/site-packages/airflow/example_dags/example_subdag_operator.py
[2025-04-18T13:49:08.991+0000] {processor.py:925} INFO - DAG(s) 'example_subdag_operator.section-1', 'example_subdag_operator.section-2', 'example_subdag_operator' retrieved from /home/airflow/.local/lib/python3.12/site-packages/airflow/example_dags/example_subdag_operator.py
[2025-04-18T13:49:09.340+0000] {logging_mixin.py:190} INFO - [2025-04-18T13:49:09.332+0000] {dag.py:3239} INFO - Sync 3 DAGs
[2025-04-18T13:49:09.749+0000] {logging_mixin.py:190} INFO - [2025-04-18T13:49:09.747+0000] {dag.py:4180} INFO - Setting next_dagrun for example_subdag_operator to 2022-01-01 00:00:00+00:00, run_after=2022-01-01 00:00:00+00:00
[2025-04-18T13:49:09.832+0000] {logging_mixin.py:190} INFO - [2025-04-18T13:49:09.831+0000] {dag.py:4180} INFO - Setting next_dagrun for example_subdag_operator.section-1 to None, run_after=None
[2025-04-18T13:49:09.885+0000] {logging_mixin.py:190} INFO - [2025-04-18T13:49:09.875+0000] {dag.py:4180} INFO - Setting next_dagrun for example_subdag_operator.section-2 to None, run_after=None
[2025-04-18T13:49:10.006+0000] {logging_mixin.py:190} INFO - [2025-04-18T13:49:10.005+0000] {dag.py:3239} INFO - Sync 2 DAGs
[2025-04-18T13:49:10.146+0000] {logging_mixin.py:190} INFO - [2025-04-18T13:49:10.144+0000] {dag.py:4180} INFO - Setting next_dagrun for example_subdag_operator.section-1 to None, run_after=None
[2025-04-18T13:49:10.151+0000] {logging_mixin.py:190} INFO - [2025-04-18T13:49:10.148+0000] {dag.py:4180} INFO - Setting next_dagrun for example_subdag_operator.section-2 to None, run_after=None
[2025-04-18T13:49:10.335+0000] {processor.py:208} INFO - Processing /home/airflow/.local/lib/python3.12/site-packages/airflow/example_dags/example_subdag_operator.py took 2.147 seconds
[2025-04-18T13:50:26.686+0000] {processor.py:186} INFO - Started process (PID=156) to work on /home/airflow/.local/lib/python3.12/site-packages/airflow/example_dags/example_subdag_operator.py
[2025-04-18T13:50:26.690+0000] {processor.py:914} INFO - Processing file /home/airflow/.local/lib/python3.12/site-packages/airflow/example_dags/example_subdag_operator.py for tasks to queue
[2025-04-18T13:50:26.772+0000] {logging_mixin.py:190} INFO - [2025-04-18T13:50:26.771+0000] {dagbag.py:588} INFO - Filling up the DagBag from /home/airflow/.local/lib/python3.12/site-packages/airflow/example_dags/example_subdag_operator.py
[2025-04-18T13:50:27.308+0000] {processor.py:925} INFO - DAG(s) 'example_subdag_operator.section-1', 'example_subdag_operator.section-2', 'example_subdag_operator' retrieved from /home/airflow/.local/lib/python3.12/site-packages/airflow/example_dags/example_subdag_operator.py
[2025-04-18T13:50:27.809+0000] {logging_mixin.py:190} INFO - [2025-04-18T13:50:27.789+0000] {dag.py:3239} INFO - Sync 3 DAGs
[2025-04-18T13:50:28.376+0000] {logging_mixin.py:190} INFO - [2025-04-18T13:50:28.367+0000] {dag.py:4180} INFO - Setting next_dagrun for example_subdag_operator to 2022-01-01 00:00:00+00:00, run_after=2022-01-01 00:00:00+00:00
[2025-04-18T13:50:28.441+0000] {logging_mixin.py:190} INFO - [2025-04-18T13:50:28.440+0000] {dag.py:4180} INFO - Setting next_dagrun for example_subdag_operator.section-1 to None, run_after=None
[2025-04-18T13:50:28.455+0000] {logging_mixin.py:190} INFO - [2025-04-18T13:50:28.453+0000] {dag.py:4180} INFO - Setting next_dagrun for example_subdag_operator.section-2 to None, run_after=None
[2025-04-18T13:50:28.550+0000] {logging_mixin.py:190} INFO - [2025-04-18T13:50:28.550+0000] {dag.py:3239} INFO - Sync 2 DAGs
[2025-04-18T13:50:28.734+0000] {logging_mixin.py:190} INFO - [2025-04-18T13:50:28.723+0000] {dag.py:4180} INFO - Setting next_dagrun for example_subdag_operator.section-1 to None, run_after=None
[2025-04-18T13:50:28.736+0000] {logging_mixin.py:190} INFO - [2025-04-18T13:50:28.736+0000] {dag.py:4180} INFO - Setting next_dagrun for example_subdag_operator.section-2 to None, run_after=None
[2025-04-18T13:50:28.885+0000] {processor.py:208} INFO - Processing /home/airflow/.local/lib/python3.12/site-packages/airflow/example_dags/example_subdag_operator.py took 2.229 seconds
[2025-04-18T13:51:55.282+0000] {processor.py:186} INFO - Started process (PID=248) to work on /home/airflow/.local/lib/python3.12/site-packages/airflow/example_dags/example_subdag_operator.py
[2025-04-18T13:51:55.297+0000] {processor.py:914} INFO - Processing file /home/airflow/.local/lib/python3.12/site-packages/airflow/example_dags/example_subdag_operator.py for tasks to queue
[2025-04-18T13:51:55.336+0000] {logging_mixin.py:190} INFO - [2025-04-18T13:51:55.335+0000] {dagbag.py:588} INFO - Filling up the DagBag from /home/airflow/.local/lib/python3.12/site-packages/airflow/example_dags/example_subdag_operator.py
[2025-04-18T13:51:55.847+0000] {processor.py:925} INFO - DAG(s) 'example_subdag_operator.section-1', 'example_subdag_operator.section-2', 'example_subdag_operator' retrieved from /home/airflow/.local/lib/python3.12/site-packages/airflow/example_dags/example_subdag_operator.py
[2025-04-18T13:51:56.112+0000] {logging_mixin.py:190} INFO - [2025-04-18T13:51:56.110+0000] {dag.py:3239} INFO - Sync 3 DAGs
[2025-04-18T13:51:56.465+0000] {logging_mixin.py:190} INFO - [2025-04-18T13:51:56.462+0000] {dag.py:4180} INFO - Setting next_dagrun for example_subdag_operator to 2022-01-01 00:00:00+00:00, run_after=2022-01-01 00:00:00+00:00
[2025-04-18T13:51:56.523+0000] {logging_mixin.py:190} INFO - [2025-04-18T13:51:56.522+0000] {dag.py:4180} INFO - Setting next_dagrun for example_subdag_operator.section-1 to None, run_after=None
[2025-04-18T13:51:56.545+0000] {logging_mixin.py:190} INFO - [2025-04-18T13:51:56.538+0000] {dag.py:4180} INFO - Setting next_dagrun for example_subdag_operator.section-2 to None, run_after=None
[2025-04-18T13:51:56.600+0000] {logging_mixin.py:190} INFO - [2025-04-18T13:51:56.599+0000] {dag.py:3239} INFO - Sync 2 DAGs
[2025-04-18T13:51:56.642+0000] {logging_mixin.py:190} INFO - [2025-04-18T13:51:56.638+0000] {dag.py:4180} INFO - Setting next_dagrun for example_subdag_operator.section-1 to None, run_after=None
[2025-04-18T13:51:56.643+0000] {logging_mixin.py:190} INFO - [2025-04-18T13:51:56.643+0000] {dag.py:4180} INFO - Setting next_dagrun for example_subdag_operator.section-2 to None, run_after=None
[2025-04-18T13:51:56.784+0000] {processor.py:208} INFO - Processing /home/airflow/.local/lib/python3.12/site-packages/airflow/example_dags/example_subdag_operator.py took 1.575 seconds
[2025-04-18T13:53:04.175+0000] {processor.py:186} INFO - Started process (PID=322) to work on /home/airflow/.local/lib/python3.12/site-packages/airflow/example_dags/example_subdag_operator.py
[2025-04-18T13:53:04.180+0000] {processor.py:914} INFO - Processing file /home/airflow/.local/lib/python3.12/site-packages/airflow/example_dags/example_subdag_operator.py for tasks to queue
[2025-04-18T13:53:04.257+0000] {logging_mixin.py:190} INFO - [2025-04-18T13:53:04.254+0000] {dagbag.py:588} INFO - Filling up the DagBag from /home/airflow/.local/lib/python3.12/site-packages/airflow/example_dags/example_subdag_operator.py
[2025-04-18T13:53:05.022+0000] {processor.py:925} INFO - DAG(s) 'example_subdag_operator.section-1', 'example_subdag_operator.section-2', 'example_subdag_operator' retrieved from /home/airflow/.local/lib/python3.12/site-packages/airflow/example_dags/example_subdag_operator.py
[2025-04-18T13:53:05.386+0000] {logging_mixin.py:190} INFO - [2025-04-18T13:53:05.385+0000] {dag.py:3239} INFO - Sync 3 DAGs
[2025-04-18T13:53:05.776+0000] {logging_mixin.py:190} INFO - [2025-04-18T13:53:05.772+0000] {dag.py:4180} INFO - Setting next_dagrun for example_subdag_operator to 2022-01-01 00:00:00+00:00, run_after=2022-01-01 00:00:00+00:00
[2025-04-18T13:53:05.813+0000] {logging_mixin.py:190} INFO - [2025-04-18T13:53:05.812+0000] {dag.py:4180} INFO - Setting next_dagrun for example_subdag_operator.section-1 to None, run_after=None
[2025-04-18T13:53:05.889+0000] {logging_mixin.py:190} INFO - [2025-04-18T13:53:05.849+0000] {dag.py:4180} INFO - Setting next_dagrun for example_subdag_operator.section-2 to None, run_after=None
[2025-04-18T13:53:06.058+0000] {logging_mixin.py:190} INFO - [2025-04-18T13:53:06.054+0000] {dag.py:3239} INFO - Sync 2 DAGs
[2025-04-18T13:53:06.106+0000] {logging_mixin.py:190} INFO - [2025-04-18T13:53:06.106+0000] {dag.py:4180} INFO - Setting next_dagrun for example_subdag_operator.section-1 to None, run_after=None
[2025-04-18T13:53:06.109+0000] {logging_mixin.py:190} INFO - [2025-04-18T13:53:06.108+0000] {dag.py:4180} INFO - Setting next_dagrun for example_subdag_operator.section-2 to None, run_after=None
[2025-04-18T13:53:06.326+0000] {processor.py:208} INFO - Processing /home/airflow/.local/lib/python3.12/site-packages/airflow/example_dags/example_subdag_operator.py took 2.179 seconds
[2025-04-18T13:53:57.364+0000] {processor.py:186} INFO - Started process (PID=392) to work on /home/airflow/.local/lib/python3.12/site-packages/airflow/example_dags/example_subdag_operator.py
[2025-04-18T13:53:57.369+0000] {processor.py:914} INFO - Processing file /home/airflow/.local/lib/python3.12/site-packages/airflow/example_dags/example_subdag_operator.py for tasks to queue
[2025-04-18T13:53:57.377+0000] {logging_mixin.py:190} INFO - [2025-04-18T13:53:57.377+0000] {dagbag.py:588} INFO - Filling up the DagBag from /home/airflow/.local/lib/python3.12/site-packages/airflow/example_dags/example_subdag_operator.py
[2025-04-18T13:53:57.635+0000] {processor.py:925} INFO - DAG(s) 'example_subdag_operator.section-1', 'example_subdag_operator.section-2', 'example_subdag_operator' retrieved from /home/airflow/.local/lib/python3.12/site-packages/airflow/example_dags/example_subdag_operator.py
[2025-04-18T13:53:57.814+0000] {logging_mixin.py:190} INFO - [2025-04-18T13:53:57.806+0000] {dag.py:3239} INFO - Sync 3 DAGs
[2025-04-18T13:53:58.111+0000] {logging_mixin.py:190} INFO - [2025-04-18T13:53:58.109+0000] {dag.py:4180} INFO - Setting next_dagrun for example_subdag_operator to 2022-01-01 00:00:00+00:00, run_after=2022-01-01 00:00:00+00:00
[2025-04-18T13:53:58.145+0000] {logging_mixin.py:190} INFO - [2025-04-18T13:53:58.144+0000] {dag.py:4180} INFO - Setting next_dagrun for example_subdag_operator.section-1 to None, run_after=None
[2025-04-18T13:53:58.176+0000] {logging_mixin.py:190} INFO - [2025-04-18T13:53:58.172+0000] {dag.py:4180} INFO - Setting next_dagrun for example_subdag_operator.section-2 to None, run_after=None
[2025-04-18T13:53:58.234+0000] {logging_mixin.py:190} INFO - [2025-04-18T13:53:58.233+0000] {dag.py:3239} INFO - Sync 2 DAGs
[2025-04-18T13:53:58.269+0000] {logging_mixin.py:190} INFO - [2025-04-18T13:53:58.268+0000] {dag.py:4180} INFO - Setting next_dagrun for example_subdag_operator.section-1 to None, run_after=None
[2025-04-18T13:53:58.273+0000] {logging_mixin.py:190} INFO - [2025-04-18T13:53:58.272+0000] {dag.py:4180} INFO - Setting next_dagrun for example_subdag_operator.section-2 to None, run_after=None
[2025-04-18T13:53:58.350+0000] {processor.py:208} INFO - Processing /home/airflow/.local/lib/python3.12/site-packages/airflow/example_dags/example_subdag_operator.py took 1.004 seconds
[2025-04-18T13:54:28.991+0000] {processor.py:186} INFO - Started process (PID=454) to work on /home/airflow/.local/lib/python3.12/site-packages/airflow/example_dags/example_subdag_operator.py
[2025-04-18T13:54:28.994+0000] {processor.py:914} INFO - Processing file /home/airflow/.local/lib/python3.12/site-packages/airflow/example_dags/example_subdag_operator.py for tasks to queue
[2025-04-18T13:54:29.004+0000] {logging_mixin.py:190} INFO - [2025-04-18T13:54:29.003+0000] {dagbag.py:588} INFO - Filling up the DagBag from /home/airflow/.local/lib/python3.12/site-packages/airflow/example_dags/example_subdag_operator.py
[2025-04-18T13:54:29.093+0000] {processor.py:925} INFO - DAG(s) 'example_subdag_operator.section-1', 'example_subdag_operator.section-2', 'example_subdag_operator' retrieved from /home/airflow/.local/lib/python3.12/site-packages/airflow/example_dags/example_subdag_operator.py
[2025-04-18T13:54:29.125+0000] {logging_mixin.py:190} INFO - [2025-04-18T13:54:29.123+0000] {dag.py:3239} INFO - Sync 3 DAGs
[2025-04-18T13:54:29.241+0000] {logging_mixin.py:190} INFO - [2025-04-18T13:54:29.221+0000] {dag.py:4180} INFO - Setting next_dagrun for example_subdag_operator to 2022-01-01 00:00:00+00:00, run_after=2022-01-01 00:00:00+00:00
[2025-04-18T13:54:29.254+0000] {logging_mixin.py:190} INFO - [2025-04-18T13:54:29.254+0000] {dag.py:4180} INFO - Setting next_dagrun for example_subdag_operator.section-1 to None, run_after=None
[2025-04-18T13:54:29.262+0000] {logging_mixin.py:190} INFO - [2025-04-18T13:54:29.260+0000] {dag.py:4180} INFO - Setting next_dagrun for example_subdag_operator.section-2 to None, run_after=None
[2025-04-18T13:54:29.348+0000] {logging_mixin.py:190} INFO - [2025-04-18T13:54:29.347+0000] {dag.py:3239} INFO - Sync 2 DAGs
[2025-04-18T13:54:29.371+0000] {logging_mixin.py:190} INFO - [2025-04-18T13:54:29.371+0000] {dag.py:4180} INFO - Setting next_dagrun for example_subdag_operator.section-1 to None, run_after=None
[2025-04-18T13:54:29.378+0000] {logging_mixin.py:190} INFO - [2025-04-18T13:54:29.377+0000] {dag.py:4180} INFO - Setting next_dagrun for example_subdag_operator.section-2 to None, run_after=None
[2025-04-18T13:54:29.416+0000] {processor.py:208} INFO - Processing /home/airflow/.local/lib/python3.12/site-packages/airflow/example_dags/example_subdag_operator.py took 0.445 seconds
