[2025-04-18T13:27:24.718+0000] {processor.py:186} INFO - Started process (PID=127) to work on /home/airflow/.local/lib/python3.12/site-packages/airflow/example_dags/example_xcomargs.py
[2025-04-18T13:27:24.723+0000] {processor.py:914} INFO - Processing file /home/airflow/.local/lib/python3.12/site-packages/airflow/example_dags/example_xcomargs.py for tasks to queue
[2025-04-18T13:27:24.739+0000] {logging_mixin.py:190} INFO - [2025-04-18T13:27:24.738+0000] {dagbag.py:588} INFO - Filling up the DagBag from /home/airflow/.local/lib/python3.12/site-packages/airflow/example_dags/example_xcomargs.py
[2025-04-18T13:27:24.823+0000] {processor.py:925} INFO - DAG(s) 'example_xcom_args', 'example_xcom_args_with_operators' retrieved from /home/airflow/.local/lib/python3.12/site-packages/airflow/example_dags/example_xcomargs.py
[2025-04-18T13:27:25.552+0000] {logging_mixin.py:190} INFO - [2025-04-18T13:27:25.548+0000] {dag.py:3239} INFO - Sync 2 DAGs
[2025-04-18T13:27:25.605+0000] {logging_mixin.py:190} INFO - [2025-04-18T13:27:25.605+0000] {dag.py:4180} INFO - Setting next_dagrun for example_xcom_args to None, run_after=None
[2025-04-18T13:27:25.617+0000] {logging_mixin.py:190} INFO - [2025-04-18T13:27:25.616+0000] {dag.py:4180} INFO - Setting next_dagrun for example_xcom_args_with_operators to None, run_after=None
[2025-04-18T13:27:25.714+0000] {processor.py:208} INFO - Processing /home/airflow/.local/lib/python3.12/site-packages/airflow/example_dags/example_xcomargs.py took 1.123 seconds
[2025-04-18T13:30:27.702+0000] {processor.py:186} INFO - Started process (PID=119) to work on /home/airflow/.local/lib/python3.12/site-packages/airflow/example_dags/example_xcomargs.py
[2025-04-18T13:30:27.704+0000] {processor.py:914} INFO - Processing file /home/airflow/.local/lib/python3.12/site-packages/airflow/example_dags/example_xcomargs.py for tasks to queue
[2025-04-18T13:30:27.710+0000] {logging_mixin.py:190} INFO - [2025-04-18T13:30:27.710+0000] {dagbag.py:588} INFO - Filling up the DagBag from /home/airflow/.local/lib/python3.12/site-packages/airflow/example_dags/example_xcomargs.py
[2025-04-18T13:30:27.731+0000] {processor.py:925} INFO - DAG(s) 'example_xcom_args', 'example_xcom_args_with_operators' retrieved from /home/airflow/.local/lib/python3.12/site-packages/airflow/example_dags/example_xcomargs.py
[2025-04-18T13:30:27.793+0000] {logging_mixin.py:190} INFO - [2025-04-18T13:30:27.792+0000] {dag.py:3239} INFO - Sync 2 DAGs
[2025-04-18T13:30:27.821+0000] {logging_mixin.py:190} INFO - [2025-04-18T13:30:27.820+0000] {dag.py:4180} INFO - Setting next_dagrun for example_xcom_args to None, run_after=None
[2025-04-18T13:30:27.829+0000] {logging_mixin.py:190} INFO - [2025-04-18T13:30:27.829+0000] {dag.py:4180} INFO - Setting next_dagrun for example_xcom_args_with_operators to None, run_after=None
[2025-04-18T13:30:27.866+0000] {processor.py:208} INFO - Processing /home/airflow/.local/lib/python3.12/site-packages/airflow/example_dags/example_xcomargs.py took 0.170 seconds
[2025-04-18T13:30:58.364+0000] {processor.py:186} INFO - Started process (PID=182) to work on /home/airflow/.local/lib/python3.12/site-packages/airflow/example_dags/example_xcomargs.py
[2025-04-18T13:30:58.364+0000] {processor.py:914} INFO - Processing file /home/airflow/.local/lib/python3.12/site-packages/airflow/example_dags/example_xcomargs.py for tasks to queue
[2025-04-18T13:30:58.366+0000] {logging_mixin.py:190} INFO - [2025-04-18T13:30:58.366+0000] {dagbag.py:588} INFO - Filling up the DagBag from /home/airflow/.local/lib/python3.12/site-packages/airflow/example_dags/example_xcomargs.py
[2025-04-18T13:30:58.372+0000] {processor.py:925} INFO - DAG(s) 'example_xcom_args', 'example_xcom_args_with_operators' retrieved from /home/airflow/.local/lib/python3.12/site-packages/airflow/example_dags/example_xcomargs.py
[2025-04-18T13:30:58.384+0000] {logging_mixin.py:190} INFO - [2025-04-18T13:30:58.384+0000] {dag.py:3239} INFO - Sync 2 DAGs
[2025-04-18T13:30:58.391+0000] {logging_mixin.py:190} INFO - [2025-04-18T13:30:58.391+0000] {dag.py:4180} INFO - Setting next_dagrun for example_xcom_args to None, run_after=None
[2025-04-18T13:30:58.393+0000] {logging_mixin.py:190} INFO - [2025-04-18T13:30:58.393+0000] {dag.py:4180} INFO - Setting next_dagrun for example_xcom_args_with_operators to None, run_after=None
[2025-04-18T13:30:58.400+0000] {processor.py:208} INFO - Processing /home/airflow/.local/lib/python3.12/site-packages/airflow/example_dags/example_xcomargs.py took 0.044 seconds
[2025-04-18T13:31:28.493+0000] {processor.py:186} INFO - Started process (PID=246) to work on /home/airflow/.local/lib/python3.12/site-packages/airflow/example_dags/example_xcomargs.py
[2025-04-18T13:31:28.494+0000] {processor.py:914} INFO - Processing file /home/airflow/.local/lib/python3.12/site-packages/airflow/example_dags/example_xcomargs.py for tasks to queue
[2025-04-18T13:31:28.496+0000] {logging_mixin.py:190} INFO - [2025-04-18T13:31:28.496+0000] {dagbag.py:588} INFO - Filling up the DagBag from /home/airflow/.local/lib/python3.12/site-packages/airflow/example_dags/example_xcomargs.py
[2025-04-18T13:31:28.502+0000] {processor.py:925} INFO - DAG(s) 'example_xcom_args', 'example_xcom_args_with_operators' retrieved from /home/airflow/.local/lib/python3.12/site-packages/airflow/example_dags/example_xcomargs.py
[2025-04-18T13:31:28.517+0000] {logging_mixin.py:190} INFO - [2025-04-18T13:31:28.517+0000] {dag.py:3239} INFO - Sync 2 DAGs
[2025-04-18T13:31:28.525+0000] {logging_mixin.py:190} INFO - [2025-04-18T13:31:28.525+0000] {dag.py:4180} INFO - Setting next_dagrun for example_xcom_args to None, run_after=None
[2025-04-18T13:31:28.527+0000] {logging_mixin.py:190} INFO - [2025-04-18T13:31:28.527+0000] {dag.py:4180} INFO - Setting next_dagrun for example_xcom_args_with_operators to None, run_after=None
[2025-04-18T13:31:28.539+0000] {processor.py:208} INFO - Processing /home/airflow/.local/lib/python3.12/site-packages/airflow/example_dags/example_xcomargs.py took 0.049 seconds
[2025-04-18T13:31:58.833+0000] {processor.py:186} INFO - Started process (PID=310) to work on /home/airflow/.local/lib/python3.12/site-packages/airflow/example_dags/example_xcomargs.py
[2025-04-18T13:31:58.836+0000] {processor.py:914} INFO - Processing file /home/airflow/.local/lib/python3.12/site-packages/airflow/example_dags/example_xcomargs.py for tasks to queue
[2025-04-18T13:31:58.841+0000] {logging_mixin.py:190} INFO - [2025-04-18T13:31:58.841+0000] {dagbag.py:588} INFO - Filling up the DagBag from /home/airflow/.local/lib/python3.12/site-packages/airflow/example_dags/example_xcomargs.py
[2025-04-18T13:31:58.851+0000] {processor.py:925} INFO - DAG(s) 'example_xcom_args', 'example_xcom_args_with_operators' retrieved from /home/airflow/.local/lib/python3.12/site-packages/airflow/example_dags/example_xcomargs.py
[2025-04-18T13:31:58.865+0000] {logging_mixin.py:190} INFO - [2025-04-18T13:31:58.865+0000] {dag.py:3239} INFO - Sync 2 DAGs
[2025-04-18T13:31:58.882+0000] {logging_mixin.py:190} INFO - [2025-04-18T13:31:58.881+0000] {dag.py:4180} INFO - Setting next_dagrun for example_xcom_args to None, run_after=None
[2025-04-18T13:31:58.885+0000] {logging_mixin.py:190} INFO - [2025-04-18T13:31:58.884+0000] {dag.py:4180} INFO - Setting next_dagrun for example_xcom_args_with_operators to None, run_after=None
[2025-04-18T13:31:58.906+0000] {processor.py:208} INFO - Processing /home/airflow/.local/lib/python3.12/site-packages/airflow/example_dags/example_xcomargs.py took 0.081 seconds
[2025-04-18T13:35:11.832+0000] {processor.py:186} INFO - Started process (PID=109) to work on /home/airflow/.local/lib/python3.12/site-packages/airflow/example_dags/example_xcomargs.py
[2025-04-18T13:35:11.834+0000] {processor.py:914} INFO - Processing file /home/airflow/.local/lib/python3.12/site-packages/airflow/example_dags/example_xcomargs.py for tasks to queue
[2025-04-18T13:35:11.838+0000] {logging_mixin.py:190} INFO - [2025-04-18T13:35:11.837+0000] {dagbag.py:588} INFO - Filling up the DagBag from /home/airflow/.local/lib/python3.12/site-packages/airflow/example_dags/example_xcomargs.py
[2025-04-18T13:35:11.868+0000] {processor.py:925} INFO - DAG(s) 'example_xcom_args', 'example_xcom_args_with_operators' retrieved from /home/airflow/.local/lib/python3.12/site-packages/airflow/example_dags/example_xcomargs.py
[2025-04-18T13:35:11.919+0000] {logging_mixin.py:190} INFO - [2025-04-18T13:35:11.919+0000] {dag.py:3239} INFO - Sync 2 DAGs
[2025-04-18T13:35:11.953+0000] {logging_mixin.py:190} INFO - [2025-04-18T13:35:11.953+0000] {dag.py:4180} INFO - Setting next_dagrun for example_xcom_args to None, run_after=None
[2025-04-18T13:35:11.958+0000] {logging_mixin.py:190} INFO - [2025-04-18T13:35:11.957+0000] {dag.py:4180} INFO - Setting next_dagrun for example_xcom_args_with_operators to None, run_after=None
[2025-04-18T13:35:11.998+0000] {processor.py:208} INFO - Processing /home/airflow/.local/lib/python3.12/site-packages/airflow/example_dags/example_xcomargs.py took 0.181 seconds
[2025-04-18T13:35:43.221+0000] {processor.py:186} INFO - Started process (PID=173) to work on /home/airflow/.local/lib/python3.12/site-packages/airflow/example_dags/example_xcomargs.py
[2025-04-18T13:35:43.226+0000] {processor.py:914} INFO - Processing file /home/airflow/.local/lib/python3.12/site-packages/airflow/example_dags/example_xcomargs.py for tasks to queue
[2025-04-18T13:35:43.232+0000] {logging_mixin.py:190} INFO - [2025-04-18T13:35:43.231+0000] {dagbag.py:588} INFO - Filling up the DagBag from /home/airflow/.local/lib/python3.12/site-packages/airflow/example_dags/example_xcomargs.py
[2025-04-18T13:35:43.265+0000] {processor.py:925} INFO - DAG(s) 'example_xcom_args', 'example_xcom_args_with_operators' retrieved from /home/airflow/.local/lib/python3.12/site-packages/airflow/example_dags/example_xcomargs.py
[2025-04-18T13:35:43.323+0000] {logging_mixin.py:190} INFO - [2025-04-18T13:35:43.323+0000] {dag.py:3239} INFO - Sync 2 DAGs
[2025-04-18T13:35:43.344+0000] {logging_mixin.py:190} INFO - [2025-04-18T13:35:43.343+0000] {dag.py:4180} INFO - Setting next_dagrun for example_xcom_args to None, run_after=None
[2025-04-18T13:35:43.347+0000] {logging_mixin.py:190} INFO - [2025-04-18T13:35:43.347+0000] {dag.py:4180} INFO - Setting next_dagrun for example_xcom_args_with_operators to None, run_after=None
[2025-04-18T13:35:43.382+0000] {processor.py:208} INFO - Processing /home/airflow/.local/lib/python3.12/site-packages/airflow/example_dags/example_xcomargs.py took 0.177 seconds
[2025-04-18T13:36:14.283+0000] {processor.py:186} INFO - Started process (PID=237) to work on /home/airflow/.local/lib/python3.12/site-packages/airflow/example_dags/example_xcomargs.py
[2025-04-18T13:36:14.284+0000] {processor.py:914} INFO - Processing file /home/airflow/.local/lib/python3.12/site-packages/airflow/example_dags/example_xcomargs.py for tasks to queue
[2025-04-18T13:36:14.288+0000] {logging_mixin.py:190} INFO - [2025-04-18T13:36:14.287+0000] {dagbag.py:588} INFO - Filling up the DagBag from /home/airflow/.local/lib/python3.12/site-packages/airflow/example_dags/example_xcomargs.py
[2025-04-18T13:36:14.316+0000] {processor.py:925} INFO - DAG(s) 'example_xcom_args', 'example_xcom_args_with_operators' retrieved from /home/airflow/.local/lib/python3.12/site-packages/airflow/example_dags/example_xcomargs.py
[2025-04-18T13:36:14.353+0000] {logging_mixin.py:190} INFO - [2025-04-18T13:36:14.353+0000] {dag.py:3239} INFO - Sync 2 DAGs
[2025-04-18T13:36:14.379+0000] {logging_mixin.py:190} INFO - [2025-04-18T13:36:14.379+0000] {dag.py:4180} INFO - Setting next_dagrun for example_xcom_args to None, run_after=None
[2025-04-18T13:36:14.385+0000] {logging_mixin.py:190} INFO - [2025-04-18T13:36:14.385+0000] {dag.py:4180} INFO - Setting next_dagrun for example_xcom_args_with_operators to None, run_after=None
[2025-04-18T13:36:14.407+0000] {processor.py:208} INFO - Processing /home/airflow/.local/lib/python3.12/site-packages/airflow/example_dags/example_xcomargs.py took 0.137 seconds
[2025-04-18T13:36:44.720+0000] {processor.py:186} INFO - Started process (PID=300) to work on /home/airflow/.local/lib/python3.12/site-packages/airflow/example_dags/example_xcomargs.py
[2025-04-18T13:36:44.722+0000] {processor.py:914} INFO - Processing file /home/airflow/.local/lib/python3.12/site-packages/airflow/example_dags/example_xcomargs.py for tasks to queue
[2025-04-18T13:36:44.728+0000] {logging_mixin.py:190} INFO - [2025-04-18T13:36:44.728+0000] {dagbag.py:588} INFO - Filling up the DagBag from /home/airflow/.local/lib/python3.12/site-packages/airflow/example_dags/example_xcomargs.py
[2025-04-18T13:36:44.744+0000] {processor.py:925} INFO - DAG(s) 'example_xcom_args_with_operators', 'example_xcom_args' retrieved from /home/airflow/.local/lib/python3.12/site-packages/airflow/example_dags/example_xcomargs.py
[2025-04-18T13:36:44.766+0000] {logging_mixin.py:190} INFO - [2025-04-18T13:36:44.766+0000] {dag.py:3239} INFO - Sync 2 DAGs
[2025-04-18T13:36:44.788+0000] {logging_mixin.py:190} INFO - [2025-04-18T13:36:44.788+0000] {dag.py:4180} INFO - Setting next_dagrun for example_xcom_args to None, run_after=None
[2025-04-18T13:36:44.791+0000] {logging_mixin.py:190} INFO - [2025-04-18T13:36:44.791+0000] {dag.py:4180} INFO - Setting next_dagrun for example_xcom_args_with_operators to None, run_after=None
[2025-04-18T13:36:44.819+0000] {processor.py:208} INFO - Processing /home/airflow/.local/lib/python3.12/site-packages/airflow/example_dags/example_xcomargs.py took 0.108 seconds
[2025-04-18T13:37:15.319+0000] {processor.py:186} INFO - Started process (PID=363) to work on /home/airflow/.local/lib/python3.12/site-packages/airflow/example_dags/example_xcomargs.py
[2025-04-18T13:37:15.325+0000] {processor.py:914} INFO - Processing file /home/airflow/.local/lib/python3.12/site-packages/airflow/example_dags/example_xcomargs.py for tasks to queue
[2025-04-18T13:37:15.330+0000] {logging_mixin.py:190} INFO - [2025-04-18T13:37:15.329+0000] {dagbag.py:588} INFO - Filling up the DagBag from /home/airflow/.local/lib/python3.12/site-packages/airflow/example_dags/example_xcomargs.py
[2025-04-18T13:37:15.351+0000] {processor.py:925} INFO - DAG(s) 'example_xcom_args', 'example_xcom_args_with_operators' retrieved from /home/airflow/.local/lib/python3.12/site-packages/airflow/example_dags/example_xcomargs.py
[2025-04-18T13:37:15.385+0000] {logging_mixin.py:190} INFO - [2025-04-18T13:37:15.385+0000] {dag.py:3239} INFO - Sync 2 DAGs
[2025-04-18T13:37:15.399+0000] {logging_mixin.py:190} INFO - [2025-04-18T13:37:15.398+0000] {dag.py:4180} INFO - Setting next_dagrun for example_xcom_args to None, run_after=None
[2025-04-18T13:37:15.402+0000] {logging_mixin.py:190} INFO - [2025-04-18T13:37:15.402+0000] {dag.py:4180} INFO - Setting next_dagrun for example_xcom_args_with_operators to None, run_after=None
[2025-04-18T13:37:15.416+0000] {processor.py:208} INFO - Processing /home/airflow/.local/lib/python3.12/site-packages/airflow/example_dags/example_xcomargs.py took 0.107 seconds
[2025-04-18T13:37:46.020+0000] {processor.py:186} INFO - Started process (PID=427) to work on /home/airflow/.local/lib/python3.12/site-packages/airflow/example_dags/example_xcomargs.py
[2025-04-18T13:37:46.022+0000] {processor.py:914} INFO - Processing file /home/airflow/.local/lib/python3.12/site-packages/airflow/example_dags/example_xcomargs.py for tasks to queue
[2025-04-18T13:37:46.024+0000] {logging_mixin.py:190} INFO - [2025-04-18T13:37:46.024+0000] {dagbag.py:588} INFO - Filling up the DagBag from /home/airflow/.local/lib/python3.12/site-packages/airflow/example_dags/example_xcomargs.py
[2025-04-18T13:37:46.036+0000] {processor.py:925} INFO - DAG(s) 'example_xcom_args_with_operators', 'example_xcom_args' retrieved from /home/airflow/.local/lib/python3.12/site-packages/airflow/example_dags/example_xcomargs.py
[2025-04-18T13:37:46.061+0000] {logging_mixin.py:190} INFO - [2025-04-18T13:37:46.061+0000] {dag.py:3239} INFO - Sync 2 DAGs
[2025-04-18T13:37:46.075+0000] {logging_mixin.py:190} INFO - [2025-04-18T13:37:46.075+0000] {dag.py:4180} INFO - Setting next_dagrun for example_xcom_args to None, run_after=None
[2025-04-18T13:37:46.080+0000] {logging_mixin.py:190} INFO - [2025-04-18T13:37:46.080+0000] {dag.py:4180} INFO - Setting next_dagrun for example_xcom_args_with_operators to None, run_after=None
[2025-04-18T13:37:46.099+0000] {processor.py:208} INFO - Processing /home/airflow/.local/lib/python3.12/site-packages/airflow/example_dags/example_xcomargs.py took 0.086 seconds
[2025-04-18T13:38:16.198+0000] {processor.py:186} INFO - Started process (PID=491) to work on /home/airflow/.local/lib/python3.12/site-packages/airflow/example_dags/example_xcomargs.py
[2025-04-18T13:38:16.200+0000] {processor.py:914} INFO - Processing file /home/airflow/.local/lib/python3.12/site-packages/airflow/example_dags/example_xcomargs.py for tasks to queue
[2025-04-18T13:38:16.202+0000] {logging_mixin.py:190} INFO - [2025-04-18T13:38:16.201+0000] {dagbag.py:588} INFO - Filling up the DagBag from /home/airflow/.local/lib/python3.12/site-packages/airflow/example_dags/example_xcomargs.py
[2025-04-18T13:38:16.211+0000] {processor.py:925} INFO - DAG(s) 'example_xcom_args', 'example_xcom_args_with_operators' retrieved from /home/airflow/.local/lib/python3.12/site-packages/airflow/example_dags/example_xcomargs.py
[2025-04-18T13:38:16.241+0000] {logging_mixin.py:190} INFO - [2025-04-18T13:38:16.241+0000] {dag.py:3239} INFO - Sync 2 DAGs
[2025-04-18T13:38:16.261+0000] {logging_mixin.py:190} INFO - [2025-04-18T13:38:16.261+0000] {dag.py:4180} INFO - Setting next_dagrun for example_xcom_args to None, run_after=None
[2025-04-18T13:38:16.264+0000] {logging_mixin.py:190} INFO - [2025-04-18T13:38:16.264+0000] {dag.py:4180} INFO - Setting next_dagrun for example_xcom_args_with_operators to None, run_after=None
[2025-04-18T13:38:16.274+0000] {processor.py:208} INFO - Processing /home/airflow/.local/lib/python3.12/site-packages/airflow/example_dags/example_xcomargs.py took 0.083 seconds
[2025-04-18T13:38:46.321+0000] {processor.py:186} INFO - Started process (PID=555) to work on /home/airflow/.local/lib/python3.12/site-packages/airflow/example_dags/example_xcomargs.py
[2025-04-18T13:38:46.323+0000] {processor.py:914} INFO - Processing file /home/airflow/.local/lib/python3.12/site-packages/airflow/example_dags/example_xcomargs.py for tasks to queue
[2025-04-18T13:38:46.324+0000] {logging_mixin.py:190} INFO - [2025-04-18T13:38:46.324+0000] {dagbag.py:588} INFO - Filling up the DagBag from /home/airflow/.local/lib/python3.12/site-packages/airflow/example_dags/example_xcomargs.py
[2025-04-18T13:38:46.334+0000] {processor.py:925} INFO - DAG(s) 'example_xcom_args_with_operators', 'example_xcom_args' retrieved from /home/airflow/.local/lib/python3.12/site-packages/airflow/example_dags/example_xcomargs.py
[2025-04-18T13:38:46.357+0000] {logging_mixin.py:190} INFO - [2025-04-18T13:38:46.357+0000] {dag.py:3239} INFO - Sync 2 DAGs
[2025-04-18T13:38:46.372+0000] {logging_mixin.py:190} INFO - [2025-04-18T13:38:46.372+0000] {dag.py:4180} INFO - Setting next_dagrun for example_xcom_args to None, run_after=None
[2025-04-18T13:38:46.374+0000] {logging_mixin.py:190} INFO - [2025-04-18T13:38:46.374+0000] {dag.py:4180} INFO - Setting next_dagrun for example_xcom_args_with_operators to None, run_after=None
[2025-04-18T13:38:46.386+0000] {processor.py:208} INFO - Processing /home/airflow/.local/lib/python3.12/site-packages/airflow/example_dags/example_xcomargs.py took 0.071 seconds
[2025-04-18T13:40:18.501+0000] {processor.py:186} INFO - Started process (PID=641) to work on /home/airflow/.local/lib/python3.12/site-packages/airflow/example_dags/example_xcomargs.py
[2025-04-18T13:40:18.511+0000] {processor.py:914} INFO - Processing file /home/airflow/.local/lib/python3.12/site-packages/airflow/example_dags/example_xcomargs.py for tasks to queue
[2025-04-18T13:40:18.547+0000] {logging_mixin.py:190} INFO - [2025-04-18T13:40:18.536+0000] {dagbag.py:588} INFO - Filling up the DagBag from /home/airflow/.local/lib/python3.12/site-packages/airflow/example_dags/example_xcomargs.py
[2025-04-18T13:40:18.643+0000] {processor.py:925} INFO - DAG(s) 'example_xcom_args', 'example_xcom_args_with_operators' retrieved from /home/airflow/.local/lib/python3.12/site-packages/airflow/example_dags/example_xcomargs.py
[2025-04-18T13:40:18.790+0000] {logging_mixin.py:190} INFO - [2025-04-18T13:40:18.789+0000] {dag.py:3239} INFO - Sync 2 DAGs
[2025-04-18T13:40:18.867+0000] {logging_mixin.py:190} INFO - [2025-04-18T13:40:18.866+0000] {dag.py:4180} INFO - Setting next_dagrun for example_xcom_args to None, run_after=None
[2025-04-18T13:40:18.880+0000] {logging_mixin.py:190} INFO - [2025-04-18T13:40:18.880+0000] {dag.py:4180} INFO - Setting next_dagrun for example_xcom_args_with_operators to None, run_after=None
[2025-04-18T13:40:18.958+0000] {processor.py:208} INFO - Processing /home/airflow/.local/lib/python3.12/site-packages/airflow/example_dags/example_xcomargs.py took 0.485 seconds
[2025-04-18T13:44:15.368+0000] {processor.py:186} INFO - Started process (PID=125) to work on /home/airflow/.local/lib/python3.12/site-packages/airflow/example_dags/example_xcomargs.py
[2025-04-18T13:44:15.387+0000] {processor.py:914} INFO - Processing file /home/airflow/.local/lib/python3.12/site-packages/airflow/example_dags/example_xcomargs.py for tasks to queue
[2025-04-18T13:44:15.426+0000] {logging_mixin.py:190} INFO - [2025-04-18T13:44:15.415+0000] {dagbag.py:588} INFO - Filling up the DagBag from /home/airflow/.local/lib/python3.12/site-packages/airflow/example_dags/example_xcomargs.py
[2025-04-18T13:44:15.630+0000] {processor.py:925} INFO - DAG(s) 'example_xcom_args', 'example_xcom_args_with_operators' retrieved from /home/airflow/.local/lib/python3.12/site-packages/airflow/example_dags/example_xcomargs.py
[2025-04-18T13:44:16.127+0000] {logging_mixin.py:190} INFO - [2025-04-18T13:44:16.120+0000] {dag.py:3239} INFO - Sync 2 DAGs
[2025-04-18T13:44:16.263+0000] {logging_mixin.py:190} INFO - [2025-04-18T13:44:16.258+0000] {dag.py:4180} INFO - Setting next_dagrun for example_xcom_args to None, run_after=None
[2025-04-18T13:44:16.356+0000] {logging_mixin.py:190} INFO - [2025-04-18T13:44:16.348+0000] {dag.py:4180} INFO - Setting next_dagrun for example_xcom_args_with_operators to None, run_after=None
[2025-04-18T13:44:16.666+0000] {processor.py:208} INFO - Processing /home/airflow/.local/lib/python3.12/site-packages/airflow/example_dags/example_xcomargs.py took 1.407 seconds
[2025-04-18T13:45:11.667+0000] {processor.py:186} INFO - Started process (PID=201) to work on /home/airflow/.local/lib/python3.12/site-packages/airflow/example_dags/example_xcomargs.py
[2025-04-18T13:45:11.677+0000] {processor.py:914} INFO - Processing file /home/airflow/.local/lib/python3.12/site-packages/airflow/example_dags/example_xcomargs.py for tasks to queue
[2025-04-18T13:45:11.845+0000] {logging_mixin.py:190} INFO - [2025-04-18T13:45:11.835+0000] {dagbag.py:588} INFO - Filling up the DagBag from /home/airflow/.local/lib/python3.12/site-packages/airflow/example_dags/example_xcomargs.py
[2025-04-18T13:45:12.185+0000] {processor.py:925} INFO - DAG(s) 'example_xcom_args_with_operators', 'example_xcom_args' retrieved from /home/airflow/.local/lib/python3.12/site-packages/airflow/example_dags/example_xcomargs.py
[2025-04-18T13:45:12.656+0000] {logging_mixin.py:190} INFO - [2025-04-18T13:45:12.638+0000] {dag.py:3239} INFO - Sync 2 DAGs
[2025-04-18T13:45:13.047+0000] {logging_mixin.py:190} INFO - [2025-04-18T13:45:13.042+0000] {dag.py:4180} INFO - Setting next_dagrun for example_xcom_args to None, run_after=None
[2025-04-18T13:45:13.354+0000] {logging_mixin.py:190} INFO - [2025-04-18T13:45:13.351+0000] {dag.py:4180} INFO - Setting next_dagrun for example_xcom_args_with_operators to None, run_after=None
[2025-04-18T13:45:13.873+0000] {processor.py:208} INFO - Processing /home/airflow/.local/lib/python3.12/site-packages/airflow/example_dags/example_xcomargs.py took 2.212 seconds
[2025-04-18T13:50:10.308+0000] {processor.py:186} INFO - Started process (PID=122) to work on /home/airflow/.local/lib/python3.12/site-packages/airflow/example_dags/example_xcomargs.py
[2025-04-18T13:50:10.314+0000] {processor.py:914} INFO - Processing file /home/airflow/.local/lib/python3.12/site-packages/airflow/example_dags/example_xcomargs.py for tasks to queue
[2025-04-18T13:50:10.319+0000] {logging_mixin.py:190} INFO - [2025-04-18T13:50:10.319+0000] {dagbag.py:588} INFO - Filling up the DagBag from /home/airflow/.local/lib/python3.12/site-packages/airflow/example_dags/example_xcomargs.py
[2025-04-18T13:50:10.406+0000] {processor.py:925} INFO - DAG(s) 'example_xcom_args_with_operators', 'example_xcom_args' retrieved from /home/airflow/.local/lib/python3.12/site-packages/airflow/example_dags/example_xcomargs.py
[2025-04-18T13:50:10.628+0000] {logging_mixin.py:190} INFO - [2025-04-18T13:50:10.627+0000] {dag.py:3239} INFO - Sync 2 DAGs
[2025-04-18T13:50:10.740+0000] {logging_mixin.py:190} INFO - [2025-04-18T13:50:10.740+0000] {dag.py:4180} INFO - Setting next_dagrun for example_xcom_args to None, run_after=None
[2025-04-18T13:50:10.799+0000] {logging_mixin.py:190} INFO - [2025-04-18T13:50:10.798+0000] {dag.py:4180} INFO - Setting next_dagrun for example_xcom_args_with_operators to None, run_after=None
[2025-04-18T13:50:10.904+0000] {processor.py:208} INFO - Processing /home/airflow/.local/lib/python3.12/site-packages/airflow/example_dags/example_xcomargs.py took 0.651 seconds
[2025-04-18T13:51:25.380+0000] {processor.py:186} INFO - Started process (PID=214) to work on /home/airflow/.local/lib/python3.12/site-packages/airflow/example_dags/example_xcomargs.py
[2025-04-18T13:51:25.406+0000] {processor.py:914} INFO - Processing file /home/airflow/.local/lib/python3.12/site-packages/airflow/example_dags/example_xcomargs.py for tasks to queue
[2025-04-18T13:51:25.509+0000] {logging_mixin.py:190} INFO - [2025-04-18T13:51:25.492+0000] {dagbag.py:588} INFO - Filling up the DagBag from /home/airflow/.local/lib/python3.12/site-packages/airflow/example_dags/example_xcomargs.py
[2025-04-18T13:51:25.882+0000] {processor.py:925} INFO - DAG(s) 'example_xcom_args_with_operators', 'example_xcom_args' retrieved from /home/airflow/.local/lib/python3.12/site-packages/airflow/example_dags/example_xcomargs.py
[2025-04-18T13:51:26.259+0000] {logging_mixin.py:190} INFO - [2025-04-18T13:51:26.257+0000] {dag.py:3239} INFO - Sync 2 DAGs
[2025-04-18T13:51:26.491+0000] {logging_mixin.py:190} INFO - [2025-04-18T13:51:26.490+0000] {dag.py:4180} INFO - Setting next_dagrun for example_xcom_args to None, run_after=None
[2025-04-18T13:51:26.571+0000] {logging_mixin.py:190} INFO - [2025-04-18T13:51:26.571+0000] {dag.py:4180} INFO - Setting next_dagrun for example_xcom_args_with_operators to None, run_after=None
[2025-04-18T13:51:26.836+0000] {processor.py:208} INFO - Processing /home/airflow/.local/lib/python3.12/site-packages/airflow/example_dags/example_xcomargs.py took 1.515 seconds
[2025-04-18T13:52:32.718+0000] {processor.py:186} INFO - Started process (PID=289) to work on /home/airflow/.local/lib/python3.12/site-packages/airflow/example_dags/example_xcomargs.py
[2025-04-18T13:52:32.725+0000] {processor.py:914} INFO - Processing file /home/airflow/.local/lib/python3.12/site-packages/airflow/example_dags/example_xcomargs.py for tasks to queue
[2025-04-18T13:52:32.748+0000] {logging_mixin.py:190} INFO - [2025-04-18T13:52:32.747+0000] {dagbag.py:588} INFO - Filling up the DagBag from /home/airflow/.local/lib/python3.12/site-packages/airflow/example_dags/example_xcomargs.py
[2025-04-18T13:52:32.922+0000] {processor.py:925} INFO - DAG(s) 'example_xcom_args_with_operators', 'example_xcom_args' retrieved from /home/airflow/.local/lib/python3.12/site-packages/airflow/example_dags/example_xcomargs.py
[2025-04-18T13:52:33.572+0000] {logging_mixin.py:190} INFO - [2025-04-18T13:52:33.571+0000] {dag.py:3239} INFO - Sync 2 DAGs
[2025-04-18T13:52:33.846+0000] {logging_mixin.py:190} INFO - [2025-04-18T13:52:33.838+0000] {dag.py:4180} INFO - Setting next_dagrun for example_xcom_args to None, run_after=None
[2025-04-18T13:52:33.918+0000] {logging_mixin.py:190} INFO - [2025-04-18T13:52:33.913+0000] {dag.py:4180} INFO - Setting next_dagrun for example_xcom_args_with_operators to None, run_after=None
[2025-04-18T13:52:34.234+0000] {processor.py:208} INFO - Processing /home/airflow/.local/lib/python3.12/site-packages/airflow/example_dags/example_xcomargs.py took 1.558 seconds
[2025-04-18T13:53:47.119+0000] {processor.py:186} INFO - Started process (PID=376) to work on /home/airflow/.local/lib/python3.12/site-packages/airflow/example_dags/example_xcomargs.py
[2025-04-18T13:53:47.135+0000] {processor.py:914} INFO - Processing file /home/airflow/.local/lib/python3.12/site-packages/airflow/example_dags/example_xcomargs.py for tasks to queue
[2025-04-18T13:53:47.160+0000] {logging_mixin.py:190} INFO - [2025-04-18T13:53:47.155+0000] {dagbag.py:588} INFO - Filling up the DagBag from /home/airflow/.local/lib/python3.12/site-packages/airflow/example_dags/example_xcomargs.py
[2025-04-18T13:53:47.280+0000] {processor.py:925} INFO - DAG(s) 'example_xcom_args_with_operators', 'example_xcom_args' retrieved from /home/airflow/.local/lib/python3.12/site-packages/airflow/example_dags/example_xcomargs.py
[2025-04-18T13:53:47.419+0000] {logging_mixin.py:190} INFO - [2025-04-18T13:53:47.415+0000] {dag.py:3239} INFO - Sync 2 DAGs
[2025-04-18T13:53:47.463+0000] {logging_mixin.py:190} INFO - [2025-04-18T13:53:47.463+0000] {dag.py:4180} INFO - Setting next_dagrun for example_xcom_args to None, run_after=None
[2025-04-18T13:53:47.481+0000] {logging_mixin.py:190} INFO - [2025-04-18T13:53:47.477+0000] {dag.py:4180} INFO - Setting next_dagrun for example_xcom_args_with_operators to None, run_after=None
[2025-04-18T13:53:47.567+0000] {processor.py:208} INFO - Processing /home/airflow/.local/lib/python3.12/site-packages/airflow/example_dags/example_xcomargs.py took 0.483 seconds
[2025-04-18T13:54:20.593+0000] {processor.py:186} INFO - Started process (PID=439) to work on /home/airflow/.local/lib/python3.12/site-packages/airflow/example_dags/example_xcomargs.py
[2025-04-18T13:54:20.597+0000] {processor.py:914} INFO - Processing file /home/airflow/.local/lib/python3.12/site-packages/airflow/example_dags/example_xcomargs.py for tasks to queue
[2025-04-18T13:54:20.610+0000] {logging_mixin.py:190} INFO - [2025-04-18T13:54:20.608+0000] {dagbag.py:588} INFO - Filling up the DagBag from /home/airflow/.local/lib/python3.12/site-packages/airflow/example_dags/example_xcomargs.py
[2025-04-18T13:54:20.669+0000] {processor.py:925} INFO - DAG(s) 'example_xcom_args', 'example_xcom_args_with_operators' retrieved from /home/airflow/.local/lib/python3.12/site-packages/airflow/example_dags/example_xcomargs.py
[2025-04-18T13:54:20.798+0000] {logging_mixin.py:190} INFO - [2025-04-18T13:54:20.797+0000] {dag.py:3239} INFO - Sync 2 DAGs
[2025-04-18T13:54:20.876+0000] {logging_mixin.py:190} INFO - [2025-04-18T13:54:20.872+0000] {dag.py:4180} INFO - Setting next_dagrun for example_xcom_args to None, run_after=None
[2025-04-18T13:54:20.898+0000] {logging_mixin.py:190} INFO - [2025-04-18T13:54:20.897+0000] {dag.py:4180} INFO - Setting next_dagrun for example_xcom_args_with_operators to None, run_after=None
[2025-04-18T13:54:20.970+0000] {processor.py:208} INFO - Processing /home/airflow/.local/lib/python3.12/site-packages/airflow/example_dags/example_xcomargs.py took 0.398 seconds
[2025-04-18T13:54:51.606+0000] {processor.py:186} INFO - Started process (PID=503) to work on /home/airflow/.local/lib/python3.12/site-packages/airflow/example_dags/example_xcomargs.py
[2025-04-18T13:54:51.624+0000] {processor.py:914} INFO - Processing file /home/airflow/.local/lib/python3.12/site-packages/airflow/example_dags/example_xcomargs.py for tasks to queue
[2025-04-18T13:54:51.636+0000] {logging_mixin.py:190} INFO - [2025-04-18T13:54:51.635+0000] {dagbag.py:588} INFO - Filling up the DagBag from /home/airflow/.local/lib/python3.12/site-packages/airflow/example_dags/example_xcomargs.py
[2025-04-18T13:54:51.698+0000] {processor.py:925} INFO - DAG(s) 'example_xcom_args_with_operators', 'example_xcom_args' retrieved from /home/airflow/.local/lib/python3.12/site-packages/airflow/example_dags/example_xcomargs.py
[2025-04-18T13:54:51.830+0000] {logging_mixin.py:190} INFO - [2025-04-18T13:54:51.829+0000] {dag.py:3239} INFO - Sync 2 DAGs
[2025-04-18T13:54:51.944+0000] {logging_mixin.py:190} INFO - [2025-04-18T13:54:51.942+0000] {dag.py:4180} INFO - Setting next_dagrun for example_xcom_args to None, run_after=None
[2025-04-18T13:54:51.974+0000] {logging_mixin.py:190} INFO - [2025-04-18T13:54:51.974+0000] {dag.py:4180} INFO - Setting next_dagrun for example_xcom_args_with_operators to None, run_after=None
[2025-04-18T13:54:52.184+0000] {processor.py:208} INFO - Processing /home/airflow/.local/lib/python3.12/site-packages/airflow/example_dags/example_xcomargs.py took 0.589 seconds
