[2025-04-18T13:25:59.640+0000] {processor.py:186} INFO - Started process (PID=85) to work on /home/airflow/.local/lib/python3.12/site-packages/airflow/example_dags/example_latest_only.py
[2025-04-18T13:25:59.643+0000] {processor.py:914} INFO - Processing file /home/airflow/.local/lib/python3.12/site-packages/airflow/example_dags/example_latest_only.py for tasks to queue
[2025-04-18T13:25:59.646+0000] {logging_mixin.py:190} INFO - [2025-04-18T13:25:59.646+0000] {dagbag.py:588} INFO - Filling up the DagBag from /home/airflow/.local/lib/python3.12/site-packages/airflow/example_dags/example_latest_only.py
[2025-04-18T13:25:59.657+0000] {processor.py:925} INFO - DAG(s) 'latest_only' retrieved from /home/airflow/.local/lib/python3.12/site-packages/airflow/example_dags/example_latest_only.py
[2025-04-18T13:25:59.795+0000] {logging_mixin.py:190} INFO - [2025-04-18T13:25:59.794+0000] {dag.py:3239} INFO - Sync 1 DAGs
[2025-04-18T13:25:59.829+0000] {logging_mixin.py:190} INFO - [2025-04-18T13:25:59.828+0000] {dag.py:4180} INFO - Setting next_dagrun for latest_only to 2025-04-18 08:00:00+00:00, run_after=2025-04-18 12:00:00+00:00
[2025-04-18T13:25:59.861+0000] {processor.py:208} INFO - Processing /home/airflow/.local/lib/python3.12/site-packages/airflow/example_dags/example_latest_only.py took 0.228 seconds
[2025-04-18T13:27:46.773+0000] {processor.py:186} INFO - Started process (PID=162) to work on /home/airflow/.local/lib/python3.12/site-packages/airflow/example_dags/example_latest_only.py
[2025-04-18T13:27:46.787+0000] {processor.py:914} INFO - Processing file /home/airflow/.local/lib/python3.12/site-packages/airflow/example_dags/example_latest_only.py for tasks to queue
[2025-04-18T13:27:46.823+0000] {logging_mixin.py:190} INFO - [2025-04-18T13:27:46.821+0000] {dagbag.py:588} INFO - Filling up the DagBag from /home/airflow/.local/lib/python3.12/site-packages/airflow/example_dags/example_latest_only.py
[2025-04-18T13:27:46.930+0000] {processor.py:925} INFO - DAG(s) 'latest_only' retrieved from /home/airflow/.local/lib/python3.12/site-packages/airflow/example_dags/example_latest_only.py
[2025-04-18T13:27:47.209+0000] {logging_mixin.py:190} INFO - [2025-04-18T13:27:47.206+0000] {dag.py:3239} INFO - Sync 1 DAGs
[2025-04-18T13:27:47.475+0000] {logging_mixin.py:190} INFO - [2025-04-18T13:27:47.471+0000] {dag.py:4180} INFO - Setting next_dagrun for latest_only to 2025-04-18 08:00:00+00:00, run_after=2025-04-18 12:00:00+00:00
[2025-04-18T13:27:47.732+0000] {processor.py:208} INFO - Processing /home/airflow/.local/lib/python3.12/site-packages/airflow/example_dags/example_latest_only.py took 1.004 seconds
[2025-04-18T13:30:04.170+0000] {processor.py:186} INFO - Started process (PID=84) to work on /home/airflow/.local/lib/python3.12/site-packages/airflow/example_dags/example_latest_only.py
[2025-04-18T13:30:04.183+0000] {processor.py:914} INFO - Processing file /home/airflow/.local/lib/python3.12/site-packages/airflow/example_dags/example_latest_only.py for tasks to queue
[2025-04-18T13:30:04.197+0000] {logging_mixin.py:190} INFO - [2025-04-18T13:30:04.194+0000] {dagbag.py:588} INFO - Filling up the DagBag from /home/airflow/.local/lib/python3.12/site-packages/airflow/example_dags/example_latest_only.py
[2025-04-18T13:30:04.254+0000] {processor.py:925} INFO - DAG(s) 'latest_only' retrieved from /home/airflow/.local/lib/python3.12/site-packages/airflow/example_dags/example_latest_only.py
[2025-04-18T13:30:04.429+0000] {logging_mixin.py:190} INFO - [2025-04-18T13:30:04.428+0000] {dag.py:3239} INFO - Sync 1 DAGs
[2025-04-18T13:30:04.639+0000] {logging_mixin.py:190} INFO - [2025-04-18T13:30:04.638+0000] {dag.py:4180} INFO - Setting next_dagrun for latest_only to 2025-04-18 08:00:00+00:00, run_after=2025-04-18 12:00:00+00:00
[2025-04-18T13:30:04.726+0000] {processor.py:208} INFO - Processing /home/airflow/.local/lib/python3.12/site-packages/airflow/example_dags/example_latest_only.py took 0.624 seconds
[2025-04-18T13:30:40.661+0000] {processor.py:186} INFO - Started process (PID=147) to work on /home/airflow/.local/lib/python3.12/site-packages/airflow/example_dags/example_latest_only.py
[2025-04-18T13:30:40.672+0000] {processor.py:914} INFO - Processing file /home/airflow/.local/lib/python3.12/site-packages/airflow/example_dags/example_latest_only.py for tasks to queue
[2025-04-18T13:30:40.696+0000] {logging_mixin.py:190} INFO - [2025-04-18T13:30:40.690+0000] {dagbag.py:588} INFO - Filling up the DagBag from /home/airflow/.local/lib/python3.12/site-packages/airflow/example_dags/example_latest_only.py
[2025-04-18T13:30:40.971+0000] {processor.py:925} INFO - DAG(s) 'latest_only' retrieved from /home/airflow/.local/lib/python3.12/site-packages/airflow/example_dags/example_latest_only.py
[2025-04-18T13:30:41.168+0000] {logging_mixin.py:190} INFO - [2025-04-18T13:30:41.166+0000] {dag.py:3239} INFO - Sync 1 DAGs
[2025-04-18T13:30:41.375+0000] {logging_mixin.py:190} INFO - [2025-04-18T13:30:41.371+0000] {dag.py:4180} INFO - Setting next_dagrun for latest_only to 2025-04-18 08:00:00+00:00, run_after=2025-04-18 12:00:00+00:00
[2025-04-18T13:30:41.537+0000] {processor.py:208} INFO - Processing /home/airflow/.local/lib/python3.12/site-packages/airflow/example_dags/example_latest_only.py took 0.946 seconds
[2025-04-18T13:31:12.079+0000] {processor.py:186} INFO - Started process (PID=211) to work on /home/airflow/.local/lib/python3.12/site-packages/airflow/example_dags/example_latest_only.py
[2025-04-18T13:31:12.081+0000] {processor.py:914} INFO - Processing file /home/airflow/.local/lib/python3.12/site-packages/airflow/example_dags/example_latest_only.py for tasks to queue
[2025-04-18T13:31:12.085+0000] {logging_mixin.py:190} INFO - [2025-04-18T13:31:12.084+0000] {dagbag.py:588} INFO - Filling up the DagBag from /home/airflow/.local/lib/python3.12/site-packages/airflow/example_dags/example_latest_only.py
[2025-04-18T13:31:12.095+0000] {processor.py:925} INFO - DAG(s) 'latest_only' retrieved from /home/airflow/.local/lib/python3.12/site-packages/airflow/example_dags/example_latest_only.py
[2025-04-18T13:31:12.120+0000] {logging_mixin.py:190} INFO - [2025-04-18T13:31:12.120+0000] {dag.py:3239} INFO - Sync 1 DAGs
[2025-04-18T13:31:12.143+0000] {logging_mixin.py:190} INFO - [2025-04-18T13:31:12.143+0000] {dag.py:4180} INFO - Setting next_dagrun for latest_only to 2025-04-18 08:00:00+00:00, run_after=2025-04-18 12:00:00+00:00
[2025-04-18T13:31:12.182+0000] {processor.py:208} INFO - Processing /home/airflow/.local/lib/python3.12/site-packages/airflow/example_dags/example_latest_only.py took 0.112 seconds
[2025-04-18T13:31:42.416+0000] {processor.py:186} INFO - Started process (PID=275) to work on /home/airflow/.local/lib/python3.12/site-packages/airflow/example_dags/example_latest_only.py
[2025-04-18T13:31:42.417+0000] {processor.py:914} INFO - Processing file /home/airflow/.local/lib/python3.12/site-packages/airflow/example_dags/example_latest_only.py for tasks to queue
[2025-04-18T13:31:42.421+0000] {logging_mixin.py:190} INFO - [2025-04-18T13:31:42.421+0000] {dagbag.py:588} INFO - Filling up the DagBag from /home/airflow/.local/lib/python3.12/site-packages/airflow/example_dags/example_latest_only.py
[2025-04-18T13:31:42.436+0000] {processor.py:925} INFO - DAG(s) 'latest_only' retrieved from /home/airflow/.local/lib/python3.12/site-packages/airflow/example_dags/example_latest_only.py
[2025-04-18T13:31:42.456+0000] {logging_mixin.py:190} INFO - [2025-04-18T13:31:42.456+0000] {dag.py:3239} INFO - Sync 1 DAGs
[2025-04-18T13:31:42.477+0000] {logging_mixin.py:190} INFO - [2025-04-18T13:31:42.476+0000] {dag.py:4180} INFO - Setting next_dagrun for latest_only to 2025-04-18 08:00:00+00:00, run_after=2025-04-18 12:00:00+00:00
[2025-04-18T13:31:42.490+0000] {processor.py:208} INFO - Processing /home/airflow/.local/lib/python3.12/site-packages/airflow/example_dags/example_latest_only.py took 0.082 seconds
[2025-04-18T13:32:13.114+0000] {processor.py:186} INFO - Started process (PID=339) to work on /home/airflow/.local/lib/python3.12/site-packages/airflow/example_dags/example_latest_only.py
[2025-04-18T13:32:13.115+0000] {processor.py:914} INFO - Processing file /home/airflow/.local/lib/python3.12/site-packages/airflow/example_dags/example_latest_only.py for tasks to queue
[2025-04-18T13:32:13.117+0000] {logging_mixin.py:190} INFO - [2025-04-18T13:32:13.117+0000] {dagbag.py:588} INFO - Filling up the DagBag from /home/airflow/.local/lib/python3.12/site-packages/airflow/example_dags/example_latest_only.py
[2025-04-18T13:32:13.127+0000] {processor.py:925} INFO - DAG(s) 'latest_only' retrieved from /home/airflow/.local/lib/python3.12/site-packages/airflow/example_dags/example_latest_only.py
[2025-04-18T13:32:13.143+0000] {logging_mixin.py:190} INFO - [2025-04-18T13:32:13.142+0000] {dag.py:3239} INFO - Sync 1 DAGs
[2025-04-18T13:32:13.158+0000] {logging_mixin.py:190} INFO - [2025-04-18T13:32:13.158+0000] {dag.py:4180} INFO - Setting next_dagrun for latest_only to 2025-04-18 08:00:00+00:00, run_after=2025-04-18 12:00:00+00:00
[2025-04-18T13:32:13.172+0000] {processor.py:208} INFO - Processing /home/airflow/.local/lib/python3.12/site-packages/airflow/example_dags/example_latest_only.py took 0.066 seconds
[2025-04-18T13:34:57.447+0000] {processor.py:186} INFO - Started process (PID=79) to work on /home/airflow/.local/lib/python3.12/site-packages/airflow/example_dags/example_latest_only.py
[2025-04-18T13:34:57.450+0000] {processor.py:914} INFO - Processing file /home/airflow/.local/lib/python3.12/site-packages/airflow/example_dags/example_latest_only.py for tasks to queue
[2025-04-18T13:34:57.456+0000] {logging_mixin.py:190} INFO - [2025-04-18T13:34:57.455+0000] {dagbag.py:588} INFO - Filling up the DagBag from /home/airflow/.local/lib/python3.12/site-packages/airflow/example_dags/example_latest_only.py
[2025-04-18T13:34:57.493+0000] {processor.py:925} INFO - DAG(s) 'latest_only' retrieved from /home/airflow/.local/lib/python3.12/site-packages/airflow/example_dags/example_latest_only.py
[2025-04-18T13:34:57.585+0000] {logging_mixin.py:190} INFO - [2025-04-18T13:34:57.585+0000] {dag.py:3239} INFO - Sync 1 DAGs
[2025-04-18T13:34:57.677+0000] {logging_mixin.py:190} INFO - [2025-04-18T13:34:57.677+0000] {dag.py:4180} INFO - Setting next_dagrun for latest_only to 2025-04-18 08:00:00+00:00, run_after=2025-04-18 12:00:00+00:00
[2025-04-18T13:34:57.702+0000] {processor.py:208} INFO - Processing /home/airflow/.local/lib/python3.12/site-packages/airflow/example_dags/example_latest_only.py took 0.316 seconds
[2025-04-18T13:35:27.789+0000] {processor.py:186} INFO - Started process (PID=142) to work on /home/airflow/.local/lib/python3.12/site-packages/airflow/example_dags/example_latest_only.py
[2025-04-18T13:35:27.795+0000] {processor.py:914} INFO - Processing file /home/airflow/.local/lib/python3.12/site-packages/airflow/example_dags/example_latest_only.py for tasks to queue
[2025-04-18T13:35:27.802+0000] {logging_mixin.py:190} INFO - [2025-04-18T13:35:27.802+0000] {dagbag.py:588} INFO - Filling up the DagBag from /home/airflow/.local/lib/python3.12/site-packages/airflow/example_dags/example_latest_only.py
[2025-04-18T13:35:27.824+0000] {processor.py:925} INFO - DAG(s) 'latest_only' retrieved from /home/airflow/.local/lib/python3.12/site-packages/airflow/example_dags/example_latest_only.py
[2025-04-18T13:35:27.865+0000] {logging_mixin.py:190} INFO - [2025-04-18T13:35:27.864+0000] {dag.py:3239} INFO - Sync 1 DAGs
[2025-04-18T13:35:27.911+0000] {logging_mixin.py:190} INFO - [2025-04-18T13:35:27.911+0000] {dag.py:4180} INFO - Setting next_dagrun for latest_only to 2025-04-18 08:00:00+00:00, run_after=2025-04-18 12:00:00+00:00
[2025-04-18T13:35:27.944+0000] {processor.py:208} INFO - Processing /home/airflow/.local/lib/python3.12/site-packages/airflow/example_dags/example_latest_only.py took 0.173 seconds
[2025-04-18T13:35:58.004+0000] {processor.py:186} INFO - Started process (PID=206) to work on /home/airflow/.local/lib/python3.12/site-packages/airflow/example_dags/example_latest_only.py
[2025-04-18T13:35:58.005+0000] {processor.py:914} INFO - Processing file /home/airflow/.local/lib/python3.12/site-packages/airflow/example_dags/example_latest_only.py for tasks to queue
[2025-04-18T13:35:58.006+0000] {logging_mixin.py:190} INFO - [2025-04-18T13:35:58.006+0000] {dagbag.py:588} INFO - Filling up the DagBag from /home/airflow/.local/lib/python3.12/site-packages/airflow/example_dags/example_latest_only.py
[2025-04-18T13:35:58.010+0000] {processor.py:925} INFO - DAG(s) 'latest_only' retrieved from /home/airflow/.local/lib/python3.12/site-packages/airflow/example_dags/example_latest_only.py
[2025-04-18T13:35:58.020+0000] {logging_mixin.py:190} INFO - [2025-04-18T13:35:58.020+0000] {dag.py:3239} INFO - Sync 1 DAGs
[2025-04-18T13:35:58.032+0000] {logging_mixin.py:190} INFO - [2025-04-18T13:35:58.032+0000] {dag.py:4180} INFO - Setting next_dagrun for latest_only to 2025-04-18 08:00:00+00:00, run_after=2025-04-18 12:00:00+00:00
[2025-04-18T13:35:58.040+0000] {processor.py:208} INFO - Processing /home/airflow/.local/lib/python3.12/site-packages/airflow/example_dags/example_latest_only.py took 0.040 seconds
[2025-04-18T13:36:28.344+0000] {processor.py:186} INFO - Started process (PID=270) to work on /home/airflow/.local/lib/python3.12/site-packages/airflow/example_dags/example_latest_only.py
[2025-04-18T13:36:28.347+0000] {processor.py:914} INFO - Processing file /home/airflow/.local/lib/python3.12/site-packages/airflow/example_dags/example_latest_only.py for tasks to queue
[2025-04-18T13:36:28.350+0000] {logging_mixin.py:190} INFO - [2025-04-18T13:36:28.350+0000] {dagbag.py:588} INFO - Filling up the DagBag from /home/airflow/.local/lib/python3.12/site-packages/airflow/example_dags/example_latest_only.py
[2025-04-18T13:36:28.355+0000] {processor.py:925} INFO - DAG(s) 'latest_only' retrieved from /home/airflow/.local/lib/python3.12/site-packages/airflow/example_dags/example_latest_only.py
[2025-04-18T13:36:28.364+0000] {logging_mixin.py:190} INFO - [2025-04-18T13:36:28.364+0000] {dag.py:3239} INFO - Sync 1 DAGs
[2025-04-18T13:36:28.374+0000] {logging_mixin.py:190} INFO - [2025-04-18T13:36:28.374+0000] {dag.py:4180} INFO - Setting next_dagrun for latest_only to 2025-04-18 08:00:00+00:00, run_after=2025-04-18 12:00:00+00:00
[2025-04-18T13:36:28.382+0000] {processor.py:208} INFO - Processing /home/airflow/.local/lib/python3.12/site-packages/airflow/example_dags/example_latest_only.py took 0.043 seconds
[2025-04-18T13:36:59.089+0000] {processor.py:186} INFO - Started process (PID=333) to work on /home/airflow/.local/lib/python3.12/site-packages/airflow/example_dags/example_latest_only.py
[2025-04-18T13:36:59.093+0000] {processor.py:914} INFO - Processing file /home/airflow/.local/lib/python3.12/site-packages/airflow/example_dags/example_latest_only.py for tasks to queue
[2025-04-18T13:36:59.094+0000] {logging_mixin.py:190} INFO - [2025-04-18T13:36:59.094+0000] {dagbag.py:588} INFO - Filling up the DagBag from /home/airflow/.local/lib/python3.12/site-packages/airflow/example_dags/example_latest_only.py
[2025-04-18T13:36:59.099+0000] {processor.py:925} INFO - DAG(s) 'latest_only' retrieved from /home/airflow/.local/lib/python3.12/site-packages/airflow/example_dags/example_latest_only.py
[2025-04-18T13:36:59.112+0000] {logging_mixin.py:190} INFO - [2025-04-18T13:36:59.112+0000] {dag.py:3239} INFO - Sync 1 DAGs
[2025-04-18T13:36:59.122+0000] {logging_mixin.py:190} INFO - [2025-04-18T13:36:59.122+0000] {dag.py:4180} INFO - Setting next_dagrun for latest_only to 2025-04-18 08:00:00+00:00, run_after=2025-04-18 12:00:00+00:00
[2025-04-18T13:36:59.130+0000] {processor.py:208} INFO - Processing /home/airflow/.local/lib/python3.12/site-packages/airflow/example_dags/example_latest_only.py took 0.052 seconds
[2025-04-18T13:37:29.299+0000] {processor.py:186} INFO - Started process (PID=397) to work on /home/airflow/.local/lib/python3.12/site-packages/airflow/example_dags/example_latest_only.py
[2025-04-18T13:37:29.303+0000] {processor.py:914} INFO - Processing file /home/airflow/.local/lib/python3.12/site-packages/airflow/example_dags/example_latest_only.py for tasks to queue
[2025-04-18T13:37:29.304+0000] {logging_mixin.py:190} INFO - [2025-04-18T13:37:29.304+0000] {dagbag.py:588} INFO - Filling up the DagBag from /home/airflow/.local/lib/python3.12/site-packages/airflow/example_dags/example_latest_only.py
[2025-04-18T13:37:29.308+0000] {processor.py:925} INFO - DAG(s) 'latest_only' retrieved from /home/airflow/.local/lib/python3.12/site-packages/airflow/example_dags/example_latest_only.py
[2025-04-18T13:37:29.319+0000] {logging_mixin.py:190} INFO - [2025-04-18T13:37:29.319+0000] {dag.py:3239} INFO - Sync 1 DAGs
[2025-04-18T13:37:29.330+0000] {logging_mixin.py:190} INFO - [2025-04-18T13:37:29.330+0000] {dag.py:4180} INFO - Setting next_dagrun for latest_only to 2025-04-18 08:00:00+00:00, run_after=2025-04-18 12:00:00+00:00
[2025-04-18T13:37:29.338+0000] {processor.py:208} INFO - Processing /home/airflow/.local/lib/python3.12/site-packages/airflow/example_dags/example_latest_only.py took 0.045 seconds
[2025-04-18T13:37:59.821+0000] {processor.py:186} INFO - Started process (PID=461) to work on /home/airflow/.local/lib/python3.12/site-packages/airflow/example_dags/example_latest_only.py
[2025-04-18T13:37:59.822+0000] {processor.py:914} INFO - Processing file /home/airflow/.local/lib/python3.12/site-packages/airflow/example_dags/example_latest_only.py for tasks to queue
[2025-04-18T13:37:59.823+0000] {logging_mixin.py:190} INFO - [2025-04-18T13:37:59.823+0000] {dagbag.py:588} INFO - Filling up the DagBag from /home/airflow/.local/lib/python3.12/site-packages/airflow/example_dags/example_latest_only.py
[2025-04-18T13:37:59.828+0000] {processor.py:925} INFO - DAG(s) 'latest_only' retrieved from /home/airflow/.local/lib/python3.12/site-packages/airflow/example_dags/example_latest_only.py
[2025-04-18T13:37:59.845+0000] {logging_mixin.py:190} INFO - [2025-04-18T13:37:59.845+0000] {dag.py:3239} INFO - Sync 1 DAGs
[2025-04-18T13:37:59.865+0000] {logging_mixin.py:190} INFO - [2025-04-18T13:37:59.865+0000] {dag.py:4180} INFO - Setting next_dagrun for latest_only to 2025-04-18 08:00:00+00:00, run_after=2025-04-18 12:00:00+00:00
[2025-04-18T13:37:59.874+0000] {processor.py:208} INFO - Processing /home/airflow/.local/lib/python3.12/site-packages/airflow/example_dags/example_latest_only.py took 0.058 seconds
[2025-04-18T13:38:30.605+0000] {processor.py:186} INFO - Started process (PID=525) to work on /home/airflow/.local/lib/python3.12/site-packages/airflow/example_dags/example_latest_only.py
[2025-04-18T13:38:30.606+0000] {processor.py:914} INFO - Processing file /home/airflow/.local/lib/python3.12/site-packages/airflow/example_dags/example_latest_only.py for tasks to queue
[2025-04-18T13:38:30.607+0000] {logging_mixin.py:190} INFO - [2025-04-18T13:38:30.607+0000] {dagbag.py:588} INFO - Filling up the DagBag from /home/airflow/.local/lib/python3.12/site-packages/airflow/example_dags/example_latest_only.py
[2025-04-18T13:38:30.611+0000] {processor.py:925} INFO - DAG(s) 'latest_only' retrieved from /home/airflow/.local/lib/python3.12/site-packages/airflow/example_dags/example_latest_only.py
[2025-04-18T13:38:30.622+0000] {logging_mixin.py:190} INFO - [2025-04-18T13:38:30.622+0000] {dag.py:3239} INFO - Sync 1 DAGs
[2025-04-18T13:38:30.633+0000] {logging_mixin.py:190} INFO - [2025-04-18T13:38:30.633+0000] {dag.py:4180} INFO - Setting next_dagrun for latest_only to 2025-04-18 08:00:00+00:00, run_after=2025-04-18 12:00:00+00:00
[2025-04-18T13:38:30.641+0000] {processor.py:208} INFO - Processing /home/airflow/.local/lib/python3.12/site-packages/airflow/example_dags/example_latest_only.py took 0.041 seconds
[2025-04-18T13:39:32.534+0000] {processor.py:186} INFO - Started process (PID=606) to work on /home/airflow/.local/lib/python3.12/site-packages/airflow/example_dags/example_latest_only.py
[2025-04-18T13:39:32.551+0000] {processor.py:914} INFO - Processing file /home/airflow/.local/lib/python3.12/site-packages/airflow/example_dags/example_latest_only.py for tasks to queue
[2025-04-18T13:39:32.642+0000] {logging_mixin.py:190} INFO - [2025-04-18T13:39:32.622+0000] {dagbag.py:588} INFO - Filling up the DagBag from /home/airflow/.local/lib/python3.12/site-packages/airflow/example_dags/example_latest_only.py
[2025-04-18T13:39:32.909+0000] {processor.py:925} INFO - DAG(s) 'latest_only' retrieved from /home/airflow/.local/lib/python3.12/site-packages/airflow/example_dags/example_latest_only.py
[2025-04-18T13:39:33.418+0000] {logging_mixin.py:190} INFO - [2025-04-18T13:39:33.408+0000] {dag.py:3239} INFO - Sync 1 DAGs
[2025-04-18T13:39:33.737+0000] {logging_mixin.py:190} INFO - [2025-04-18T13:39:33.735+0000] {dag.py:4180} INFO - Setting next_dagrun for latest_only to 2025-04-18 08:00:00+00:00, run_after=2025-04-18 12:00:00+00:00
[2025-04-18T13:39:34.652+0000] {processor.py:208} INFO - Processing /home/airflow/.local/lib/python3.12/site-packages/airflow/example_dags/example_latest_only.py took 2.196 seconds
[2025-04-18T13:40:34.455+0000] {processor.py:186} INFO - Started process (PID=675) to work on /home/airflow/.local/lib/python3.12/site-packages/airflow/example_dags/example_latest_only.py
[2025-04-18T13:40:34.472+0000] {processor.py:914} INFO - Processing file /home/airflow/.local/lib/python3.12/site-packages/airflow/example_dags/example_latest_only.py for tasks to queue
[2025-04-18T13:40:34.491+0000] {logging_mixin.py:190} INFO - [2025-04-18T13:40:34.490+0000] {dagbag.py:588} INFO - Filling up the DagBag from /home/airflow/.local/lib/python3.12/site-packages/airflow/example_dags/example_latest_only.py
[2025-04-18T13:40:34.560+0000] {processor.py:925} INFO - DAG(s) 'latest_only' retrieved from /home/airflow/.local/lib/python3.12/site-packages/airflow/example_dags/example_latest_only.py
[2025-04-18T13:40:34.661+0000] {logging_mixin.py:190} INFO - [2025-04-18T13:40:34.660+0000] {dag.py:3239} INFO - Sync 1 DAGs
[2025-04-18T13:40:34.911+0000] {logging_mixin.py:190} INFO - [2025-04-18T13:40:34.910+0000] {dag.py:4180} INFO - Setting next_dagrun for latest_only to 2025-04-18 08:00:00+00:00, run_after=2025-04-18 12:00:00+00:00
[2025-04-18T13:40:35.128+0000] {processor.py:208} INFO - Processing /home/airflow/.local/lib/python3.12/site-packages/airflow/example_dags/example_latest_only.py took 0.706 seconds
[2025-04-18T13:43:36.524+0000] {processor.py:186} INFO - Started process (PID=84) to work on /home/airflow/.local/lib/python3.12/site-packages/airflow/example_dags/example_latest_only.py
[2025-04-18T13:43:36.536+0000] {processor.py:914} INFO - Processing file /home/airflow/.local/lib/python3.12/site-packages/airflow/example_dags/example_latest_only.py for tasks to queue
[2025-04-18T13:43:36.547+0000] {logging_mixin.py:190} INFO - [2025-04-18T13:43:36.546+0000] {dagbag.py:588} INFO - Filling up the DagBag from /home/airflow/.local/lib/python3.12/site-packages/airflow/example_dags/example_latest_only.py
[2025-04-18T13:43:36.612+0000] {processor.py:925} INFO - DAG(s) 'latest_only' retrieved from /home/airflow/.local/lib/python3.12/site-packages/airflow/example_dags/example_latest_only.py
[2025-04-18T13:43:36.835+0000] {logging_mixin.py:190} INFO - [2025-04-18T13:43:36.828+0000] {dag.py:3239} INFO - Sync 1 DAGs
[2025-04-18T13:43:37.002+0000] {logging_mixin.py:190} INFO - [2025-04-18T13:43:37.001+0000] {dag.py:4180} INFO - Setting next_dagrun for latest_only to 2025-04-18 08:00:00+00:00, run_after=2025-04-18 12:00:00+00:00
[2025-04-18T13:43:37.103+0000] {processor.py:208} INFO - Processing /home/airflow/.local/lib/python3.12/site-packages/airflow/example_dags/example_latest_only.py took 0.601 seconds
[2025-04-18T13:44:39.161+0000] {processor.py:186} INFO - Started process (PID=155) to work on /home/airflow/.local/lib/python3.12/site-packages/airflow/example_dags/example_latest_only.py
[2025-04-18T13:44:39.165+0000] {processor.py:914} INFO - Processing file /home/airflow/.local/lib/python3.12/site-packages/airflow/example_dags/example_latest_only.py for tasks to queue
[2025-04-18T13:44:39.184+0000] {logging_mixin.py:190} INFO - [2025-04-18T13:44:39.183+0000] {dagbag.py:588} INFO - Filling up the DagBag from /home/airflow/.local/lib/python3.12/site-packages/airflow/example_dags/example_latest_only.py
[2025-04-18T13:44:39.584+0000] {processor.py:925} INFO - DAG(s) 'latest_only' retrieved from /home/airflow/.local/lib/python3.12/site-packages/airflow/example_dags/example_latest_only.py
[2025-04-18T13:44:40.062+0000] {logging_mixin.py:190} INFO - [2025-04-18T13:44:40.053+0000] {dag.py:3239} INFO - Sync 1 DAGs
[2025-04-18T13:44:40.298+0000] {logging_mixin.py:190} INFO - [2025-04-18T13:44:40.297+0000] {dag.py:4180} INFO - Setting next_dagrun for latest_only to 2025-04-18 08:00:00+00:00, run_after=2025-04-18 12:00:00+00:00
[2025-04-18T13:44:40.430+0000] {processor.py:208} INFO - Processing /home/airflow/.local/lib/python3.12/site-packages/airflow/example_dags/example_latest_only.py took 1.291 seconds
[2025-04-18T13:45:27.612+0000] {processor.py:186} INFO - Started process (PID=223) to work on /home/airflow/.local/lib/python3.12/site-packages/airflow/example_dags/example_latest_only.py
[2025-04-18T13:45:27.619+0000] {processor.py:914} INFO - Processing file /home/airflow/.local/lib/python3.12/site-packages/airflow/example_dags/example_latest_only.py for tasks to queue
[2025-04-18T13:45:27.640+0000] {logging_mixin.py:190} INFO - [2025-04-18T13:45:27.638+0000] {dagbag.py:588} INFO - Filling up the DagBag from /home/airflow/.local/lib/python3.12/site-packages/airflow/example_dags/example_latest_only.py
[2025-04-18T13:45:27.748+0000] {processor.py:925} INFO - DAG(s) 'latest_only' retrieved from /home/airflow/.local/lib/python3.12/site-packages/airflow/example_dags/example_latest_only.py
[2025-04-18T13:45:28.123+0000] {logging_mixin.py:190} INFO - [2025-04-18T13:45:28.114+0000] {dag.py:3239} INFO - Sync 1 DAGs
[2025-04-18T13:45:28.410+0000] {logging_mixin.py:190} INFO - [2025-04-18T13:45:28.408+0000] {dag.py:4180} INFO - Setting next_dagrun for latest_only to 2025-04-18 08:00:00+00:00, run_after=2025-04-18 12:00:00+00:00
[2025-04-18T13:45:28.658+0000] {processor.py:208} INFO - Processing /home/airflow/.local/lib/python3.12/site-packages/airflow/example_dags/example_latest_only.py took 1.136 seconds
[2025-04-18T13:47:09.029+0000] {processor.py:186} INFO - Started process (PID=290) to work on /home/airflow/.local/lib/python3.12/site-packages/airflow/example_dags/example_latest_only.py
[2025-04-18T13:47:09.094+0000] {processor.py:914} INFO - Processing file /home/airflow/.local/lib/python3.12/site-packages/airflow/example_dags/example_latest_only.py for tasks to queue
[2025-04-18T13:47:09.125+0000] {logging_mixin.py:190} INFO - [2025-04-18T13:47:09.120+0000] {dagbag.py:588} INFO - Filling up the DagBag from /home/airflow/.local/lib/python3.12/site-packages/airflow/example_dags/example_latest_only.py
[2025-04-18T13:47:09.421+0000] {processor.py:925} INFO - DAG(s) 'latest_only' retrieved from /home/airflow/.local/lib/python3.12/site-packages/airflow/example_dags/example_latest_only.py
[2025-04-18T13:47:09.984+0000] {logging_mixin.py:190} INFO - [2025-04-18T13:47:09.980+0000] {dag.py:3239} INFO - Sync 1 DAGs
[2025-04-18T13:47:10.199+0000] {logging_mixin.py:190} INFO - [2025-04-18T13:47:10.198+0000] {dag.py:4180} INFO - Setting next_dagrun for latest_only to 2025-04-18 08:00:00+00:00, run_after=2025-04-18 12:00:00+00:00
[2025-04-18T13:47:10.449+0000] {processor.py:208} INFO - Processing /home/airflow/.local/lib/python3.12/site-packages/airflow/example_dags/example_latest_only.py took 1.682 seconds
[2025-04-18T13:49:10.993+0000] {processor.py:186} INFO - Started process (PID=87) to work on /home/airflow/.local/lib/python3.12/site-packages/airflow/example_dags/example_latest_only.py
[2025-04-18T13:49:11.058+0000] {processor.py:914} INFO - Processing file /home/airflow/.local/lib/python3.12/site-packages/airflow/example_dags/example_latest_only.py for tasks to queue
[2025-04-18T13:49:11.110+0000] {logging_mixin.py:190} INFO - [2025-04-18T13:49:11.105+0000] {dagbag.py:588} INFO - Filling up the DagBag from /home/airflow/.local/lib/python3.12/site-packages/airflow/example_dags/example_latest_only.py
[2025-04-18T13:49:11.271+0000] {processor.py:925} INFO - DAG(s) 'latest_only' retrieved from /home/airflow/.local/lib/python3.12/site-packages/airflow/example_dags/example_latest_only.py
[2025-04-18T13:49:11.934+0000] {logging_mixin.py:190} INFO - [2025-04-18T13:49:11.919+0000] {dag.py:3239} INFO - Sync 1 DAGs
[2025-04-18T13:49:12.664+0000] {logging_mixin.py:190} INFO - [2025-04-18T13:49:12.654+0000] {dag.py:4180} INFO - Setting next_dagrun for latest_only to 2025-04-18 08:00:00+00:00, run_after=2025-04-18 12:00:00+00:00
[2025-04-18T13:49:13.093+0000] {processor.py:208} INFO - Processing /home/airflow/.local/lib/python3.12/site-packages/airflow/example_dags/example_latest_only.py took 2.228 seconds
[2025-04-18T13:50:29.691+0000] {processor.py:186} INFO - Started process (PID=157) to work on /home/airflow/.local/lib/python3.12/site-packages/airflow/example_dags/example_latest_only.py
[2025-04-18T13:50:29.759+0000] {processor.py:914} INFO - Processing file /home/airflow/.local/lib/python3.12/site-packages/airflow/example_dags/example_latest_only.py for tasks to queue
[2025-04-18T13:50:29.846+0000] {logging_mixin.py:190} INFO - [2025-04-18T13:50:29.838+0000] {dagbag.py:588} INFO - Filling up the DagBag from /home/airflow/.local/lib/python3.12/site-packages/airflow/example_dags/example_latest_only.py
[2025-04-18T13:50:30.340+0000] {processor.py:925} INFO - DAG(s) 'latest_only' retrieved from /home/airflow/.local/lib/python3.12/site-packages/airflow/example_dags/example_latest_only.py
[2025-04-18T13:50:30.943+0000] {logging_mixin.py:190} INFO - [2025-04-18T13:50:30.942+0000] {dag.py:3239} INFO - Sync 1 DAGs
[2025-04-18T13:50:31.286+0000] {logging_mixin.py:190} INFO - [2025-04-18T13:50:31.281+0000] {dag.py:4180} INFO - Setting next_dagrun for latest_only to 2025-04-18 08:00:00+00:00, run_after=2025-04-18 12:00:00+00:00
[2025-04-18T13:50:31.802+0000] {processor.py:208} INFO - Processing /home/airflow/.local/lib/python3.12/site-packages/airflow/example_dags/example_latest_only.py took 2.150 seconds
[2025-04-18T13:51:57.020+0000] {processor.py:186} INFO - Started process (PID=249) to work on /home/airflow/.local/lib/python3.12/site-packages/airflow/example_dags/example_latest_only.py
[2025-04-18T13:51:57.027+0000] {processor.py:914} INFO - Processing file /home/airflow/.local/lib/python3.12/site-packages/airflow/example_dags/example_latest_only.py for tasks to queue
[2025-04-18T13:51:57.051+0000] {logging_mixin.py:190} INFO - [2025-04-18T13:51:57.047+0000] {dagbag.py:588} INFO - Filling up the DagBag from /home/airflow/.local/lib/python3.12/site-packages/airflow/example_dags/example_latest_only.py
[2025-04-18T13:51:57.145+0000] {processor.py:925} INFO - DAG(s) 'latest_only' retrieved from /home/airflow/.local/lib/python3.12/site-packages/airflow/example_dags/example_latest_only.py
[2025-04-18T13:51:57.470+0000] {logging_mixin.py:190} INFO - [2025-04-18T13:51:57.469+0000] {dag.py:3239} INFO - Sync 1 DAGs
[2025-04-18T13:51:57.754+0000] {logging_mixin.py:190} INFO - [2025-04-18T13:51:57.752+0000] {dag.py:4180} INFO - Setting next_dagrun for latest_only to 2025-04-18 08:00:00+00:00, run_after=2025-04-18 12:00:00+00:00
[2025-04-18T13:51:57.988+0000] {processor.py:208} INFO - Processing /home/airflow/.local/lib/python3.12/site-packages/airflow/example_dags/example_latest_only.py took 1.023 seconds
[2025-04-18T13:53:06.623+0000] {processor.py:186} INFO - Started process (PID=323) to work on /home/airflow/.local/lib/python3.12/site-packages/airflow/example_dags/example_latest_only.py
[2025-04-18T13:53:06.632+0000] {processor.py:914} INFO - Processing file /home/airflow/.local/lib/python3.12/site-packages/airflow/example_dags/example_latest_only.py for tasks to queue
[2025-04-18T13:53:06.722+0000] {logging_mixin.py:190} INFO - [2025-04-18T13:53:06.720+0000] {dagbag.py:588} INFO - Filling up the DagBag from /home/airflow/.local/lib/python3.12/site-packages/airflow/example_dags/example_latest_only.py
[2025-04-18T13:53:06.873+0000] {processor.py:925} INFO - DAG(s) 'latest_only' retrieved from /home/airflow/.local/lib/python3.12/site-packages/airflow/example_dags/example_latest_only.py
[2025-04-18T13:53:07.192+0000] {logging_mixin.py:190} INFO - [2025-04-18T13:53:07.182+0000] {dag.py:3239} INFO - Sync 1 DAGs
[2025-04-18T13:53:07.573+0000] {logging_mixin.py:190} INFO - [2025-04-18T13:53:07.568+0000] {dag.py:4180} INFO - Setting next_dagrun for latest_only to 2025-04-18 08:00:00+00:00, run_after=2025-04-18 12:00:00+00:00
[2025-04-18T13:53:07.880+0000] {processor.py:208} INFO - Processing /home/airflow/.local/lib/python3.12/site-packages/airflow/example_dags/example_latest_only.py took 1.328 seconds
[2025-04-18T13:53:58.524+0000] {processor.py:186} INFO - Started process (PID=393) to work on /home/airflow/.local/lib/python3.12/site-packages/airflow/example_dags/example_latest_only.py
[2025-04-18T13:53:58.529+0000] {processor.py:914} INFO - Processing file /home/airflow/.local/lib/python3.12/site-packages/airflow/example_dags/example_latest_only.py for tasks to queue
[2025-04-18T13:53:58.545+0000] {logging_mixin.py:190} INFO - [2025-04-18T13:53:58.543+0000] {dagbag.py:588} INFO - Filling up the DagBag from /home/airflow/.local/lib/python3.12/site-packages/airflow/example_dags/example_latest_only.py
[2025-04-18T13:53:58.606+0000] {processor.py:925} INFO - DAG(s) 'latest_only' retrieved from /home/airflow/.local/lib/python3.12/site-packages/airflow/example_dags/example_latest_only.py
[2025-04-18T13:53:58.870+0000] {logging_mixin.py:190} INFO - [2025-04-18T13:53:58.860+0000] {dag.py:3239} INFO - Sync 1 DAGs
[2025-04-18T13:53:59.005+0000] {logging_mixin.py:190} INFO - [2025-04-18T13:53:59.004+0000] {dag.py:4180} INFO - Setting next_dagrun for latest_only to 2025-04-18 08:00:00+00:00, run_after=2025-04-18 12:00:00+00:00
[2025-04-18T13:53:59.143+0000] {processor.py:208} INFO - Processing /home/airflow/.local/lib/python3.12/site-packages/airflow/example_dags/example_latest_only.py took 0.635 seconds
[2025-04-18T13:54:29.526+0000] {processor.py:186} INFO - Started process (PID=456) to work on /home/airflow/.local/lib/python3.12/site-packages/airflow/example_dags/example_latest_only.py
[2025-04-18T13:54:29.529+0000] {processor.py:914} INFO - Processing file /home/airflow/.local/lib/python3.12/site-packages/airflow/example_dags/example_latest_only.py for tasks to queue
[2025-04-18T13:54:29.535+0000] {logging_mixin.py:190} INFO - [2025-04-18T13:54:29.534+0000] {dagbag.py:588} INFO - Filling up the DagBag from /home/airflow/.local/lib/python3.12/site-packages/airflow/example_dags/example_latest_only.py
[2025-04-18T13:54:29.565+0000] {processor.py:925} INFO - DAG(s) 'latest_only' retrieved from /home/airflow/.local/lib/python3.12/site-packages/airflow/example_dags/example_latest_only.py
[2025-04-18T13:54:29.735+0000] {logging_mixin.py:190} INFO - [2025-04-18T13:54:29.734+0000] {dag.py:3239} INFO - Sync 1 DAGs
[2025-04-18T13:54:29.826+0000] {logging_mixin.py:190} INFO - [2025-04-18T13:54:29.826+0000] {dag.py:4180} INFO - Setting next_dagrun for latest_only to 2025-04-18 08:00:00+00:00, run_after=2025-04-18 12:00:00+00:00
[2025-04-18T13:54:29.932+0000] {processor.py:208} INFO - Processing /home/airflow/.local/lib/python3.12/site-packages/airflow/example_dags/example_latest_only.py took 0.424 seconds
