[2025-04-18T13:26:01.167+0000] {processor.py:186} INFO - Started process (PID=87) to work on /home/airflow/.local/lib/python3.12/site-packages/airflow/example_dags/example_inlet_event_extra.py
[2025-04-18T13:26:01.181+0000] {processor.py:914} INFO - Processing file /home/airflow/.local/lib/python3.12/site-packages/airflow/example_dags/example_inlet_event_extra.py for tasks to queue
[2025-04-18T13:26:01.226+0000] {logging_mixin.py:190} INFO - [2025-04-18T13:26:01.212+0000] {dagbag.py:588} INFO - Filling up the DagBag from /home/airflow/.local/lib/python3.12/site-packages/airflow/example_dags/example_inlet_event_extra.py
[2025-04-18T13:26:12.300+0000] {processor.py:925} INFO - DAG(s) 'read_dataset_event', 'read_dataset_event_from_classic' retrieved from /home/airflow/.local/lib/python3.12/site-packages/airflow/example_dags/example_inlet_event_extra.py
[2025-04-18T13:26:12.944+0000] {logging_mixin.py:190} INFO - [2025-04-18T13:26:12.940+0000] {dag.py:3239} INFO - Sync 2 DAGs
[2025-04-18T13:26:13.053+0000] {logging_mixin.py:190} INFO - [2025-04-18T13:26:13.052+0000] {dag.py:4180} INFO - Setting next_dagrun for read_dataset_event to 2025-04-17 00:00:00+00:00, run_after=2025-04-18 00:00:00+00:00
[2025-04-18T13:26:13.076+0000] {logging_mixin.py:190} INFO - [2025-04-18T13:26:13.074+0000] {dag.py:4180} INFO - Setting next_dagrun for read_dataset_event_from_classic to 2025-04-17 00:00:00+00:00, run_after=2025-04-18 00:00:00+00:00
[2025-04-18T13:26:13.151+0000] {processor.py:208} INFO - Processing /home/airflow/.local/lib/python3.12/site-packages/airflow/example_dags/example_inlet_event_extra.py took 12.134 seconds
[2025-04-18T13:27:51.536+0000] {processor.py:186} INFO - Started process (PID=164) to work on /home/airflow/.local/lib/python3.12/site-packages/airflow/example_dags/example_inlet_event_extra.py
[2025-04-18T13:27:51.567+0000] {processor.py:914} INFO - Processing file /home/airflow/.local/lib/python3.12/site-packages/airflow/example_dags/example_inlet_event_extra.py for tasks to queue
[2025-04-18T13:27:51.660+0000] {logging_mixin.py:190} INFO - [2025-04-18T13:27:51.646+0000] {dagbag.py:588} INFO - Filling up the DagBag from /home/airflow/.local/lib/python3.12/site-packages/airflow/example_dags/example_inlet_event_extra.py
[2025-04-18T13:30:05.332+0000] {processor.py:186} INFO - Started process (PID=86) to work on /home/airflow/.local/lib/python3.12/site-packages/airflow/example_dags/example_inlet_event_extra.py
[2025-04-18T13:30:05.336+0000] {processor.py:914} INFO - Processing file /home/airflow/.local/lib/python3.12/site-packages/airflow/example_dags/example_inlet_event_extra.py for tasks to queue
[2025-04-18T13:30:05.351+0000] {logging_mixin.py:190} INFO - [2025-04-18T13:30:05.349+0000] {dagbag.py:588} INFO - Filling up the DagBag from /home/airflow/.local/lib/python3.12/site-packages/airflow/example_dags/example_inlet_event_extra.py
[2025-04-18T13:30:08.880+0000] {processor.py:925} INFO - DAG(s) 'read_dataset_event', 'read_dataset_event_from_classic' retrieved from /home/airflow/.local/lib/python3.12/site-packages/airflow/example_dags/example_inlet_event_extra.py
[2025-04-18T13:30:09.617+0000] {logging_mixin.py:190} INFO - [2025-04-18T13:30:09.612+0000] {dag.py:3239} INFO - Sync 2 DAGs
[2025-04-18T13:30:09.738+0000] {logging_mixin.py:190} INFO - [2025-04-18T13:30:09.737+0000] {dag.py:4180} INFO - Setting next_dagrun for read_dataset_event to 2025-04-17 00:00:00+00:00, run_after=2025-04-18 00:00:00+00:00
[2025-04-18T13:30:09.750+0000] {logging_mixin.py:190} INFO - [2025-04-18T13:30:09.750+0000] {dag.py:4180} INFO - Setting next_dagrun for read_dataset_event_from_classic to 2025-04-17 00:00:00+00:00, run_after=2025-04-18 00:00:00+00:00
[2025-04-18T13:30:09.864+0000] {processor.py:208} INFO - Processing /home/airflow/.local/lib/python3.12/site-packages/airflow/example_dags/example_inlet_event_extra.py took 4.562 seconds
[2025-04-18T13:30:42.183+0000] {processor.py:186} INFO - Started process (PID=150) to work on /home/airflow/.local/lib/python3.12/site-packages/airflow/example_dags/example_inlet_event_extra.py
[2025-04-18T13:30:42.187+0000] {processor.py:914} INFO - Processing file /home/airflow/.local/lib/python3.12/site-packages/airflow/example_dags/example_inlet_event_extra.py for tasks to queue
[2025-04-18T13:30:42.198+0000] {logging_mixin.py:190} INFO - [2025-04-18T13:30:42.197+0000] {dagbag.py:588} INFO - Filling up the DagBag from /home/airflow/.local/lib/python3.12/site-packages/airflow/example_dags/example_inlet_event_extra.py
[2025-04-18T13:30:45.413+0000] {processor.py:925} INFO - DAG(s) 'read_dataset_event', 'read_dataset_event_from_classic' retrieved from /home/airflow/.local/lib/python3.12/site-packages/airflow/example_dags/example_inlet_event_extra.py
[2025-04-18T13:30:45.467+0000] {logging_mixin.py:190} INFO - [2025-04-18T13:30:45.466+0000] {dag.py:3239} INFO - Sync 2 DAGs
[2025-04-18T13:30:45.538+0000] {logging_mixin.py:190} INFO - [2025-04-18T13:30:45.537+0000] {dag.py:4180} INFO - Setting next_dagrun for read_dataset_event to 2025-04-17 00:00:00+00:00, run_after=2025-04-18 00:00:00+00:00
[2025-04-18T13:30:45.547+0000] {logging_mixin.py:190} INFO - [2025-04-18T13:30:45.547+0000] {dag.py:4180} INFO - Setting next_dagrun for read_dataset_event_from_classic to 2025-04-17 00:00:00+00:00, run_after=2025-04-18 00:00:00+00:00
[2025-04-18T13:30:45.565+0000] {processor.py:208} INFO - Processing /home/airflow/.local/lib/python3.12/site-packages/airflow/example_dags/example_inlet_event_extra.py took 3.410 seconds
[2025-04-18T13:31:16.319+0000] {processor.py:186} INFO - Started process (PID=214) to work on /home/airflow/.local/lib/python3.12/site-packages/airflow/example_dags/example_inlet_event_extra.py
[2025-04-18T13:31:16.324+0000] {processor.py:914} INFO - Processing file /home/airflow/.local/lib/python3.12/site-packages/airflow/example_dags/example_inlet_event_extra.py for tasks to queue
[2025-04-18T13:31:16.334+0000] {logging_mixin.py:190} INFO - [2025-04-18T13:31:16.333+0000] {dagbag.py:588} INFO - Filling up the DagBag from /home/airflow/.local/lib/python3.12/site-packages/airflow/example_dags/example_inlet_event_extra.py
[2025-04-18T13:31:17.032+0000] {processor.py:925} INFO - DAG(s) 'read_dataset_event_from_classic', 'read_dataset_event' retrieved from /home/airflow/.local/lib/python3.12/site-packages/airflow/example_dags/example_inlet_event_extra.py
[2025-04-18T13:31:17.077+0000] {logging_mixin.py:190} INFO - [2025-04-18T13:31:17.076+0000] {dag.py:3239} INFO - Sync 2 DAGs
[2025-04-18T13:31:17.102+0000] {logging_mixin.py:190} INFO - [2025-04-18T13:31:17.102+0000] {dag.py:4180} INFO - Setting next_dagrun for read_dataset_event to 2025-04-17 00:00:00+00:00, run_after=2025-04-18 00:00:00+00:00
[2025-04-18T13:31:17.106+0000] {logging_mixin.py:190} INFO - [2025-04-18T13:31:17.106+0000] {dag.py:4180} INFO - Setting next_dagrun for read_dataset_event_from_classic to 2025-04-17 00:00:00+00:00, run_after=2025-04-18 00:00:00+00:00
[2025-04-18T13:31:17.167+0000] {processor.py:208} INFO - Processing /home/airflow/.local/lib/python3.12/site-packages/airflow/example_dags/example_inlet_event_extra.py took 0.869 seconds
[2025-04-18T13:31:47.578+0000] {processor.py:186} INFO - Started process (PID=278) to work on /home/airflow/.local/lib/python3.12/site-packages/airflow/example_dags/example_inlet_event_extra.py
[2025-04-18T13:31:47.580+0000] {processor.py:914} INFO - Processing file /home/airflow/.local/lib/python3.12/site-packages/airflow/example_dags/example_inlet_event_extra.py for tasks to queue
[2025-04-18T13:31:47.583+0000] {logging_mixin.py:190} INFO - [2025-04-18T13:31:47.582+0000] {dagbag.py:588} INFO - Filling up the DagBag from /home/airflow/.local/lib/python3.12/site-packages/airflow/example_dags/example_inlet_event_extra.py
[2025-04-18T13:31:48.110+0000] {processor.py:925} INFO - DAG(s) 'read_dataset_event_from_classic', 'read_dataset_event' retrieved from /home/airflow/.local/lib/python3.12/site-packages/airflow/example_dags/example_inlet_event_extra.py
[2025-04-18T13:31:48.133+0000] {logging_mixin.py:190} INFO - [2025-04-18T13:31:48.132+0000] {dag.py:3239} INFO - Sync 2 DAGs
[2025-04-18T13:31:48.149+0000] {logging_mixin.py:190} INFO - [2025-04-18T13:31:48.149+0000] {dag.py:4180} INFO - Setting next_dagrun for read_dataset_event to 2025-04-17 00:00:00+00:00, run_after=2025-04-18 00:00:00+00:00
[2025-04-18T13:31:48.151+0000] {logging_mixin.py:190} INFO - [2025-04-18T13:31:48.151+0000] {dag.py:4180} INFO - Setting next_dagrun for read_dataset_event_from_classic to 2025-04-17 00:00:00+00:00, run_after=2025-04-18 00:00:00+00:00
[2025-04-18T13:31:48.162+0000] {processor.py:208} INFO - Processing /home/airflow/.local/lib/python3.12/site-packages/airflow/example_dags/example_inlet_event_extra.py took 0.596 seconds
[2025-04-18T13:32:18.217+0000] {processor.py:186} INFO - Started process (PID=341) to work on /home/airflow/.local/lib/python3.12/site-packages/airflow/example_dags/example_inlet_event_extra.py
[2025-04-18T13:32:18.219+0000] {processor.py:914} INFO - Processing file /home/airflow/.local/lib/python3.12/site-packages/airflow/example_dags/example_inlet_event_extra.py for tasks to queue
[2025-04-18T13:32:18.223+0000] {logging_mixin.py:190} INFO - [2025-04-18T13:32:18.223+0000] {dagbag.py:588} INFO - Filling up the DagBag from /home/airflow/.local/lib/python3.12/site-packages/airflow/example_dags/example_inlet_event_extra.py
[2025-04-18T13:32:18.753+0000] {processor.py:925} INFO - DAG(s) 'read_dataset_event_from_classic', 'read_dataset_event' retrieved from /home/airflow/.local/lib/python3.12/site-packages/airflow/example_dags/example_inlet_event_extra.py
[2025-04-18T13:32:18.773+0000] {logging_mixin.py:190} INFO - [2025-04-18T13:32:18.773+0000] {dag.py:3239} INFO - Sync 2 DAGs
[2025-04-18T13:32:18.795+0000] {logging_mixin.py:190} INFO - [2025-04-18T13:32:18.795+0000] {dag.py:4180} INFO - Setting next_dagrun for read_dataset_event to 2025-04-17 00:00:00+00:00, run_after=2025-04-18 00:00:00+00:00
[2025-04-18T13:32:18.798+0000] {logging_mixin.py:190} INFO - [2025-04-18T13:32:18.797+0000] {dag.py:4180} INFO - Setting next_dagrun for read_dataset_event_from_classic to 2025-04-17 00:00:00+00:00, run_after=2025-04-18 00:00:00+00:00
[2025-04-18T13:32:18.812+0000] {processor.py:208} INFO - Processing /home/airflow/.local/lib/python3.12/site-packages/airflow/example_dags/example_inlet_event_extra.py took 0.605 seconds
[2025-04-18T13:34:57.942+0000] {processor.py:186} INFO - Started process (PID=81) to work on /home/airflow/.local/lib/python3.12/site-packages/airflow/example_dags/example_inlet_event_extra.py
[2025-04-18T13:34:57.944+0000] {processor.py:914} INFO - Processing file /home/airflow/.local/lib/python3.12/site-packages/airflow/example_dags/example_inlet_event_extra.py for tasks to queue
[2025-04-18T13:34:57.948+0000] {logging_mixin.py:190} INFO - [2025-04-18T13:34:57.948+0000] {dagbag.py:588} INFO - Filling up the DagBag from /home/airflow/.local/lib/python3.12/site-packages/airflow/example_dags/example_inlet_event_extra.py
[2025-04-18T13:35:01.417+0000] {processor.py:925} INFO - DAG(s) 'read_dataset_event_from_classic', 'read_dataset_event' retrieved from /home/airflow/.local/lib/python3.12/site-packages/airflow/example_dags/example_inlet_event_extra.py
[2025-04-18T13:35:01.501+0000] {logging_mixin.py:190} INFO - [2025-04-18T13:35:01.500+0000] {dag.py:3239} INFO - Sync 2 DAGs
[2025-04-18T13:35:01.551+0000] {logging_mixin.py:190} INFO - [2025-04-18T13:35:01.551+0000] {dag.py:4180} INFO - Setting next_dagrun for read_dataset_event to 2025-04-17 00:00:00+00:00, run_after=2025-04-18 00:00:00+00:00
[2025-04-18T13:35:01.565+0000] {logging_mixin.py:190} INFO - [2025-04-18T13:35:01.564+0000] {dag.py:4180} INFO - Setting next_dagrun for read_dataset_event_from_classic to 2025-04-17 00:00:00+00:00, run_after=2025-04-18 00:00:00+00:00
[2025-04-18T13:35:01.607+0000] {processor.py:208} INFO - Processing /home/airflow/.local/lib/python3.12/site-packages/airflow/example_dags/example_inlet_event_extra.py took 3.678 seconds
[2025-04-18T13:35:31.938+0000] {processor.py:186} INFO - Started process (PID=148) to work on /home/airflow/.local/lib/python3.12/site-packages/airflow/example_dags/example_inlet_event_extra.py
[2025-04-18T13:35:31.941+0000] {processor.py:914} INFO - Processing file /home/airflow/.local/lib/python3.12/site-packages/airflow/example_dags/example_inlet_event_extra.py for tasks to queue
[2025-04-18T13:35:31.943+0000] {logging_mixin.py:190} INFO - [2025-04-18T13:35:31.943+0000] {dagbag.py:588} INFO - Filling up the DagBag from /home/airflow/.local/lib/python3.12/site-packages/airflow/example_dags/example_inlet_event_extra.py
[2025-04-18T13:35:32.435+0000] {processor.py:925} INFO - DAG(s) 'read_dataset_event', 'read_dataset_event_from_classic' retrieved from /home/airflow/.local/lib/python3.12/site-packages/airflow/example_dags/example_inlet_event_extra.py
[2025-04-18T13:35:32.447+0000] {logging_mixin.py:190} INFO - [2025-04-18T13:35:32.447+0000] {dag.py:3239} INFO - Sync 2 DAGs
[2025-04-18T13:35:32.458+0000] {logging_mixin.py:190} INFO - [2025-04-18T13:35:32.458+0000] {dag.py:4180} INFO - Setting next_dagrun for read_dataset_event to 2025-04-17 00:00:00+00:00, run_after=2025-04-18 00:00:00+00:00
[2025-04-18T13:35:32.460+0000] {logging_mixin.py:190} INFO - [2025-04-18T13:35:32.460+0000] {dag.py:4180} INFO - Setting next_dagrun for read_dataset_event_from_classic to 2025-04-17 00:00:00+00:00, run_after=2025-04-18 00:00:00+00:00
[2025-04-18T13:35:32.467+0000] {processor.py:208} INFO - Processing /home/airflow/.local/lib/python3.12/site-packages/airflow/example_dags/example_inlet_event_extra.py took 0.542 seconds
[2025-04-18T13:36:02.613+0000] {processor.py:186} INFO - Started process (PID=215) to work on /home/airflow/.local/lib/python3.12/site-packages/airflow/example_dags/example_inlet_event_extra.py
[2025-04-18T13:36:02.614+0000] {processor.py:914} INFO - Processing file /home/airflow/.local/lib/python3.12/site-packages/airflow/example_dags/example_inlet_event_extra.py for tasks to queue
[2025-04-18T13:36:02.615+0000] {logging_mixin.py:190} INFO - [2025-04-18T13:36:02.615+0000] {dagbag.py:588} INFO - Filling up the DagBag from /home/airflow/.local/lib/python3.12/site-packages/airflow/example_dags/example_inlet_event_extra.py
[2025-04-18T13:36:03.097+0000] {processor.py:925} INFO - DAG(s) 'read_dataset_event_from_classic', 'read_dataset_event' retrieved from /home/airflow/.local/lib/python3.12/site-packages/airflow/example_dags/example_inlet_event_extra.py
[2025-04-18T13:36:03.114+0000] {logging_mixin.py:190} INFO - [2025-04-18T13:36:03.114+0000] {dag.py:3239} INFO - Sync 2 DAGs
[2025-04-18T13:36:03.130+0000] {logging_mixin.py:190} INFO - [2025-04-18T13:36:03.130+0000] {dag.py:4180} INFO - Setting next_dagrun for read_dataset_event to 2025-04-17 00:00:00+00:00, run_after=2025-04-18 00:00:00+00:00
[2025-04-18T13:36:03.133+0000] {logging_mixin.py:190} INFO - [2025-04-18T13:36:03.133+0000] {dag.py:4180} INFO - Setting next_dagrun for read_dataset_event_from_classic to 2025-04-17 00:00:00+00:00, run_after=2025-04-18 00:00:00+00:00
[2025-04-18T13:36:03.140+0000] {processor.py:208} INFO - Processing /home/airflow/.local/lib/python3.12/site-packages/airflow/example_dags/example_inlet_event_extra.py took 0.529 seconds
[2025-04-18T13:36:33.418+0000] {processor.py:186} INFO - Started process (PID=279) to work on /home/airflow/.local/lib/python3.12/site-packages/airflow/example_dags/example_inlet_event_extra.py
[2025-04-18T13:36:33.419+0000] {processor.py:914} INFO - Processing file /home/airflow/.local/lib/python3.12/site-packages/airflow/example_dags/example_inlet_event_extra.py for tasks to queue
[2025-04-18T13:36:33.425+0000] {logging_mixin.py:190} INFO - [2025-04-18T13:36:33.424+0000] {dagbag.py:588} INFO - Filling up the DagBag from /home/airflow/.local/lib/python3.12/site-packages/airflow/example_dags/example_inlet_event_extra.py
[2025-04-18T13:36:34.116+0000] {processor.py:925} INFO - DAG(s) 'read_dataset_event_from_classic', 'read_dataset_event' retrieved from /home/airflow/.local/lib/python3.12/site-packages/airflow/example_dags/example_inlet_event_extra.py
[2025-04-18T13:36:34.131+0000] {logging_mixin.py:190} INFO - [2025-04-18T13:36:34.131+0000] {dag.py:3239} INFO - Sync 2 DAGs
[2025-04-18T13:36:34.143+0000] {logging_mixin.py:190} INFO - [2025-04-18T13:36:34.143+0000] {dag.py:4180} INFO - Setting next_dagrun for read_dataset_event to 2025-04-17 00:00:00+00:00, run_after=2025-04-18 00:00:00+00:00
[2025-04-18T13:36:34.147+0000] {logging_mixin.py:190} INFO - [2025-04-18T13:36:34.146+0000] {dag.py:4180} INFO - Setting next_dagrun for read_dataset_event_from_classic to 2025-04-17 00:00:00+00:00, run_after=2025-04-18 00:00:00+00:00
[2025-04-18T13:36:34.157+0000] {processor.py:208} INFO - Processing /home/airflow/.local/lib/python3.12/site-packages/airflow/example_dags/example_inlet_event_extra.py took 0.746 seconds
[2025-04-18T13:37:04.253+0000] {processor.py:186} INFO - Started process (PID=342) to work on /home/airflow/.local/lib/python3.12/site-packages/airflow/example_dags/example_inlet_event_extra.py
[2025-04-18T13:37:04.257+0000] {processor.py:914} INFO - Processing file /home/airflow/.local/lib/python3.12/site-packages/airflow/example_dags/example_inlet_event_extra.py for tasks to queue
[2025-04-18T13:37:04.260+0000] {logging_mixin.py:190} INFO - [2025-04-18T13:37:04.260+0000] {dagbag.py:588} INFO - Filling up the DagBag from /home/airflow/.local/lib/python3.12/site-packages/airflow/example_dags/example_inlet_event_extra.py
[2025-04-18T13:37:05.037+0000] {processor.py:925} INFO - DAG(s) 'read_dataset_event', 'read_dataset_event_from_classic' retrieved from /home/airflow/.local/lib/python3.12/site-packages/airflow/example_dags/example_inlet_event_extra.py
[2025-04-18T13:37:05.084+0000] {logging_mixin.py:190} INFO - [2025-04-18T13:37:05.083+0000] {dag.py:3239} INFO - Sync 2 DAGs
[2025-04-18T13:37:05.111+0000] {logging_mixin.py:190} INFO - [2025-04-18T13:37:05.111+0000] {dag.py:4180} INFO - Setting next_dagrun for read_dataset_event to 2025-04-17 00:00:00+00:00, run_after=2025-04-18 00:00:00+00:00
[2025-04-18T13:37:05.114+0000] {logging_mixin.py:190} INFO - [2025-04-18T13:37:05.114+0000] {dag.py:4180} INFO - Setting next_dagrun for read_dataset_event_from_classic to 2025-04-17 00:00:00+00:00, run_after=2025-04-18 00:00:00+00:00
[2025-04-18T13:37:05.125+0000] {processor.py:208} INFO - Processing /home/airflow/.local/lib/python3.12/site-packages/airflow/example_dags/example_inlet_event_extra.py took 0.878 seconds
[2025-04-18T13:37:35.253+0000] {processor.py:186} INFO - Started process (PID=407) to work on /home/airflow/.local/lib/python3.12/site-packages/airflow/example_dags/example_inlet_event_extra.py
[2025-04-18T13:37:35.253+0000] {processor.py:914} INFO - Processing file /home/airflow/.local/lib/python3.12/site-packages/airflow/example_dags/example_inlet_event_extra.py for tasks to queue
[2025-04-18T13:37:35.255+0000] {logging_mixin.py:190} INFO - [2025-04-18T13:37:35.254+0000] {dagbag.py:588} INFO - Filling up the DagBag from /home/airflow/.local/lib/python3.12/site-packages/airflow/example_dags/example_inlet_event_extra.py
[2025-04-18T13:37:35.547+0000] {processor.py:925} INFO - DAG(s) 'read_dataset_event_from_classic', 'read_dataset_event' retrieved from /home/airflow/.local/lib/python3.12/site-packages/airflow/example_dags/example_inlet_event_extra.py
[2025-04-18T13:37:35.563+0000] {logging_mixin.py:190} INFO - [2025-04-18T13:37:35.563+0000] {dag.py:3239} INFO - Sync 2 DAGs
[2025-04-18T13:37:35.577+0000] {logging_mixin.py:190} INFO - [2025-04-18T13:37:35.577+0000] {dag.py:4180} INFO - Setting next_dagrun for read_dataset_event to 2025-04-17 00:00:00+00:00, run_after=2025-04-18 00:00:00+00:00
[2025-04-18T13:37:35.579+0000] {logging_mixin.py:190} INFO - [2025-04-18T13:37:35.579+0000] {dag.py:4180} INFO - Setting next_dagrun for read_dataset_event_from_classic to 2025-04-17 00:00:00+00:00, run_after=2025-04-18 00:00:00+00:00
[2025-04-18T13:37:35.587+0000] {processor.py:208} INFO - Processing /home/airflow/.local/lib/python3.12/site-packages/airflow/example_dags/example_inlet_event_extra.py took 0.337 seconds
[2025-04-18T13:38:06.384+0000] {processor.py:186} INFO - Started process (PID=471) to work on /home/airflow/.local/lib/python3.12/site-packages/airflow/example_dags/example_inlet_event_extra.py
[2025-04-18T13:38:06.385+0000] {processor.py:914} INFO - Processing file /home/airflow/.local/lib/python3.12/site-packages/airflow/example_dags/example_inlet_event_extra.py for tasks to queue
[2025-04-18T13:38:06.388+0000] {logging_mixin.py:190} INFO - [2025-04-18T13:38:06.387+0000] {dagbag.py:588} INFO - Filling up the DagBag from /home/airflow/.local/lib/python3.12/site-packages/airflow/example_dags/example_inlet_event_extra.py
[2025-04-18T13:38:07.328+0000] {processor.py:925} INFO - DAG(s) 'read_dataset_event_from_classic', 'read_dataset_event' retrieved from /home/airflow/.local/lib/python3.12/site-packages/airflow/example_dags/example_inlet_event_extra.py
[2025-04-18T13:38:07.340+0000] {logging_mixin.py:190} INFO - [2025-04-18T13:38:07.340+0000] {dag.py:3239} INFO - Sync 2 DAGs
[2025-04-18T13:38:07.351+0000] {logging_mixin.py:190} INFO - [2025-04-18T13:38:07.350+0000] {dag.py:4180} INFO - Setting next_dagrun for read_dataset_event to 2025-04-17 00:00:00+00:00, run_after=2025-04-18 00:00:00+00:00
[2025-04-18T13:38:07.352+0000] {logging_mixin.py:190} INFO - [2025-04-18T13:38:07.352+0000] {dag.py:4180} INFO - Setting next_dagrun for read_dataset_event_from_classic to 2025-04-17 00:00:00+00:00, run_after=2025-04-18 00:00:00+00:00
[2025-04-18T13:38:07.358+0000] {processor.py:208} INFO - Processing /home/airflow/.local/lib/python3.12/site-packages/airflow/example_dags/example_inlet_event_extra.py took 0.986 seconds
[2025-04-18T13:38:37.540+0000] {processor.py:186} INFO - Started process (PID=539) to work on /home/airflow/.local/lib/python3.12/site-packages/airflow/example_dags/example_inlet_event_extra.py
[2025-04-18T13:38:37.541+0000] {processor.py:914} INFO - Processing file /home/airflow/.local/lib/python3.12/site-packages/airflow/example_dags/example_inlet_event_extra.py for tasks to queue
[2025-04-18T13:38:37.543+0000] {logging_mixin.py:190} INFO - [2025-04-18T13:38:37.543+0000] {dagbag.py:588} INFO - Filling up the DagBag from /home/airflow/.local/lib/python3.12/site-packages/airflow/example_dags/example_inlet_event_extra.py
[2025-04-18T13:38:38.018+0000] {processor.py:925} INFO - DAG(s) 'read_dataset_event', 'read_dataset_event_from_classic' retrieved from /home/airflow/.local/lib/python3.12/site-packages/airflow/example_dags/example_inlet_event_extra.py
[2025-04-18T13:38:38.036+0000] {logging_mixin.py:190} INFO - [2025-04-18T13:38:38.036+0000] {dag.py:3239} INFO - Sync 2 DAGs
[2025-04-18T13:38:38.054+0000] {logging_mixin.py:190} INFO - [2025-04-18T13:38:38.054+0000] {dag.py:4180} INFO - Setting next_dagrun for read_dataset_event to 2025-04-17 00:00:00+00:00, run_after=2025-04-18 00:00:00+00:00
[2025-04-18T13:38:38.057+0000] {logging_mixin.py:190} INFO - [2025-04-18T13:38:38.057+0000] {dag.py:4180} INFO - Setting next_dagrun for read_dataset_event_from_classic to 2025-04-17 00:00:00+00:00, run_after=2025-04-18 00:00:00+00:00
[2025-04-18T13:38:38.071+0000] {processor.py:208} INFO - Processing /home/airflow/.local/lib/python3.12/site-packages/airflow/example_dags/example_inlet_event_extra.py took 0.539 seconds
[2025-04-18T13:39:37.546+0000] {processor.py:186} INFO - Started process (PID=608) to work on /home/airflow/.local/lib/python3.12/site-packages/airflow/example_dags/example_inlet_event_extra.py
[2025-04-18T13:39:37.590+0000] {processor.py:914} INFO - Processing file /home/airflow/.local/lib/python3.12/site-packages/airflow/example_dags/example_inlet_event_extra.py for tasks to queue
[2025-04-18T13:39:37.696+0000] {logging_mixin.py:190} INFO - [2025-04-18T13:39:37.692+0000] {dagbag.py:588} INFO - Filling up the DagBag from /home/airflow/.local/lib/python3.12/site-packages/airflow/example_dags/example_inlet_event_extra.py
[2025-04-18T13:39:53.017+0000] {processor.py:925} INFO - DAG(s) 'read_dataset_event_from_classic', 'read_dataset_event' retrieved from /home/airflow/.local/lib/python3.12/site-packages/airflow/example_dags/example_inlet_event_extra.py
[2025-04-18T13:39:53.414+0000] {logging_mixin.py:190} INFO - [2025-04-18T13:39:53.413+0000] {dag.py:3239} INFO - Sync 2 DAGs
[2025-04-18T13:39:53.590+0000] {logging_mixin.py:190} INFO - [2025-04-18T13:39:53.589+0000] {dag.py:4180} INFO - Setting next_dagrun for read_dataset_event to 2025-04-17 00:00:00+00:00, run_after=2025-04-18 00:00:00+00:00
[2025-04-18T13:39:53.626+0000] {logging_mixin.py:190} INFO - [2025-04-18T13:39:53.623+0000] {dag.py:4180} INFO - Setting next_dagrun for read_dataset_event_from_classic to 2025-04-17 00:00:00+00:00, run_after=2025-04-18 00:00:00+00:00
[2025-04-18T13:39:53.907+0000] {processor.py:208} INFO - Processing /home/airflow/.local/lib/python3.12/site-packages/airflow/example_dags/example_inlet_event_extra.py took 16.977 seconds
[2025-04-18T13:40:36.461+0000] {processor.py:186} INFO - Started process (PID=677) to work on /home/airflow/.local/lib/python3.12/site-packages/airflow/example_dags/example_inlet_event_extra.py
[2025-04-18T13:40:36.476+0000] {processor.py:914} INFO - Processing file /home/airflow/.local/lib/python3.12/site-packages/airflow/example_dags/example_inlet_event_extra.py for tasks to queue
[2025-04-18T13:40:36.522+0000] {logging_mixin.py:190} INFO - [2025-04-18T13:40:36.517+0000] {dagbag.py:588} INFO - Filling up the DagBag from /home/airflow/.local/lib/python3.12/site-packages/airflow/example_dags/example_inlet_event_extra.py
[2025-04-18T13:40:39.540+0000] {processor.py:925} INFO - DAG(s) 'read_dataset_event_from_classic', 'read_dataset_event' retrieved from /home/airflow/.local/lib/python3.12/site-packages/airflow/example_dags/example_inlet_event_extra.py
[2025-04-18T13:40:39.694+0000] {logging_mixin.py:190} INFO - [2025-04-18T13:40:39.693+0000] {dag.py:3239} INFO - Sync 2 DAGs
[2025-04-18T13:40:39.875+0000] {logging_mixin.py:190} INFO - [2025-04-18T13:40:39.870+0000] {dag.py:4180} INFO - Setting next_dagrun for read_dataset_event to 2025-04-17 00:00:00+00:00, run_after=2025-04-18 00:00:00+00:00
[2025-04-18T13:40:39.919+0000] {logging_mixin.py:190} INFO - [2025-04-18T13:40:39.918+0000] {dag.py:4180} INFO - Setting next_dagrun for read_dataset_event_from_classic to 2025-04-17 00:00:00+00:00, run_after=2025-04-18 00:00:00+00:00
[2025-04-18T13:40:40.114+0000] {processor.py:208} INFO - Processing /home/airflow/.local/lib/python3.12/site-packages/airflow/example_dags/example_inlet_event_extra.py took 3.722 seconds
[2025-04-18T13:43:37.737+0000] {processor.py:186} INFO - Started process (PID=86) to work on /home/airflow/.local/lib/python3.12/site-packages/airflow/example_dags/example_inlet_event_extra.py
[2025-04-18T13:43:37.738+0000] {processor.py:914} INFO - Processing file /home/airflow/.local/lib/python3.12/site-packages/airflow/example_dags/example_inlet_event_extra.py for tasks to queue
[2025-04-18T13:43:37.742+0000] {logging_mixin.py:190} INFO - [2025-04-18T13:43:37.741+0000] {dagbag.py:588} INFO - Filling up the DagBag from /home/airflow/.local/lib/python3.12/site-packages/airflow/example_dags/example_inlet_event_extra.py
[2025-04-18T13:43:43.873+0000] {processor.py:925} INFO - DAG(s) 'read_dataset_event', 'read_dataset_event_from_classic' retrieved from /home/airflow/.local/lib/python3.12/site-packages/airflow/example_dags/example_inlet_event_extra.py
[2025-04-18T13:43:44.264+0000] {logging_mixin.py:190} INFO - [2025-04-18T13:43:44.256+0000] {dag.py:3239} INFO - Sync 2 DAGs
[2025-04-18T13:43:44.565+0000] {logging_mixin.py:190} INFO - [2025-04-18T13:43:44.563+0000] {dag.py:4180} INFO - Setting next_dagrun for read_dataset_event to 2025-04-17 00:00:00+00:00, run_after=2025-04-18 00:00:00+00:00
[2025-04-18T13:43:44.618+0000] {logging_mixin.py:190} INFO - [2025-04-18T13:43:44.617+0000] {dag.py:4180} INFO - Setting next_dagrun for read_dataset_event_from_classic to 2025-04-17 00:00:00+00:00, run_after=2025-04-18 00:00:00+00:00
[2025-04-18T13:43:44.715+0000] {processor.py:208} INFO - Processing /home/airflow/.local/lib/python3.12/site-packages/airflow/example_dags/example_inlet_event_extra.py took 6.986 seconds
[2025-04-18T13:44:40.543+0000] {processor.py:186} INFO - Started process (PID=157) to work on /home/airflow/.local/lib/python3.12/site-packages/airflow/example_dags/example_inlet_event_extra.py
[2025-04-18T13:44:40.546+0000] {processor.py:914} INFO - Processing file /home/airflow/.local/lib/python3.12/site-packages/airflow/example_dags/example_inlet_event_extra.py for tasks to queue
[2025-04-18T13:44:40.560+0000] {logging_mixin.py:190} INFO - [2025-04-18T13:44:40.558+0000] {dagbag.py:588} INFO - Filling up the DagBag from /home/airflow/.local/lib/python3.12/site-packages/airflow/example_dags/example_inlet_event_extra.py
[2025-04-18T13:44:46.251+0000] {processor.py:925} INFO - DAG(s) 'read_dataset_event', 'read_dataset_event_from_classic' retrieved from /home/airflow/.local/lib/python3.12/site-packages/airflow/example_dags/example_inlet_event_extra.py
[2025-04-18T13:44:46.508+0000] {logging_mixin.py:190} INFO - [2025-04-18T13:44:46.503+0000] {dag.py:3239} INFO - Sync 2 DAGs
[2025-04-18T13:44:46.840+0000] {logging_mixin.py:190} INFO - [2025-04-18T13:44:46.835+0000] {dag.py:4180} INFO - Setting next_dagrun for read_dataset_event to 2025-04-17 00:00:00+00:00, run_after=2025-04-18 00:00:00+00:00
[2025-04-18T13:44:46.910+0000] {logging_mixin.py:190} INFO - [2025-04-18T13:44:46.894+0000] {dag.py:4180} INFO - Setting next_dagrun for read_dataset_event_from_classic to 2025-04-17 00:00:00+00:00, run_after=2025-04-18 00:00:00+00:00
[2025-04-18T13:44:47.153+0000] {processor.py:208} INFO - Processing /home/airflow/.local/lib/python3.12/site-packages/airflow/example_dags/example_inlet_event_extra.py took 6.624 seconds
[2025-04-18T13:45:37.670+0000] {processor.py:186} INFO - Started process (PID=239) to work on /home/airflow/.local/lib/python3.12/site-packages/airflow/example_dags/example_inlet_event_extra.py
[2025-04-18T13:45:37.675+0000] {processor.py:914} INFO - Processing file /home/airflow/.local/lib/python3.12/site-packages/airflow/example_dags/example_inlet_event_extra.py for tasks to queue
[2025-04-18T13:45:37.697+0000] {logging_mixin.py:190} INFO - [2025-04-18T13:45:37.695+0000] {dagbag.py:588} INFO - Filling up the DagBag from /home/airflow/.local/lib/python3.12/site-packages/airflow/example_dags/example_inlet_event_extra.py
[2025-04-18T13:45:44.729+0000] {processor.py:925} INFO - DAG(s) 'read_dataset_event', 'read_dataset_event_from_classic' retrieved from /home/airflow/.local/lib/python3.12/site-packages/airflow/example_dags/example_inlet_event_extra.py
[2025-04-18T13:45:45.107+0000] {logging_mixin.py:190} INFO - [2025-04-18T13:45:45.082+0000] {dag.py:3239} INFO - Sync 2 DAGs
[2025-04-18T13:45:45.988+0000] {logging_mixin.py:190} INFO - [2025-04-18T13:45:45.950+0000] {dag.py:4180} INFO - Setting next_dagrun for read_dataset_event to 2025-04-17 00:00:00+00:00, run_after=2025-04-18 00:00:00+00:00
[2025-04-18T13:45:46.114+0000] {logging_mixin.py:190} INFO - [2025-04-18T13:45:46.107+0000] {dag.py:4180} INFO - Setting next_dagrun for read_dataset_event_from_classic to 2025-04-17 00:00:00+00:00, run_after=2025-04-18 00:00:00+00:00
[2025-04-18T13:45:46.677+0000] {processor.py:208} INFO - Processing /home/airflow/.local/lib/python3.12/site-packages/airflow/example_dags/example_inlet_event_extra.py took 9.020 seconds
[2025-04-18T13:47:14.486+0000] {processor.py:186} INFO - Started process (PID=292) to work on /home/airflow/.local/lib/python3.12/site-packages/airflow/example_dags/example_inlet_event_extra.py
[2025-04-18T13:47:14.518+0000] {processor.py:914} INFO - Processing file /home/airflow/.local/lib/python3.12/site-packages/airflow/example_dags/example_inlet_event_extra.py for tasks to queue
[2025-04-18T13:47:14.534+0000] {logging_mixin.py:190} INFO - [2025-04-18T13:47:14.531+0000] {dagbag.py:588} INFO - Filling up the DagBag from /home/airflow/.local/lib/python3.12/site-packages/airflow/example_dags/example_inlet_event_extra.py
[2025-04-18T13:47:41.192+0000] {processor.py:925} INFO - DAG(s) 'read_dataset_event', 'read_dataset_event_from_classic' retrieved from /home/airflow/.local/lib/python3.12/site-packages/airflow/example_dags/example_inlet_event_extra.py
[2025-04-18T13:47:41.991+0000] {logging_mixin.py:190} INFO - [2025-04-18T13:47:41.973+0000] {dag.py:3239} INFO - Sync 2 DAGs
[2025-04-18T13:47:42.490+0000] {logging_mixin.py:190} INFO - [2025-04-18T13:47:42.479+0000] {dag.py:4180} INFO - Setting next_dagrun for read_dataset_event to 2025-04-17 00:00:00+00:00, run_after=2025-04-18 00:00:00+00:00
[2025-04-18T13:47:42.618+0000] {logging_mixin.py:190} INFO - [2025-04-18T13:47:42.617+0000] {dag.py:4180} INFO - Setting next_dagrun for read_dataset_event_from_classic to 2025-04-17 00:00:00+00:00, run_after=2025-04-18 00:00:00+00:00
[2025-04-18T13:47:42.938+0000] {processor.py:208} INFO - Processing /home/airflow/.local/lib/python3.12/site-packages/airflow/example_dags/example_inlet_event_extra.py took 28.487 seconds
[2025-04-18T13:49:15.786+0000] {processor.py:186} INFO - Started process (PID=89) to work on /home/airflow/.local/lib/python3.12/site-packages/airflow/example_dags/example_inlet_event_extra.py
[2025-04-18T13:49:15.805+0000] {processor.py:914} INFO - Processing file /home/airflow/.local/lib/python3.12/site-packages/airflow/example_dags/example_inlet_event_extra.py for tasks to queue
[2025-04-18T13:49:15.863+0000] {logging_mixin.py:190} INFO - [2025-04-18T13:49:15.844+0000] {dagbag.py:588} INFO - Filling up the DagBag from /home/airflow/.local/lib/python3.12/site-packages/airflow/example_dags/example_inlet_event_extra.py
[2025-04-18T13:49:28.082+0000] {processor.py:925} INFO - DAG(s) 'read_dataset_event', 'read_dataset_event_from_classic' retrieved from /home/airflow/.local/lib/python3.12/site-packages/airflow/example_dags/example_inlet_event_extra.py
[2025-04-18T13:49:28.542+0000] {logging_mixin.py:190} INFO - [2025-04-18T13:49:28.541+0000] {dag.py:3239} INFO - Sync 2 DAGs
[2025-04-18T13:49:28.817+0000] {logging_mixin.py:190} INFO - [2025-04-18T13:49:28.816+0000] {dag.py:4180} INFO - Setting next_dagrun for read_dataset_event to 2025-04-17 00:00:00+00:00, run_after=2025-04-18 00:00:00+00:00
[2025-04-18T13:49:28.905+0000] {logging_mixin.py:190} INFO - [2025-04-18T13:49:28.905+0000] {dag.py:4180} INFO - Setting next_dagrun for read_dataset_event_from_classic to 2025-04-17 00:00:00+00:00, run_after=2025-04-18 00:00:00+00:00
[2025-04-18T13:49:29.118+0000] {processor.py:208} INFO - Processing /home/airflow/.local/lib/python3.12/site-packages/airflow/example_dags/example_inlet_event_extra.py took 13.549 seconds
[2025-04-18T13:50:33.961+0000] {processor.py:186} INFO - Started process (PID=159) to work on /home/airflow/.local/lib/python3.12/site-packages/airflow/example_dags/example_inlet_event_extra.py
[2025-04-18T13:50:33.968+0000] {processor.py:914} INFO - Processing file /home/airflow/.local/lib/python3.12/site-packages/airflow/example_dags/example_inlet_event_extra.py for tasks to queue
[2025-04-18T13:50:34.057+0000] {logging_mixin.py:190} INFO - [2025-04-18T13:50:34.035+0000] {dagbag.py:588} INFO - Filling up the DagBag from /home/airflow/.local/lib/python3.12/site-packages/airflow/example_dags/example_inlet_event_extra.py
[2025-04-18T13:50:50.396+0000] {processor.py:925} INFO - DAG(s) 'read_dataset_event', 'read_dataset_event_from_classic' retrieved from /home/airflow/.local/lib/python3.12/site-packages/airflow/example_dags/example_inlet_event_extra.py
[2025-04-18T13:50:50.985+0000] {logging_mixin.py:190} INFO - [2025-04-18T13:50:50.978+0000] {dag.py:3239} INFO - Sync 2 DAGs
[2025-04-18T13:50:51.316+0000] {logging_mixin.py:190} INFO - [2025-04-18T13:50:51.314+0000] {dag.py:4180} INFO - Setting next_dagrun for read_dataset_event to 2025-04-17 00:00:00+00:00, run_after=2025-04-18 00:00:00+00:00
[2025-04-18T13:50:51.339+0000] {logging_mixin.py:190} INFO - [2025-04-18T13:50:51.339+0000] {dag.py:4180} INFO - Setting next_dagrun for read_dataset_event_from_classic to 2025-04-17 00:00:00+00:00, run_after=2025-04-18 00:00:00+00:00
[2025-04-18T13:50:51.468+0000] {processor.py:208} INFO - Processing /home/airflow/.local/lib/python3.12/site-packages/airflow/example_dags/example_inlet_event_extra.py took 17.646 seconds
[2025-04-18T13:51:59.251+0000] {processor.py:186} INFO - Started process (PID=251) to work on /home/airflow/.local/lib/python3.12/site-packages/airflow/example_dags/example_inlet_event_extra.py
[2025-04-18T13:51:59.261+0000] {processor.py:914} INFO - Processing file /home/airflow/.local/lib/python3.12/site-packages/airflow/example_dags/example_inlet_event_extra.py for tasks to queue
[2025-04-18T13:51:59.382+0000] {logging_mixin.py:190} INFO - [2025-04-18T13:51:59.379+0000] {dagbag.py:588} INFO - Filling up the DagBag from /home/airflow/.local/lib/python3.12/site-packages/airflow/example_dags/example_inlet_event_extra.py
[2025-04-18T13:52:07.708+0000] {processor.py:925} INFO - DAG(s) 'read_dataset_event', 'read_dataset_event_from_classic' retrieved from /home/airflow/.local/lib/python3.12/site-packages/airflow/example_dags/example_inlet_event_extra.py
[2025-04-18T13:52:07.790+0000] {logging_mixin.py:190} INFO - [2025-04-18T13:52:07.789+0000] {dag.py:3239} INFO - Sync 2 DAGs
[2025-04-18T13:52:07.849+0000] {logging_mixin.py:190} INFO - [2025-04-18T13:52:07.848+0000] {dag.py:4180} INFO - Setting next_dagrun for read_dataset_event to 2025-04-17 00:00:00+00:00, run_after=2025-04-18 00:00:00+00:00
[2025-04-18T13:52:07.879+0000] {logging_mixin.py:190} INFO - [2025-04-18T13:52:07.878+0000] {dag.py:4180} INFO - Setting next_dagrun for read_dataset_event_from_classic to 2025-04-17 00:00:00+00:00, run_after=2025-04-18 00:00:00+00:00
[2025-04-18T13:52:08.041+0000] {processor.py:208} INFO - Processing /home/airflow/.local/lib/python3.12/site-packages/airflow/example_dags/example_inlet_event_extra.py took 8.852 seconds
[2025-04-18T13:53:08.960+0000] {processor.py:186} INFO - Started process (PID=325) to work on /home/airflow/.local/lib/python3.12/site-packages/airflow/example_dags/example_inlet_event_extra.py
[2025-04-18T13:53:08.968+0000] {processor.py:914} INFO - Processing file /home/airflow/.local/lib/python3.12/site-packages/airflow/example_dags/example_inlet_event_extra.py for tasks to queue
[2025-04-18T13:53:08.993+0000] {logging_mixin.py:190} INFO - [2025-04-18T13:53:08.989+0000] {dagbag.py:588} INFO - Filling up the DagBag from /home/airflow/.local/lib/python3.12/site-packages/airflow/example_dags/example_inlet_event_extra.py
[2025-04-18T13:53:17.228+0000] {processor.py:925} INFO - DAG(s) 'read_dataset_event', 'read_dataset_event_from_classic' retrieved from /home/airflow/.local/lib/python3.12/site-packages/airflow/example_dags/example_inlet_event_extra.py
[2025-04-18T13:53:17.566+0000] {logging_mixin.py:190} INFO - [2025-04-18T13:53:17.565+0000] {dag.py:3239} INFO - Sync 2 DAGs
[2025-04-18T13:53:17.753+0000] {logging_mixin.py:190} INFO - [2025-04-18T13:53:17.752+0000] {dag.py:4180} INFO - Setting next_dagrun for read_dataset_event to 2025-04-17 00:00:00+00:00, run_after=2025-04-18 00:00:00+00:00
[2025-04-18T13:53:17.785+0000] {logging_mixin.py:190} INFO - [2025-04-18T13:53:17.784+0000] {dag.py:4180} INFO - Setting next_dagrun for read_dataset_event_from_classic to 2025-04-17 00:00:00+00:00, run_after=2025-04-18 00:00:00+00:00
[2025-04-18T13:53:18.011+0000] {processor.py:208} INFO - Processing /home/airflow/.local/lib/python3.12/site-packages/airflow/example_dags/example_inlet_event_extra.py took 9.086 seconds
[2025-04-18T13:53:59.509+0000] {processor.py:186} INFO - Started process (PID=395) to work on /home/airflow/.local/lib/python3.12/site-packages/airflow/example_dags/example_inlet_event_extra.py
[2025-04-18T13:53:59.520+0000] {processor.py:914} INFO - Processing file /home/airflow/.local/lib/python3.12/site-packages/airflow/example_dags/example_inlet_event_extra.py for tasks to queue
[2025-04-18T13:53:59.539+0000] {logging_mixin.py:190} INFO - [2025-04-18T13:53:59.537+0000] {dagbag.py:588} INFO - Filling up the DagBag from /home/airflow/.local/lib/python3.12/site-packages/airflow/example_dags/example_inlet_event_extra.py
[2025-04-18T13:54:03.442+0000] {processor.py:925} INFO - DAG(s) 'read_dataset_event_from_classic', 'read_dataset_event' retrieved from /home/airflow/.local/lib/python3.12/site-packages/airflow/example_dags/example_inlet_event_extra.py
[2025-04-18T13:54:03.549+0000] {logging_mixin.py:190} INFO - [2025-04-18T13:54:03.548+0000] {dag.py:3239} INFO - Sync 2 DAGs
[2025-04-18T13:54:03.759+0000] {logging_mixin.py:190} INFO - [2025-04-18T13:54:03.755+0000] {dag.py:4180} INFO - Setting next_dagrun for read_dataset_event to 2025-04-17 00:00:00+00:00, run_after=2025-04-18 00:00:00+00:00
[2025-04-18T13:54:03.807+0000] {logging_mixin.py:190} INFO - [2025-04-18T13:54:03.786+0000] {dag.py:4180} INFO - Setting next_dagrun for read_dataset_event_from_classic to 2025-04-17 00:00:00+00:00, run_after=2025-04-18 00:00:00+00:00
[2025-04-18T13:54:03.972+0000] {processor.py:208} INFO - Processing /home/airflow/.local/lib/python3.12/site-packages/airflow/example_dags/example_inlet_event_extra.py took 4.523 seconds
[2025-04-18T13:54:34.284+0000] {processor.py:186} INFO - Started process (PID=461) to work on /home/airflow/.local/lib/python3.12/site-packages/airflow/example_dags/example_inlet_event_extra.py
[2025-04-18T13:54:34.289+0000] {processor.py:914} INFO - Processing file /home/airflow/.local/lib/python3.12/site-packages/airflow/example_dags/example_inlet_event_extra.py for tasks to queue
[2025-04-18T13:54:34.308+0000] {logging_mixin.py:190} INFO - [2025-04-18T13:54:34.306+0000] {dagbag.py:588} INFO - Filling up the DagBag from /home/airflow/.local/lib/python3.12/site-packages/airflow/example_dags/example_inlet_event_extra.py
[2025-04-18T13:54:38.462+0000] {processor.py:925} INFO - DAG(s) 'read_dataset_event_from_classic', 'read_dataset_event' retrieved from /home/airflow/.local/lib/python3.12/site-packages/airflow/example_dags/example_inlet_event_extra.py
[2025-04-18T13:54:38.554+0000] {logging_mixin.py:190} INFO - [2025-04-18T13:54:38.552+0000] {dag.py:3239} INFO - Sync 2 DAGs
[2025-04-18T13:54:38.631+0000] {logging_mixin.py:190} INFO - [2025-04-18T13:54:38.631+0000] {dag.py:4180} INFO - Setting next_dagrun for read_dataset_event to 2025-04-17 00:00:00+00:00, run_after=2025-04-18 00:00:00+00:00
[2025-04-18T13:54:38.659+0000] {logging_mixin.py:190} INFO - [2025-04-18T13:54:38.659+0000] {dag.py:4180} INFO - Setting next_dagrun for read_dataset_event_from_classic to 2025-04-17 00:00:00+00:00, run_after=2025-04-18 00:00:00+00:00
[2025-04-18T13:54:38.776+0000] {processor.py:208} INFO - Processing /home/airflow/.local/lib/python3.12/site-packages/airflow/example_dags/example_inlet_event_extra.py took 4.510 seconds
