[2025-04-18T13:25:56.236+0000] {processor.py:186} INFO - Started process (PID=69) to work on /home/airflow/.local/lib/python3.12/site-packages/airflow/example_dags/example_nested_branch_dag.py
[2025-04-18T13:25:56.242+0000] {processor.py:914} INFO - Processing file /home/airflow/.local/lib/python3.12/site-packages/airflow/example_dags/example_nested_branch_dag.py for tasks to queue
[2025-04-18T13:25:56.256+0000] {logging_mixin.py:190} INFO - [2025-04-18T13:25:56.256+0000] {dagbag.py:588} INFO - Filling up the DagBag from /home/airflow/.local/lib/python3.12/site-packages/airflow/example_dags/example_nested_branch_dag.py
[2025-04-18T13:25:56.283+0000] {processor.py:925} INFO - DAG(s) 'example_nested_branch_dag' retrieved from /home/airflow/.local/lib/python3.12/site-packages/airflow/example_dags/example_nested_branch_dag.py
[2025-04-18T13:25:56.595+0000] {logging_mixin.py:190} INFO - [2025-04-18T13:25:56.594+0000] {dag.py:3239} INFO - Sync 1 DAGs
[2025-04-18T13:25:56.651+0000] {logging_mixin.py:190} INFO - [2025-04-18T13:25:56.650+0000] {dag.py:4180} INFO - Setting next_dagrun for example_nested_branch_dag to 2025-04-17 00:00:00+00:00, run_after=2025-04-18 00:00:00+00:00
[2025-04-18T13:25:56.682+0000] {processor.py:208} INFO - Processing /home/airflow/.local/lib/python3.12/site-packages/airflow/example_dags/example_nested_branch_dag.py took 0.469 seconds
[2025-04-18T13:27:38.403+0000] {processor.py:186} INFO - Started process (PID=150) to work on /home/airflow/.local/lib/python3.12/site-packages/airflow/example_dags/example_nested_branch_dag.py
[2025-04-18T13:27:38.415+0000] {processor.py:914} INFO - Processing file /home/airflow/.local/lib/python3.12/site-packages/airflow/example_dags/example_nested_branch_dag.py for tasks to queue
[2025-04-18T13:27:38.438+0000] {logging_mixin.py:190} INFO - [2025-04-18T13:27:38.436+0000] {dagbag.py:588} INFO - Filling up the DagBag from /home/airflow/.local/lib/python3.12/site-packages/airflow/example_dags/example_nested_branch_dag.py
[2025-04-18T13:27:38.495+0000] {processor.py:925} INFO - DAG(s) 'example_nested_branch_dag' retrieved from /home/airflow/.local/lib/python3.12/site-packages/airflow/example_dags/example_nested_branch_dag.py
[2025-04-18T13:27:38.640+0000] {logging_mixin.py:190} INFO - [2025-04-18T13:27:38.638+0000] {dag.py:3239} INFO - Sync 1 DAGs
[2025-04-18T13:27:38.854+0000] {logging_mixin.py:190} INFO - [2025-04-18T13:27:38.847+0000] {dag.py:4180} INFO - Setting next_dagrun for example_nested_branch_dag to 2025-04-17 00:00:00+00:00, run_after=2025-04-18 00:00:00+00:00
[2025-04-18T13:27:39.055+0000] {processor.py:208} INFO - Processing /home/airflow/.local/lib/python3.12/site-packages/airflow/example_dags/example_nested_branch_dag.py took 0.685 seconds
[2025-04-18T13:30:00.408+0000] {processor.py:186} INFO - Started process (PID=72) to work on /home/airflow/.local/lib/python3.12/site-packages/airflow/example_dags/example_nested_branch_dag.py
[2025-04-18T13:30:00.414+0000] {processor.py:914} INFO - Processing file /home/airflow/.local/lib/python3.12/site-packages/airflow/example_dags/example_nested_branch_dag.py for tasks to queue
[2025-04-18T13:30:00.424+0000] {logging_mixin.py:190} INFO - [2025-04-18T13:30:00.422+0000] {dagbag.py:588} INFO - Filling up the DagBag from /home/airflow/.local/lib/python3.12/site-packages/airflow/example_dags/example_nested_branch_dag.py
[2025-04-18T13:30:00.448+0000] {processor.py:925} INFO - DAG(s) 'example_nested_branch_dag' retrieved from /home/airflow/.local/lib/python3.12/site-packages/airflow/example_dags/example_nested_branch_dag.py
[2025-04-18T13:30:00.607+0000] {logging_mixin.py:190} INFO - [2025-04-18T13:30:00.602+0000] {dag.py:3239} INFO - Sync 1 DAGs
[2025-04-18T13:30:00.739+0000] {logging_mixin.py:190} INFO - [2025-04-18T13:30:00.738+0000] {dag.py:4180} INFO - Setting next_dagrun for example_nested_branch_dag to 2025-04-17 00:00:00+00:00, run_after=2025-04-18 00:00:00+00:00
[2025-04-18T13:30:00.847+0000] {processor.py:208} INFO - Processing /home/airflow/.local/lib/python3.12/site-packages/airflow/example_dags/example_nested_branch_dag.py took 0.470 seconds
[2025-04-18T13:30:37.992+0000] {processor.py:186} INFO - Started process (PID=136) to work on /home/airflow/.local/lib/python3.12/site-packages/airflow/example_dags/example_nested_branch_dag.py
[2025-04-18T13:30:37.995+0000] {processor.py:914} INFO - Processing file /home/airflow/.local/lib/python3.12/site-packages/airflow/example_dags/example_nested_branch_dag.py for tasks to queue
[2025-04-18T13:30:38.001+0000] {logging_mixin.py:190} INFO - [2025-04-18T13:30:38.000+0000] {dagbag.py:588} INFO - Filling up the DagBag from /home/airflow/.local/lib/python3.12/site-packages/airflow/example_dags/example_nested_branch_dag.py
[2025-04-18T13:30:38.042+0000] {processor.py:925} INFO - DAG(s) 'example_nested_branch_dag' retrieved from /home/airflow/.local/lib/python3.12/site-packages/airflow/example_dags/example_nested_branch_dag.py
[2025-04-18T13:30:38.148+0000] {logging_mixin.py:190} INFO - [2025-04-18T13:30:38.144+0000] {dag.py:3239} INFO - Sync 1 DAGs
[2025-04-18T13:30:38.232+0000] {logging_mixin.py:190} INFO - [2025-04-18T13:30:38.231+0000] {dag.py:4180} INFO - Setting next_dagrun for example_nested_branch_dag to 2025-04-17 00:00:00+00:00, run_after=2025-04-18 00:00:00+00:00
[2025-04-18T13:30:38.264+0000] {processor.py:208} INFO - Processing /home/airflow/.local/lib/python3.12/site-packages/airflow/example_dags/example_nested_branch_dag.py took 0.291 seconds
[2025-04-18T13:31:08.849+0000] {processor.py:186} INFO - Started process (PID=199) to work on /home/airflow/.local/lib/python3.12/site-packages/airflow/example_dags/example_nested_branch_dag.py
[2025-04-18T13:31:08.851+0000] {processor.py:914} INFO - Processing file /home/airflow/.local/lib/python3.12/site-packages/airflow/example_dags/example_nested_branch_dag.py for tasks to queue
[2025-04-18T13:31:08.854+0000] {logging_mixin.py:190} INFO - [2025-04-18T13:31:08.854+0000] {dagbag.py:588} INFO - Filling up the DagBag from /home/airflow/.local/lib/python3.12/site-packages/airflow/example_dags/example_nested_branch_dag.py
[2025-04-18T13:31:08.862+0000] {processor.py:925} INFO - DAG(s) 'example_nested_branch_dag' retrieved from /home/airflow/.local/lib/python3.12/site-packages/airflow/example_dags/example_nested_branch_dag.py
[2025-04-18T13:31:08.876+0000] {logging_mixin.py:190} INFO - [2025-04-18T13:31:08.876+0000] {dag.py:3239} INFO - Sync 1 DAGs
[2025-04-18T13:31:08.893+0000] {logging_mixin.py:190} INFO - [2025-04-18T13:31:08.893+0000] {dag.py:4180} INFO - Setting next_dagrun for example_nested_branch_dag to 2025-04-17 00:00:00+00:00, run_after=2025-04-18 00:00:00+00:00
[2025-04-18T13:31:08.910+0000] {processor.py:208} INFO - Processing /home/airflow/.local/lib/python3.12/site-packages/airflow/example_dags/example_nested_branch_dag.py took 0.064 seconds
[2025-04-18T13:31:39.261+0000] {processor.py:186} INFO - Started process (PID=263) to work on /home/airflow/.local/lib/python3.12/site-packages/airflow/example_dags/example_nested_branch_dag.py
[2025-04-18T13:31:39.261+0000] {processor.py:914} INFO - Processing file /home/airflow/.local/lib/python3.12/site-packages/airflow/example_dags/example_nested_branch_dag.py for tasks to queue
[2025-04-18T13:31:39.263+0000] {logging_mixin.py:190} INFO - [2025-04-18T13:31:39.262+0000] {dagbag.py:588} INFO - Filling up the DagBag from /home/airflow/.local/lib/python3.12/site-packages/airflow/example_dags/example_nested_branch_dag.py
[2025-04-18T13:31:39.269+0000] {processor.py:925} INFO - DAG(s) 'example_nested_branch_dag' retrieved from /home/airflow/.local/lib/python3.12/site-packages/airflow/example_dags/example_nested_branch_dag.py
[2025-04-18T13:31:39.280+0000] {logging_mixin.py:190} INFO - [2025-04-18T13:31:39.280+0000] {dag.py:3239} INFO - Sync 1 DAGs
[2025-04-18T13:31:39.292+0000] {logging_mixin.py:190} INFO - [2025-04-18T13:31:39.291+0000] {dag.py:4180} INFO - Setting next_dagrun for example_nested_branch_dag to 2025-04-17 00:00:00+00:00, run_after=2025-04-18 00:00:00+00:00
[2025-04-18T13:31:39.299+0000] {processor.py:208} INFO - Processing /home/airflow/.local/lib/python3.12/site-packages/airflow/example_dags/example_nested_branch_dag.py took 0.042 seconds
[2025-04-18T13:32:09.521+0000] {processor.py:186} INFO - Started process (PID=327) to work on /home/airflow/.local/lib/python3.12/site-packages/airflow/example_dags/example_nested_branch_dag.py
[2025-04-18T13:32:09.521+0000] {processor.py:914} INFO - Processing file /home/airflow/.local/lib/python3.12/site-packages/airflow/example_dags/example_nested_branch_dag.py for tasks to queue
[2025-04-18T13:32:09.524+0000] {logging_mixin.py:190} INFO - [2025-04-18T13:32:09.523+0000] {dagbag.py:588} INFO - Filling up the DagBag from /home/airflow/.local/lib/python3.12/site-packages/airflow/example_dags/example_nested_branch_dag.py
[2025-04-18T13:32:09.532+0000] {processor.py:925} INFO - DAG(s) 'example_nested_branch_dag' retrieved from /home/airflow/.local/lib/python3.12/site-packages/airflow/example_dags/example_nested_branch_dag.py
[2025-04-18T13:32:09.551+0000] {logging_mixin.py:190} INFO - [2025-04-18T13:32:09.551+0000] {dag.py:3239} INFO - Sync 1 DAGs
[2025-04-18T13:32:09.566+0000] {logging_mixin.py:190} INFO - [2025-04-18T13:32:09.566+0000] {dag.py:4180} INFO - Setting next_dagrun for example_nested_branch_dag to 2025-04-17 00:00:00+00:00, run_after=2025-04-18 00:00:00+00:00
[2025-04-18T13:32:09.580+0000] {processor.py:208} INFO - Processing /home/airflow/.local/lib/python3.12/site-packages/airflow/example_dags/example_nested_branch_dag.py took 0.069 seconds
[2025-04-18T13:34:54.490+0000] {processor.py:186} INFO - Started process (PID=67) to work on /home/airflow/.local/lib/python3.12/site-packages/airflow/example_dags/example_nested_branch_dag.py
[2025-04-18T13:34:54.495+0000] {processor.py:914} INFO - Processing file /home/airflow/.local/lib/python3.12/site-packages/airflow/example_dags/example_nested_branch_dag.py for tasks to queue
[2025-04-18T13:34:54.500+0000] {logging_mixin.py:190} INFO - [2025-04-18T13:34:54.499+0000] {dagbag.py:588} INFO - Filling up the DagBag from /home/airflow/.local/lib/python3.12/site-packages/airflow/example_dags/example_nested_branch_dag.py
[2025-04-18T13:34:54.540+0000] {processor.py:925} INFO - DAG(s) 'example_nested_branch_dag' retrieved from /home/airflow/.local/lib/python3.12/site-packages/airflow/example_dags/example_nested_branch_dag.py
[2025-04-18T13:34:54.607+0000] {logging_mixin.py:190} INFO - [2025-04-18T13:34:54.607+0000] {dag.py:3239} INFO - Sync 1 DAGs
[2025-04-18T13:34:54.673+0000] {logging_mixin.py:190} INFO - [2025-04-18T13:34:54.672+0000] {dag.py:4180} INFO - Setting next_dagrun for example_nested_branch_dag to 2025-04-17 00:00:00+00:00, run_after=2025-04-18 00:00:00+00:00
[2025-04-18T13:34:54.707+0000] {processor.py:208} INFO - Processing /home/airflow/.local/lib/python3.12/site-packages/airflow/example_dags/example_nested_branch_dag.py took 0.240 seconds
[2025-04-18T13:35:25.111+0000] {processor.py:186} INFO - Started process (PID=131) to work on /home/airflow/.local/lib/python3.12/site-packages/airflow/example_dags/example_nested_branch_dag.py
[2025-04-18T13:35:25.113+0000] {processor.py:914} INFO - Processing file /home/airflow/.local/lib/python3.12/site-packages/airflow/example_dags/example_nested_branch_dag.py for tasks to queue
[2025-04-18T13:35:25.115+0000] {logging_mixin.py:190} INFO - [2025-04-18T13:35:25.115+0000] {dagbag.py:588} INFO - Filling up the DagBag from /home/airflow/.local/lib/python3.12/site-packages/airflow/example_dags/example_nested_branch_dag.py
[2025-04-18T13:35:25.139+0000] {processor.py:925} INFO - DAG(s) 'example_nested_branch_dag' retrieved from /home/airflow/.local/lib/python3.12/site-packages/airflow/example_dags/example_nested_branch_dag.py
[2025-04-18T13:35:25.179+0000] {logging_mixin.py:190} INFO - [2025-04-18T13:35:25.179+0000] {dag.py:3239} INFO - Sync 1 DAGs
[2025-04-18T13:35:25.225+0000] {logging_mixin.py:190} INFO - [2025-04-18T13:35:25.225+0000] {dag.py:4180} INFO - Setting next_dagrun for example_nested_branch_dag to 2025-04-17 00:00:00+00:00, run_after=2025-04-18 00:00:00+00:00
[2025-04-18T13:35:25.257+0000] {processor.py:208} INFO - Processing /home/airflow/.local/lib/python3.12/site-packages/airflow/example_dags/example_nested_branch_dag.py took 0.157 seconds
[2025-04-18T13:35:55.517+0000] {processor.py:186} INFO - Started process (PID=196) to work on /home/airflow/.local/lib/python3.12/site-packages/airflow/example_dags/example_nested_branch_dag.py
[2025-04-18T13:35:55.520+0000] {processor.py:914} INFO - Processing file /home/airflow/.local/lib/python3.12/site-packages/airflow/example_dags/example_nested_branch_dag.py for tasks to queue
[2025-04-18T13:35:55.521+0000] {logging_mixin.py:190} INFO - [2025-04-18T13:35:55.521+0000] {dagbag.py:588} INFO - Filling up the DagBag from /home/airflow/.local/lib/python3.12/site-packages/airflow/example_dags/example_nested_branch_dag.py
[2025-04-18T13:35:55.527+0000] {processor.py:925} INFO - DAG(s) 'example_nested_branch_dag' retrieved from /home/airflow/.local/lib/python3.12/site-packages/airflow/example_dags/example_nested_branch_dag.py
[2025-04-18T13:35:55.541+0000] {logging_mixin.py:190} INFO - [2025-04-18T13:35:55.541+0000] {dag.py:3239} INFO - Sync 1 DAGs
[2025-04-18T13:35:55.559+0000] {logging_mixin.py:190} INFO - [2025-04-18T13:35:55.559+0000] {dag.py:4180} INFO - Setting next_dagrun for example_nested_branch_dag to 2025-04-17 00:00:00+00:00, run_after=2025-04-18 00:00:00+00:00
[2025-04-18T13:35:55.577+0000] {processor.py:208} INFO - Processing /home/airflow/.local/lib/python3.12/site-packages/airflow/example_dags/example_nested_branch_dag.py took 0.063 seconds
[2025-04-18T13:36:25.714+0000] {processor.py:186} INFO - Started process (PID=259) to work on /home/airflow/.local/lib/python3.12/site-packages/airflow/example_dags/example_nested_branch_dag.py
[2025-04-18T13:36:25.715+0000] {processor.py:914} INFO - Processing file /home/airflow/.local/lib/python3.12/site-packages/airflow/example_dags/example_nested_branch_dag.py for tasks to queue
[2025-04-18T13:36:25.716+0000] {logging_mixin.py:190} INFO - [2025-04-18T13:36:25.716+0000] {dagbag.py:588} INFO - Filling up the DagBag from /home/airflow/.local/lib/python3.12/site-packages/airflow/example_dags/example_nested_branch_dag.py
[2025-04-18T13:36:25.724+0000] {processor.py:925} INFO - DAG(s) 'example_nested_branch_dag' retrieved from /home/airflow/.local/lib/python3.12/site-packages/airflow/example_dags/example_nested_branch_dag.py
[2025-04-18T13:36:25.741+0000] {logging_mixin.py:190} INFO - [2025-04-18T13:36:25.741+0000] {dag.py:3239} INFO - Sync 1 DAGs
[2025-04-18T13:36:25.757+0000] {logging_mixin.py:190} INFO - [2025-04-18T13:36:25.757+0000] {dag.py:4180} INFO - Setting next_dagrun for example_nested_branch_dag to 2025-04-17 00:00:00+00:00, run_after=2025-04-18 00:00:00+00:00
[2025-04-18T13:36:25.769+0000] {processor.py:208} INFO - Processing /home/airflow/.local/lib/python3.12/site-packages/airflow/example_dags/example_nested_branch_dag.py took 0.059 seconds
[2025-04-18T13:36:56.510+0000] {processor.py:186} INFO - Started process (PID=322) to work on /home/airflow/.local/lib/python3.12/site-packages/airflow/example_dags/example_nested_branch_dag.py
[2025-04-18T13:36:56.511+0000] {processor.py:914} INFO - Processing file /home/airflow/.local/lib/python3.12/site-packages/airflow/example_dags/example_nested_branch_dag.py for tasks to queue
[2025-04-18T13:36:56.512+0000] {logging_mixin.py:190} INFO - [2025-04-18T13:36:56.512+0000] {dagbag.py:588} INFO - Filling up the DagBag from /home/airflow/.local/lib/python3.12/site-packages/airflow/example_dags/example_nested_branch_dag.py
[2025-04-18T13:36:56.522+0000] {processor.py:925} INFO - DAG(s) 'example_nested_branch_dag' retrieved from /home/airflow/.local/lib/python3.12/site-packages/airflow/example_dags/example_nested_branch_dag.py
[2025-04-18T13:36:56.538+0000] {logging_mixin.py:190} INFO - [2025-04-18T13:36:56.538+0000] {dag.py:3239} INFO - Sync 1 DAGs
[2025-04-18T13:36:56.553+0000] {logging_mixin.py:190} INFO - [2025-04-18T13:36:56.553+0000] {dag.py:4180} INFO - Setting next_dagrun for example_nested_branch_dag to 2025-04-17 00:00:00+00:00, run_after=2025-04-18 00:00:00+00:00
[2025-04-18T13:36:56.567+0000] {processor.py:208} INFO - Processing /home/airflow/.local/lib/python3.12/site-packages/airflow/example_dags/example_nested_branch_dag.py took 0.060 seconds
[2025-04-18T13:37:26.748+0000] {processor.py:186} INFO - Started process (PID=386) to work on /home/airflow/.local/lib/python3.12/site-packages/airflow/example_dags/example_nested_branch_dag.py
[2025-04-18T13:37:26.749+0000] {processor.py:914} INFO - Processing file /home/airflow/.local/lib/python3.12/site-packages/airflow/example_dags/example_nested_branch_dag.py for tasks to queue
[2025-04-18T13:37:26.751+0000] {logging_mixin.py:190} INFO - [2025-04-18T13:37:26.751+0000] {dagbag.py:588} INFO - Filling up the DagBag from /home/airflow/.local/lib/python3.12/site-packages/airflow/example_dags/example_nested_branch_dag.py
[2025-04-18T13:37:26.760+0000] {processor.py:925} INFO - DAG(s) 'example_nested_branch_dag' retrieved from /home/airflow/.local/lib/python3.12/site-packages/airflow/example_dags/example_nested_branch_dag.py
[2025-04-18T13:37:26.772+0000] {logging_mixin.py:190} INFO - [2025-04-18T13:37:26.772+0000] {dag.py:3239} INFO - Sync 1 DAGs
[2025-04-18T13:37:26.788+0000] {logging_mixin.py:190} INFO - [2025-04-18T13:37:26.787+0000] {dag.py:4180} INFO - Setting next_dagrun for example_nested_branch_dag to 2025-04-17 00:00:00+00:00, run_after=2025-04-18 00:00:00+00:00
[2025-04-18T13:37:26.800+0000] {processor.py:208} INFO - Processing /home/airflow/.local/lib/python3.12/site-packages/airflow/example_dags/example_nested_branch_dag.py took 0.056 seconds
[2025-04-18T13:37:57.329+0000] {processor.py:186} INFO - Started process (PID=450) to work on /home/airflow/.local/lib/python3.12/site-packages/airflow/example_dags/example_nested_branch_dag.py
[2025-04-18T13:37:57.330+0000] {processor.py:914} INFO - Processing file /home/airflow/.local/lib/python3.12/site-packages/airflow/example_dags/example_nested_branch_dag.py for tasks to queue
[2025-04-18T13:37:57.331+0000] {logging_mixin.py:190} INFO - [2025-04-18T13:37:57.331+0000] {dagbag.py:588} INFO - Filling up the DagBag from /home/airflow/.local/lib/python3.12/site-packages/airflow/example_dags/example_nested_branch_dag.py
[2025-04-18T13:37:57.340+0000] {processor.py:925} INFO - DAG(s) 'example_nested_branch_dag' retrieved from /home/airflow/.local/lib/python3.12/site-packages/airflow/example_dags/example_nested_branch_dag.py
[2025-04-18T13:37:57.357+0000] {logging_mixin.py:190} INFO - [2025-04-18T13:37:57.356+0000] {dag.py:3239} INFO - Sync 1 DAGs
[2025-04-18T13:37:57.377+0000] {logging_mixin.py:190} INFO - [2025-04-18T13:37:57.377+0000] {dag.py:4180} INFO - Setting next_dagrun for example_nested_branch_dag to 2025-04-17 00:00:00+00:00, run_after=2025-04-18 00:00:00+00:00
[2025-04-18T13:37:57.392+0000] {processor.py:208} INFO - Processing /home/airflow/.local/lib/python3.12/site-packages/airflow/example_dags/example_nested_branch_dag.py took 0.068 seconds
[2025-04-18T13:38:28.135+0000] {processor.py:186} INFO - Started process (PID=514) to work on /home/airflow/.local/lib/python3.12/site-packages/airflow/example_dags/example_nested_branch_dag.py
[2025-04-18T13:38:28.136+0000] {processor.py:914} INFO - Processing file /home/airflow/.local/lib/python3.12/site-packages/airflow/example_dags/example_nested_branch_dag.py for tasks to queue
[2025-04-18T13:38:28.137+0000] {logging_mixin.py:190} INFO - [2025-04-18T13:38:28.137+0000] {dagbag.py:588} INFO - Filling up the DagBag from /home/airflow/.local/lib/python3.12/site-packages/airflow/example_dags/example_nested_branch_dag.py
[2025-04-18T13:38:28.144+0000] {processor.py:925} INFO - DAG(s) 'example_nested_branch_dag' retrieved from /home/airflow/.local/lib/python3.12/site-packages/airflow/example_dags/example_nested_branch_dag.py
[2025-04-18T13:38:28.159+0000] {logging_mixin.py:190} INFO - [2025-04-18T13:38:28.159+0000] {dag.py:3239} INFO - Sync 1 DAGs
[2025-04-18T13:38:28.175+0000] {logging_mixin.py:190} INFO - [2025-04-18T13:38:28.175+0000] {dag.py:4180} INFO - Setting next_dagrun for example_nested_branch_dag to 2025-04-17 00:00:00+00:00, run_after=2025-04-18 00:00:00+00:00
[2025-04-18T13:38:28.184+0000] {processor.py:208} INFO - Processing /home/airflow/.local/lib/python3.12/site-packages/airflow/example_dags/example_nested_branch_dag.py took 0.052 seconds
[2025-04-18T13:39:00.409+0000] {processor.py:186} INFO - Started process (PID=587) to work on /home/airflow/.local/lib/python3.12/site-packages/airflow/example_dags/example_nested_branch_dag.py
[2025-04-18T13:39:00.417+0000] {processor.py:914} INFO - Processing file /home/airflow/.local/lib/python3.12/site-packages/airflow/example_dags/example_nested_branch_dag.py for tasks to queue
[2025-04-18T13:39:00.431+0000] {logging_mixin.py:190} INFO - [2025-04-18T13:39:00.427+0000] {dagbag.py:588} INFO - Filling up the DagBag from /home/airflow/.local/lib/python3.12/site-packages/airflow/example_dags/example_nested_branch_dag.py
[2025-04-18T13:39:00.529+0000] {processor.py:925} INFO - DAG(s) 'example_nested_branch_dag' retrieved from /home/airflow/.local/lib/python3.12/site-packages/airflow/example_dags/example_nested_branch_dag.py
[2025-04-18T13:39:00.822+0000] {logging_mixin.py:190} INFO - [2025-04-18T13:39:00.811+0000] {dag.py:3239} INFO - Sync 1 DAGs
[2025-04-18T13:39:00.998+0000] {logging_mixin.py:190} INFO - [2025-04-18T13:39:00.995+0000] {dag.py:4180} INFO - Setting next_dagrun for example_nested_branch_dag to 2025-04-17 00:00:00+00:00, run_after=2025-04-18 00:00:00+00:00
[2025-04-18T13:39:01.147+0000] {processor.py:208} INFO - Processing /home/airflow/.local/lib/python3.12/site-packages/airflow/example_dags/example_nested_branch_dag.py took 0.771 seconds
[2025-04-18T13:40:27.451+0000] {processor.py:186} INFO - Started process (PID=657) to work on /home/airflow/.local/lib/python3.12/site-packages/airflow/example_dags/example_nested_branch_dag.py
[2025-04-18T13:40:27.468+0000] {processor.py:914} INFO - Processing file /home/airflow/.local/lib/python3.12/site-packages/airflow/example_dags/example_nested_branch_dag.py for tasks to queue
[2025-04-18T13:40:27.514+0000] {logging_mixin.py:190} INFO - [2025-04-18T13:40:27.510+0000] {dagbag.py:588} INFO - Filling up the DagBag from /home/airflow/.local/lib/python3.12/site-packages/airflow/example_dags/example_nested_branch_dag.py
[2025-04-18T13:40:27.673+0000] {processor.py:925} INFO - DAG(s) 'example_nested_branch_dag' retrieved from /home/airflow/.local/lib/python3.12/site-packages/airflow/example_dags/example_nested_branch_dag.py
[2025-04-18T13:40:27.831+0000] {logging_mixin.py:190} INFO - [2025-04-18T13:40:27.824+0000] {dag.py:3239} INFO - Sync 1 DAGs
[2025-04-18T13:40:28.087+0000] {logging_mixin.py:190} INFO - [2025-04-18T13:40:28.084+0000] {dag.py:4180} INFO - Setting next_dagrun for example_nested_branch_dag to 2025-04-17 00:00:00+00:00, run_after=2025-04-18 00:00:00+00:00
[2025-04-18T13:40:28.345+0000] {processor.py:208} INFO - Processing /home/airflow/.local/lib/python3.12/site-packages/airflow/example_dags/example_nested_branch_dag.py took 0.936 seconds
[2025-04-18T13:43:31.022+0000] {processor.py:186} INFO - Started process (PID=72) to work on /home/airflow/.local/lib/python3.12/site-packages/airflow/example_dags/example_nested_branch_dag.py
[2025-04-18T13:43:31.029+0000] {processor.py:914} INFO - Processing file /home/airflow/.local/lib/python3.12/site-packages/airflow/example_dags/example_nested_branch_dag.py for tasks to queue
[2025-04-18T13:43:31.061+0000] {logging_mixin.py:190} INFO - [2025-04-18T13:43:31.060+0000] {dagbag.py:588} INFO - Filling up the DagBag from /home/airflow/.local/lib/python3.12/site-packages/airflow/example_dags/example_nested_branch_dag.py
[2025-04-18T13:43:31.127+0000] {processor.py:925} INFO - DAG(s) 'example_nested_branch_dag' retrieved from /home/airflow/.local/lib/python3.12/site-packages/airflow/example_dags/example_nested_branch_dag.py
[2025-04-18T13:43:31.284+0000] {logging_mixin.py:190} INFO - [2025-04-18T13:43:31.281+0000] {dag.py:3239} INFO - Sync 1 DAGs
[2025-04-18T13:43:31.389+0000] {logging_mixin.py:190} INFO - [2025-04-18T13:43:31.388+0000] {dag.py:4180} INFO - Setting next_dagrun for example_nested_branch_dag to 2025-04-17 00:00:00+00:00, run_after=2025-04-18 00:00:00+00:00
[2025-04-18T13:43:31.505+0000] {processor.py:208} INFO - Processing /home/airflow/.local/lib/python3.12/site-packages/airflow/example_dags/example_nested_branch_dag.py took 0.501 seconds
[2025-04-18T13:44:28.689+0000] {processor.py:186} INFO - Started process (PID=142) to work on /home/airflow/.local/lib/python3.12/site-packages/airflow/example_dags/example_nested_branch_dag.py
[2025-04-18T13:44:28.699+0000] {processor.py:914} INFO - Processing file /home/airflow/.local/lib/python3.12/site-packages/airflow/example_dags/example_nested_branch_dag.py for tasks to queue
[2025-04-18T13:44:28.702+0000] {logging_mixin.py:190} INFO - [2025-04-18T13:44:28.702+0000] {dagbag.py:588} INFO - Filling up the DagBag from /home/airflow/.local/lib/python3.12/site-packages/airflow/example_dags/example_nested_branch_dag.py
[2025-04-18T13:44:28.742+0000] {processor.py:925} INFO - DAG(s) 'example_nested_branch_dag' retrieved from /home/airflow/.local/lib/python3.12/site-packages/airflow/example_dags/example_nested_branch_dag.py
[2025-04-18T13:44:28.871+0000] {logging_mixin.py:190} INFO - [2025-04-18T13:44:28.871+0000] {dag.py:3239} INFO - Sync 1 DAGs
[2025-04-18T13:44:28.999+0000] {logging_mixin.py:190} INFO - [2025-04-18T13:44:28.998+0000] {dag.py:4180} INFO - Setting next_dagrun for example_nested_branch_dag to 2025-04-17 00:00:00+00:00, run_after=2025-04-18 00:00:00+00:00
[2025-04-18T13:44:29.086+0000] {processor.py:208} INFO - Processing /home/airflow/.local/lib/python3.12/site-packages/airflow/example_dags/example_nested_branch_dag.py took 0.419 seconds
[2025-04-18T13:45:18.011+0000] {processor.py:186} INFO - Started process (PID=211) to work on /home/airflow/.local/lib/python3.12/site-packages/airflow/example_dags/example_nested_branch_dag.py
[2025-04-18T13:45:18.019+0000] {processor.py:914} INFO - Processing file /home/airflow/.local/lib/python3.12/site-packages/airflow/example_dags/example_nested_branch_dag.py for tasks to queue
[2025-04-18T13:45:18.051+0000] {logging_mixin.py:190} INFO - [2025-04-18T13:45:18.049+0000] {dagbag.py:588} INFO - Filling up the DagBag from /home/airflow/.local/lib/python3.12/site-packages/airflow/example_dags/example_nested_branch_dag.py
[2025-04-18T13:45:18.177+0000] {processor.py:925} INFO - DAG(s) 'example_nested_branch_dag' retrieved from /home/airflow/.local/lib/python3.12/site-packages/airflow/example_dags/example_nested_branch_dag.py
[2025-04-18T13:45:18.392+0000] {logging_mixin.py:190} INFO - [2025-04-18T13:45:18.371+0000] {dag.py:3239} INFO - Sync 1 DAGs
[2025-04-18T13:45:18.524+0000] {logging_mixin.py:190} INFO - [2025-04-18T13:45:18.524+0000] {dag.py:4180} INFO - Setting next_dagrun for example_nested_branch_dag to 2025-04-17 00:00:00+00:00, run_after=2025-04-18 00:00:00+00:00
[2025-04-18T13:45:18.825+0000] {processor.py:208} INFO - Processing /home/airflow/.local/lib/python3.12/site-packages/airflow/example_dags/example_nested_branch_dag.py took 0.902 seconds
[2025-04-18T13:46:50.377+0000] {processor.py:186} INFO - Started process (PID=272) to work on /home/airflow/.local/lib/python3.12/site-packages/airflow/example_dags/example_nested_branch_dag.py
[2025-04-18T13:46:50.472+0000] {processor.py:914} INFO - Processing file /home/airflow/.local/lib/python3.12/site-packages/airflow/example_dags/example_nested_branch_dag.py for tasks to queue
[2025-04-18T13:46:50.550+0000] {logging_mixin.py:190} INFO - [2025-04-18T13:46:50.507+0000] {dagbag.py:588} INFO - Filling up the DagBag from /home/airflow/.local/lib/python3.12/site-packages/airflow/example_dags/example_nested_branch_dag.py
[2025-04-18T13:46:51.505+0000] {processor.py:925} INFO - DAG(s) 'example_nested_branch_dag' retrieved from /home/airflow/.local/lib/python3.12/site-packages/airflow/example_dags/example_nested_branch_dag.py
[2025-04-18T13:46:52.465+0000] {logging_mixin.py:190} INFO - [2025-04-18T13:46:52.459+0000] {dag.py:3239} INFO - Sync 1 DAGs
[2025-04-18T13:46:52.897+0000] {logging_mixin.py:190} INFO - [2025-04-18T13:46:52.896+0000] {dag.py:4180} INFO - Setting next_dagrun for example_nested_branch_dag to 2025-04-17 00:00:00+00:00, run_after=2025-04-18 00:00:00+00:00
[2025-04-18T13:46:53.261+0000] {processor.py:208} INFO - Processing /home/airflow/.local/lib/python3.12/site-packages/airflow/example_dags/example_nested_branch_dag.py took 4.742 seconds
[2025-04-18T13:49:03.584+0000] {processor.py:186} INFO - Started process (PID=69) to work on /home/airflow/.local/lib/python3.12/site-packages/airflow/example_dags/example_nested_branch_dag.py
[2025-04-18T13:49:03.592+0000] {processor.py:914} INFO - Processing file /home/airflow/.local/lib/python3.12/site-packages/airflow/example_dags/example_nested_branch_dag.py for tasks to queue
[2025-04-18T13:49:03.604+0000] {logging_mixin.py:190} INFO - [2025-04-18T13:49:03.603+0000] {dagbag.py:588} INFO - Filling up the DagBag from /home/airflow/.local/lib/python3.12/site-packages/airflow/example_dags/example_nested_branch_dag.py
[2025-04-18T13:49:03.705+0000] {processor.py:925} INFO - DAG(s) 'example_nested_branch_dag' retrieved from /home/airflow/.local/lib/python3.12/site-packages/airflow/example_dags/example_nested_branch_dag.py
[2025-04-18T13:49:03.862+0000] {logging_mixin.py:190} INFO - [2025-04-18T13:49:03.858+0000] {dag.py:3239} INFO - Sync 1 DAGs
[2025-04-18T13:49:03.953+0000] {logging_mixin.py:190} INFO - [2025-04-18T13:49:03.953+0000] {dag.py:4180} INFO - Setting next_dagrun for example_nested_branch_dag to 2025-04-17 00:00:00+00:00, run_after=2025-04-18 00:00:00+00:00
[2025-04-18T13:49:04.139+0000] {processor.py:208} INFO - Processing /home/airflow/.local/lib/python3.12/site-packages/airflow/example_dags/example_nested_branch_dag.py took 0.571 seconds
[2025-04-18T13:50:20.009+0000] {processor.py:186} INFO - Started process (PID=145) to work on /home/airflow/.local/lib/python3.12/site-packages/airflow/example_dags/example_nested_branch_dag.py
[2025-04-18T13:50:20.022+0000] {processor.py:914} INFO - Processing file /home/airflow/.local/lib/python3.12/site-packages/airflow/example_dags/example_nested_branch_dag.py for tasks to queue
[2025-04-18T13:50:20.083+0000] {logging_mixin.py:190} INFO - [2025-04-18T13:50:20.081+0000] {dagbag.py:588} INFO - Filling up the DagBag from /home/airflow/.local/lib/python3.12/site-packages/airflow/example_dags/example_nested_branch_dag.py
[2025-04-18T13:50:20.198+0000] {processor.py:925} INFO - DAG(s) 'example_nested_branch_dag' retrieved from /home/airflow/.local/lib/python3.12/site-packages/airflow/example_dags/example_nested_branch_dag.py
[2025-04-18T13:50:20.369+0000] {logging_mixin.py:190} INFO - [2025-04-18T13:50:20.368+0000] {dag.py:3239} INFO - Sync 1 DAGs
[2025-04-18T13:50:20.542+0000] {logging_mixin.py:190} INFO - [2025-04-18T13:50:20.541+0000] {dag.py:4180} INFO - Setting next_dagrun for example_nested_branch_dag to 2025-04-17 00:00:00+00:00, run_after=2025-04-18 00:00:00+00:00
[2025-04-18T13:50:20.683+0000] {processor.py:208} INFO - Processing /home/airflow/.local/lib/python3.12/site-packages/airflow/example_dags/example_nested_branch_dag.py took 0.703 seconds
[2025-04-18T13:50:56.485+0000] {processor.py:186} INFO - Started process (PID=182) to work on /home/airflow/.local/lib/python3.12/site-packages/airflow/example_dags/example_nested_branch_dag.py
[2025-04-18T13:50:56.496+0000] {processor.py:914} INFO - Processing file /home/airflow/.local/lib/python3.12/site-packages/airflow/example_dags/example_nested_branch_dag.py for tasks to queue
[2025-04-18T13:50:56.528+0000] {logging_mixin.py:190} INFO - [2025-04-18T13:50:56.525+0000] {dagbag.py:588} INFO - Filling up the DagBag from /home/airflow/.local/lib/python3.12/site-packages/airflow/example_dags/example_nested_branch_dag.py
[2025-04-18T13:50:56.619+0000] {processor.py:925} INFO - DAG(s) 'example_nested_branch_dag' retrieved from /home/airflow/.local/lib/python3.12/site-packages/airflow/example_dags/example_nested_branch_dag.py
[2025-04-18T13:50:56.807+0000] {logging_mixin.py:190} INFO - [2025-04-18T13:50:56.807+0000] {dag.py:3239} INFO - Sync 1 DAGs
[2025-04-18T13:50:57.079+0000] {logging_mixin.py:190} INFO - [2025-04-18T13:50:57.079+0000] {dag.py:4180} INFO - Setting next_dagrun for example_nested_branch_dag to 2025-04-17 00:00:00+00:00, run_after=2025-04-18 00:00:00+00:00
[2025-04-18T13:50:57.190+0000] {processor.py:208} INFO - Processing /home/airflow/.local/lib/python3.12/site-packages/airflow/example_dags/example_nested_branch_dag.py took 0.740 seconds
[2025-04-18T13:51:47.741+0000] {processor.py:186} INFO - Started process (PID=237) to work on /home/airflow/.local/lib/python3.12/site-packages/airflow/example_dags/example_nested_branch_dag.py
[2025-04-18T13:51:47.763+0000] {processor.py:914} INFO - Processing file /home/airflow/.local/lib/python3.12/site-packages/airflow/example_dags/example_nested_branch_dag.py for tasks to queue
[2025-04-18T13:51:47.786+0000] {logging_mixin.py:190} INFO - [2025-04-18T13:51:47.785+0000] {dagbag.py:588} INFO - Filling up the DagBag from /home/airflow/.local/lib/python3.12/site-packages/airflow/example_dags/example_nested_branch_dag.py
[2025-04-18T13:51:48.003+0000] {processor.py:925} INFO - DAG(s) 'example_nested_branch_dag' retrieved from /home/airflow/.local/lib/python3.12/site-packages/airflow/example_dags/example_nested_branch_dag.py
[2025-04-18T13:51:48.213+0000] {logging_mixin.py:190} INFO - [2025-04-18T13:51:48.212+0000] {dag.py:3239} INFO - Sync 1 DAGs
[2025-04-18T13:51:48.430+0000] {logging_mixin.py:190} INFO - [2025-04-18T13:51:48.429+0000] {dag.py:4180} INFO - Setting next_dagrun for example_nested_branch_dag to 2025-04-17 00:00:00+00:00, run_after=2025-04-18 00:00:00+00:00
[2025-04-18T13:51:48.690+0000] {processor.py:208} INFO - Processing /home/airflow/.local/lib/python3.12/site-packages/airflow/example_dags/example_nested_branch_dag.py took 1.044 seconds
[2025-04-18T13:52:21.552+0000] {processor.py:186} INFO - Started process (PID=281) to work on /home/airflow/.local/lib/python3.12/site-packages/airflow/example_dags/example_nested_branch_dag.py
[2025-04-18T13:52:21.562+0000] {processor.py:914} INFO - Processing file /home/airflow/.local/lib/python3.12/site-packages/airflow/example_dags/example_nested_branch_dag.py for tasks to queue
[2025-04-18T13:52:21.598+0000] {logging_mixin.py:190} INFO - [2025-04-18T13:52:21.597+0000] {dagbag.py:588} INFO - Filling up the DagBag from /home/airflow/.local/lib/python3.12/site-packages/airflow/example_dags/example_nested_branch_dag.py
[2025-04-18T13:52:21.662+0000] {processor.py:925} INFO - DAG(s) 'example_nested_branch_dag' retrieved from /home/airflow/.local/lib/python3.12/site-packages/airflow/example_dags/example_nested_branch_dag.py
[2025-04-18T13:52:21.873+0000] {logging_mixin.py:190} INFO - [2025-04-18T13:52:21.872+0000] {dag.py:3239} INFO - Sync 1 DAGs
[2025-04-18T13:52:22.133+0000] {logging_mixin.py:190} INFO - [2025-04-18T13:52:22.132+0000] {dag.py:4180} INFO - Setting next_dagrun for example_nested_branch_dag to 2025-04-17 00:00:00+00:00, run_after=2025-04-18 00:00:00+00:00
[2025-04-18T13:52:22.393+0000] {processor.py:208} INFO - Processing /home/airflow/.local/lib/python3.12/site-packages/airflow/example_dags/example_nested_branch_dag.py took 0.892 seconds
[2025-04-18T13:52:57.512+0000] {processor.py:186} INFO - Started process (PID=311) to work on /home/airflow/.local/lib/python3.12/site-packages/airflow/example_dags/example_nested_branch_dag.py
[2025-04-18T13:52:57.516+0000] {processor.py:914} INFO - Processing file /home/airflow/.local/lib/python3.12/site-packages/airflow/example_dags/example_nested_branch_dag.py for tasks to queue
[2025-04-18T13:52:57.557+0000] {logging_mixin.py:190} INFO - [2025-04-18T13:52:57.549+0000] {dagbag.py:588} INFO - Filling up the DagBag from /home/airflow/.local/lib/python3.12/site-packages/airflow/example_dags/example_nested_branch_dag.py
[2025-04-18T13:52:57.717+0000] {processor.py:925} INFO - DAG(s) 'example_nested_branch_dag' retrieved from /home/airflow/.local/lib/python3.12/site-packages/airflow/example_dags/example_nested_branch_dag.py
[2025-04-18T13:52:58.021+0000] {logging_mixin.py:190} INFO - [2025-04-18T13:52:58.019+0000] {dag.py:3239} INFO - Sync 1 DAGs
[2025-04-18T13:52:58.350+0000] {logging_mixin.py:190} INFO - [2025-04-18T13:52:58.349+0000] {dag.py:4180} INFO - Setting next_dagrun for example_nested_branch_dag to 2025-04-17 00:00:00+00:00, run_after=2025-04-18 00:00:00+00:00
[2025-04-18T13:52:58.567+0000] {processor.py:208} INFO - Processing /home/airflow/.local/lib/python3.12/site-packages/airflow/example_dags/example_nested_branch_dag.py took 1.089 seconds
[2025-04-18T13:53:34.279+0000] {processor.py:186} INFO - Started process (PID=355) to work on /home/airflow/.local/lib/python3.12/site-packages/airflow/example_dags/example_nested_branch_dag.py
[2025-04-18T13:53:34.280+0000] {processor.py:914} INFO - Processing file /home/airflow/.local/lib/python3.12/site-packages/airflow/example_dags/example_nested_branch_dag.py for tasks to queue
[2025-04-18T13:53:34.290+0000] {logging_mixin.py:190} INFO - [2025-04-18T13:53:34.290+0000] {dagbag.py:588} INFO - Filling up the DagBag from /home/airflow/.local/lib/python3.12/site-packages/airflow/example_dags/example_nested_branch_dag.py
[2025-04-18T13:53:34.340+0000] {processor.py:925} INFO - DAG(s) 'example_nested_branch_dag' retrieved from /home/airflow/.local/lib/python3.12/site-packages/airflow/example_dags/example_nested_branch_dag.py
[2025-04-18T13:53:34.802+0000] {logging_mixin.py:190} INFO - [2025-04-18T13:53:34.789+0000] {dag.py:3239} INFO - Sync 1 DAGs
[2025-04-18T13:53:35.067+0000] {logging_mixin.py:190} INFO - [2025-04-18T13:53:35.066+0000] {dag.py:4180} INFO - Setting next_dagrun for example_nested_branch_dag to 2025-04-17 00:00:00+00:00, run_after=2025-04-18 00:00:00+00:00
[2025-04-18T13:53:35.266+0000] {processor.py:208} INFO - Processing /home/airflow/.local/lib/python3.12/site-packages/airflow/example_dags/example_nested_branch_dag.py took 0.999 seconds
[2025-04-18T13:54:08.111+0000] {processor.py:186} INFO - Started process (PID=410) to work on /home/airflow/.local/lib/python3.12/site-packages/airflow/example_dags/example_nested_branch_dag.py
[2025-04-18T13:54:08.113+0000] {processor.py:914} INFO - Processing file /home/airflow/.local/lib/python3.12/site-packages/airflow/example_dags/example_nested_branch_dag.py for tasks to queue
[2025-04-18T13:54:08.118+0000] {logging_mixin.py:190} INFO - [2025-04-18T13:54:08.117+0000] {dagbag.py:588} INFO - Filling up the DagBag from /home/airflow/.local/lib/python3.12/site-packages/airflow/example_dags/example_nested_branch_dag.py
[2025-04-18T13:54:08.200+0000] {processor.py:925} INFO - DAG(s) 'example_nested_branch_dag' retrieved from /home/airflow/.local/lib/python3.12/site-packages/airflow/example_dags/example_nested_branch_dag.py
[2025-04-18T13:54:08.357+0000] {logging_mixin.py:190} INFO - [2025-04-18T13:54:08.355+0000] {dag.py:3239} INFO - Sync 1 DAGs
[2025-04-18T13:54:08.472+0000] {logging_mixin.py:190} INFO - [2025-04-18T13:54:08.470+0000] {dag.py:4180} INFO - Setting next_dagrun for example_nested_branch_dag to 2025-04-17 00:00:00+00:00, run_after=2025-04-18 00:00:00+00:00
[2025-04-18T13:54:08.571+0000] {processor.py:208} INFO - Processing /home/airflow/.local/lib/python3.12/site-packages/airflow/example_dags/example_nested_branch_dag.py took 0.471 seconds
[2025-04-18T13:54:40.700+0000] {processor.py:186} INFO - Started process (PID=471) to work on /home/airflow/.local/lib/python3.12/site-packages/airflow/example_dags/example_nested_branch_dag.py
[2025-04-18T13:54:40.706+0000] {processor.py:914} INFO - Processing file /home/airflow/.local/lib/python3.12/site-packages/airflow/example_dags/example_nested_branch_dag.py for tasks to queue
[2025-04-18T13:54:40.730+0000] {logging_mixin.py:190} INFO - [2025-04-18T13:54:40.728+0000] {dagbag.py:588} INFO - Filling up the DagBag from /home/airflow/.local/lib/python3.12/site-packages/airflow/example_dags/example_nested_branch_dag.py
[2025-04-18T13:54:40.833+0000] {processor.py:925} INFO - DAG(s) 'example_nested_branch_dag' retrieved from /home/airflow/.local/lib/python3.12/site-packages/airflow/example_dags/example_nested_branch_dag.py
[2025-04-18T13:54:41.105+0000] {logging_mixin.py:190} INFO - [2025-04-18T13:54:41.104+0000] {dag.py:3239} INFO - Sync 1 DAGs
[2025-04-18T13:54:41.304+0000] {logging_mixin.py:190} INFO - [2025-04-18T13:54:41.298+0000] {dag.py:4180} INFO - Setting next_dagrun for example_nested_branch_dag to 2025-04-17 00:00:00+00:00, run_after=2025-04-18 00:00:00+00:00
[2025-04-18T13:54:41.460+0000] {processor.py:208} INFO - Processing /home/airflow/.local/lib/python3.12/site-packages/airflow/example_dags/example_nested_branch_dag.py took 0.779 seconds
