[2025-04-18T13:26:21.122+0000] {processor.py:186} INFO - Started process (PID=95) to work on /home/airflow/.local/lib/python3.12/site-packages/airflow/example_dags/example_workday_timetable.py
[2025-04-18T13:26:21.285+0000] {processor.py:914} INFO - Processing file /home/airflow/.local/lib/python3.12/site-packages/airflow/example_dags/example_workday_timetable.py for tasks to queue
[2025-04-18T13:26:21.374+0000] {logging_mixin.py:190} INFO - [2025-04-18T13:26:21.345+0000] {dagbag.py:588} INFO - Filling up the DagBag from /home/airflow/.local/lib/python3.12/site-packages/airflow/example_dags/example_workday_timetable.py
[2025-04-18T13:26:21.602+0000] {processor.py:925} INFO - DAG(s) 'example_workday_timetable' retrieved from /home/airflow/.local/lib/python3.12/site-packages/airflow/example_dags/example_workday_timetable.py
[2025-04-18T13:26:25.366+0000] {logging_mixin.py:190} INFO - [2025-04-18T13:26:25.346+0000] {dag.py:3239} INFO - Sync 1 DAGs
[2025-04-18T13:26:33.376+0000] {logging_mixin.py:190} INFO - [2025-04-18T13:26:33.331+0000] {dag.py:4180} INFO - Setting next_dagrun for example_workday_timetable to 2021-01-04 00:00:00+00:00, run_after=2021-01-05 00:00:00+00:00
[2025-04-18T13:26:34.419+0000] {processor.py:208} INFO - Processing /home/airflow/.local/lib/python3.12/site-packages/airflow/example_dags/example_workday_timetable.py took 13.407 seconds
[2025-04-18T13:30:11.478+0000] {processor.py:186} INFO - Started process (PID=94) to work on /home/airflow/.local/lib/python3.12/site-packages/airflow/example_dags/example_workday_timetable.py
[2025-04-18T13:30:11.483+0000] {processor.py:914} INFO - Processing file /home/airflow/.local/lib/python3.12/site-packages/airflow/example_dags/example_workday_timetable.py for tasks to queue
[2025-04-18T13:30:11.488+0000] {logging_mixin.py:190} INFO - [2025-04-18T13:30:11.487+0000] {dagbag.py:588} INFO - Filling up the DagBag from /home/airflow/.local/lib/python3.12/site-packages/airflow/example_dags/example_workday_timetable.py
[2025-04-18T13:30:11.510+0000] {processor.py:925} INFO - DAG(s) 'example_workday_timetable' retrieved from /home/airflow/.local/lib/python3.12/site-packages/airflow/example_dags/example_workday_timetable.py
[2025-04-18T13:30:11.604+0000] {logging_mixin.py:190} INFO - [2025-04-18T13:30:11.603+0000] {dag.py:3239} INFO - Sync 1 DAGs
[2025-04-18T13:30:11.973+0000] {logging_mixin.py:190} INFO - [2025-04-18T13:30:11.972+0000] {dag.py:4180} INFO - Setting next_dagrun for example_workday_timetable to 2021-01-04 00:00:00+00:00, run_after=2021-01-05 00:00:00+00:00
[2025-04-18T13:30:12.065+0000] {processor.py:208} INFO - Processing /home/airflow/.local/lib/python3.12/site-packages/airflow/example_dags/example_workday_timetable.py took 0.600 seconds
[2025-04-18T13:30:46.887+0000] {processor.py:186} INFO - Started process (PID=157) to work on /home/airflow/.local/lib/python3.12/site-packages/airflow/example_dags/example_workday_timetable.py
[2025-04-18T13:30:46.889+0000] {processor.py:914} INFO - Processing file /home/airflow/.local/lib/python3.12/site-packages/airflow/example_dags/example_workday_timetable.py for tasks to queue
[2025-04-18T13:30:46.895+0000] {logging_mixin.py:190} INFO - [2025-04-18T13:30:46.893+0000] {dagbag.py:588} INFO - Filling up the DagBag from /home/airflow/.local/lib/python3.12/site-packages/airflow/example_dags/example_workday_timetable.py
[2025-04-18T13:30:46.915+0000] {processor.py:925} INFO - DAG(s) 'example_workday_timetable' retrieved from /home/airflow/.local/lib/python3.12/site-packages/airflow/example_dags/example_workday_timetable.py
[2025-04-18T13:30:46.967+0000] {logging_mixin.py:190} INFO - [2025-04-18T13:30:46.966+0000] {dag.py:3239} INFO - Sync 1 DAGs
[2025-04-18T13:30:47.266+0000] {logging_mixin.py:190} INFO - [2025-04-18T13:30:47.265+0000] {dag.py:4180} INFO - Setting next_dagrun for example_workday_timetable to 2021-01-04 00:00:00+00:00, run_after=2021-01-05 00:00:00+00:00
[2025-04-18T13:30:47.343+0000] {processor.py:208} INFO - Processing /home/airflow/.local/lib/python3.12/site-packages/airflow/example_dags/example_workday_timetable.py took 0.467 seconds
[2025-04-18T13:31:17.584+0000] {processor.py:186} INFO - Started process (PID=221) to work on /home/airflow/.local/lib/python3.12/site-packages/airflow/example_dags/example_workday_timetable.py
[2025-04-18T13:31:17.586+0000] {processor.py:914} INFO - Processing file /home/airflow/.local/lib/python3.12/site-packages/airflow/example_dags/example_workday_timetable.py for tasks to queue
[2025-04-18T13:31:17.587+0000] {logging_mixin.py:190} INFO - [2025-04-18T13:31:17.587+0000] {dagbag.py:588} INFO - Filling up the DagBag from /home/airflow/.local/lib/python3.12/site-packages/airflow/example_dags/example_workday_timetable.py
[2025-04-18T13:31:17.591+0000] {processor.py:925} INFO - DAG(s) 'example_workday_timetable' retrieved from /home/airflow/.local/lib/python3.12/site-packages/airflow/example_dags/example_workday_timetable.py
[2025-04-18T13:31:17.606+0000] {logging_mixin.py:190} INFO - [2025-04-18T13:31:17.606+0000] {dag.py:3239} INFO - Sync 1 DAGs
[2025-04-18T13:31:17.681+0000] {logging_mixin.py:190} INFO - [2025-04-18T13:31:17.681+0000] {dag.py:4180} INFO - Setting next_dagrun for example_workday_timetable to 2021-01-04 00:00:00+00:00, run_after=2021-01-05 00:00:00+00:00
[2025-04-18T13:31:17.691+0000] {processor.py:208} INFO - Processing /home/airflow/.local/lib/python3.12/site-packages/airflow/example_dags/example_workday_timetable.py took 0.111 seconds
[2025-04-18T13:31:48.396+0000] {processor.py:186} INFO - Started process (PID=285) to work on /home/airflow/.local/lib/python3.12/site-packages/airflow/example_dags/example_workday_timetable.py
[2025-04-18T13:31:48.397+0000] {processor.py:914} INFO - Processing file /home/airflow/.local/lib/python3.12/site-packages/airflow/example_dags/example_workday_timetable.py for tasks to queue
[2025-04-18T13:31:48.398+0000] {logging_mixin.py:190} INFO - [2025-04-18T13:31:48.398+0000] {dagbag.py:588} INFO - Filling up the DagBag from /home/airflow/.local/lib/python3.12/site-packages/airflow/example_dags/example_workday_timetable.py
[2025-04-18T13:31:48.401+0000] {processor.py:925} INFO - DAG(s) 'example_workday_timetable' retrieved from /home/airflow/.local/lib/python3.12/site-packages/airflow/example_dags/example_workday_timetable.py
[2025-04-18T13:31:48.409+0000] {logging_mixin.py:190} INFO - [2025-04-18T13:31:48.409+0000] {dag.py:3239} INFO - Sync 1 DAGs
[2025-04-18T13:31:48.459+0000] {logging_mixin.py:190} INFO - [2025-04-18T13:31:48.459+0000] {dag.py:4180} INFO - Setting next_dagrun for example_workday_timetable to 2021-01-04 00:00:00+00:00, run_after=2021-01-05 00:00:00+00:00
[2025-04-18T13:31:48.470+0000] {processor.py:208} INFO - Processing /home/airflow/.local/lib/python3.12/site-packages/airflow/example_dags/example_workday_timetable.py took 0.077 seconds
[2025-04-18T13:32:19.042+0000] {processor.py:186} INFO - Started process (PID=349) to work on /home/airflow/.local/lib/python3.12/site-packages/airflow/example_dags/example_workday_timetable.py
[2025-04-18T13:32:19.044+0000] {processor.py:914} INFO - Processing file /home/airflow/.local/lib/python3.12/site-packages/airflow/example_dags/example_workday_timetable.py for tasks to queue
[2025-04-18T13:32:19.045+0000] {logging_mixin.py:190} INFO - [2025-04-18T13:32:19.045+0000] {dagbag.py:588} INFO - Filling up the DagBag from /home/airflow/.local/lib/python3.12/site-packages/airflow/example_dags/example_workday_timetable.py
[2025-04-18T13:32:19.048+0000] {processor.py:925} INFO - DAG(s) 'example_workday_timetable' retrieved from /home/airflow/.local/lib/python3.12/site-packages/airflow/example_dags/example_workday_timetable.py
[2025-04-18T13:32:19.062+0000] {logging_mixin.py:190} INFO - [2025-04-18T13:32:19.061+0000] {dag.py:3239} INFO - Sync 1 DAGs
[2025-04-18T13:32:19.097+0000] {logging_mixin.py:190} INFO - [2025-04-18T13:32:19.096+0000] {dag.py:4180} INFO - Setting next_dagrun for example_workday_timetable to 2021-01-04 00:00:00+00:00, run_after=2021-01-05 00:00:00+00:00
[2025-04-18T13:32:19.106+0000] {processor.py:208} INFO - Processing /home/airflow/.local/lib/python3.12/site-packages/airflow/example_dags/example_workday_timetable.py took 0.068 seconds
[2025-04-18T13:35:02.739+0000] {processor.py:186} INFO - Started process (PID=89) to work on /home/airflow/.local/lib/python3.12/site-packages/airflow/example_dags/example_workday_timetable.py
[2025-04-18T13:35:02.741+0000] {processor.py:914} INFO - Processing file /home/airflow/.local/lib/python3.12/site-packages/airflow/example_dags/example_workday_timetable.py for tasks to queue
[2025-04-18T13:35:02.746+0000] {logging_mixin.py:190} INFO - [2025-04-18T13:35:02.745+0000] {dagbag.py:588} INFO - Filling up the DagBag from /home/airflow/.local/lib/python3.12/site-packages/airflow/example_dags/example_workday_timetable.py
[2025-04-18T13:35:02.766+0000] {processor.py:925} INFO - DAG(s) 'example_workday_timetable' retrieved from /home/airflow/.local/lib/python3.12/site-packages/airflow/example_dags/example_workday_timetable.py
[2025-04-18T13:35:02.825+0000] {logging_mixin.py:190} INFO - [2025-04-18T13:35:02.825+0000] {dag.py:3239} INFO - Sync 1 DAGs
[2025-04-18T13:35:02.981+0000] {logging_mixin.py:190} INFO - [2025-04-18T13:35:02.980+0000] {dag.py:4180} INFO - Setting next_dagrun for example_workday_timetable to 2021-01-04 00:00:00+00:00, run_after=2021-01-05 00:00:00+00:00
[2025-04-18T13:35:03.041+0000] {processor.py:208} INFO - Processing /home/airflow/.local/lib/python3.12/site-packages/airflow/example_dags/example_workday_timetable.py took 0.320 seconds
[2025-04-18T13:35:33.205+0000] {processor.py:186} INFO - Started process (PID=152) to work on /home/airflow/.local/lib/python3.12/site-packages/airflow/example_dags/example_workday_timetable.py
[2025-04-18T13:35:33.207+0000] {processor.py:914} INFO - Processing file /home/airflow/.local/lib/python3.12/site-packages/airflow/example_dags/example_workday_timetable.py for tasks to queue
[2025-04-18T13:35:33.211+0000] {logging_mixin.py:190} INFO - [2025-04-18T13:35:33.210+0000] {dagbag.py:588} INFO - Filling up the DagBag from /home/airflow/.local/lib/python3.12/site-packages/airflow/example_dags/example_workday_timetable.py
[2025-04-18T13:35:33.225+0000] {processor.py:925} INFO - DAG(s) 'example_workday_timetable' retrieved from /home/airflow/.local/lib/python3.12/site-packages/airflow/example_dags/example_workday_timetable.py
[2025-04-18T13:35:33.250+0000] {logging_mixin.py:190} INFO - [2025-04-18T13:35:33.249+0000] {dag.py:3239} INFO - Sync 1 DAGs
[2025-04-18T13:35:33.319+0000] {logging_mixin.py:190} INFO - [2025-04-18T13:35:33.319+0000] {dag.py:4180} INFO - Setting next_dagrun for example_workday_timetable to 2021-01-04 00:00:00+00:00, run_after=2021-01-05 00:00:00+00:00
[2025-04-18T13:35:33.333+0000] {processor.py:208} INFO - Processing /home/airflow/.local/lib/python3.12/site-packages/airflow/example_dags/example_workday_timetable.py took 0.138 seconds
[2025-04-18T13:36:03.665+0000] {processor.py:186} INFO - Started process (PID=216) to work on /home/airflow/.local/lib/python3.12/site-packages/airflow/example_dags/example_workday_timetable.py
[2025-04-18T13:36:03.668+0000] {processor.py:914} INFO - Processing file /home/airflow/.local/lib/python3.12/site-packages/airflow/example_dags/example_workday_timetable.py for tasks to queue
[2025-04-18T13:36:03.674+0000] {logging_mixin.py:190} INFO - [2025-04-18T13:36:03.674+0000] {dagbag.py:588} INFO - Filling up the DagBag from /home/airflow/.local/lib/python3.12/site-packages/airflow/example_dags/example_workday_timetable.py
[2025-04-18T13:36:03.693+0000] {processor.py:925} INFO - DAG(s) 'example_workday_timetable' retrieved from /home/airflow/.local/lib/python3.12/site-packages/airflow/example_dags/example_workday_timetable.py
[2025-04-18T13:36:03.732+0000] {logging_mixin.py:190} INFO - [2025-04-18T13:36:03.732+0000] {dag.py:3239} INFO - Sync 1 DAGs
[2025-04-18T13:36:03.815+0000] {logging_mixin.py:190} INFO - [2025-04-18T13:36:03.815+0000] {dag.py:4180} INFO - Setting next_dagrun for example_workday_timetable to 2021-01-04 00:00:00+00:00, run_after=2021-01-05 00:00:00+00:00
[2025-04-18T13:36:03.831+0000] {processor.py:208} INFO - Processing /home/airflow/.local/lib/python3.12/site-packages/airflow/example_dags/example_workday_timetable.py took 0.175 seconds
[2025-04-18T13:36:33.981+0000] {processor.py:186} INFO - Started process (PID=280) to work on /home/airflow/.local/lib/python3.12/site-packages/airflow/example_dags/example_workday_timetable.py
[2025-04-18T13:36:33.986+0000] {processor.py:914} INFO - Processing file /home/airflow/.local/lib/python3.12/site-packages/airflow/example_dags/example_workday_timetable.py for tasks to queue
[2025-04-18T13:36:34.002+0000] {logging_mixin.py:190} INFO - [2025-04-18T13:36:34.001+0000] {dagbag.py:588} INFO - Filling up the DagBag from /home/airflow/.local/lib/python3.12/site-packages/airflow/example_dags/example_workday_timetable.py
[2025-04-18T13:36:34.033+0000] {processor.py:925} INFO - DAG(s) 'example_workday_timetable' retrieved from /home/airflow/.local/lib/python3.12/site-packages/airflow/example_dags/example_workday_timetable.py
[2025-04-18T13:36:34.080+0000] {logging_mixin.py:190} INFO - [2025-04-18T13:36:34.080+0000] {dag.py:3239} INFO - Sync 1 DAGs
[2025-04-18T13:36:34.126+0000] {logging_mixin.py:190} INFO - [2025-04-18T13:36:34.126+0000] {dag.py:4180} INFO - Setting next_dagrun for example_workday_timetable to 2021-01-04 00:00:00+00:00, run_after=2021-01-05 00:00:00+00:00
[2025-04-18T13:36:34.140+0000] {processor.py:208} INFO - Processing /home/airflow/.local/lib/python3.12/site-packages/airflow/example_dags/example_workday_timetable.py took 0.184 seconds
[2025-04-18T13:37:04.257+0000] {processor.py:186} INFO - Started process (PID=343) to work on /home/airflow/.local/lib/python3.12/site-packages/airflow/example_dags/example_workday_timetable.py
[2025-04-18T13:37:04.258+0000] {processor.py:914} INFO - Processing file /home/airflow/.local/lib/python3.12/site-packages/airflow/example_dags/example_workday_timetable.py for tasks to queue
[2025-04-18T13:37:04.260+0000] {logging_mixin.py:190} INFO - [2025-04-18T13:37:04.260+0000] {dagbag.py:588} INFO - Filling up the DagBag from /home/airflow/.local/lib/python3.12/site-packages/airflow/example_dags/example_workday_timetable.py
[2025-04-18T13:37:04.279+0000] {processor.py:925} INFO - DAG(s) 'example_workday_timetable' retrieved from /home/airflow/.local/lib/python3.12/site-packages/airflow/example_dags/example_workday_timetable.py
[2025-04-18T13:37:04.323+0000] {logging_mixin.py:190} INFO - [2025-04-18T13:37:04.323+0000] {dag.py:3239} INFO - Sync 1 DAGs
[2025-04-18T13:37:04.392+0000] {logging_mixin.py:190} INFO - [2025-04-18T13:37:04.392+0000] {dag.py:4180} INFO - Setting next_dagrun for example_workday_timetable to 2021-01-04 00:00:00+00:00, run_after=2021-01-05 00:00:00+00:00
[2025-04-18T13:37:04.413+0000] {processor.py:208} INFO - Processing /home/airflow/.local/lib/python3.12/site-packages/airflow/example_dags/example_workday_timetable.py took 0.162 seconds
[2025-04-18T13:37:34.827+0000] {processor.py:186} INFO - Started process (PID=406) to work on /home/airflow/.local/lib/python3.12/site-packages/airflow/example_dags/example_workday_timetable.py
[2025-04-18T13:37:34.828+0000] {processor.py:914} INFO - Processing file /home/airflow/.local/lib/python3.12/site-packages/airflow/example_dags/example_workday_timetable.py for tasks to queue
[2025-04-18T13:37:34.829+0000] {logging_mixin.py:190} INFO - [2025-04-18T13:37:34.829+0000] {dagbag.py:588} INFO - Filling up the DagBag from /home/airflow/.local/lib/python3.12/site-packages/airflow/example_dags/example_workday_timetable.py
[2025-04-18T13:37:34.834+0000] {processor.py:925} INFO - DAG(s) 'example_workday_timetable' retrieved from /home/airflow/.local/lib/python3.12/site-packages/airflow/example_dags/example_workday_timetable.py
[2025-04-18T13:37:34.847+0000] {logging_mixin.py:190} INFO - [2025-04-18T13:37:34.846+0000] {dag.py:3239} INFO - Sync 1 DAGs
[2025-04-18T13:37:34.893+0000] {logging_mixin.py:190} INFO - [2025-04-18T13:37:34.893+0000] {dag.py:4180} INFO - Setting next_dagrun for example_workday_timetable to 2021-01-04 00:00:00+00:00, run_after=2021-01-05 00:00:00+00:00
[2025-04-18T13:37:34.905+0000] {processor.py:208} INFO - Processing /home/airflow/.local/lib/python3.12/site-packages/airflow/example_dags/example_workday_timetable.py took 0.082 seconds
[2025-04-18T13:38:05.454+0000] {processor.py:186} INFO - Started process (PID=469) to work on /home/airflow/.local/lib/python3.12/site-packages/airflow/example_dags/example_workday_timetable.py
[2025-04-18T13:38:05.455+0000] {processor.py:914} INFO - Processing file /home/airflow/.local/lib/python3.12/site-packages/airflow/example_dags/example_workday_timetable.py for tasks to queue
[2025-04-18T13:38:05.458+0000] {logging_mixin.py:190} INFO - [2025-04-18T13:38:05.457+0000] {dagbag.py:588} INFO - Filling up the DagBag from /home/airflow/.local/lib/python3.12/site-packages/airflow/example_dags/example_workday_timetable.py
[2025-04-18T13:38:05.464+0000] {processor.py:925} INFO - DAG(s) 'example_workday_timetable' retrieved from /home/airflow/.local/lib/python3.12/site-packages/airflow/example_dags/example_workday_timetable.py
[2025-04-18T13:38:05.480+0000] {logging_mixin.py:190} INFO - [2025-04-18T13:38:05.480+0000] {dag.py:3239} INFO - Sync 1 DAGs
[2025-04-18T13:38:05.541+0000] {logging_mixin.py:190} INFO - [2025-04-18T13:38:05.541+0000] {dag.py:4180} INFO - Setting next_dagrun for example_workday_timetable to 2021-01-04 00:00:00+00:00, run_after=2021-01-05 00:00:00+00:00
[2025-04-18T13:38:05.554+0000] {processor.py:208} INFO - Processing /home/airflow/.local/lib/python3.12/site-packages/airflow/example_dags/example_workday_timetable.py took 0.105 seconds
[2025-04-18T13:38:36.034+0000] {processor.py:186} INFO - Started process (PID=533) to work on /home/airflow/.local/lib/python3.12/site-packages/airflow/example_dags/example_workday_timetable.py
[2025-04-18T13:38:36.035+0000] {processor.py:914} INFO - Processing file /home/airflow/.local/lib/python3.12/site-packages/airflow/example_dags/example_workday_timetable.py for tasks to queue
[2025-04-18T13:38:36.036+0000] {logging_mixin.py:190} INFO - [2025-04-18T13:38:36.036+0000] {dagbag.py:588} INFO - Filling up the DagBag from /home/airflow/.local/lib/python3.12/site-packages/airflow/example_dags/example_workday_timetable.py
[2025-04-18T13:38:36.039+0000] {processor.py:925} INFO - DAG(s) 'example_workday_timetable' retrieved from /home/airflow/.local/lib/python3.12/site-packages/airflow/example_dags/example_workday_timetable.py
[2025-04-18T13:38:36.050+0000] {logging_mixin.py:190} INFO - [2025-04-18T13:38:36.050+0000] {dag.py:3239} INFO - Sync 1 DAGs
[2025-04-18T13:38:36.085+0000] {logging_mixin.py:190} INFO - [2025-04-18T13:38:36.085+0000] {dag.py:4180} INFO - Setting next_dagrun for example_workday_timetable to 2021-01-04 00:00:00+00:00, run_after=2021-01-05 00:00:00+00:00
[2025-04-18T13:38:36.097+0000] {processor.py:208} INFO - Processing /home/airflow/.local/lib/python3.12/site-packages/airflow/example_dags/example_workday_timetable.py took 0.065 seconds
[2025-04-18T13:39:56.117+0000] {processor.py:186} INFO - Started process (PID=616) to work on /home/airflow/.local/lib/python3.12/site-packages/airflow/example_dags/example_workday_timetable.py
[2025-04-18T13:39:56.144+0000] {processor.py:914} INFO - Processing file /home/airflow/.local/lib/python3.12/site-packages/airflow/example_dags/example_workday_timetable.py for tasks to queue
[2025-04-18T13:39:56.237+0000] {logging_mixin.py:190} INFO - [2025-04-18T13:39:56.216+0000] {dagbag.py:588} INFO - Filling up the DagBag from /home/airflow/.local/lib/python3.12/site-packages/airflow/example_dags/example_workday_timetable.py
[2025-04-18T13:39:56.296+0000] {processor.py:925} INFO - DAG(s) 'example_workday_timetable' retrieved from /home/airflow/.local/lib/python3.12/site-packages/airflow/example_dags/example_workday_timetable.py
[2025-04-18T13:39:56.616+0000] {logging_mixin.py:190} INFO - [2025-04-18T13:39:56.614+0000] {dag.py:3239} INFO - Sync 1 DAGs
[2025-04-18T13:39:57.827+0000] {logging_mixin.py:190} INFO - [2025-04-18T13:39:57.820+0000] {dag.py:4180} INFO - Setting next_dagrun for example_workday_timetable to 2021-01-04 00:00:00+00:00, run_after=2021-01-05 00:00:00+00:00
[2025-04-18T13:39:58.372+0000] {processor.py:208} INFO - Processing /home/airflow/.local/lib/python3.12/site-packages/airflow/example_dags/example_workday_timetable.py took 2.260 seconds
[2025-04-18T13:41:13.995+0000] {processor.py:186} INFO - Started process (PID=700) to work on /home/airflow/.local/lib/python3.12/site-packages/airflow/example_dags/example_workday_timetable.py
[2025-04-18T13:41:14.260+0000] {processor.py:914} INFO - Processing file /home/airflow/.local/lib/python3.12/site-packages/airflow/example_dags/example_workday_timetable.py for tasks to queue
[2025-04-18T13:41:15.234+0000] {logging_mixin.py:190} INFO - [2025-04-18T13:41:15.193+0000] {dagbag.py:588} INFO - Filling up the DagBag from /home/airflow/.local/lib/python3.12/site-packages/airflow/example_dags/example_workday_timetable.py
[2025-04-18T13:41:15.853+0000] {processor.py:925} INFO - DAG(s) 'example_workday_timetable' retrieved from /home/airflow/.local/lib/python3.12/site-packages/airflow/example_dags/example_workday_timetable.py
[2025-04-18T13:41:19.456+0000] {logging_mixin.py:190} INFO - [2025-04-18T13:41:19.261+0000] {dag.py:3239} INFO - Sync 1 DAGs
[2025-04-18T13:43:48.181+0000] {processor.py:186} INFO - Started process (PID=100) to work on /home/airflow/.local/lib/python3.12/site-packages/airflow/example_dags/example_workday_timetable.py
[2025-04-18T13:43:48.216+0000] {processor.py:914} INFO - Processing file /home/airflow/.local/lib/python3.12/site-packages/airflow/example_dags/example_workday_timetable.py for tasks to queue
[2025-04-18T13:43:48.263+0000] {logging_mixin.py:190} INFO - [2025-04-18T13:43:48.260+0000] {dagbag.py:588} INFO - Filling up the DagBag from /home/airflow/.local/lib/python3.12/site-packages/airflow/example_dags/example_workday_timetable.py
[2025-04-18T13:43:48.438+0000] {processor.py:925} INFO - DAG(s) 'example_workday_timetable' retrieved from /home/airflow/.local/lib/python3.12/site-packages/airflow/example_dags/example_workday_timetable.py
[2025-04-18T13:43:48.682+0000] {logging_mixin.py:190} INFO - [2025-04-18T13:43:48.678+0000] {dag.py:3239} INFO - Sync 1 DAGs
[2025-04-18T13:43:49.888+0000] {logging_mixin.py:190} INFO - [2025-04-18T13:43:49.886+0000] {dag.py:4180} INFO - Setting next_dagrun for example_workday_timetable to 2021-01-04 00:00:00+00:00, run_after=2021-01-05 00:00:00+00:00
[2025-04-18T13:43:50.529+0000] {processor.py:208} INFO - Processing /home/airflow/.local/lib/python3.12/site-packages/airflow/example_dags/example_workday_timetable.py took 2.405 seconds
[2025-04-18T13:44:48.537+0000] {processor.py:186} INFO - Started process (PID=175) to work on /home/airflow/.local/lib/python3.12/site-packages/airflow/example_dags/example_workday_timetable.py
[2025-04-18T13:44:48.546+0000] {processor.py:914} INFO - Processing file /home/airflow/.local/lib/python3.12/site-packages/airflow/example_dags/example_workday_timetable.py for tasks to queue
[2025-04-18T13:44:48.573+0000] {logging_mixin.py:190} INFO - [2025-04-18T13:44:48.564+0000] {dagbag.py:588} INFO - Filling up the DagBag from /home/airflow/.local/lib/python3.12/site-packages/airflow/example_dags/example_workday_timetable.py
[2025-04-18T13:44:48.638+0000] {processor.py:925} INFO - DAG(s) 'example_workday_timetable' retrieved from /home/airflow/.local/lib/python3.12/site-packages/airflow/example_dags/example_workday_timetable.py
[2025-04-18T13:44:48.830+0000] {logging_mixin.py:190} INFO - [2025-04-18T13:44:48.827+0000] {dag.py:3239} INFO - Sync 1 DAGs
[2025-04-18T13:44:49.352+0000] {logging_mixin.py:190} INFO - [2025-04-18T13:44:49.351+0000] {dag.py:4180} INFO - Setting next_dagrun for example_workday_timetable to 2021-01-04 00:00:00+00:00, run_after=2021-01-05 00:00:00+00:00
[2025-04-18T13:44:49.553+0000] {processor.py:208} INFO - Processing /home/airflow/.local/lib/python3.12/site-packages/airflow/example_dags/example_workday_timetable.py took 1.029 seconds
[2025-04-18T13:45:47.226+0000] {processor.py:186} INFO - Started process (PID=251) to work on /home/airflow/.local/lib/python3.12/site-packages/airflow/example_dags/example_workday_timetable.py
[2025-04-18T13:45:47.292+0000] {processor.py:914} INFO - Processing file /home/airflow/.local/lib/python3.12/site-packages/airflow/example_dags/example_workday_timetable.py for tasks to queue
[2025-04-18T13:45:47.359+0000] {logging_mixin.py:190} INFO - [2025-04-18T13:45:47.351+0000] {dagbag.py:588} INFO - Filling up the DagBag from /home/airflow/.local/lib/python3.12/site-packages/airflow/example_dags/example_workday_timetable.py
[2025-04-18T13:45:47.617+0000] {processor.py:925} INFO - DAG(s) 'example_workday_timetable' retrieved from /home/airflow/.local/lib/python3.12/site-packages/airflow/example_dags/example_workday_timetable.py
[2025-04-18T13:45:48.237+0000] {logging_mixin.py:190} INFO - [2025-04-18T13:45:48.232+0000] {dag.py:3239} INFO - Sync 1 DAGs
[2025-04-18T13:45:49.505+0000] {logging_mixin.py:190} INFO - [2025-04-18T13:45:49.501+0000] {dag.py:4180} INFO - Setting next_dagrun for example_workday_timetable to 2021-01-04 00:00:00+00:00, run_after=2021-01-05 00:00:00+00:00
[2025-04-18T13:45:49.906+0000] {processor.py:208} INFO - Processing /home/airflow/.local/lib/python3.12/site-packages/airflow/example_dags/example_workday_timetable.py took 2.903 seconds
[2025-04-18T13:47:44.695+0000] {processor.py:186} INFO - Started process (PID=305) to work on /home/airflow/.local/lib/python3.12/site-packages/airflow/example_dags/example_workday_timetable.py
[2025-04-18T13:47:44.716+0000] {processor.py:914} INFO - Processing file /home/airflow/.local/lib/python3.12/site-packages/airflow/example_dags/example_workday_timetable.py for tasks to queue
[2025-04-18T13:47:44.810+0000] {logging_mixin.py:190} INFO - [2025-04-18T13:47:44.808+0000] {dagbag.py:588} INFO - Filling up the DagBag from /home/airflow/.local/lib/python3.12/site-packages/airflow/example_dags/example_workday_timetable.py
[2025-04-18T13:47:45.028+0000] {processor.py:925} INFO - DAG(s) 'example_workday_timetable' retrieved from /home/airflow/.local/lib/python3.12/site-packages/airflow/example_dags/example_workday_timetable.py
[2025-04-18T13:47:45.996+0000] {logging_mixin.py:190} INFO - [2025-04-18T13:47:45.949+0000] {dag.py:3239} INFO - Sync 1 DAGs
[2025-04-18T13:47:48.957+0000] {logging_mixin.py:190} INFO - [2025-04-18T13:47:48.939+0000] {dag.py:4180} INFO - Setting next_dagrun for example_workday_timetable to 2021-01-04 00:00:00+00:00, run_after=2021-01-05 00:00:00+00:00
[2025-04-18T13:47:49.766+0000] {processor.py:208} INFO - Processing /home/airflow/.local/lib/python3.12/site-packages/airflow/example_dags/example_workday_timetable.py took 5.171 seconds
[2025-04-18T13:49:30.801+0000] {processor.py:186} INFO - Started process (PID=97) to work on /home/airflow/.local/lib/python3.12/site-packages/airflow/example_dags/example_workday_timetable.py
[2025-04-18T13:49:30.808+0000] {processor.py:914} INFO - Processing file /home/airflow/.local/lib/python3.12/site-packages/airflow/example_dags/example_workday_timetable.py for tasks to queue
[2025-04-18T13:49:30.835+0000] {logging_mixin.py:190} INFO - [2025-04-18T13:49:30.834+0000] {dagbag.py:588} INFO - Filling up the DagBag from /home/airflow/.local/lib/python3.12/site-packages/airflow/example_dags/example_workday_timetable.py
[2025-04-18T13:49:30.922+0000] {processor.py:925} INFO - DAG(s) 'example_workday_timetable' retrieved from /home/airflow/.local/lib/python3.12/site-packages/airflow/example_dags/example_workday_timetable.py
[2025-04-18T13:49:31.164+0000] {logging_mixin.py:190} INFO - [2025-04-18T13:49:31.163+0000] {dag.py:3239} INFO - Sync 1 DAGs
[2025-04-18T13:49:32.241+0000] {logging_mixin.py:190} INFO - [2025-04-18T13:49:32.239+0000] {dag.py:4180} INFO - Setting next_dagrun for example_workday_timetable to 2021-01-04 00:00:00+00:00, run_after=2021-01-05 00:00:00+00:00
[2025-04-18T13:49:32.579+0000] {processor.py:208} INFO - Processing /home/airflow/.local/lib/python3.12/site-packages/airflow/example_dags/example_workday_timetable.py took 1.798 seconds
[2025-04-18T13:50:48.222+0000] {processor.py:186} INFO - Started process (PID=172) to work on /home/airflow/.local/lib/python3.12/site-packages/airflow/example_dags/example_workday_timetable.py
[2025-04-18T13:50:48.264+0000] {processor.py:914} INFO - Processing file /home/airflow/.local/lib/python3.12/site-packages/airflow/example_dags/example_workday_timetable.py for tasks to queue
[2025-04-18T13:50:48.415+0000] {logging_mixin.py:190} INFO - [2025-04-18T13:50:48.389+0000] {dagbag.py:588} INFO - Filling up the DagBag from /home/airflow/.local/lib/python3.12/site-packages/airflow/example_dags/example_workday_timetable.py
[2025-04-18T13:50:48.585+0000] {processor.py:925} INFO - DAG(s) 'example_workday_timetable' retrieved from /home/airflow/.local/lib/python3.12/site-packages/airflow/example_dags/example_workday_timetable.py
[2025-04-18T13:50:48.926+0000] {logging_mixin.py:190} INFO - [2025-04-18T13:50:48.922+0000] {dag.py:3239} INFO - Sync 1 DAGs
[2025-04-18T13:50:49.435+0000] {logging_mixin.py:190} INFO - [2025-04-18T13:50:49.431+0000] {dag.py:4180} INFO - Setting next_dagrun for example_workday_timetable to 2021-01-04 00:00:00+00:00, run_after=2021-01-05 00:00:00+00:00
[2025-04-18T13:50:49.765+0000] {processor.py:208} INFO - Processing /home/airflow/.local/lib/python3.12/site-packages/airflow/example_dags/example_workday_timetable.py took 1.631 seconds
[2025-04-18T13:52:10.721+0000] {processor.py:186} INFO - Started process (PID=259) to work on /home/airflow/.local/lib/python3.12/site-packages/airflow/example_dags/example_workday_timetable.py
[2025-04-18T13:52:10.736+0000] {processor.py:914} INFO - Processing file /home/airflow/.local/lib/python3.12/site-packages/airflow/example_dags/example_workday_timetable.py for tasks to queue
[2025-04-18T13:52:10.923+0000] {logging_mixin.py:190} INFO - [2025-04-18T13:52:10.913+0000] {dagbag.py:588} INFO - Filling up the DagBag from /home/airflow/.local/lib/python3.12/site-packages/airflow/example_dags/example_workday_timetable.py
[2025-04-18T13:52:11.250+0000] {processor.py:925} INFO - DAG(s) 'example_workday_timetable' retrieved from /home/airflow/.local/lib/python3.12/site-packages/airflow/example_dags/example_workday_timetable.py
[2025-04-18T13:52:11.712+0000] {logging_mixin.py:190} INFO - [2025-04-18T13:52:11.691+0000] {dag.py:3239} INFO - Sync 1 DAGs
[2025-04-18T13:52:12.684+0000] {logging_mixin.py:190} INFO - [2025-04-18T13:52:12.653+0000] {dag.py:4180} INFO - Setting next_dagrun for example_workday_timetable to 2021-01-04 00:00:00+00:00, run_after=2021-01-05 00:00:00+00:00
[2025-04-18T13:52:13.038+0000] {processor.py:208} INFO - Processing /home/airflow/.local/lib/python3.12/site-packages/airflow/example_dags/example_workday_timetable.py took 2.381 seconds
[2025-04-18T13:53:20.518+0000] {processor.py:186} INFO - Started process (PID=339) to work on /home/airflow/.local/lib/python3.12/site-packages/airflow/example_dags/example_workday_timetable.py
[2025-04-18T13:53:20.521+0000] {processor.py:914} INFO - Processing file /home/airflow/.local/lib/python3.12/site-packages/airflow/example_dags/example_workday_timetable.py for tasks to queue
[2025-04-18T13:53:20.554+0000] {logging_mixin.py:190} INFO - [2025-04-18T13:53:20.551+0000] {dagbag.py:588} INFO - Filling up the DagBag from /home/airflow/.local/lib/python3.12/site-packages/airflow/example_dags/example_workday_timetable.py
[2025-04-18T13:53:20.611+0000] {processor.py:925} INFO - DAG(s) 'example_workday_timetable' retrieved from /home/airflow/.local/lib/python3.12/site-packages/airflow/example_dags/example_workday_timetable.py
[2025-04-18T13:53:20.787+0000] {logging_mixin.py:190} INFO - [2025-04-18T13:53:20.784+0000] {dag.py:3239} INFO - Sync 1 DAGs
[2025-04-18T13:53:21.326+0000] {logging_mixin.py:190} INFO - [2025-04-18T13:53:21.325+0000] {dag.py:4180} INFO - Setting next_dagrun for example_workday_timetable to 2021-01-04 00:00:00+00:00, run_after=2021-01-05 00:00:00+00:00
[2025-04-18T13:53:21.505+0000] {processor.py:208} INFO - Processing /home/airflow/.local/lib/python3.12/site-packages/airflow/example_dags/example_workday_timetable.py took 1.010 seconds
[2025-04-18T13:54:05.173+0000] {processor.py:186} INFO - Started process (PID=402) to work on /home/airflow/.local/lib/python3.12/site-packages/airflow/example_dags/example_workday_timetable.py
[2025-04-18T13:54:05.182+0000] {processor.py:914} INFO - Processing file /home/airflow/.local/lib/python3.12/site-packages/airflow/example_dags/example_workday_timetable.py for tasks to queue
[2025-04-18T13:54:05.198+0000] {logging_mixin.py:190} INFO - [2025-04-18T13:54:05.197+0000] {dagbag.py:588} INFO - Filling up the DagBag from /home/airflow/.local/lib/python3.12/site-packages/airflow/example_dags/example_workday_timetable.py
[2025-04-18T13:54:05.261+0000] {processor.py:925} INFO - DAG(s) 'example_workday_timetable' retrieved from /home/airflow/.local/lib/python3.12/site-packages/airflow/example_dags/example_workday_timetable.py
[2025-04-18T13:54:05.424+0000] {logging_mixin.py:190} INFO - [2025-04-18T13:54:05.423+0000] {dag.py:3239} INFO - Sync 1 DAGs
[2025-04-18T13:54:05.757+0000] {logging_mixin.py:190} INFO - [2025-04-18T13:54:05.756+0000] {dag.py:4180} INFO - Setting next_dagrun for example_workday_timetable to 2021-01-04 00:00:00+00:00, run_after=2021-01-05 00:00:00+00:00
[2025-04-18T13:54:05.914+0000] {processor.py:208} INFO - Processing /home/airflow/.local/lib/python3.12/site-packages/airflow/example_dags/example_workday_timetable.py took 0.765 seconds
[2025-04-18T13:54:38.453+0000] {processor.py:186} INFO - Started process (PID=465) to work on /home/airflow/.local/lib/python3.12/site-packages/airflow/example_dags/example_workday_timetable.py
[2025-04-18T13:54:38.471+0000] {processor.py:914} INFO - Processing file /home/airflow/.local/lib/python3.12/site-packages/airflow/example_dags/example_workday_timetable.py for tasks to queue
[2025-04-18T13:54:38.493+0000] {logging_mixin.py:190} INFO - [2025-04-18T13:54:38.491+0000] {dagbag.py:588} INFO - Filling up the DagBag from /home/airflow/.local/lib/python3.12/site-packages/airflow/example_dags/example_workday_timetable.py
[2025-04-18T13:54:38.549+0000] {processor.py:925} INFO - DAG(s) 'example_workday_timetable' retrieved from /home/airflow/.local/lib/python3.12/site-packages/airflow/example_dags/example_workday_timetable.py
[2025-04-18T13:54:38.713+0000] {logging_mixin.py:190} INFO - [2025-04-18T13:54:38.713+0000] {dag.py:3239} INFO - Sync 1 DAGs
[2025-04-18T13:54:39.010+0000] {logging_mixin.py:190} INFO - [2025-04-18T13:54:39.010+0000] {dag.py:4180} INFO - Setting next_dagrun for example_workday_timetable to 2021-01-04 00:00:00+00:00, run_after=2021-01-05 00:00:00+00:00
[2025-04-18T13:54:39.111+0000] {processor.py:208} INFO - Processing /home/airflow/.local/lib/python3.12/site-packages/airflow/example_dags/example_workday_timetable.py took 0.704 seconds
