[2025-04-18T13:26:14.388+0000] {processor.py:186} INFO - Started process (PID=90) to work on /home/airflow/.local/lib/python3.12/site-packages/airflow/example_dags/tutorial.py
[2025-04-18T13:26:14.391+0000] {processor.py:914} INFO - Processing file /home/airflow/.local/lib/python3.12/site-packages/airflow/example_dags/tutorial.py for tasks to queue
[2025-04-18T13:26:14.402+0000] {logging_mixin.py:190} INFO - [2025-04-18T13:26:14.400+0000] {dagbag.py:588} INFO - Filling up the DagBag from /home/airflow/.local/lib/python3.12/site-packages/airflow/example_dags/tutorial.py
[2025-04-18T13:26:14.460+0000] {processor.py:925} INFO - DAG(s) 'tutorial' retrieved from /home/airflow/.local/lib/python3.12/site-packages/airflow/example_dags/tutorial.py
[2025-04-18T13:26:15.838+0000] {logging_mixin.py:190} INFO - [2025-04-18T13:26:15.819+0000] {dag.py:3239} INFO - Sync 1 DAGs
[2025-04-18T13:26:16.039+0000] {logging_mixin.py:190} INFO - [2025-04-18T13:26:16.038+0000] {dag.py:4180} INFO - Setting next_dagrun for tutorial to 2025-04-17 00:00:00+00:00, run_after=2025-04-18 00:00:00+00:00
[2025-04-18T13:26:16.201+0000] {processor.py:208} INFO - Processing /home/airflow/.local/lib/python3.12/site-packages/airflow/example_dags/tutorial.py took 1.834 seconds
[2025-04-18T13:28:48.025+0000] {processor.py:186} INFO - Started process (PID=180) to work on /home/airflow/.local/lib/python3.12/site-packages/airflow/example_dags/tutorial.py
[2025-04-18T13:28:48.094+0000] {processor.py:914} INFO - Processing file /home/airflow/.local/lib/python3.12/site-packages/airflow/example_dags/tutorial.py for tasks to queue
[2025-04-18T13:28:48.788+0000] {logging_mixin.py:190} INFO - [2025-04-18T13:28:48.765+0000] {dagbag.py:588} INFO - Filling up the DagBag from /home/airflow/.local/lib/python3.12/site-packages/airflow/example_dags/tutorial.py
[2025-04-18T13:28:49.968+0000] {processor.py:925} INFO - DAG(s) 'tutorial' retrieved from /home/airflow/.local/lib/python3.12/site-packages/airflow/example_dags/tutorial.py
[2025-04-18T13:28:51.190+0000] {logging_mixin.py:190} INFO - [2025-04-18T13:28:51.102+0000] {dag.py:3239} INFO - Sync 1 DAGs
[2025-04-18T13:28:51.927+0000] {logging_mixin.py:190} INFO - [2025-04-18T13:28:51.893+0000] {dag.py:4180} INFO - Setting next_dagrun for tutorial to 2025-04-17 00:00:00+00:00, run_after=2025-04-18 00:00:00+00:00
[2025-04-18T13:28:52.817+0000] {processor.py:208} INFO - Processing /home/airflow/.local/lib/python3.12/site-packages/airflow/example_dags/tutorial.py took 5.451 seconds
[2025-04-18T13:30:10.113+0000] {processor.py:186} INFO - Started process (PID=89) to work on /home/airflow/.local/lib/python3.12/site-packages/airflow/example_dags/tutorial.py
[2025-04-18T13:30:10.123+0000] {processor.py:914} INFO - Processing file /home/airflow/.local/lib/python3.12/site-packages/airflow/example_dags/tutorial.py for tasks to queue
[2025-04-18T13:30:10.137+0000] {logging_mixin.py:190} INFO - [2025-04-18T13:30:10.136+0000] {dagbag.py:588} INFO - Filling up the DagBag from /home/airflow/.local/lib/python3.12/site-packages/airflow/example_dags/tutorial.py
[2025-04-18T13:30:10.174+0000] {processor.py:925} INFO - DAG(s) 'tutorial' retrieved from /home/airflow/.local/lib/python3.12/site-packages/airflow/example_dags/tutorial.py
[2025-04-18T13:30:10.275+0000] {logging_mixin.py:190} INFO - [2025-04-18T13:30:10.275+0000] {dag.py:3239} INFO - Sync 1 DAGs
[2025-04-18T13:30:10.354+0000] {logging_mixin.py:190} INFO - [2025-04-18T13:30:10.354+0000] {dag.py:4180} INFO - Setting next_dagrun for tutorial to 2025-04-17 00:00:00+00:00, run_after=2025-04-18 00:00:00+00:00
[2025-04-18T13:30:10.409+0000] {processor.py:208} INFO - Processing /home/airflow/.local/lib/python3.12/site-packages/airflow/example_dags/tutorial.py took 0.316 seconds
[2025-04-18T13:30:45.955+0000] {processor.py:186} INFO - Started process (PID=153) to work on /home/airflow/.local/lib/python3.12/site-packages/airflow/example_dags/tutorial.py
[2025-04-18T13:30:45.957+0000] {processor.py:914} INFO - Processing file /home/airflow/.local/lib/python3.12/site-packages/airflow/example_dags/tutorial.py for tasks to queue
[2025-04-18T13:30:45.961+0000] {logging_mixin.py:190} INFO - [2025-04-18T13:30:45.961+0000] {dagbag.py:588} INFO - Filling up the DagBag from /home/airflow/.local/lib/python3.12/site-packages/airflow/example_dags/tutorial.py
[2025-04-18T13:30:46.005+0000] {processor.py:925} INFO - DAG(s) 'tutorial' retrieved from /home/airflow/.local/lib/python3.12/site-packages/airflow/example_dags/tutorial.py
[2025-04-18T13:30:46.079+0000] {logging_mixin.py:190} INFO - [2025-04-18T13:30:46.079+0000] {dag.py:3239} INFO - Sync 1 DAGs
[2025-04-18T13:30:46.129+0000] {logging_mixin.py:190} INFO - [2025-04-18T13:30:46.128+0000] {dag.py:4180} INFO - Setting next_dagrun for tutorial to 2025-04-17 00:00:00+00:00, run_after=2025-04-18 00:00:00+00:00
[2025-04-18T13:30:46.170+0000] {processor.py:208} INFO - Processing /home/airflow/.local/lib/python3.12/site-packages/airflow/example_dags/tutorial.py took 0.231 seconds
[2025-04-18T13:31:17.353+0000] {processor.py:186} INFO - Started process (PID=217) to work on /home/airflow/.local/lib/python3.12/site-packages/airflow/example_dags/tutorial.py
[2025-04-18T13:31:17.354+0000] {processor.py:914} INFO - Processing file /home/airflow/.local/lib/python3.12/site-packages/airflow/example_dags/tutorial.py for tasks to queue
[2025-04-18T13:31:17.355+0000] {logging_mixin.py:190} INFO - [2025-04-18T13:31:17.355+0000] {dagbag.py:588} INFO - Filling up the DagBag from /home/airflow/.local/lib/python3.12/site-packages/airflow/example_dags/tutorial.py
[2025-04-18T13:31:17.360+0000] {processor.py:925} INFO - DAG(s) 'tutorial' retrieved from /home/airflow/.local/lib/python3.12/site-packages/airflow/example_dags/tutorial.py
[2025-04-18T13:31:17.386+0000] {logging_mixin.py:190} INFO - [2025-04-18T13:31:17.385+0000] {dag.py:3239} INFO - Sync 1 DAGs
[2025-04-18T13:31:17.409+0000] {logging_mixin.py:190} INFO - [2025-04-18T13:31:17.409+0000] {dag.py:4180} INFO - Setting next_dagrun for tutorial to 2025-04-17 00:00:00+00:00, run_after=2025-04-18 00:00:00+00:00
[2025-04-18T13:31:17.424+0000] {processor.py:208} INFO - Processing /home/airflow/.local/lib/python3.12/site-packages/airflow/example_dags/tutorial.py took 0.074 seconds
[2025-04-18T13:31:48.253+0000] {processor.py:186} INFO - Started process (PID=281) to work on /home/airflow/.local/lib/python3.12/site-packages/airflow/example_dags/tutorial.py
[2025-04-18T13:31:48.253+0000] {processor.py:914} INFO - Processing file /home/airflow/.local/lib/python3.12/site-packages/airflow/example_dags/tutorial.py for tasks to queue
[2025-04-18T13:31:48.254+0000] {logging_mixin.py:190} INFO - [2025-04-18T13:31:48.254+0000] {dagbag.py:588} INFO - Filling up the DagBag from /home/airflow/.local/lib/python3.12/site-packages/airflow/example_dags/tutorial.py
[2025-04-18T13:31:48.258+0000] {processor.py:925} INFO - DAG(s) 'tutorial' retrieved from /home/airflow/.local/lib/python3.12/site-packages/airflow/example_dags/tutorial.py
[2025-04-18T13:31:48.266+0000] {logging_mixin.py:190} INFO - [2025-04-18T13:31:48.266+0000] {dag.py:3239} INFO - Sync 1 DAGs
[2025-04-18T13:31:48.276+0000] {logging_mixin.py:190} INFO - [2025-04-18T13:31:48.276+0000] {dag.py:4180} INFO - Setting next_dagrun for tutorial to 2025-04-17 00:00:00+00:00, run_after=2025-04-18 00:00:00+00:00
[2025-04-18T13:31:48.285+0000] {processor.py:208} INFO - Processing /home/airflow/.local/lib/python3.12/site-packages/airflow/example_dags/tutorial.py took 0.035 seconds
[2025-04-18T13:32:18.906+0000] {processor.py:186} INFO - Started process (PID=345) to work on /home/airflow/.local/lib/python3.12/site-packages/airflow/example_dags/tutorial.py
[2025-04-18T13:32:18.907+0000] {processor.py:914} INFO - Processing file /home/airflow/.local/lib/python3.12/site-packages/airflow/example_dags/tutorial.py for tasks to queue
[2025-04-18T13:32:18.908+0000] {logging_mixin.py:190} INFO - [2025-04-18T13:32:18.908+0000] {dagbag.py:588} INFO - Filling up the DagBag from /home/airflow/.local/lib/python3.12/site-packages/airflow/example_dags/tutorial.py
[2025-04-18T13:32:18.913+0000] {processor.py:925} INFO - DAG(s) 'tutorial' retrieved from /home/airflow/.local/lib/python3.12/site-packages/airflow/example_dags/tutorial.py
[2025-04-18T13:32:18.930+0000] {logging_mixin.py:190} INFO - [2025-04-18T13:32:18.930+0000] {dag.py:3239} INFO - Sync 1 DAGs
[2025-04-18T13:32:18.943+0000] {logging_mixin.py:190} INFO - [2025-04-18T13:32:18.943+0000] {dag.py:4180} INFO - Setting next_dagrun for tutorial to 2025-04-17 00:00:00+00:00, run_after=2025-04-18 00:00:00+00:00
[2025-04-18T13:32:18.962+0000] {processor.py:208} INFO - Processing /home/airflow/.local/lib/python3.12/site-packages/airflow/example_dags/tutorial.py took 0.059 seconds
[2025-04-18T13:35:00.272+0000] {processor.py:186} INFO - Started process (PID=84) to work on /home/airflow/.local/lib/python3.12/site-packages/airflow/example_dags/tutorial.py
[2025-04-18T13:35:00.276+0000] {processor.py:914} INFO - Processing file /home/airflow/.local/lib/python3.12/site-packages/airflow/example_dags/tutorial.py for tasks to queue
[2025-04-18T13:35:00.287+0000] {logging_mixin.py:190} INFO - [2025-04-18T13:35:00.287+0000] {dagbag.py:588} INFO - Filling up the DagBag from /home/airflow/.local/lib/python3.12/site-packages/airflow/example_dags/tutorial.py
[2025-04-18T13:35:00.355+0000] {processor.py:925} INFO - DAG(s) 'tutorial' retrieved from /home/airflow/.local/lib/python3.12/site-packages/airflow/example_dags/tutorial.py
[2025-04-18T13:35:00.507+0000] {logging_mixin.py:190} INFO - [2025-04-18T13:35:00.506+0000] {dag.py:3239} INFO - Sync 1 DAGs
[2025-04-18T13:35:00.626+0000] {logging_mixin.py:190} INFO - [2025-04-18T13:35:00.625+0000] {dag.py:4180} INFO - Setting next_dagrun for tutorial to 2025-04-17 00:00:00+00:00, run_after=2025-04-18 00:00:00+00:00
[2025-04-18T13:35:00.674+0000] {processor.py:208} INFO - Processing /home/airflow/.local/lib/python3.12/site-packages/airflow/example_dags/tutorial.py took 0.423 seconds
[2025-04-18T13:35:30.901+0000] {processor.py:186} INFO - Started process (PID=147) to work on /home/airflow/.local/lib/python3.12/site-packages/airflow/example_dags/tutorial.py
[2025-04-18T13:35:30.902+0000] {processor.py:914} INFO - Processing file /home/airflow/.local/lib/python3.12/site-packages/airflow/example_dags/tutorial.py for tasks to queue
[2025-04-18T13:35:30.904+0000] {logging_mixin.py:190} INFO - [2025-04-18T13:35:30.904+0000] {dagbag.py:588} INFO - Filling up the DagBag from /home/airflow/.local/lib/python3.12/site-packages/airflow/example_dags/tutorial.py
[2025-04-18T13:35:30.912+0000] {processor.py:925} INFO - DAG(s) 'tutorial' retrieved from /home/airflow/.local/lib/python3.12/site-packages/airflow/example_dags/tutorial.py
[2025-04-18T13:35:30.925+0000] {logging_mixin.py:190} INFO - [2025-04-18T13:35:30.925+0000] {dag.py:3239} INFO - Sync 1 DAGs
[2025-04-18T13:35:30.937+0000] {logging_mixin.py:190} INFO - [2025-04-18T13:35:30.937+0000] {dag.py:4180} INFO - Setting next_dagrun for tutorial to 2025-04-17 00:00:00+00:00, run_after=2025-04-18 00:00:00+00:00
[2025-04-18T13:35:30.951+0000] {processor.py:208} INFO - Processing /home/airflow/.local/lib/python3.12/site-packages/airflow/example_dags/tutorial.py took 0.057 seconds
[2025-04-18T13:36:01.340+0000] {processor.py:186} INFO - Started process (PID=211) to work on /home/airflow/.local/lib/python3.12/site-packages/airflow/example_dags/tutorial.py
[2025-04-18T13:36:01.341+0000] {processor.py:914} INFO - Processing file /home/airflow/.local/lib/python3.12/site-packages/airflow/example_dags/tutorial.py for tasks to queue
[2025-04-18T13:36:01.343+0000] {logging_mixin.py:190} INFO - [2025-04-18T13:36:01.343+0000] {dagbag.py:588} INFO - Filling up the DagBag from /home/airflow/.local/lib/python3.12/site-packages/airflow/example_dags/tutorial.py
[2025-04-18T13:36:01.349+0000] {processor.py:925} INFO - DAG(s) 'tutorial' retrieved from /home/airflow/.local/lib/python3.12/site-packages/airflow/example_dags/tutorial.py
[2025-04-18T13:36:01.362+0000] {logging_mixin.py:190} INFO - [2025-04-18T13:36:01.362+0000] {dag.py:3239} INFO - Sync 1 DAGs
[2025-04-18T13:36:01.375+0000] {logging_mixin.py:190} INFO - [2025-04-18T13:36:01.375+0000] {dag.py:4180} INFO - Setting next_dagrun for tutorial to 2025-04-17 00:00:00+00:00, run_after=2025-04-18 00:00:00+00:00
[2025-04-18T13:36:01.384+0000] {processor.py:208} INFO - Processing /home/airflow/.local/lib/python3.12/site-packages/airflow/example_dags/tutorial.py took 0.047 seconds
[2025-04-18T13:36:31.593+0000] {processor.py:186} INFO - Started process (PID=274) to work on /home/airflow/.local/lib/python3.12/site-packages/airflow/example_dags/tutorial.py
[2025-04-18T13:36:31.594+0000] {processor.py:914} INFO - Processing file /home/airflow/.local/lib/python3.12/site-packages/airflow/example_dags/tutorial.py for tasks to queue
[2025-04-18T13:36:31.596+0000] {logging_mixin.py:190} INFO - [2025-04-18T13:36:31.596+0000] {dagbag.py:588} INFO - Filling up the DagBag from /home/airflow/.local/lib/python3.12/site-packages/airflow/example_dags/tutorial.py
[2025-04-18T13:36:31.602+0000] {processor.py:925} INFO - DAG(s) 'tutorial' retrieved from /home/airflow/.local/lib/python3.12/site-packages/airflow/example_dags/tutorial.py
[2025-04-18T13:36:31.627+0000] {logging_mixin.py:190} INFO - [2025-04-18T13:36:31.626+0000] {dag.py:3239} INFO - Sync 1 DAGs
[2025-04-18T13:36:31.666+0000] {logging_mixin.py:190} INFO - [2025-04-18T13:36:31.666+0000] {dag.py:4180} INFO - Setting next_dagrun for tutorial to 2025-04-17 00:00:00+00:00, run_after=2025-04-18 00:00:00+00:00
[2025-04-18T13:36:31.675+0000] {processor.py:208} INFO - Processing /home/airflow/.local/lib/python3.12/site-packages/airflow/example_dags/tutorial.py took 0.090 seconds
[2025-04-18T13:37:02.387+0000] {processor.py:186} INFO - Started process (PID=337) to work on /home/airflow/.local/lib/python3.12/site-packages/airflow/example_dags/tutorial.py
[2025-04-18T13:37:02.388+0000] {processor.py:914} INFO - Processing file /home/airflow/.local/lib/python3.12/site-packages/airflow/example_dags/tutorial.py for tasks to queue
[2025-04-18T13:37:02.390+0000] {logging_mixin.py:190} INFO - [2025-04-18T13:37:02.390+0000] {dagbag.py:588} INFO - Filling up the DagBag from /home/airflow/.local/lib/python3.12/site-packages/airflow/example_dags/tutorial.py
[2025-04-18T13:37:02.394+0000] {processor.py:925} INFO - DAG(s) 'tutorial' retrieved from /home/airflow/.local/lib/python3.12/site-packages/airflow/example_dags/tutorial.py
[2025-04-18T13:37:02.408+0000] {logging_mixin.py:190} INFO - [2025-04-18T13:37:02.408+0000] {dag.py:3239} INFO - Sync 1 DAGs
[2025-04-18T13:37:02.420+0000] {logging_mixin.py:190} INFO - [2025-04-18T13:37:02.420+0000] {dag.py:4180} INFO - Setting next_dagrun for tutorial to 2025-04-17 00:00:00+00:00, run_after=2025-04-18 00:00:00+00:00
[2025-04-18T13:37:02.427+0000] {processor.py:208} INFO - Processing /home/airflow/.local/lib/python3.12/site-packages/airflow/example_dags/tutorial.py took 0.044 seconds
[2025-04-18T13:37:32.502+0000] {processor.py:186} INFO - Started process (PID=401) to work on /home/airflow/.local/lib/python3.12/site-packages/airflow/example_dags/tutorial.py
[2025-04-18T13:37:32.503+0000] {processor.py:914} INFO - Processing file /home/airflow/.local/lib/python3.12/site-packages/airflow/example_dags/tutorial.py for tasks to queue
[2025-04-18T13:37:32.504+0000] {logging_mixin.py:190} INFO - [2025-04-18T13:37:32.504+0000] {dagbag.py:588} INFO - Filling up the DagBag from /home/airflow/.local/lib/python3.12/site-packages/airflow/example_dags/tutorial.py
[2025-04-18T13:37:32.508+0000] {processor.py:925} INFO - DAG(s) 'tutorial' retrieved from /home/airflow/.local/lib/python3.12/site-packages/airflow/example_dags/tutorial.py
[2025-04-18T13:37:32.516+0000] {logging_mixin.py:190} INFO - [2025-04-18T13:37:32.516+0000] {dag.py:3239} INFO - Sync 1 DAGs
[2025-04-18T13:37:32.525+0000] {logging_mixin.py:190} INFO - [2025-04-18T13:37:32.525+0000] {dag.py:4180} INFO - Setting next_dagrun for tutorial to 2025-04-17 00:00:00+00:00, run_after=2025-04-18 00:00:00+00:00
[2025-04-18T13:37:32.531+0000] {processor.py:208} INFO - Processing /home/airflow/.local/lib/python3.12/site-packages/airflow/example_dags/tutorial.py took 0.033 seconds
[2025-04-18T13:38:03.080+0000] {processor.py:186} INFO - Started process (PID=465) to work on /home/airflow/.local/lib/python3.12/site-packages/airflow/example_dags/tutorial.py
[2025-04-18T13:38:03.084+0000] {processor.py:914} INFO - Processing file /home/airflow/.local/lib/python3.12/site-packages/airflow/example_dags/tutorial.py for tasks to queue
[2025-04-18T13:38:03.085+0000] {logging_mixin.py:190} INFO - [2025-04-18T13:38:03.085+0000] {dagbag.py:588} INFO - Filling up the DagBag from /home/airflow/.local/lib/python3.12/site-packages/airflow/example_dags/tutorial.py
[2025-04-18T13:38:03.089+0000] {processor.py:925} INFO - DAG(s) 'tutorial' retrieved from /home/airflow/.local/lib/python3.12/site-packages/airflow/example_dags/tutorial.py
[2025-04-18T13:38:03.100+0000] {logging_mixin.py:190} INFO - [2025-04-18T13:38:03.100+0000] {dag.py:3239} INFO - Sync 1 DAGs
[2025-04-18T13:38:03.116+0000] {logging_mixin.py:190} INFO - [2025-04-18T13:38:03.116+0000] {dag.py:4180} INFO - Setting next_dagrun for tutorial to 2025-04-17 00:00:00+00:00, run_after=2025-04-18 00:00:00+00:00
[2025-04-18T13:38:03.129+0000] {processor.py:208} INFO - Processing /home/airflow/.local/lib/python3.12/site-packages/airflow/example_dags/tutorial.py took 0.056 seconds
[2025-04-18T13:38:33.811+0000] {processor.py:186} INFO - Started process (PID=529) to work on /home/airflow/.local/lib/python3.12/site-packages/airflow/example_dags/tutorial.py
[2025-04-18T13:38:33.812+0000] {processor.py:914} INFO - Processing file /home/airflow/.local/lib/python3.12/site-packages/airflow/example_dags/tutorial.py for tasks to queue
[2025-04-18T13:38:33.815+0000] {logging_mixin.py:190} INFO - [2025-04-18T13:38:33.814+0000] {dagbag.py:588} INFO - Filling up the DagBag from /home/airflow/.local/lib/python3.12/site-packages/airflow/example_dags/tutorial.py
[2025-04-18T13:38:33.821+0000] {processor.py:925} INFO - DAG(s) 'tutorial' retrieved from /home/airflow/.local/lib/python3.12/site-packages/airflow/example_dags/tutorial.py
[2025-04-18T13:38:33.832+0000] {logging_mixin.py:190} INFO - [2025-04-18T13:38:33.831+0000] {dag.py:3239} INFO - Sync 1 DAGs
[2025-04-18T13:38:33.842+0000] {logging_mixin.py:190} INFO - [2025-04-18T13:38:33.842+0000] {dag.py:4180} INFO - Setting next_dagrun for tutorial to 2025-04-17 00:00:00+00:00, run_after=2025-04-18 00:00:00+00:00
[2025-04-18T13:38:33.850+0000] {processor.py:208} INFO - Processing /home/airflow/.local/lib/python3.12/site-packages/airflow/example_dags/tutorial.py took 0.045 seconds
[2025-04-18T13:39:49.450+0000] {processor.py:186} INFO - Started process (PID=611) to work on /home/airflow/.local/lib/python3.12/site-packages/airflow/example_dags/tutorial.py
[2025-04-18T13:39:49.487+0000] {processor.py:914} INFO - Processing file /home/airflow/.local/lib/python3.12/site-packages/airflow/example_dags/tutorial.py for tasks to queue
[2025-04-18T13:39:49.544+0000] {logging_mixin.py:190} INFO - [2025-04-18T13:39:49.542+0000] {dagbag.py:588} INFO - Filling up the DagBag from /home/airflow/.local/lib/python3.12/site-packages/airflow/example_dags/tutorial.py
[2025-04-18T13:39:49.883+0000] {processor.py:925} INFO - DAG(s) 'tutorial' retrieved from /home/airflow/.local/lib/python3.12/site-packages/airflow/example_dags/tutorial.py
[2025-04-18T13:39:50.640+0000] {logging_mixin.py:190} INFO - [2025-04-18T13:39:50.618+0000] {dag.py:3239} INFO - Sync 1 DAGs
[2025-04-18T13:39:51.097+0000] {logging_mixin.py:190} INFO - [2025-04-18T13:39:51.091+0000] {dag.py:4180} INFO - Setting next_dagrun for tutorial to 2025-04-17 00:00:00+00:00, run_after=2025-04-18 00:00:00+00:00
[2025-04-18T13:39:51.331+0000] {processor.py:208} INFO - Processing /home/airflow/.local/lib/python3.12/site-packages/airflow/example_dags/tutorial.py took 1.940 seconds
[2025-04-18T13:40:39.681+0000] {processor.py:186} INFO - Started process (PID=680) to work on /home/airflow/.local/lib/python3.12/site-packages/airflow/example_dags/tutorial.py
[2025-04-18T13:40:39.699+0000] {processor.py:914} INFO - Processing file /home/airflow/.local/lib/python3.12/site-packages/airflow/example_dags/tutorial.py for tasks to queue
[2025-04-18T13:40:39.729+0000] {logging_mixin.py:190} INFO - [2025-04-18T13:40:39.726+0000] {dagbag.py:588} INFO - Filling up the DagBag from /home/airflow/.local/lib/python3.12/site-packages/airflow/example_dags/tutorial.py
[2025-04-18T13:40:39.773+0000] {processor.py:925} INFO - DAG(s) 'tutorial' retrieved from /home/airflow/.local/lib/python3.12/site-packages/airflow/example_dags/tutorial.py
[2025-04-18T13:40:39.853+0000] {logging_mixin.py:190} INFO - [2025-04-18T13:40:39.851+0000] {dag.py:3239} INFO - Sync 1 DAGs
[2025-04-18T13:40:40.018+0000] {logging_mixin.py:190} INFO - [2025-04-18T13:40:40.017+0000] {dag.py:4180} INFO - Setting next_dagrun for tutorial to 2025-04-17 00:00:00+00:00, run_after=2025-04-18 00:00:00+00:00
[2025-04-18T13:40:40.135+0000] {processor.py:208} INFO - Processing /home/airflow/.local/lib/python3.12/site-packages/airflow/example_dags/tutorial.py took 0.483 seconds
[2025-04-18T13:43:45.549+0000] {processor.py:186} INFO - Started process (PID=95) to work on /home/airflow/.local/lib/python3.12/site-packages/airflow/example_dags/tutorial.py
[2025-04-18T13:43:45.556+0000] {processor.py:914} INFO - Processing file /home/airflow/.local/lib/python3.12/site-packages/airflow/example_dags/tutorial.py for tasks to queue
[2025-04-18T13:43:45.568+0000] {logging_mixin.py:190} INFO - [2025-04-18T13:43:45.567+0000] {dagbag.py:588} INFO - Filling up the DagBag from /home/airflow/.local/lib/python3.12/site-packages/airflow/example_dags/tutorial.py
[2025-04-18T13:43:45.606+0000] {processor.py:925} INFO - DAG(s) 'tutorial' retrieved from /home/airflow/.local/lib/python3.12/site-packages/airflow/example_dags/tutorial.py
[2025-04-18T13:43:45.719+0000] {logging_mixin.py:190} INFO - [2025-04-18T13:43:45.718+0000] {dag.py:3239} INFO - Sync 1 DAGs
[2025-04-18T13:43:45.887+0000] {logging_mixin.py:190} INFO - [2025-04-18T13:43:45.887+0000] {dag.py:4180} INFO - Setting next_dagrun for tutorial to 2025-04-17 00:00:00+00:00, run_after=2025-04-18 00:00:00+00:00
[2025-04-18T13:43:46.037+0000] {processor.py:208} INFO - Processing /home/airflow/.local/lib/python3.12/site-packages/airflow/example_dags/tutorial.py took 0.499 seconds
[2025-04-18T13:44:43.910+0000] {processor.py:186} INFO - Started process (PID=166) to work on /home/airflow/.local/lib/python3.12/site-packages/airflow/example_dags/tutorial.py
[2025-04-18T13:44:43.915+0000] {processor.py:914} INFO - Processing file /home/airflow/.local/lib/python3.12/site-packages/airflow/example_dags/tutorial.py for tasks to queue
[2025-04-18T13:44:43.933+0000] {logging_mixin.py:190} INFO - [2025-04-18T13:44:43.929+0000] {dagbag.py:588} INFO - Filling up the DagBag from /home/airflow/.local/lib/python3.12/site-packages/airflow/example_dags/tutorial.py
[2025-04-18T13:44:43.985+0000] {processor.py:925} INFO - DAG(s) 'tutorial' retrieved from /home/airflow/.local/lib/python3.12/site-packages/airflow/example_dags/tutorial.py
[2025-04-18T13:44:44.217+0000] {logging_mixin.py:190} INFO - [2025-04-18T13:44:44.214+0000] {dag.py:3239} INFO - Sync 1 DAGs
[2025-04-18T13:44:44.508+0000] {logging_mixin.py:190} INFO - [2025-04-18T13:44:44.502+0000] {dag.py:4180} INFO - Setting next_dagrun for tutorial to 2025-04-17 00:00:00+00:00, run_after=2025-04-18 00:00:00+00:00
[2025-04-18T13:44:44.612+0000] {processor.py:208} INFO - Processing /home/airflow/.local/lib/python3.12/site-packages/airflow/example_dags/tutorial.py took 0.727 seconds
[2025-04-18T13:45:38.423+0000] {processor.py:186} INFO - Started process (PID=240) to work on /home/airflow/.local/lib/python3.12/site-packages/airflow/example_dags/tutorial.py
[2025-04-18T13:45:38.431+0000] {processor.py:914} INFO - Processing file /home/airflow/.local/lib/python3.12/site-packages/airflow/example_dags/tutorial.py for tasks to queue
[2025-04-18T13:45:38.455+0000] {logging_mixin.py:190} INFO - [2025-04-18T13:45:38.453+0000] {dagbag.py:588} INFO - Filling up the DagBag from /home/airflow/.local/lib/python3.12/site-packages/airflow/example_dags/tutorial.py
[2025-04-18T13:45:38.640+0000] {processor.py:925} INFO - DAG(s) 'tutorial' retrieved from /home/airflow/.local/lib/python3.12/site-packages/airflow/example_dags/tutorial.py
[2025-04-18T13:45:38.895+0000] {logging_mixin.py:190} INFO - [2025-04-18T13:45:38.894+0000] {dag.py:3239} INFO - Sync 1 DAGs
[2025-04-18T13:45:39.183+0000] {logging_mixin.py:190} INFO - [2025-04-18T13:45:39.181+0000] {dag.py:4180} INFO - Setting next_dagrun for tutorial to 2025-04-17 00:00:00+00:00, run_after=2025-04-18 00:00:00+00:00
[2025-04-18T13:45:39.348+0000] {processor.py:208} INFO - Processing /home/airflow/.local/lib/python3.12/site-packages/airflow/example_dags/tutorial.py took 0.949 seconds
[2025-04-18T13:47:36.065+0000] {processor.py:186} INFO - Started process (PID=295) to work on /home/airflow/.local/lib/python3.12/site-packages/airflow/example_dags/tutorial.py
[2025-04-18T13:47:36.093+0000] {processor.py:914} INFO - Processing file /home/airflow/.local/lib/python3.12/site-packages/airflow/example_dags/tutorial.py for tasks to queue
[2025-04-18T13:47:36.105+0000] {logging_mixin.py:190} INFO - [2025-04-18T13:47:36.104+0000] {dagbag.py:588} INFO - Filling up the DagBag from /home/airflow/.local/lib/python3.12/site-packages/airflow/example_dags/tutorial.py
[2025-04-18T13:47:36.731+0000] {processor.py:925} INFO - DAG(s) 'tutorial' retrieved from /home/airflow/.local/lib/python3.12/site-packages/airflow/example_dags/tutorial.py
[2025-04-18T13:47:37.038+0000] {logging_mixin.py:190} INFO - [2025-04-18T13:47:37.024+0000] {dag.py:3239} INFO - Sync 1 DAGs
[2025-04-18T13:47:37.215+0000] {logging_mixin.py:190} INFO - [2025-04-18T13:47:37.214+0000] {dag.py:4180} INFO - Setting next_dagrun for tutorial to 2025-04-17 00:00:00+00:00, run_after=2025-04-18 00:00:00+00:00
[2025-04-18T13:47:37.473+0000] {processor.py:208} INFO - Processing /home/airflow/.local/lib/python3.12/site-packages/airflow/example_dags/tutorial.py took 1.456 seconds
[2025-04-18T13:49:24.226+0000] {processor.py:186} INFO - Started process (PID=92) to work on /home/airflow/.local/lib/python3.12/site-packages/airflow/example_dags/tutorial.py
[2025-04-18T13:49:24.235+0000] {processor.py:914} INFO - Processing file /home/airflow/.local/lib/python3.12/site-packages/airflow/example_dags/tutorial.py for tasks to queue
[2025-04-18T13:49:24.266+0000] {logging_mixin.py:190} INFO - [2025-04-18T13:49:24.262+0000] {dagbag.py:588} INFO - Filling up the DagBag from /home/airflow/.local/lib/python3.12/site-packages/airflow/example_dags/tutorial.py
[2025-04-18T13:49:24.499+0000] {processor.py:925} INFO - DAG(s) 'tutorial' retrieved from /home/airflow/.local/lib/python3.12/site-packages/airflow/example_dags/tutorial.py
[2025-04-18T13:49:25.314+0000] {logging_mixin.py:190} INFO - [2025-04-18T13:49:25.311+0000] {dag.py:3239} INFO - Sync 1 DAGs
[2025-04-18T13:49:25.721+0000] {logging_mixin.py:190} INFO - [2025-04-18T13:49:25.716+0000] {dag.py:4180} INFO - Setting next_dagrun for tutorial to 2025-04-17 00:00:00+00:00, run_after=2025-04-18 00:00:00+00:00
[2025-04-18T13:49:26.082+0000] {processor.py:208} INFO - Processing /home/airflow/.local/lib/python3.12/site-packages/airflow/example_dags/tutorial.py took 2.041 seconds
[2025-04-18T13:50:39.219+0000] {processor.py:186} INFO - Started process (PID=162) to work on /home/airflow/.local/lib/python3.12/site-packages/airflow/example_dags/tutorial.py
[2025-04-18T13:50:39.267+0000] {processor.py:914} INFO - Processing file /home/airflow/.local/lib/python3.12/site-packages/airflow/example_dags/tutorial.py for tasks to queue
[2025-04-18T13:50:39.387+0000] {logging_mixin.py:190} INFO - [2025-04-18T13:50:39.366+0000] {dagbag.py:588} INFO - Filling up the DagBag from /home/airflow/.local/lib/python3.12/site-packages/airflow/example_dags/tutorial.py
[2025-04-18T13:50:39.755+0000] {processor.py:925} INFO - DAG(s) 'tutorial' retrieved from /home/airflow/.local/lib/python3.12/site-packages/airflow/example_dags/tutorial.py
[2025-04-18T13:50:40.871+0000] {logging_mixin.py:190} INFO - [2025-04-18T13:50:40.868+0000] {dag.py:3239} INFO - Sync 1 DAGs
[2025-04-18T13:50:41.299+0000] {logging_mixin.py:190} INFO - [2025-04-18T13:50:41.293+0000] {dag.py:4180} INFO - Setting next_dagrun for tutorial to 2025-04-17 00:00:00+00:00, run_after=2025-04-18 00:00:00+00:00
[2025-04-18T13:50:42.306+0000] {processor.py:208} INFO - Processing /home/airflow/.local/lib/python3.12/site-packages/airflow/example_dags/tutorial.py took 3.205 seconds
[2025-04-18T13:52:08.341+0000] {processor.py:186} INFO - Started process (PID=254) to work on /home/airflow/.local/lib/python3.12/site-packages/airflow/example_dags/tutorial.py
[2025-04-18T13:52:08.348+0000] {processor.py:914} INFO - Processing file /home/airflow/.local/lib/python3.12/site-packages/airflow/example_dags/tutorial.py for tasks to queue
[2025-04-18T13:52:08.374+0000] {logging_mixin.py:190} INFO - [2025-04-18T13:52:08.372+0000] {dagbag.py:588} INFO - Filling up the DagBag from /home/airflow/.local/lib/python3.12/site-packages/airflow/example_dags/tutorial.py
[2025-04-18T13:52:08.448+0000] {processor.py:925} INFO - DAG(s) 'tutorial' retrieved from /home/airflow/.local/lib/python3.12/site-packages/airflow/example_dags/tutorial.py
[2025-04-18T13:52:08.538+0000] {logging_mixin.py:190} INFO - [2025-04-18T13:52:08.538+0000] {dag.py:3239} INFO - Sync 1 DAGs
[2025-04-18T13:52:08.637+0000] {logging_mixin.py:190} INFO - [2025-04-18T13:52:08.636+0000] {dag.py:4180} INFO - Setting next_dagrun for tutorial to 2025-04-17 00:00:00+00:00, run_after=2025-04-18 00:00:00+00:00
[2025-04-18T13:52:08.785+0000] {processor.py:208} INFO - Processing /home/airflow/.local/lib/python3.12/site-packages/airflow/example_dags/tutorial.py took 0.487 seconds
[2025-04-18T13:53:18.844+0000] {processor.py:186} INFO - Started process (PID=334) to work on /home/airflow/.local/lib/python3.12/site-packages/airflow/example_dags/tutorial.py
[2025-04-18T13:53:18.845+0000] {processor.py:914} INFO - Processing file /home/airflow/.local/lib/python3.12/site-packages/airflow/example_dags/tutorial.py for tasks to queue
[2025-04-18T13:53:18.857+0000] {logging_mixin.py:190} INFO - [2025-04-18T13:53:18.857+0000] {dagbag.py:588} INFO - Filling up the DagBag from /home/airflow/.local/lib/python3.12/site-packages/airflow/example_dags/tutorial.py
[2025-04-18T13:53:18.934+0000] {processor.py:925} INFO - DAG(s) 'tutorial' retrieved from /home/airflow/.local/lib/python3.12/site-packages/airflow/example_dags/tutorial.py
[2025-04-18T13:53:19.083+0000] {logging_mixin.py:190} INFO - [2025-04-18T13:53:19.082+0000] {dag.py:3239} INFO - Sync 1 DAGs
[2025-04-18T13:53:19.188+0000] {logging_mixin.py:190} INFO - [2025-04-18T13:53:19.181+0000] {dag.py:4180} INFO - Setting next_dagrun for tutorial to 2025-04-17 00:00:00+00:00, run_after=2025-04-18 00:00:00+00:00
[2025-04-18T13:53:19.396+0000] {processor.py:208} INFO - Processing /home/airflow/.local/lib/python3.12/site-packages/airflow/example_dags/tutorial.py took 0.563 seconds
[2025-04-18T13:54:02.496+0000] {processor.py:186} INFO - Started process (PID=398) to work on /home/airflow/.local/lib/python3.12/site-packages/airflow/example_dags/tutorial.py
[2025-04-18T13:54:02.509+0000] {processor.py:914} INFO - Processing file /home/airflow/.local/lib/python3.12/site-packages/airflow/example_dags/tutorial.py for tasks to queue
[2025-04-18T13:54:02.559+0000] {logging_mixin.py:190} INFO - [2025-04-18T13:54:02.553+0000] {dagbag.py:588} INFO - Filling up the DagBag from /home/airflow/.local/lib/python3.12/site-packages/airflow/example_dags/tutorial.py
[2025-04-18T13:54:02.654+0000] {processor.py:925} INFO - DAG(s) 'tutorial' retrieved from /home/airflow/.local/lib/python3.12/site-packages/airflow/example_dags/tutorial.py
[2025-04-18T13:54:02.916+0000] {logging_mixin.py:190} INFO - [2025-04-18T13:54:02.915+0000] {dag.py:3239} INFO - Sync 1 DAGs
[2025-04-18T13:54:03.186+0000] {logging_mixin.py:190} INFO - [2025-04-18T13:54:03.183+0000] {dag.py:4180} INFO - Setting next_dagrun for tutorial to 2025-04-17 00:00:00+00:00, run_after=2025-04-18 00:00:00+00:00
[2025-04-18T13:54:03.343+0000] {processor.py:208} INFO - Processing /home/airflow/.local/lib/python3.12/site-packages/airflow/example_dags/tutorial.py took 0.944 seconds
[2025-04-18T13:54:33.763+0000] {processor.py:186} INFO - Started process (PID=460) to work on /home/airflow/.local/lib/python3.12/site-packages/airflow/example_dags/tutorial.py
[2025-04-18T13:54:33.776+0000] {processor.py:914} INFO - Processing file /home/airflow/.local/lib/python3.12/site-packages/airflow/example_dags/tutorial.py for tasks to queue
[2025-04-18T13:54:33.823+0000] {logging_mixin.py:190} INFO - [2025-04-18T13:54:33.822+0000] {dagbag.py:588} INFO - Filling up the DagBag from /home/airflow/.local/lib/python3.12/site-packages/airflow/example_dags/tutorial.py
[2025-04-18T13:54:33.928+0000] {processor.py:925} INFO - DAG(s) 'tutorial' retrieved from /home/airflow/.local/lib/python3.12/site-packages/airflow/example_dags/tutorial.py
[2025-04-18T13:54:34.163+0000] {logging_mixin.py:190} INFO - [2025-04-18T13:54:34.162+0000] {dag.py:3239} INFO - Sync 1 DAGs
[2025-04-18T13:54:34.315+0000] {logging_mixin.py:190} INFO - [2025-04-18T13:54:34.313+0000] {dag.py:4180} INFO - Setting next_dagrun for tutorial to 2025-04-17 00:00:00+00:00, run_after=2025-04-18 00:00:00+00:00
[2025-04-18T13:54:34.425+0000] {processor.py:208} INFO - Processing /home/airflow/.local/lib/python3.12/site-packages/airflow/example_dags/tutorial.py took 0.694 seconds
