[2025-04-18T13:25:58.524+0000] {processor.py:186} INFO - Started process (PID=80) to work on /home/airflow/.local/lib/python3.12/site-packages/airflow/example_dags/tutorial_dag.py
[2025-04-18T13:25:58.528+0000] {processor.py:914} INFO - Processing file /home/airflow/.local/lib/python3.12/site-packages/airflow/example_dags/tutorial_dag.py for tasks to queue
[2025-04-18T13:25:58.532+0000] {logging_mixin.py:190} INFO - [2025-04-18T13:25:58.532+0000] {dagbag.py:588} INFO - Filling up the DagBag from /home/airflow/.local/lib/python3.12/site-packages/airflow/example_dags/tutorial_dag.py
[2025-04-18T13:25:58.555+0000] {processor.py:925} INFO - DAG(s) 'tutorial_dag' retrieved from /home/airflow/.local/lib/python3.12/site-packages/airflow/example_dags/tutorial_dag.py
[2025-04-18T13:25:58.799+0000] {logging_mixin.py:190} INFO - [2025-04-18T13:25:58.799+0000] {dag.py:3239} INFO - Sync 1 DAGs
[2025-04-18T13:25:58.828+0000] {logging_mixin.py:190} INFO - [2025-04-18T13:25:58.828+0000] {dag.py:4180} INFO - Setting next_dagrun for tutorial_dag to None, run_after=None
[2025-04-18T13:25:58.868+0000] {processor.py:208} INFO - Processing /home/airflow/.local/lib/python3.12/site-packages/airflow/example_dags/tutorial_dag.py took 0.360 seconds
[2025-04-18T13:27:41.902+0000] {processor.py:186} INFO - Started process (PID=157) to work on /home/airflow/.local/lib/python3.12/site-packages/airflow/example_dags/tutorial_dag.py
[2025-04-18T13:27:41.911+0000] {processor.py:914} INFO - Processing file /home/airflow/.local/lib/python3.12/site-packages/airflow/example_dags/tutorial_dag.py for tasks to queue
[2025-04-18T13:27:41.938+0000] {logging_mixin.py:190} INFO - [2025-04-18T13:27:41.936+0000] {dagbag.py:588} INFO - Filling up the DagBag from /home/airflow/.local/lib/python3.12/site-packages/airflow/example_dags/tutorial_dag.py
[2025-04-18T13:27:42.041+0000] {processor.py:925} INFO - DAG(s) 'tutorial_dag' retrieved from /home/airflow/.local/lib/python3.12/site-packages/airflow/example_dags/tutorial_dag.py
[2025-04-18T13:27:42.172+0000] {logging_mixin.py:190} INFO - [2025-04-18T13:27:42.170+0000] {dag.py:3239} INFO - Sync 1 DAGs
[2025-04-18T13:27:42.298+0000] {logging_mixin.py:190} INFO - [2025-04-18T13:27:42.293+0000] {dag.py:4180} INFO - Setting next_dagrun for tutorial_dag to None, run_after=None
[2025-04-18T13:27:42.449+0000] {processor.py:208} INFO - Processing /home/airflow/.local/lib/python3.12/site-packages/airflow/example_dags/tutorial_dag.py took 0.571 seconds
[2025-04-18T13:30:02.047+0000] {processor.py:186} INFO - Started process (PID=79) to work on /home/airflow/.local/lib/python3.12/site-packages/airflow/example_dags/tutorial_dag.py
[2025-04-18T13:30:02.051+0000] {processor.py:914} INFO - Processing file /home/airflow/.local/lib/python3.12/site-packages/airflow/example_dags/tutorial_dag.py for tasks to queue
[2025-04-18T13:30:02.055+0000] {logging_mixin.py:190} INFO - [2025-04-18T13:30:02.054+0000] {dagbag.py:588} INFO - Filling up the DagBag from /home/airflow/.local/lib/python3.12/site-packages/airflow/example_dags/tutorial_dag.py
[2025-04-18T13:30:02.071+0000] {processor.py:925} INFO - DAG(s) 'tutorial_dag' retrieved from /home/airflow/.local/lib/python3.12/site-packages/airflow/example_dags/tutorial_dag.py
[2025-04-18T13:30:02.152+0000] {logging_mixin.py:190} INFO - [2025-04-18T13:30:02.151+0000] {dag.py:3239} INFO - Sync 1 DAGs
[2025-04-18T13:30:02.221+0000] {logging_mixin.py:190} INFO - [2025-04-18T13:30:02.221+0000] {dag.py:4180} INFO - Setting next_dagrun for tutorial_dag to None, run_after=None
[2025-04-18T13:30:02.272+0000] {processor.py:208} INFO - Processing /home/airflow/.local/lib/python3.12/site-packages/airflow/example_dags/tutorial_dag.py took 0.242 seconds
[2025-04-18T13:30:39.040+0000] {processor.py:186} INFO - Started process (PID=143) to work on /home/airflow/.local/lib/python3.12/site-packages/airflow/example_dags/tutorial_dag.py
[2025-04-18T13:30:39.045+0000] {processor.py:914} INFO - Processing file /home/airflow/.local/lib/python3.12/site-packages/airflow/example_dags/tutorial_dag.py for tasks to queue
[2025-04-18T13:30:39.052+0000] {logging_mixin.py:190} INFO - [2025-04-18T13:30:39.051+0000] {dagbag.py:588} INFO - Filling up the DagBag from /home/airflow/.local/lib/python3.12/site-packages/airflow/example_dags/tutorial_dag.py
[2025-04-18T13:30:39.070+0000] {processor.py:925} INFO - DAG(s) 'tutorial_dag' retrieved from /home/airflow/.local/lib/python3.12/site-packages/airflow/example_dags/tutorial_dag.py
[2025-04-18T13:30:39.141+0000] {logging_mixin.py:190} INFO - [2025-04-18T13:30:39.140+0000] {dag.py:3239} INFO - Sync 1 DAGs
[2025-04-18T13:30:39.184+0000] {logging_mixin.py:190} INFO - [2025-04-18T13:30:39.183+0000] {dag.py:4180} INFO - Setting next_dagrun for tutorial_dag to None, run_after=None
[2025-04-18T13:30:39.229+0000] {processor.py:208} INFO - Processing /home/airflow/.local/lib/python3.12/site-packages/airflow/example_dags/tutorial_dag.py took 0.199 seconds
[2025-04-18T13:31:09.689+0000] {processor.py:186} INFO - Started process (PID=207) to work on /home/airflow/.local/lib/python3.12/site-packages/airflow/example_dags/tutorial_dag.py
[2025-04-18T13:31:09.692+0000] {processor.py:914} INFO - Processing file /home/airflow/.local/lib/python3.12/site-packages/airflow/example_dags/tutorial_dag.py for tasks to queue
[2025-04-18T13:31:09.700+0000] {logging_mixin.py:190} INFO - [2025-04-18T13:31:09.700+0000] {dagbag.py:588} INFO - Filling up the DagBag from /home/airflow/.local/lib/python3.12/site-packages/airflow/example_dags/tutorial_dag.py
[2025-04-18T13:31:09.727+0000] {processor.py:925} INFO - DAG(s) 'tutorial_dag' retrieved from /home/airflow/.local/lib/python3.12/site-packages/airflow/example_dags/tutorial_dag.py
[2025-04-18T13:31:09.763+0000] {logging_mixin.py:190} INFO - [2025-04-18T13:31:09.763+0000] {dag.py:3239} INFO - Sync 1 DAGs
[2025-04-18T13:31:09.779+0000] {logging_mixin.py:190} INFO - [2025-04-18T13:31:09.778+0000] {dag.py:4180} INFO - Setting next_dagrun for tutorial_dag to None, run_after=None
[2025-04-18T13:31:09.797+0000] {processor.py:208} INFO - Processing /home/airflow/.local/lib/python3.12/site-packages/airflow/example_dags/tutorial_dag.py took 0.125 seconds
[2025-04-18T13:31:40.563+0000] {processor.py:186} INFO - Started process (PID=270) to work on /home/airflow/.local/lib/python3.12/site-packages/airflow/example_dags/tutorial_dag.py
[2025-04-18T13:31:40.566+0000] {processor.py:914} INFO - Processing file /home/airflow/.local/lib/python3.12/site-packages/airflow/example_dags/tutorial_dag.py for tasks to queue
[2025-04-18T13:31:40.569+0000] {logging_mixin.py:190} INFO - [2025-04-18T13:31:40.568+0000] {dagbag.py:588} INFO - Filling up the DagBag from /home/airflow/.local/lib/python3.12/site-packages/airflow/example_dags/tutorial_dag.py
[2025-04-18T13:31:40.585+0000] {processor.py:925} INFO - DAG(s) 'tutorial_dag' retrieved from /home/airflow/.local/lib/python3.12/site-packages/airflow/example_dags/tutorial_dag.py
[2025-04-18T13:31:40.624+0000] {logging_mixin.py:190} INFO - [2025-04-18T13:31:40.623+0000] {dag.py:3239} INFO - Sync 1 DAGs
[2025-04-18T13:31:40.645+0000] {logging_mixin.py:190} INFO - [2025-04-18T13:31:40.645+0000] {dag.py:4180} INFO - Setting next_dagrun for tutorial_dag to None, run_after=None
[2025-04-18T13:31:40.682+0000] {processor.py:208} INFO - Processing /home/airflow/.local/lib/python3.12/site-packages/airflow/example_dags/tutorial_dag.py took 0.134 seconds
[2025-04-18T13:32:10.792+0000] {processor.py:186} INFO - Started process (PID=334) to work on /home/airflow/.local/lib/python3.12/site-packages/airflow/example_dags/tutorial_dag.py
[2025-04-18T13:32:10.794+0000] {processor.py:914} INFO - Processing file /home/airflow/.local/lib/python3.12/site-packages/airflow/example_dags/tutorial_dag.py for tasks to queue
[2025-04-18T13:32:10.796+0000] {logging_mixin.py:190} INFO - [2025-04-18T13:32:10.796+0000] {dagbag.py:588} INFO - Filling up the DagBag from /home/airflow/.local/lib/python3.12/site-packages/airflow/example_dags/tutorial_dag.py
[2025-04-18T13:32:10.818+0000] {processor.py:925} INFO - DAG(s) 'tutorial_dag' retrieved from /home/airflow/.local/lib/python3.12/site-packages/airflow/example_dags/tutorial_dag.py
[2025-04-18T13:32:10.858+0000] {logging_mixin.py:190} INFO - [2025-04-18T13:32:10.858+0000] {dag.py:3239} INFO - Sync 1 DAGs
[2025-04-18T13:32:10.945+0000] {logging_mixin.py:190} INFO - [2025-04-18T13:32:10.944+0000] {dag.py:4180} INFO - Setting next_dagrun for tutorial_dag to None, run_after=None
[2025-04-18T13:32:11.868+0000] {processor.py:208} INFO - Processing /home/airflow/.local/lib/python3.12/site-packages/airflow/example_dags/tutorial_dag.py took 1.089 seconds
[2025-04-18T13:34:55.256+0000] {processor.py:186} INFO - Started process (PID=74) to work on /home/airflow/.local/lib/python3.12/site-packages/airflow/example_dags/tutorial_dag.py
[2025-04-18T13:34:55.262+0000] {processor.py:914} INFO - Processing file /home/airflow/.local/lib/python3.12/site-packages/airflow/example_dags/tutorial_dag.py for tasks to queue
[2025-04-18T13:34:55.266+0000] {logging_mixin.py:190} INFO - [2025-04-18T13:34:55.265+0000] {dagbag.py:588} INFO - Filling up the DagBag from /home/airflow/.local/lib/python3.12/site-packages/airflow/example_dags/tutorial_dag.py
[2025-04-18T13:34:55.312+0000] {processor.py:925} INFO - DAG(s) 'tutorial_dag' retrieved from /home/airflow/.local/lib/python3.12/site-packages/airflow/example_dags/tutorial_dag.py
[2025-04-18T13:34:55.415+0000] {logging_mixin.py:190} INFO - [2025-04-18T13:34:55.414+0000] {dag.py:3239} INFO - Sync 1 DAGs
[2025-04-18T13:34:55.471+0000] {logging_mixin.py:190} INFO - [2025-04-18T13:34:55.471+0000] {dag.py:4180} INFO - Setting next_dagrun for tutorial_dag to None, run_after=None
[2025-04-18T13:34:55.520+0000] {processor.py:208} INFO - Processing /home/airflow/.local/lib/python3.12/site-packages/airflow/example_dags/tutorial_dag.py took 0.273 seconds
[2025-04-18T13:35:26.335+0000] {processor.py:186} INFO - Started process (PID=138) to work on /home/airflow/.local/lib/python3.12/site-packages/airflow/example_dags/tutorial_dag.py
[2025-04-18T13:35:26.337+0000] {processor.py:914} INFO - Processing file /home/airflow/.local/lib/python3.12/site-packages/airflow/example_dags/tutorial_dag.py for tasks to queue
[2025-04-18T13:35:26.347+0000] {logging_mixin.py:190} INFO - [2025-04-18T13:35:26.345+0000] {dagbag.py:588} INFO - Filling up the DagBag from /home/airflow/.local/lib/python3.12/site-packages/airflow/example_dags/tutorial_dag.py
[2025-04-18T13:35:26.377+0000] {processor.py:925} INFO - DAG(s) 'tutorial_dag' retrieved from /home/airflow/.local/lib/python3.12/site-packages/airflow/example_dags/tutorial_dag.py
[2025-04-18T13:35:26.462+0000] {logging_mixin.py:190} INFO - [2025-04-18T13:35:26.461+0000] {dag.py:3239} INFO - Sync 1 DAGs
[2025-04-18T13:35:26.520+0000] {logging_mixin.py:190} INFO - [2025-04-18T13:35:26.519+0000] {dag.py:4180} INFO - Setting next_dagrun for tutorial_dag to None, run_after=None
[2025-04-18T13:35:26.567+0000] {processor.py:208} INFO - Processing /home/airflow/.local/lib/python3.12/site-packages/airflow/example_dags/tutorial_dag.py took 0.255 seconds
[2025-04-18T13:35:56.742+0000] {processor.py:186} INFO - Started process (PID=202) to work on /home/airflow/.local/lib/python3.12/site-packages/airflow/example_dags/tutorial_dag.py
[2025-04-18T13:35:56.743+0000] {processor.py:914} INFO - Processing file /home/airflow/.local/lib/python3.12/site-packages/airflow/example_dags/tutorial_dag.py for tasks to queue
[2025-04-18T13:35:56.745+0000] {logging_mixin.py:190} INFO - [2025-04-18T13:35:56.745+0000] {dagbag.py:588} INFO - Filling up the DagBag from /home/airflow/.local/lib/python3.12/site-packages/airflow/example_dags/tutorial_dag.py
[2025-04-18T13:35:56.752+0000] {processor.py:925} INFO - DAG(s) 'tutorial_dag' retrieved from /home/airflow/.local/lib/python3.12/site-packages/airflow/example_dags/tutorial_dag.py
[2025-04-18T13:35:56.762+0000] {logging_mixin.py:190} INFO - [2025-04-18T13:35:56.762+0000] {dag.py:3239} INFO - Sync 1 DAGs
[2025-04-18T13:35:56.770+0000] {logging_mixin.py:190} INFO - [2025-04-18T13:35:56.770+0000] {dag.py:4180} INFO - Setting next_dagrun for tutorial_dag to None, run_after=None
[2025-04-18T13:35:56.785+0000] {processor.py:208} INFO - Processing /home/airflow/.local/lib/python3.12/site-packages/airflow/example_dags/tutorial_dag.py took 0.046 seconds
[2025-04-18T13:36:27.104+0000] {processor.py:186} INFO - Started process (PID=266) to work on /home/airflow/.local/lib/python3.12/site-packages/airflow/example_dags/tutorial_dag.py
[2025-04-18T13:36:27.105+0000] {processor.py:914} INFO - Processing file /home/airflow/.local/lib/python3.12/site-packages/airflow/example_dags/tutorial_dag.py for tasks to queue
[2025-04-18T13:36:27.108+0000] {logging_mixin.py:190} INFO - [2025-04-18T13:36:27.107+0000] {dagbag.py:588} INFO - Filling up the DagBag from /home/airflow/.local/lib/python3.12/site-packages/airflow/example_dags/tutorial_dag.py
[2025-04-18T13:36:27.121+0000] {processor.py:925} INFO - DAG(s) 'tutorial_dag' retrieved from /home/airflow/.local/lib/python3.12/site-packages/airflow/example_dags/tutorial_dag.py
[2025-04-18T13:36:27.141+0000] {logging_mixin.py:190} INFO - [2025-04-18T13:36:27.141+0000] {dag.py:3239} INFO - Sync 1 DAGs
[2025-04-18T13:36:27.169+0000] {logging_mixin.py:190} INFO - [2025-04-18T13:36:27.168+0000] {dag.py:4180} INFO - Setting next_dagrun for tutorial_dag to None, run_after=None
[2025-04-18T13:36:27.189+0000] {processor.py:208} INFO - Processing /home/airflow/.local/lib/python3.12/site-packages/airflow/example_dags/tutorial_dag.py took 0.094 seconds
[2025-04-18T13:36:57.852+0000] {processor.py:186} INFO - Started process (PID=329) to work on /home/airflow/.local/lib/python3.12/site-packages/airflow/example_dags/tutorial_dag.py
[2025-04-18T13:36:57.853+0000] {processor.py:914} INFO - Processing file /home/airflow/.local/lib/python3.12/site-packages/airflow/example_dags/tutorial_dag.py for tasks to queue
[2025-04-18T13:36:57.854+0000] {logging_mixin.py:190} INFO - [2025-04-18T13:36:57.854+0000] {dagbag.py:588} INFO - Filling up the DagBag from /home/airflow/.local/lib/python3.12/site-packages/airflow/example_dags/tutorial_dag.py
[2025-04-18T13:36:57.861+0000] {processor.py:925} INFO - DAG(s) 'tutorial_dag' retrieved from /home/airflow/.local/lib/python3.12/site-packages/airflow/example_dags/tutorial_dag.py
[2025-04-18T13:36:57.882+0000] {logging_mixin.py:190} INFO - [2025-04-18T13:36:57.881+0000] {dag.py:3239} INFO - Sync 1 DAGs
[2025-04-18T13:36:57.896+0000] {logging_mixin.py:190} INFO - [2025-04-18T13:36:57.896+0000] {dag.py:4180} INFO - Setting next_dagrun for tutorial_dag to None, run_after=None
[2025-04-18T13:36:57.919+0000] {processor.py:208} INFO - Processing /home/airflow/.local/lib/python3.12/site-packages/airflow/example_dags/tutorial_dag.py took 0.070 seconds
[2025-04-18T13:37:28.079+0000] {processor.py:186} INFO - Started process (PID=393) to work on /home/airflow/.local/lib/python3.12/site-packages/airflow/example_dags/tutorial_dag.py
[2025-04-18T13:37:28.079+0000] {processor.py:914} INFO - Processing file /home/airflow/.local/lib/python3.12/site-packages/airflow/example_dags/tutorial_dag.py for tasks to queue
[2025-04-18T13:37:28.081+0000] {logging_mixin.py:190} INFO - [2025-04-18T13:37:28.081+0000] {dagbag.py:588} INFO - Filling up the DagBag from /home/airflow/.local/lib/python3.12/site-packages/airflow/example_dags/tutorial_dag.py
[2025-04-18T13:37:28.089+0000] {processor.py:925} INFO - DAG(s) 'tutorial_dag' retrieved from /home/airflow/.local/lib/python3.12/site-packages/airflow/example_dags/tutorial_dag.py
[2025-04-18T13:37:28.104+0000] {logging_mixin.py:190} INFO - [2025-04-18T13:37:28.103+0000] {dag.py:3239} INFO - Sync 1 DAGs
[2025-04-18T13:37:28.113+0000] {logging_mixin.py:190} INFO - [2025-04-18T13:37:28.113+0000] {dag.py:4180} INFO - Setting next_dagrun for tutorial_dag to None, run_after=None
[2025-04-18T13:37:28.122+0000] {processor.py:208} INFO - Processing /home/airflow/.local/lib/python3.12/site-packages/airflow/example_dags/tutorial_dag.py took 0.047 seconds
[2025-04-18T13:37:58.576+0000] {processor.py:186} INFO - Started process (PID=457) to work on /home/airflow/.local/lib/python3.12/site-packages/airflow/example_dags/tutorial_dag.py
[2025-04-18T13:37:58.580+0000] {processor.py:914} INFO - Processing file /home/airflow/.local/lib/python3.12/site-packages/airflow/example_dags/tutorial_dag.py for tasks to queue
[2025-04-18T13:37:58.583+0000] {logging_mixin.py:190} INFO - [2025-04-18T13:37:58.583+0000] {dagbag.py:588} INFO - Filling up the DagBag from /home/airflow/.local/lib/python3.12/site-packages/airflow/example_dags/tutorial_dag.py
[2025-04-18T13:37:58.587+0000] {processor.py:925} INFO - DAG(s) 'tutorial_dag' retrieved from /home/airflow/.local/lib/python3.12/site-packages/airflow/example_dags/tutorial_dag.py
[2025-04-18T13:37:58.601+0000] {logging_mixin.py:190} INFO - [2025-04-18T13:37:58.601+0000] {dag.py:3239} INFO - Sync 1 DAGs
[2025-04-18T13:37:58.609+0000] {logging_mixin.py:190} INFO - [2025-04-18T13:37:58.608+0000] {dag.py:4180} INFO - Setting next_dagrun for tutorial_dag to None, run_after=None
[2025-04-18T13:37:58.618+0000] {processor.py:208} INFO - Processing /home/airflow/.local/lib/python3.12/site-packages/airflow/example_dags/tutorial_dag.py took 0.049 seconds
[2025-04-18T13:38:29.433+0000] {processor.py:186} INFO - Started process (PID=521) to work on /home/airflow/.local/lib/python3.12/site-packages/airflow/example_dags/tutorial_dag.py
[2025-04-18T13:38:29.433+0000] {processor.py:914} INFO - Processing file /home/airflow/.local/lib/python3.12/site-packages/airflow/example_dags/tutorial_dag.py for tasks to queue
[2025-04-18T13:38:29.434+0000] {logging_mixin.py:190} INFO - [2025-04-18T13:38:29.434+0000] {dagbag.py:588} INFO - Filling up the DagBag from /home/airflow/.local/lib/python3.12/site-packages/airflow/example_dags/tutorial_dag.py
[2025-04-18T13:38:29.438+0000] {processor.py:925} INFO - DAG(s) 'tutorial_dag' retrieved from /home/airflow/.local/lib/python3.12/site-packages/airflow/example_dags/tutorial_dag.py
[2025-04-18T13:38:29.453+0000] {logging_mixin.py:190} INFO - [2025-04-18T13:38:29.453+0000] {dag.py:3239} INFO - Sync 1 DAGs
[2025-04-18T13:38:29.460+0000] {logging_mixin.py:190} INFO - [2025-04-18T13:38:29.460+0000] {dag.py:4180} INFO - Setting next_dagrun for tutorial_dag to None, run_after=None
[2025-04-18T13:38:29.474+0000] {processor.py:208} INFO - Processing /home/airflow/.local/lib/python3.12/site-packages/airflow/example_dags/tutorial_dag.py took 0.044 seconds
[2025-04-18T13:39:08.285+0000] {processor.py:186} INFO - Started process (PID=594) to work on /home/airflow/.local/lib/python3.12/site-packages/airflow/example_dags/tutorial_dag.py
[2025-04-18T13:39:08.169+0000] {processor.py:914} INFO - Processing file /home/airflow/.local/lib/python3.12/site-packages/airflow/example_dags/tutorial_dag.py for tasks to queue
[2025-04-18T13:39:08.456+0000] {logging_mixin.py:190} INFO - [2025-04-18T13:39:08.246+0000] {dagbag.py:588} INFO - Filling up the DagBag from /home/airflow/.local/lib/python3.12/site-packages/airflow/example_dags/tutorial_dag.py
[2025-04-18T13:39:13.149+0000] {processor.py:925} INFO - DAG(s) 'tutorial_dag' retrieved from /home/airflow/.local/lib/python3.12/site-packages/airflow/example_dags/tutorial_dag.py
[2025-04-18T13:39:21.586+0000] {logging_mixin.py:190} INFO - [2025-04-18T13:39:21.576+0000] {dag.py:3239} INFO - Sync 1 DAGs
[2025-04-18T13:39:21.783+0000] {logging_mixin.py:190} INFO - [2025-04-18T13:39:21.740+0000] {dag.py:4180} INFO - Setting next_dagrun for tutorial_dag to None, run_after=None
[2025-04-18T13:39:22.164+0000] {processor.py:208} INFO - Processing /home/airflow/.local/lib/python3.12/site-packages/airflow/example_dags/tutorial_dag.py took 14.672 seconds
[2025-04-18T13:40:31.716+0000] {processor.py:186} INFO - Started process (PID=670) to work on /home/airflow/.local/lib/python3.12/site-packages/airflow/example_dags/tutorial_dag.py
[2025-04-18T13:40:31.721+0000] {processor.py:914} INFO - Processing file /home/airflow/.local/lib/python3.12/site-packages/airflow/example_dags/tutorial_dag.py for tasks to queue
[2025-04-18T13:40:31.745+0000] {logging_mixin.py:190} INFO - [2025-04-18T13:40:31.740+0000] {dagbag.py:588} INFO - Filling up the DagBag from /home/airflow/.local/lib/python3.12/site-packages/airflow/example_dags/tutorial_dag.py
[2025-04-18T13:40:31.824+0000] {processor.py:925} INFO - DAG(s) 'tutorial_dag' retrieved from /home/airflow/.local/lib/python3.12/site-packages/airflow/example_dags/tutorial_dag.py
[2025-04-18T13:40:32.050+0000] {logging_mixin.py:190} INFO - [2025-04-18T13:40:32.049+0000] {dag.py:3239} INFO - Sync 1 DAGs
[2025-04-18T13:40:32.151+0000] {logging_mixin.py:190} INFO - [2025-04-18T13:40:32.150+0000] {dag.py:4180} INFO - Setting next_dagrun for tutorial_dag to None, run_after=None
[2025-04-18T13:40:32.321+0000] {processor.py:208} INFO - Processing /home/airflow/.local/lib/python3.12/site-packages/airflow/example_dags/tutorial_dag.py took 0.633 seconds
[2025-04-18T13:43:33.141+0000] {processor.py:186} INFO - Started process (PID=79) to work on /home/airflow/.local/lib/python3.12/site-packages/airflow/example_dags/tutorial_dag.py
[2025-04-18T13:43:33.147+0000] {processor.py:914} INFO - Processing file /home/airflow/.local/lib/python3.12/site-packages/airflow/example_dags/tutorial_dag.py for tasks to queue
[2025-04-18T13:43:33.172+0000] {logging_mixin.py:190} INFO - [2025-04-18T13:43:33.166+0000] {dagbag.py:588} INFO - Filling up the DagBag from /home/airflow/.local/lib/python3.12/site-packages/airflow/example_dags/tutorial_dag.py
[2025-04-18T13:43:33.204+0000] {processor.py:925} INFO - DAG(s) 'tutorial_dag' retrieved from /home/airflow/.local/lib/python3.12/site-packages/airflow/example_dags/tutorial_dag.py
[2025-04-18T13:43:33.306+0000] {logging_mixin.py:190} INFO - [2025-04-18T13:43:33.306+0000] {dag.py:3239} INFO - Sync 1 DAGs
[2025-04-18T13:43:33.394+0000] {logging_mixin.py:190} INFO - [2025-04-18T13:43:33.393+0000] {dag.py:4180} INFO - Setting next_dagrun for tutorial_dag to None, run_after=None
[2025-04-18T13:43:33.562+0000] {processor.py:208} INFO - Processing /home/airflow/.local/lib/python3.12/site-packages/airflow/example_dags/tutorial_dag.py took 0.432 seconds
[2025-04-18T13:44:32.441+0000] {processor.py:186} INFO - Started process (PID=149) to work on /home/airflow/.local/lib/python3.12/site-packages/airflow/example_dags/tutorial_dag.py
[2025-04-18T13:44:32.456+0000] {processor.py:914} INFO - Processing file /home/airflow/.local/lib/python3.12/site-packages/airflow/example_dags/tutorial_dag.py for tasks to queue
[2025-04-18T13:44:32.569+0000] {logging_mixin.py:190} INFO - [2025-04-18T13:44:32.562+0000] {dagbag.py:588} INFO - Filling up the DagBag from /home/airflow/.local/lib/python3.12/site-packages/airflow/example_dags/tutorial_dag.py
[2025-04-18T13:44:32.753+0000] {processor.py:925} INFO - DAG(s) 'tutorial_dag' retrieved from /home/airflow/.local/lib/python3.12/site-packages/airflow/example_dags/tutorial_dag.py
[2025-04-18T13:44:32.984+0000] {logging_mixin.py:190} INFO - [2025-04-18T13:44:32.983+0000] {dag.py:3239} INFO - Sync 1 DAGs
[2025-04-18T13:44:33.159+0000] {logging_mixin.py:190} INFO - [2025-04-18T13:44:33.158+0000] {dag.py:4180} INFO - Setting next_dagrun for tutorial_dag to None, run_after=None
[2025-04-18T13:44:33.281+0000] {processor.py:208} INFO - Processing /home/airflow/.local/lib/python3.12/site-packages/airflow/example_dags/tutorial_dag.py took 1.008 seconds
[2025-04-18T13:45:23.774+0000] {processor.py:186} INFO - Started process (PID=218) to work on /home/airflow/.local/lib/python3.12/site-packages/airflow/example_dags/tutorial_dag.py
[2025-04-18T13:45:23.779+0000] {processor.py:914} INFO - Processing file /home/airflow/.local/lib/python3.12/site-packages/airflow/example_dags/tutorial_dag.py for tasks to queue
[2025-04-18T13:45:23.798+0000] {logging_mixin.py:190} INFO - [2025-04-18T13:45:23.794+0000] {dagbag.py:588} INFO - Filling up the DagBag from /home/airflow/.local/lib/python3.12/site-packages/airflow/example_dags/tutorial_dag.py
[2025-04-18T13:45:23.935+0000] {processor.py:925} INFO - DAG(s) 'tutorial_dag' retrieved from /home/airflow/.local/lib/python3.12/site-packages/airflow/example_dags/tutorial_dag.py
[2025-04-18T13:45:24.129+0000] {logging_mixin.py:190} INFO - [2025-04-18T13:45:24.128+0000] {dag.py:3239} INFO - Sync 1 DAGs
[2025-04-18T13:45:24.279+0000] {logging_mixin.py:190} INFO - [2025-04-18T13:45:24.279+0000] {dag.py:4180} INFO - Setting next_dagrun for tutorial_dag to None, run_after=None
[2025-04-18T13:45:24.402+0000] {processor.py:208} INFO - Processing /home/airflow/.local/lib/python3.12/site-packages/airflow/example_dags/tutorial_dag.py took 0.671 seconds
[2025-04-18T13:46:57.782+0000] {processor.py:186} INFO - Started process (PID=279) to work on /home/airflow/.local/lib/python3.12/site-packages/airflow/example_dags/tutorial_dag.py
[2025-04-18T13:46:57.787+0000] {processor.py:914} INFO - Processing file /home/airflow/.local/lib/python3.12/site-packages/airflow/example_dags/tutorial_dag.py for tasks to queue
[2025-04-18T13:46:57.793+0000] {logging_mixin.py:190} INFO - [2025-04-18T13:46:57.793+0000] {dagbag.py:588} INFO - Filling up the DagBag from /home/airflow/.local/lib/python3.12/site-packages/airflow/example_dags/tutorial_dag.py
[2025-04-18T13:46:57.826+0000] {processor.py:925} INFO - DAG(s) 'tutorial_dag' retrieved from /home/airflow/.local/lib/python3.12/site-packages/airflow/example_dags/tutorial_dag.py
[2025-04-18T13:46:58.251+0000] {logging_mixin.py:190} INFO - [2025-04-18T13:46:58.224+0000] {dag.py:3239} INFO - Sync 1 DAGs
[2025-04-18T13:46:58.459+0000] {logging_mixin.py:190} INFO - [2025-04-18T13:46:58.458+0000] {dag.py:4180} INFO - Setting next_dagrun for tutorial_dag to None, run_after=None
[2025-04-18T13:46:58.574+0000] {processor.py:208} INFO - Processing /home/airflow/.local/lib/python3.12/site-packages/airflow/example_dags/tutorial_dag.py took 0.820 seconds
[2025-04-18T13:49:05.988+0000] {processor.py:186} INFO - Started process (PID=76) to work on /home/airflow/.local/lib/python3.12/site-packages/airflow/example_dags/tutorial_dag.py
[2025-04-18T13:49:05.992+0000] {processor.py:914} INFO - Processing file /home/airflow/.local/lib/python3.12/site-packages/airflow/example_dags/tutorial_dag.py for tasks to queue
[2025-04-18T13:49:06.005+0000] {logging_mixin.py:190} INFO - [2025-04-18T13:49:06.003+0000] {dagbag.py:588} INFO - Filling up the DagBag from /home/airflow/.local/lib/python3.12/site-packages/airflow/example_dags/tutorial_dag.py
[2025-04-18T13:49:06.052+0000] {processor.py:925} INFO - DAG(s) 'tutorial_dag' retrieved from /home/airflow/.local/lib/python3.12/site-packages/airflow/example_dags/tutorial_dag.py
[2025-04-18T13:49:06.309+0000] {logging_mixin.py:190} INFO - [2025-04-18T13:49:06.308+0000] {dag.py:3239} INFO - Sync 1 DAGs
[2025-04-18T13:49:06.382+0000] {logging_mixin.py:190} INFO - [2025-04-18T13:49:06.382+0000] {dag.py:4180} INFO - Setting next_dagrun for tutorial_dag to None, run_after=None
[2025-04-18T13:49:06.477+0000] {processor.py:208} INFO - Processing /home/airflow/.local/lib/python3.12/site-packages/airflow/example_dags/tutorial_dag.py took 0.503 seconds
[2025-04-18T13:50:23.353+0000] {processor.py:186} INFO - Started process (PID=152) to work on /home/airflow/.local/lib/python3.12/site-packages/airflow/example_dags/tutorial_dag.py
[2025-04-18T13:50:23.365+0000] {processor.py:914} INFO - Processing file /home/airflow/.local/lib/python3.12/site-packages/airflow/example_dags/tutorial_dag.py for tasks to queue
[2025-04-18T13:50:23.375+0000] {logging_mixin.py:190} INFO - [2025-04-18T13:50:23.374+0000] {dagbag.py:588} INFO - Filling up the DagBag from /home/airflow/.local/lib/python3.12/site-packages/airflow/example_dags/tutorial_dag.py
[2025-04-18T13:50:23.424+0000] {processor.py:925} INFO - DAG(s) 'tutorial_dag' retrieved from /home/airflow/.local/lib/python3.12/site-packages/airflow/example_dags/tutorial_dag.py
[2025-04-18T13:50:23.673+0000] {logging_mixin.py:190} INFO - [2025-04-18T13:50:23.672+0000] {dag.py:3239} INFO - Sync 1 DAGs
[2025-04-18T13:50:23.794+0000] {logging_mixin.py:190} INFO - [2025-04-18T13:50:23.793+0000] {dag.py:4180} INFO - Setting next_dagrun for tutorial_dag to None, run_after=None
[2025-04-18T13:50:23.923+0000] {processor.py:208} INFO - Processing /home/airflow/.local/lib/python3.12/site-packages/airflow/example_dags/tutorial_dag.py took 0.599 seconds
[2025-04-18T13:51:52.499+0000] {processor.py:186} INFO - Started process (PID=244) to work on /home/airflow/.local/lib/python3.12/site-packages/airflow/example_dags/tutorial_dag.py
[2025-04-18T13:51:52.524+0000] {processor.py:914} INFO - Processing file /home/airflow/.local/lib/python3.12/site-packages/airflow/example_dags/tutorial_dag.py for tasks to queue
[2025-04-18T13:51:52.559+0000] {logging_mixin.py:190} INFO - [2025-04-18T13:51:52.558+0000] {dagbag.py:588} INFO - Filling up the DagBag from /home/airflow/.local/lib/python3.12/site-packages/airflow/example_dags/tutorial_dag.py
[2025-04-18T13:51:52.667+0000] {processor.py:925} INFO - DAG(s) 'tutorial_dag' retrieved from /home/airflow/.local/lib/python3.12/site-packages/airflow/example_dags/tutorial_dag.py
[2025-04-18T13:51:52.906+0000] {logging_mixin.py:190} INFO - [2025-04-18T13:51:52.904+0000] {dag.py:3239} INFO - Sync 1 DAGs
[2025-04-18T13:51:52.981+0000] {logging_mixin.py:190} INFO - [2025-04-18T13:51:52.981+0000] {dag.py:4180} INFO - Setting next_dagrun for tutorial_dag to None, run_after=None
[2025-04-18T13:51:53.071+0000] {processor.py:208} INFO - Processing /home/airflow/.local/lib/python3.12/site-packages/airflow/example_dags/tutorial_dag.py took 0.613 seconds
[2025-04-18T13:53:00.892+0000] {processor.py:186} INFO - Started process (PID=318) to work on /home/airflow/.local/lib/python3.12/site-packages/airflow/example_dags/tutorial_dag.py
[2025-04-18T13:53:00.904+0000] {processor.py:914} INFO - Processing file /home/airflow/.local/lib/python3.12/site-packages/airflow/example_dags/tutorial_dag.py for tasks to queue
[2025-04-18T13:53:00.949+0000] {logging_mixin.py:190} INFO - [2025-04-18T13:53:00.943+0000] {dagbag.py:588} INFO - Filling up the DagBag from /home/airflow/.local/lib/python3.12/site-packages/airflow/example_dags/tutorial_dag.py
[2025-04-18T13:53:01.042+0000] {processor.py:925} INFO - DAG(s) 'tutorial_dag' retrieved from /home/airflow/.local/lib/python3.12/site-packages/airflow/example_dags/tutorial_dag.py
[2025-04-18T13:53:01.253+0000] {logging_mixin.py:190} INFO - [2025-04-18T13:53:01.252+0000] {dag.py:3239} INFO - Sync 1 DAGs
[2025-04-18T13:53:01.368+0000] {logging_mixin.py:190} INFO - [2025-04-18T13:53:01.367+0000] {dag.py:4180} INFO - Setting next_dagrun for tutorial_dag to None, run_after=None
[2025-04-18T13:53:01.466+0000] {processor.py:208} INFO - Processing /home/airflow/.local/lib/python3.12/site-packages/airflow/example_dags/tutorial_dag.py took 0.654 seconds
[2025-04-18T13:53:40.425+0000] {processor.py:186} INFO - Started process (PID=362) to work on /home/airflow/.local/lib/python3.12/site-packages/airflow/example_dags/tutorial_dag.py
[2025-04-18T13:53:40.509+0000] {processor.py:914} INFO - Processing file /home/airflow/.local/lib/python3.12/site-packages/airflow/example_dags/tutorial_dag.py for tasks to queue
[2025-04-18T13:53:40.576+0000] {logging_mixin.py:190} INFO - [2025-04-18T13:53:40.570+0000] {dagbag.py:588} INFO - Filling up the DagBag from /home/airflow/.local/lib/python3.12/site-packages/airflow/example_dags/tutorial_dag.py
[2025-04-18T13:53:40.726+0000] {processor.py:925} INFO - DAG(s) 'tutorial_dag' retrieved from /home/airflow/.local/lib/python3.12/site-packages/airflow/example_dags/tutorial_dag.py
[2025-04-18T13:53:41.146+0000] {logging_mixin.py:190} INFO - [2025-04-18T13:53:41.144+0000] {dag.py:3239} INFO - Sync 1 DAGs
[2025-04-18T13:53:41.325+0000] {logging_mixin.py:190} INFO - [2025-04-18T13:53:41.324+0000] {dag.py:4180} INFO - Setting next_dagrun for tutorial_dag to None, run_after=None
[2025-04-18T13:53:41.439+0000] {processor.py:208} INFO - Processing /home/airflow/.local/lib/python3.12/site-packages/airflow/example_dags/tutorial_dag.py took 1.060 seconds
[2025-04-18T13:54:16.124+0000] {processor.py:186} INFO - Started process (PID=426) to work on /home/airflow/.local/lib/python3.12/site-packages/airflow/example_dags/tutorial_dag.py
[2025-04-18T13:54:16.127+0000] {processor.py:914} INFO - Processing file /home/airflow/.local/lib/python3.12/site-packages/airflow/example_dags/tutorial_dag.py for tasks to queue
[2025-04-18T13:54:16.163+0000] {logging_mixin.py:190} INFO - [2025-04-18T13:54:16.162+0000] {dagbag.py:588} INFO - Filling up the DagBag from /home/airflow/.local/lib/python3.12/site-packages/airflow/example_dags/tutorial_dag.py
[2025-04-18T13:54:16.215+0000] {processor.py:925} INFO - DAG(s) 'tutorial_dag' retrieved from /home/airflow/.local/lib/python3.12/site-packages/airflow/example_dags/tutorial_dag.py
[2025-04-18T13:54:16.319+0000] {logging_mixin.py:190} INFO - [2025-04-18T13:54:16.317+0000] {dag.py:3239} INFO - Sync 1 DAGs
[2025-04-18T13:54:16.357+0000] {logging_mixin.py:190} INFO - [2025-04-18T13:54:16.355+0000] {dag.py:4180} INFO - Setting next_dagrun for tutorial_dag to None, run_after=None
[2025-04-18T13:54:16.462+0000] {processor.py:208} INFO - Processing /home/airflow/.local/lib/python3.12/site-packages/airflow/example_dags/tutorial_dag.py took 0.347 seconds
[2025-04-18T13:54:48.303+0000] {processor.py:186} INFO - Started process (PID=495) to work on /home/airflow/.local/lib/python3.12/site-packages/airflow/example_dags/tutorial_dag.py
[2025-04-18T13:54:48.315+0000] {processor.py:914} INFO - Processing file /home/airflow/.local/lib/python3.12/site-packages/airflow/example_dags/tutorial_dag.py for tasks to queue
[2025-04-18T13:54:48.322+0000] {logging_mixin.py:190} INFO - [2025-04-18T13:54:48.321+0000] {dagbag.py:588} INFO - Filling up the DagBag from /home/airflow/.local/lib/python3.12/site-packages/airflow/example_dags/tutorial_dag.py
[2025-04-18T13:54:48.371+0000] {processor.py:925} INFO - DAG(s) 'tutorial_dag' retrieved from /home/airflow/.local/lib/python3.12/site-packages/airflow/example_dags/tutorial_dag.py
[2025-04-18T13:54:48.464+0000] {logging_mixin.py:190} INFO - [2025-04-18T13:54:48.463+0000] {dag.py:3239} INFO - Sync 1 DAGs
[2025-04-18T13:54:48.508+0000] {logging_mixin.py:190} INFO - [2025-04-18T13:54:48.506+0000] {dag.py:4180} INFO - Setting next_dagrun for tutorial_dag to None, run_after=None
[2025-04-18T13:54:48.564+0000] {processor.py:208} INFO - Processing /home/airflow/.local/lib/python3.12/site-packages/airflow/example_dags/tutorial_dag.py took 0.271 seconds
